2024-12-28 20:06:49,569 INFO c.a.ConnectionHandler [pool-2-thread-9] 1 connection(s) active

2024-12-28 20:06:49,569 ERROR c.a.ErrorHandler [pool-2-thread-9] Request is invalid. Bad Request.
2024-12-28 20:06:49,569 ERROR c.a.ConnectionHandler [pool-2-thread-9] Failed to parse the response size -1
2024-12-28 20:06:49,569 INFO c.a.ConnectionHandler [pool-2-thread-9] Sent response to 61623: HTTP/1.1 400 Bad Request with Content-Length: 0
2024-12-28 20:06:49,753 INFO c.a.ConnectionHandler [pool-2-thread-9] 1 connection(s) active

2024-12-28 20:06:49,769 INFO c.a.ConnectionHandler [pool-2-thread-9] GET /99 HTTP/1.1
2024-12-28 20:06:49,769 INFO c.a.ConnectionHandler [pool-2-thread-9] Connection: Upgrade, HTTP2-Settings
2024-12-28 20:06:49,769 INFO c.a.ConnectionHandler [pool-2-thread-9] Host: localhost:8051
2024-12-28 20:06:49,769 INFO c.a.ConnectionHandler [pool-2-thread-9] HTTP2-Settings: AAEAAEAAAAIAAAAAAAMAAAAAAAQBAAAAAAUAAEAAAAYABgAA
2024-12-28 20:06:49,769 INFO c.a.ConnectionHandler [pool-2-thread-9] Upgrade: h2c
2024-12-28 20:06:49,769 INFO c.a.ConnectionHandler [pool-2-thread-9] User-Agent: Java-http-client/23.0.1
2024-12-28 20:06:49,769 INFO c.a.ConnectionHandler [pool-2-thread-9] Content-Type: text/html
2024-12-28 20:06:49,769 ERROR c.a.ErrorHandler [pool-2-thread-9] Requested file size is too small. Bad Request.
2024-12-28 20:06:49,769 ERROR c.a.ErrorHandler [pool-2-thread-9] Requested file size: 99
2024-12-28 20:06:49,769 INFO c.a.ConnectionHandler [pool-2-thread-9] Sent response to 61624: HTTP/1.1 400 Bad Request with Content-Length: 0
2024-12-28 20:06:49,785 INFO c.a.ConnectionHandler [pool-2-thread-9] 1 connection(s) active

2024-12-28 20:06:49,785 ERROR c.a.ErrorHandler [pool-2-thread-9] Request is invalid. Bad Request.
2024-12-28 20:06:49,785 ERROR c.a.ConnectionHandler [pool-2-thread-9] Failed to parse the response size -1
2024-12-28 20:06:49,785 INFO c.a.ConnectionHandler [pool-2-thread-9] Sent response to 61625: HTTP/1.1 400 Bad Request with Content-Length: 0
2024-12-28 20:06:49,785 INFO c.a.ConnectionHandler [pool-2-thread-9] 1 connection(s) active

2024-12-28 20:06:49,785 INFO c.a.ConnectionHandler [pool-2-thread-9] GET /99 HTTP/1.1
2024-12-28 20:06:49,785 INFO c.a.ConnectionHandler [pool-2-thread-9] Connection: Upgrade, HTTP2-Settings
2024-12-28 20:06:49,785 INFO c.a.ConnectionHandler [pool-2-thread-9] Host: localhost:8051
2024-12-28 20:06:49,785 INFO c.a.ConnectionHandler [pool-2-thread-9] HTTP2-Settings: AAEAAEAAAAIAAAAAAAMAAAAAAAQBAAAAAAUAAEAAAAYABgAA
2024-12-28 20:06:49,785 INFO c.a.ConnectionHandler [pool-2-thread-9] Upgrade: h2c
2024-12-28 20:06:49,785 INFO c.a.ConnectionHandler [pool-2-thread-9] User-Agent: Java-http-client/23.0.1
2024-12-28 20:06:49,785 INFO c.a.ConnectionHandler [pool-2-thread-9] Content-Type: text/html
2024-12-28 20:06:49,785 ERROR c.a.ErrorHandler [pool-2-thread-9] Requested file size is too small. Bad Request.
2024-12-28 20:06:49,785 ERROR c.a.ErrorHandler [pool-2-thread-9] Requested file size: 99
2024-12-28 20:06:49,785 INFO c.a.ConnectionHandler [pool-2-thread-9] Sent response to 61626: HTTP/1.1 400 Bad Request with Content-Length: 0
2024-12-28 20:06:49,802 INFO c.a.ConnectionHandler [pool-2-thread-9] 1 connection(s) active

2024-12-28 20:06:49,803 ERROR c.a.ErrorHandler [pool-2-thread-9] Request is invalid. Bad Request.
2024-12-28 20:06:49,804 ERROR c.a.ConnectionHandler [pool-2-thread-9] Failed to parse the response size -1
2024-12-28 20:06:49,804 INFO c.a.ConnectionHandler [pool-2-thread-9] Sent response to 61628: HTTP/1.1 400 Bad Request with Content-Length: 0
2024-12-28 20:06:49,804 INFO c.a.ConnectionHandler [pool-2-thread-10] 1 connection(s) active

2024-12-28 20:06:49,804 INFO c.a.ConnectionHandler [pool-2-thread-10] GET /99 HTTP/1.1
2024-12-28 20:06:49,804 INFO c.a.ConnectionHandler [pool-2-thread-10] Connection: Upgrade, HTTP2-Settings
2024-12-28 20:06:49,804 INFO c.a.ConnectionHandler [pool-2-thread-10] Host: localhost:8051
2024-12-28 20:06:49,804 INFO c.a.ConnectionHandler [pool-2-thread-10] HTTP2-Settings: AAEAAEAAAAIAAAAAAAMAAAAAAAQBAAAAAAUAAEAAAAYABgAA
2024-12-28 20:06:49,804 INFO c.a.ConnectionHandler [pool-2-thread-10] Upgrade: h2c
2024-12-28 20:06:49,804 INFO c.a.ConnectionHandler [pool-2-thread-10] User-Agent: Java-http-client/23.0.1
2024-12-28 20:06:49,804 INFO c.a.ConnectionHandler [pool-2-thread-10] Content-Type: text/html
2024-12-28 20:06:49,804 ERROR c.a.ErrorHandler [pool-2-thread-10] Requested file size is too small. Bad Request.
2024-12-28 20:06:49,804 ERROR c.a.ErrorHandler [pool-2-thread-10] Requested file size: 99
2024-12-28 20:06:49,804 INFO c.a.ConnectionHandler [pool-2-thread-10] Sent response to 61629: HTTP/1.1 400 Bad Request with Content-Length: 0
2024-12-28 20:06:52,110 INFO c.a.ConnectionHandler [pool-2-thread-10] 1 connection(s) active

2024-12-28 20:06:52,110 ERROR c.a.ErrorHandler [pool-2-thread-10] Request is invalid. Bad Request.
2024-12-28 20:06:52,111 ERROR c.a.ConnectionHandler [pool-2-thread-10] Failed to parse the response size -1
2024-12-28 20:06:52,111 INFO c.a.ConnectionHandler [pool-2-thread-10] Sent response to 61634: HTTP/1.1 400 Bad Request with Content-Length: 0
2024-12-28 20:06:52,114 INFO c.a.ConnectionHandler [pool-2-thread-10] 1 connection(s) active

2024-12-28 20:06:52,117 INFO c.a.ConnectionHandler [pool-2-thread-10] GET /990 HTTP/1.1
2024-12-28 20:06:52,117 INFO c.a.ConnectionHandler [pool-2-thread-10] Connection: Upgrade, HTTP2-Settings
2024-12-28 20:06:52,117 INFO c.a.ConnectionHandler [pool-2-thread-10] Host: localhost:8051
2024-12-28 20:06:52,117 INFO c.a.ConnectionHandler [pool-2-thread-10] HTTP2-Settings: AAEAAEAAAAIAAAAAAAMAAAAAAAQBAAAAAAUAAEAAAAYABgAA
2024-12-28 20:06:52,117 INFO c.a.ConnectionHandler [pool-2-thread-10] Upgrade: h2c
2024-12-28 20:06:52,117 INFO c.a.ConnectionHandler [pool-2-thread-10] User-Agent: Java-http-client/23.0.1
2024-12-28 20:06:52,117 INFO c.a.ConnectionHandler [pool-2-thread-10] Content-Type: text/html
2024-12-28 20:06:52,117 INFO c.a.ConnectionHandler [pool-2-thread-10] Sent response to 61635: HTTP/1.1 200 OK with Content-Length: 990
2024-12-28 20:06:53,883 INFO c.a.ConnectionHandler [pool-2-thread-10] 1 connection(s) active

2024-12-28 20:06:53,883 ERROR c.a.ErrorHandler [pool-2-thread-10] Request is invalid. Bad Request.
2024-12-28 20:06:53,883 ERROR c.a.ConnectionHandler [pool-2-thread-10] Failed to parse the response size -1
2024-12-28 20:06:53,884 INFO c.a.ConnectionHandler [pool-2-thread-10] Sent response to 61638: HTTP/1.1 400 Bad Request with Content-Length: 0
2024-12-28 20:06:53,887 INFO c.a.ConnectionHandler [pool-2-thread-10] 1 connection(s) active

2024-12-28 20:06:53,888 INFO c.a.ConnectionHandler [pool-2-thread-10] GET /99 HTTP/1.1
2024-12-28 20:06:53,888 INFO c.a.ConnectionHandler [pool-2-thread-10] Connection: Upgrade, HTTP2-Settings
2024-12-28 20:06:53,888 INFO c.a.ConnectionHandler [pool-2-thread-10] Host: localhost:8051
2024-12-28 20:06:53,889 INFO c.a.ConnectionHandler [pool-2-thread-10] HTTP2-Settings: AAEAAEAAAAIAAAAAAAMAAAAAAAQBAAAAAAUAAEAAAAYABgAA
2024-12-28 20:06:53,889 INFO c.a.ConnectionHandler [pool-2-thread-10] Upgrade: h2c
2024-12-28 20:06:53,889 INFO c.a.ConnectionHandler [pool-2-thread-10] User-Agent: Java-http-client/23.0.1
2024-12-28 20:06:53,889 INFO c.a.ConnectionHandler [pool-2-thread-10] Content-Type: text/html
2024-12-28 20:06:53,889 ERROR c.a.ErrorHandler [pool-2-thread-10] Requested file size is too small. Bad Request.
2024-12-28 20:06:53,890 ERROR c.a.ErrorHandler [pool-2-thread-10] Requested file size: 99
2024-12-28 20:06:53,890 INFO c.a.ConnectionHandler [pool-2-thread-10] Sent response to 61639: HTTP/1.1 400 Bad Request with Content-Length: 0
2024-12-28 20:06:53,897 INFO c.a.ConnectionHandler [pool-2-thread-10] 1 connection(s) active

2024-12-28 20:06:53,898 ERROR c.a.ErrorHandler [pool-2-thread-10] Request is invalid. Bad Request.
2024-12-28 20:06:53,899 ERROR c.a.ConnectionHandler [pool-2-thread-10] Failed to parse the response size -1
2024-12-28 20:06:53,899 INFO c.a.ConnectionHandler [pool-2-thread-10] Sent response to 61641: HTTP/1.1 400 Bad Request with Content-Length: 0
2024-12-28 20:06:53,901 INFO c.a.ConnectionHandler [pool-2-thread-10] 1 connection(s) active

2024-12-28 20:06:53,903 INFO c.a.ConnectionHandler [pool-2-thread-10] GET /99 HTTP/1.1
2024-12-28 20:06:53,903 INFO c.a.ConnectionHandler [pool-2-thread-10] Connection: Upgrade, HTTP2-Settings
2024-12-28 20:06:53,903 INFO c.a.ConnectionHandler [pool-2-thread-10] Host: localhost:8051
2024-12-28 20:06:53,903 INFO c.a.ConnectionHandler [pool-2-thread-10] HTTP2-Settings: AAEAAEAAAAIAAAAAAAMAAAAAAAQBAAAAAAUAAEAAAAYABgAA
2024-12-28 20:06:53,903 INFO c.a.ConnectionHandler [pool-2-thread-10] Upgrade: h2c
2024-12-28 20:06:53,904 INFO c.a.ConnectionHandler [pool-2-thread-10] User-Agent: Java-http-client/23.0.1
2024-12-28 20:06:53,904 INFO c.a.ConnectionHandler [pool-2-thread-10] Content-Type: text/html
2024-12-28 20:06:53,904 ERROR c.a.ErrorHandler [pool-2-thread-10] Requested file size is too small. Bad Request.
2024-12-28 20:06:53,905 ERROR c.a.ErrorHandler [pool-2-thread-10] Requested file size: 99
2024-12-28 20:06:53,905 INFO c.a.ConnectionHandler [pool-2-thread-10] Sent response to 61642: HTTP/1.1 400 Bad Request with Content-Length: 0
2024-12-28 20:06:54,150 INFO c.a.ConnectionHandler [pool-2-thread-10] 1 connection(s) active

2024-12-28 20:06:54,151 ERROR c.a.ErrorHandler [pool-2-thread-10] Request is invalid. Bad Request.
2024-12-28 20:06:54,151 ERROR c.a.ConnectionHandler [pool-2-thread-10] Failed to parse the response size -1
2024-12-28 20:06:54,152 INFO c.a.ConnectionHandler [pool-2-thread-10] Sent response to 61645: HTTP/1.1 400 Bad Request with Content-Length: 0
2024-12-28 20:06:54,154 INFO c.a.ConnectionHandler [pool-2-thread-10] 1 connection(s) active

2024-12-28 20:06:54,156 INFO c.a.ConnectionHandler [pool-2-thread-10] GET /99 HTTP/1.1
2024-12-28 20:06:54,156 INFO c.a.ConnectionHandler [pool-2-thread-10] Connection: Upgrade, HTTP2-Settings
2024-12-28 20:06:54,156 INFO c.a.ConnectionHandler [pool-2-thread-10] Host: localhost:8051
2024-12-28 20:06:54,156 INFO c.a.ConnectionHandler [pool-2-thread-10] HTTP2-Settings: AAEAAEAAAAIAAAAAAAMAAAAAAAQBAAAAAAUAAEAAAAYABgAA
2024-12-28 20:06:54,156 INFO c.a.ConnectionHandler [pool-2-thread-10] Upgrade: h2c
2024-12-28 20:06:54,157 INFO c.a.ConnectionHandler [pool-2-thread-10] User-Agent: Java-http-client/23.0.1
2024-12-28 20:06:54,157 INFO c.a.ConnectionHandler [pool-2-thread-10] Content-Type: text/html
2024-12-28 20:06:54,157 ERROR c.a.ErrorHandler [pool-2-thread-10] Requested file size is too small. Bad Request.
2024-12-28 20:06:54,157 ERROR c.a.ErrorHandler [pool-2-thread-10] Requested file size: 99
2024-12-28 20:06:54,157 INFO c.a.ConnectionHandler [pool-2-thread-10] Sent response to 61646: HTTP/1.1 400 Bad Request with Content-Length: 0
2024-12-28 20:06:54,162 INFO c.a.ConnectionHandler [pool-2-thread-10] 1 connection(s) active

2024-12-28 20:06:54,162 ERROR c.a.ErrorHandler [pool-2-thread-10] Request is invalid. Bad Request.
2024-12-28 20:06:54,162 ERROR c.a.ConnectionHandler [pool-2-thread-10] Failed to parse the response size -1
2024-12-28 20:06:54,163 INFO c.a.ConnectionHandler [pool-2-thread-10] Sent response to 61647: HTTP/1.1 400 Bad Request with Content-Length: 0
2024-12-28 20:06:54,164 INFO c.a.ConnectionHandler [pool-2-thread-10] 1 connection(s) active

2024-12-28 20:06:54,166 INFO c.a.ConnectionHandler [pool-2-thread-10] GET /99 HTTP/1.1
2024-12-28 20:06:54,166 INFO c.a.ConnectionHandler [pool-2-thread-10] Connection: Upgrade, HTTP2-Settings
2024-12-28 20:06:54,166 INFO c.a.ConnectionHandler [pool-2-thread-10] Host: localhost:8051
2024-12-28 20:06:54,166 INFO c.a.ConnectionHandler [pool-2-thread-10] HTTP2-Settings: AAEAAEAAAAIAAAAAAAMAAAAAAAQBAAAAAAUAAEAAAAYABgAA
2024-12-28 20:06:54,167 INFO c.a.ConnectionHandler [pool-2-thread-10] Upgrade: h2c
2024-12-28 20:06:54,167 INFO c.a.ConnectionHandler [pool-2-thread-10] User-Agent: Java-http-client/23.0.1
2024-12-28 20:06:54,167 INFO c.a.ConnectionHandler [pool-2-thread-10] Content-Type: text/html
2024-12-28 20:06:54,167 ERROR c.a.ErrorHandler [pool-2-thread-10] Requested file size is too small. Bad Request.
2024-12-28 20:06:54,167 ERROR c.a.ErrorHandler [pool-2-thread-10] Requested file size: 99
2024-12-28 20:06:54,168 INFO c.a.ConnectionHandler [pool-2-thread-10] Sent response to 61648: HTTP/1.1 400 Bad Request with Content-Length: 0
2024-12-28 20:06:54,173 INFO c.a.ConnectionHandler [pool-2-thread-10] 1 connection(s) active

2024-12-28 20:06:54,173 ERROR c.a.ErrorHandler [pool-2-thread-10] Request is invalid. Bad Request.
2024-12-28 20:06:54,173 ERROR c.a.ConnectionHandler [pool-2-thread-10] Failed to parse the response size -1
2024-12-28 20:06:54,173 INFO c.a.ConnectionHandler [pool-2-thread-10] Sent response to 61650: HTTP/1.1 400 Bad Request with Content-Length: 0
2024-12-28 20:06:54,175 INFO c.a.ConnectionHandler [pool-2-thread-10] 1 connection(s) active

2024-12-28 20:06:54,177 INFO c.a.ConnectionHandler [pool-2-thread-10] GET /99 HTTP/1.1
2024-12-28 20:06:54,177 INFO c.a.ConnectionHandler [pool-2-thread-10] Connection: Upgrade, HTTP2-Settings
2024-12-28 20:06:54,177 INFO c.a.ConnectionHandler [pool-2-thread-10] Host: localhost:8051
2024-12-28 20:06:54,177 INFO c.a.ConnectionHandler [pool-2-thread-10] HTTP2-Settings: AAEAAEAAAAIAAAAAAAMAAAAAAAQBAAAAAAUAAEAAAAYABgAA
2024-12-28 20:06:54,177 INFO c.a.ConnectionHandler [pool-2-thread-10] Upgrade: h2c
2024-12-28 20:06:54,177 INFO c.a.ConnectionHandler [pool-2-thread-10] User-Agent: Java-http-client/23.0.1
2024-12-28 20:06:54,177 INFO c.a.ConnectionHandler [pool-2-thread-10] Content-Type: text/html
2024-12-28 20:06:54,177 ERROR c.a.ErrorHandler [pool-2-thread-10] Requested file size is too small. Bad Request.
2024-12-28 20:06:54,178 ERROR c.a.ErrorHandler [pool-2-thread-10] Requested file size: 99
2024-12-28 20:06:54,178 INFO c.a.ConnectionHandler [pool-2-thread-10] Sent response to 61651: HTTP/1.1 400 Bad Request with Content-Length: 0
2024-12-28 20:06:55,213 INFO c.a.ConnectionHandler [pool-2-thread-10] 1 connection(s) active

2024-12-28 20:06:55,213 ERROR c.a.ErrorHandler [pool-2-thread-10] Request is invalid. Bad Request.
2024-12-28 20:06:55,214 ERROR c.a.ConnectionHandler [pool-2-thread-10] Failed to parse the response size -1
2024-12-28 20:06:55,214 INFO c.a.ConnectionHandler [pool-2-thread-10] Sent response to 61654: HTTP/1.1 400 Bad Request with Content-Length: 0
2024-12-28 20:06:55,216 INFO c.a.ConnectionHandler [pool-2-thread-10] 1 connection(s) active

2024-12-28 20:06:55,217 INFO c.a.ConnectionHandler [pool-2-thread-10] GET /99 HTTP/1.1
2024-12-28 20:06:55,218 INFO c.a.ConnectionHandler [pool-2-thread-10] Connection: Upgrade, HTTP2-Settings
2024-12-28 20:06:55,218 INFO c.a.ConnectionHandler [pool-2-thread-10] Host: localhost:8051
2024-12-28 20:06:55,218 INFO c.a.ConnectionHandler [pool-2-thread-10] HTTP2-Settings: AAEAAEAAAAIAAAAAAAMAAAAAAAQBAAAAAAUAAEAAAAYABgAA
2024-12-28 20:06:55,218 INFO c.a.ConnectionHandler [pool-2-thread-10] Upgrade: h2c
2024-12-28 20:06:55,218 INFO c.a.ConnectionHandler [pool-2-thread-10] User-Agent: Java-http-client/23.0.1
2024-12-28 20:06:55,218 INFO c.a.ConnectionHandler [pool-2-thread-10] Content-Type: text/html
2024-12-28 20:06:55,218 ERROR c.a.ErrorHandler [pool-2-thread-10] Requested file size is too small. Bad Request.
2024-12-28 20:06:55,219 ERROR c.a.ErrorHandler [pool-2-thread-10] Requested file size: 99
2024-12-28 20:06:55,219 INFO c.a.ConnectionHandler [pool-2-thread-10] Sent response to 61655: HTTP/1.1 400 Bad Request with Content-Length: 0
2024-12-28 20:06:55,225 INFO c.a.ConnectionHandler [pool-2-thread-10] 1 connection(s) active

2024-12-28 20:06:55,225 ERROR c.a.ErrorHandler [pool-2-thread-10] Request is invalid. Bad Request.
2024-12-28 20:06:55,226 ERROR c.a.ConnectionHandler [pool-2-thread-10] Failed to parse the response size -1
2024-12-28 20:06:55,226 INFO c.a.ConnectionHandler [pool-2-thread-10] Sent response to 61656: HTTP/1.1 400 Bad Request with Content-Length: 0
2024-12-28 20:06:55,228 INFO c.a.ConnectionHandler [pool-2-thread-10] 1 connection(s) active

2024-12-28 20:06:55,229 INFO c.a.ConnectionHandler [pool-2-thread-10] GET /99 HTTP/1.1
2024-12-28 20:06:55,229 INFO c.a.ConnectionHandler [pool-2-thread-10] Connection: Upgrade, HTTP2-Settings
2024-12-28 20:06:55,229 INFO c.a.ConnectionHandler [pool-2-thread-10] Host: localhost:8051
2024-12-28 20:06:55,229 INFO c.a.ConnectionHandler [pool-2-thread-10] HTTP2-Settings: AAEAAEAAAAIAAAAAAAMAAAAAAAQBAAAAAAUAAEAAAAYABgAA
2024-12-28 20:06:55,229 INFO c.a.ConnectionHandler [pool-2-thread-10] Upgrade: h2c
2024-12-28 20:06:55,230 INFO c.a.ConnectionHandler [pool-2-thread-10] User-Agent: Java-http-client/23.0.1
2024-12-28 20:06:55,230 INFO c.a.ConnectionHandler [pool-2-thread-10] Content-Type: text/html
2024-12-28 20:06:55,230 ERROR c.a.ErrorHandler [pool-2-thread-10] Requested file size is too small. Bad Request.
2024-12-28 20:06:55,230 ERROR c.a.ErrorHandler [pool-2-thread-10] Requested file size: 99
2024-12-28 20:06:55,230 INFO c.a.ConnectionHandler [pool-2-thread-10] Sent response to 61657: HTTP/1.1 400 Bad Request with Content-Length: 0
2024-12-28 20:06:55,237 INFO c.a.ConnectionHandler [pool-2-thread-10] 1 connection(s) active

2024-12-28 20:06:55,238 ERROR c.a.ErrorHandler [pool-2-thread-10] Request is invalid. Bad Request.
2024-12-28 20:06:55,238 ERROR c.a.ConnectionHandler [pool-2-thread-10] Failed to parse the response size -1
2024-12-28 20:06:55,238 INFO c.a.ConnectionHandler [pool-2-thread-10] Sent response to 61659: HTTP/1.1 400 Bad Request with Content-Length: 0
2024-12-28 20:06:55,241 INFO c.a.ConnectionHandler [pool-2-thread-10] 1 connection(s) active

2024-12-28 20:06:55,241 INFO c.a.ConnectionHandler [pool-2-thread-10] GET /99 HTTP/1.1
2024-12-28 20:06:55,241 INFO c.a.ConnectionHandler [pool-2-thread-10] Connection: Upgrade, HTTP2-Settings
2024-12-28 20:06:55,241 INFO c.a.ConnectionHandler [pool-2-thread-10] Host: localhost:8051
2024-12-28 20:06:55,241 INFO c.a.ConnectionHandler [pool-2-thread-10] HTTP2-Settings: AAEAAEAAAAIAAAAAAAMAAAAAAAQBAAAAAAUAAEAAAAYABgAA
2024-12-28 20:06:55,241 INFO c.a.ConnectionHandler [pool-2-thread-10] Upgrade: h2c
2024-12-28 20:06:55,241 INFO c.a.ConnectionHandler [pool-2-thread-10] User-Agent: Java-http-client/23.0.1
2024-12-28 20:06:55,241 INFO c.a.ConnectionHandler [pool-2-thread-10] Content-Type: text/html
2024-12-28 20:06:55,241 ERROR c.a.ErrorHandler [pool-2-thread-10] Requested file size is too small. Bad Request.
2024-12-28 20:06:55,241 ERROR c.a.ErrorHandler [pool-2-thread-10] Requested file size: 99
2024-12-28 20:06:55,241 INFO c.a.ConnectionHandler [pool-2-thread-10] Sent response to 61660: HTTP/1.1 400 Bad Request with Content-Length: 0
2024-12-28 20:07:00,275 INFO c.a.ConnectionHandler [pool-2-thread-10] 1 connection(s) active

2024-12-28 20:07:00,276 ERROR c.a.ErrorHandler [pool-2-thread-10] Request is invalid. Bad Request.
2024-12-28 20:07:00,276 ERROR c.a.ConnectionHandler [pool-2-thread-10] Failed to parse the response size -1
2024-12-28 20:07:00,276 INFO c.a.ConnectionHandler [pool-2-thread-10] Sent response to 61667: HTTP/1.1 400 Bad Request with Content-Length: 0
2024-12-28 20:07:00,279 INFO c.a.ConnectionHandler [pool-2-thread-10] 1 connection(s) active

2024-12-28 20:07:00,280 INFO c.a.ConnectionHandler [pool-2-thread-10] GET /99 HTTP/1.1
2024-12-28 20:07:00,280 INFO c.a.ConnectionHandler [pool-2-thread-10] Connection: Upgrade, HTTP2-Settings
2024-12-28 20:07:00,280 INFO c.a.ConnectionHandler [pool-2-thread-10] Host: localhost:8051
2024-12-28 20:07:00,280 INFO c.a.ConnectionHandler [pool-2-thread-10] HTTP2-Settings: AAEAAEAAAAIAAAAAAAMAAAAAAAQBAAAAAAUAAEAAAAYABgAA
2024-12-28 20:07:00,281 INFO c.a.ConnectionHandler [pool-2-thread-10] Upgrade: h2c
2024-12-28 20:07:00,281 INFO c.a.ConnectionHandler [pool-2-thread-10] User-Agent: Java-http-client/23.0.1
2024-12-28 20:07:00,281 INFO c.a.ConnectionHandler [pool-2-thread-10] Content-Type: text/html
2024-12-28 20:07:00,281 ERROR c.a.ErrorHandler [pool-2-thread-10] Requested file size is too small. Bad Request.
2024-12-28 20:07:00,281 ERROR c.a.ErrorHandler [pool-2-thread-10] Requested file size: 99
2024-12-28 20:07:00,282 INFO c.a.ConnectionHandler [pool-2-thread-10] Sent response to 61668: HTTP/1.1 400 Bad Request with Content-Length: 0
2024-12-28 20:07:00,285 INFO c.a.ConnectionHandler [pool-2-thread-10] 1 connection(s) active

2024-12-28 20:07:00,285 ERROR c.a.ErrorHandler [pool-2-thread-10] Request is invalid. Bad Request.
2024-12-28 20:07:00,290 ERROR c.a.ConnectionHandler [pool-2-thread-10] Failed to parse the response size -1
2024-12-28 20:07:00,290 INFO c.a.ConnectionHandler [pool-2-thread-10] Sent response to 61669: HTTP/1.1 400 Bad Request with Content-Length: 0
2024-12-28 20:07:00,295 INFO c.a.ConnectionHandler [pool-2-thread-10] 1 connection(s) active

2024-12-28 20:07:00,296 INFO c.a.ConnectionHandler [pool-2-thread-10] GET /99 HTTP/1.1
2024-12-28 20:07:00,296 INFO c.a.ConnectionHandler [pool-2-thread-10] Connection: Upgrade, HTTP2-Settings
2024-12-28 20:07:00,296 INFO c.a.ConnectionHandler [pool-2-thread-10] Host: localhost:8051
2024-12-28 20:07:00,297 INFO c.a.ConnectionHandler [pool-2-thread-10] HTTP2-Settings: AAEAAEAAAAIAAAAAAAMAAAAAAAQBAAAAAAUAAEAAAAYABgAA
2024-12-28 20:07:00,297 INFO c.a.ConnectionHandler [pool-2-thread-10] Upgrade: h2c
2024-12-28 20:07:00,297 INFO c.a.ConnectionHandler [pool-2-thread-10] User-Agent: Java-http-client/23.0.1
2024-12-28 20:07:00,297 INFO c.a.ConnectionHandler [pool-2-thread-10] Content-Type: text/html
2024-12-28 20:07:00,298 ERROR c.a.ErrorHandler [pool-2-thread-10] Requested file size is too small. Bad Request.
2024-12-28 20:07:00,298 ERROR c.a.ErrorHandler [pool-2-thread-10] Requested file size: 99
2024-12-28 20:07:00,299 INFO c.a.ConnectionHandler [pool-2-thread-10] Sent response to 61670: HTTP/1.1 400 Bad Request with Content-Length: 0
2024-12-28 20:07:00,299 INFO c.a.ConnectionHandler [pool-2-thread-10] 1 connection(s) active

2024-12-28 20:07:00,299 ERROR c.a.ErrorHandler [pool-2-thread-10] Request is invalid. Bad Request.
2024-12-28 20:07:00,299 ERROR c.a.ConnectionHandler [pool-2-thread-10] Failed to parse the response size -1
2024-12-28 20:07:00,309 INFO c.a.ConnectionHandler [pool-2-thread-10] Sent response to 61673: HTTP/1.1 400 Bad Request with Content-Length: 0
2024-12-28 20:07:00,311 INFO c.a.ConnectionHandler [pool-2-thread-10] 1 connection(s) active

2024-12-28 20:07:00,313 INFO c.a.ConnectionHandler [pool-2-thread-10] GET /99 HTTP/1.1
2024-12-28 20:07:00,314 INFO c.a.ConnectionHandler [pool-2-thread-10] Connection: Upgrade, HTTP2-Settings
2024-12-28 20:07:00,314 INFO c.a.ConnectionHandler [pool-2-thread-10] Host: localhost:8051
2024-12-28 20:07:00,314 INFO c.a.ConnectionHandler [pool-2-thread-10] HTTP2-Settings: AAEAAEAAAAIAAAAAAAMAAAAAAAQBAAAAAAUAAEAAAAYABgAA
2024-12-28 20:07:00,314 INFO c.a.ConnectionHandler [pool-2-thread-10] Upgrade: h2c
2024-12-28 20:07:00,315 INFO c.a.ConnectionHandler [pool-2-thread-10] User-Agent: Java-http-client/23.0.1
2024-12-28 20:07:00,315 INFO c.a.ConnectionHandler [pool-2-thread-10] Content-Type: text/html
2024-12-28 20:07:00,315 ERROR c.a.ErrorHandler [pool-2-thread-10] Requested file size is too small. Bad Request.
2024-12-28 20:07:00,315 ERROR c.a.ErrorHandler [pool-2-thread-10] Requested file size: 99
2024-12-28 20:07:00,315 INFO c.a.ConnectionHandler [pool-2-thread-10] Sent response to 61674: HTTP/1.1 400 Bad Request with Content-Length: 0
2024-12-28 20:07:30,351 INFO c.a.ConnectionHandler [pool-2-thread-10] 1 connection(s) active

2024-12-28 20:07:30,351 ERROR c.a.ErrorHandler [pool-2-thread-10] Request is invalid. Bad Request.
2024-12-28 20:07:30,351 ERROR c.a.ConnectionHandler [pool-2-thread-10] Failed to parse the response size -1
2024-12-28 20:07:30,351 INFO c.a.ConnectionHandler [pool-2-thread-10] Sent response to 61695: HTTP/1.1 400 Bad Request with Content-Length: 0
2024-12-28 20:07:30,351 INFO c.a.ConnectionHandler [pool-2-thread-10] 1 connection(s) active

2024-12-28 20:07:30,351 INFO c.a.ConnectionHandler [pool-2-thread-10] GET /99 HTTP/1.1
2024-12-28 20:07:30,351 INFO c.a.ConnectionHandler [pool-2-thread-10] Connection: Upgrade, HTTP2-Settings
2024-12-28 20:07:30,351 INFO c.a.ConnectionHandler [pool-2-thread-10] Host: localhost:8051
2024-12-28 20:07:30,351 INFO c.a.ConnectionHandler [pool-2-thread-10] HTTP2-Settings: AAEAAEAAAAIAAAAAAAMAAAAAAAQBAAAAAAUAAEAAAAYABgAA
2024-12-28 20:07:30,351 INFO c.a.ConnectionHandler [pool-2-thread-10] Upgrade: h2c
2024-12-28 20:07:30,351 INFO c.a.ConnectionHandler [pool-2-thread-10] User-Agent: Java-http-client/23.0.1
2024-12-28 20:07:30,351 INFO c.a.ConnectionHandler [pool-2-thread-10] Content-Type: text/html
2024-12-28 20:07:30,351 ERROR c.a.ErrorHandler [pool-2-thread-10] Requested file size is too small. Bad Request.
2024-12-28 20:07:30,351 ERROR c.a.ErrorHandler [pool-2-thread-10] Requested file size: 99
2024-12-28 20:07:30,351 INFO c.a.ConnectionHandler [pool-2-thread-10] Sent response to 61696: HTTP/1.1 400 Bad Request with Content-Length: 0
2024-12-28 20:07:30,351 INFO c.a.ConnectionHandler [pool-2-thread-10] 1 connection(s) active

2024-12-28 20:07:30,351 ERROR c.a.ErrorHandler [pool-2-thread-10] Request is invalid. Bad Request.
2024-12-28 20:07:30,351 ERROR c.a.ConnectionHandler [pool-2-thread-10] Failed to parse the response size -1
2024-12-28 20:07:30,351 INFO c.a.ConnectionHandler [pool-2-thread-10] Sent response to 61697: HTTP/1.1 400 Bad Request with Content-Length: 0
2024-12-28 20:07:30,367 INFO c.a.ConnectionHandler [pool-2-thread-10] 1 connection(s) active

2024-12-28 20:07:30,368 INFO c.a.ConnectionHandler [pool-2-thread-10] GET /99 HTTP/1.1
2024-12-28 20:07:30,368 INFO c.a.ConnectionHandler [pool-2-thread-10] Connection: Upgrade, HTTP2-Settings
2024-12-28 20:07:30,368 INFO c.a.ConnectionHandler [pool-2-thread-10] Host: localhost:8051
2024-12-28 20:07:30,368 INFO c.a.ConnectionHandler [pool-2-thread-10] HTTP2-Settings: AAEAAEAAAAIAAAAAAAMAAAAAAAQBAAAAAAUAAEAAAAYABgAA
2024-12-28 20:07:30,368 INFO c.a.ConnectionHandler [pool-2-thread-10] Upgrade: h2c
2024-12-28 20:07:30,368 INFO c.a.ConnectionHandler [pool-2-thread-10] User-Agent: Java-http-client/23.0.1
2024-12-28 20:07:30,368 INFO c.a.ConnectionHandler [pool-2-thread-10] Content-Type: text/html
2024-12-28 20:07:30,368 ERROR c.a.ErrorHandler [pool-2-thread-10] Requested file size is too small. Bad Request.
2024-12-28 20:07:30,368 ERROR c.a.ErrorHandler [pool-2-thread-10] Requested file size: 99
2024-12-28 20:07:30,368 INFO c.a.ConnectionHandler [pool-2-thread-10] Sent response to 61698: HTTP/1.1 400 Bad Request with Content-Length: 0
2024-12-28 20:07:30,368 INFO c.a.ConnectionHandler [pool-2-thread-10] 1 connection(s) active

2024-12-28 20:07:30,368 ERROR c.a.ErrorHandler [pool-2-thread-10] Request is invalid. Bad Request.
2024-12-28 20:07:30,368 ERROR c.a.ConnectionHandler [pool-2-thread-10] Failed to parse the response size -1
2024-12-28 20:07:30,368 INFO c.a.ConnectionHandler [pool-2-thread-10] Sent response to 61700: HTTP/1.1 400 Bad Request with Content-Length: 0
2024-12-28 20:07:30,368 INFO c.a.ConnectionHandler [pool-2-thread-10] 1 connection(s) active

2024-12-28 20:07:30,368 INFO c.a.ConnectionHandler [pool-2-thread-10] GET /99 HTTP/1.1
2024-12-28 20:07:30,368 INFO c.a.ConnectionHandler [pool-2-thread-10] Connection: Upgrade, HTTP2-Settings
2024-12-28 20:07:30,368 INFO c.a.ConnectionHandler [pool-2-thread-10] Host: localhost:8051
2024-12-28 20:07:30,368 INFO c.a.ConnectionHandler [pool-2-thread-10] HTTP2-Settings: AAEAAEAAAAIAAAAAAAMAAAAAAAQBAAAAAAUAAEAAAAYABgAA
2024-12-28 20:07:30,383 INFO c.a.ConnectionHandler [pool-2-thread-10] Upgrade: h2c
2024-12-28 20:07:30,384 INFO c.a.ConnectionHandler [pool-2-thread-10] User-Agent: Java-http-client/23.0.1
2024-12-28 20:07:30,384 INFO c.a.ConnectionHandler [pool-2-thread-10] Content-Type: text/html
2024-12-28 20:07:30,384 ERROR c.a.ErrorHandler [pool-2-thread-10] Requested file size is too small. Bad Request.
2024-12-28 20:07:30,384 ERROR c.a.ErrorHandler [pool-2-thread-10] Requested file size: 99
2024-12-28 20:07:30,384 INFO c.a.ConnectionHandler [pool-2-thread-10] Sent response to 61701: HTTP/1.1 400 Bad Request with Content-Length: 0
2024-12-28 20:07:45,183 INFO c.a.ConnectionHandler [pool-2-thread-10] 1 connection(s) active

2024-12-28 20:07:45,183 ERROR c.a.ErrorHandler [pool-2-thread-10] Request is invalid. Bad Request.
2024-12-28 20:07:45,183 ERROR c.a.ConnectionHandler [pool-2-thread-10] Failed to parse the response size -1
2024-12-28 20:07:45,183 INFO c.a.ConnectionHandler [pool-2-thread-10] Sent response to 61707: HTTP/1.1 400 Bad Request with Content-Length: 0
2024-12-28 20:07:45,199 INFO c.a.ConnectionHandler [pool-2-thread-10] 1 connection(s) active

2024-12-28 20:07:45,199 INFO c.a.ConnectionHandler [pool-2-thread-10] GET /99 HTTP/1.1
2024-12-28 20:07:45,199 INFO c.a.ConnectionHandler [pool-2-thread-10] Connection: Upgrade, HTTP2-Settings
2024-12-28 20:07:45,199 INFO c.a.ConnectionHandler [pool-2-thread-10] Host: localhost:8051
2024-12-28 20:07:45,199 INFO c.a.ConnectionHandler [pool-2-thread-10] HTTP2-Settings: AAEAAEAAAAIAAAAAAAMAAAAAAAQBAAAAAAUAAEAAAAYABgAA
2024-12-28 20:07:45,199 INFO c.a.ConnectionHandler [pool-2-thread-10] Upgrade: h2c
2024-12-28 20:07:45,199 INFO c.a.ConnectionHandler [pool-2-thread-10] User-Agent: Java-http-client/23.0.1
2024-12-28 20:07:45,199 INFO c.a.ConnectionHandler [pool-2-thread-10] Content-Type: text/html
2024-12-28 20:07:45,199 ERROR c.a.ErrorHandler [pool-2-thread-10] Requested file size is too small. Bad Request.
2024-12-28 20:07:45,199 ERROR c.a.ErrorHandler [pool-2-thread-10] Requested file size: 99
2024-12-28 20:07:45,214 INFO c.a.ConnectionHandler [pool-2-thread-10] Sent response to 61708: HTTP/1.1 400 Bad Request with Content-Length: 0
2024-12-28 20:07:45,214 INFO c.a.ConnectionHandler [pool-2-thread-10] 1 connection(s) active

2024-12-28 20:07:45,214 ERROR c.a.ErrorHandler [pool-2-thread-10] Request is invalid. Bad Request.
2024-12-28 20:07:45,214 ERROR c.a.ConnectionHandler [pool-2-thread-10] Failed to parse the response size -1
2024-12-28 20:07:45,214 INFO c.a.ConnectionHandler [pool-2-thread-10] Sent response to 61709: HTTP/1.1 400 Bad Request with Content-Length: 0
2024-12-28 20:07:45,214 INFO c.a.ConnectionHandler [pool-2-thread-9] 2 connection(s) active

2024-12-28 20:07:45,229 INFO c.a.ConnectionHandler [pool-2-thread-9] GET /99 HTTP/1.1
2024-12-28 20:07:45,230 INFO c.a.ConnectionHandler [pool-2-thread-9] Connection: Upgrade, HTTP2-Settings
2024-12-28 20:07:45,230 INFO c.a.ConnectionHandler [pool-2-thread-9] Host: localhost:8051
2024-12-28 20:07:45,230 INFO c.a.ConnectionHandler [pool-2-thread-9] HTTP2-Settings: AAEAAEAAAAIAAAAAAAMAAAAAAAQBAAAAAAUAAEAAAAYABgAA
2024-12-28 20:07:45,230 INFO c.a.ConnectionHandler [pool-2-thread-9] Upgrade: h2c
2024-12-28 20:07:45,230 INFO c.a.ConnectionHandler [pool-2-thread-9] User-Agent: Java-http-client/23.0.1
2024-12-28 20:07:45,230 INFO c.a.ConnectionHandler [pool-2-thread-9] Content-Type: text/html
2024-12-28 20:07:45,230 ERROR c.a.ErrorHandler [pool-2-thread-9] Requested file size is too small. Bad Request.
2024-12-28 20:07:45,230 ERROR c.a.ErrorHandler [pool-2-thread-9] Requested file size: 99
2024-12-28 20:07:45,230 INFO c.a.ConnectionHandler [pool-2-thread-9] Sent response to 61710: HTTP/1.1 400 Bad Request with Content-Length: 0
2024-12-28 20:07:45,241 INFO c.a.ConnectionHandler [pool-2-thread-9] 1 connection(s) active

2024-12-28 20:07:45,241 ERROR c.a.ErrorHandler [pool-2-thread-9] Request is invalid. Bad Request.
2024-12-28 20:07:45,241 ERROR c.a.ConnectionHandler [pool-2-thread-9] Failed to parse the response size -1
2024-12-28 20:07:45,241 INFO c.a.ConnectionHandler [pool-2-thread-9] Sent response to 61712: HTTP/1.1 400 Bad Request with Content-Length: 0
2024-12-28 20:07:45,241 INFO c.a.ConnectionHandler [pool-2-thread-9] 1 connection(s) active

2024-12-28 20:07:45,253 INFO c.a.ConnectionHandler [pool-2-thread-9] GET /99 HTTP/1.1
2024-12-28 20:07:45,253 INFO c.a.ConnectionHandler [pool-2-thread-9] Connection: Upgrade, HTTP2-Settings
2024-12-28 20:07:45,253 INFO c.a.ConnectionHandler [pool-2-thread-9] Host: localhost:8051
2024-12-28 20:07:45,253 INFO c.a.ConnectionHandler [pool-2-thread-9] HTTP2-Settings: AAEAAEAAAAIAAAAAAAMAAAAAAAQBAAAAAAUAAEAAAAYABgAA
2024-12-28 20:07:45,253 INFO c.a.ConnectionHandler [pool-2-thread-9] Upgrade: h2c
2024-12-28 20:07:45,253 INFO c.a.ConnectionHandler [pool-2-thread-9] User-Agent: Java-http-client/23.0.1
2024-12-28 20:07:45,253 INFO c.a.ConnectionHandler [pool-2-thread-9] Content-Type: text/html
2024-12-28 20:07:45,253 ERROR c.a.ErrorHandler [pool-2-thread-9] Requested file size is too small. Bad Request.
2024-12-28 20:07:45,253 ERROR c.a.ErrorHandler [pool-2-thread-9] Requested file size: 99
2024-12-28 20:07:45,253 INFO c.a.ConnectionHandler [pool-2-thread-9] Sent response to 61713: HTTP/1.1 400 Bad Request with Content-Length: 0
2024-12-28 20:07:46,294 INFO c.a.ConnectionHandler [pool-2-thread-9] 1 connection(s) active

2024-12-28 20:07:46,294 ERROR c.a.ErrorHandler [pool-2-thread-9] Request is invalid. Bad Request.
2024-12-28 20:07:46,294 ERROR c.a.ConnectionHandler [pool-2-thread-9] Failed to parse the response size -1
2024-12-28 20:07:46,294 INFO c.a.ConnectionHandler [pool-2-thread-9] Sent response to 61718: HTTP/1.1 400 Bad Request with Content-Length: 0
2024-12-28 20:07:46,311 INFO c.a.ConnectionHandler [pool-2-thread-9] 1 connection(s) active

2024-12-28 20:07:46,311 INFO c.a.ConnectionHandler [pool-2-thread-9] GET /99 HTTP/1.1
2024-12-28 20:07:46,311 INFO c.a.ConnectionHandler [pool-2-thread-9] Connection: Upgrade, HTTP2-Settings
2024-12-28 20:07:46,311 INFO c.a.ConnectionHandler [pool-2-thread-9] Host: localhost:8051
2024-12-28 20:07:46,311 INFO c.a.ConnectionHandler [pool-2-thread-9] HTTP2-Settings: AAEAAEAAAAIAAAAAAAMAAAAAAAQBAAAAAAUAAEAAAAYABgAA
2024-12-28 20:07:46,311 INFO c.a.ConnectionHandler [pool-2-thread-9] Upgrade: h2c
2024-12-28 20:07:46,311 INFO c.a.ConnectionHandler [pool-2-thread-9] User-Agent: Java-http-client/23.0.1
2024-12-28 20:07:46,311 INFO c.a.ConnectionHandler [pool-2-thread-9] Content-Type: text/html
2024-12-28 20:07:46,311 ERROR c.a.ErrorHandler [pool-2-thread-9] Requested file size is too small. Bad Request.
2024-12-28 20:07:46,311 ERROR c.a.ErrorHandler [pool-2-thread-9] Requested file size: 99
2024-12-28 20:07:46,311 INFO c.a.ConnectionHandler [pool-2-thread-9] Sent response to 61719: HTTP/1.1 400 Bad Request with Content-Length: 0
2024-12-28 20:07:46,311 INFO c.a.ConnectionHandler [pool-2-thread-9] 1 connection(s) active

2024-12-28 20:07:46,311 ERROR c.a.ErrorHandler [pool-2-thread-9] Request is invalid. Bad Request.
2024-12-28 20:07:46,311 ERROR c.a.ConnectionHandler [pool-2-thread-9] Failed to parse the response size -1
2024-12-28 20:07:46,311 INFO c.a.ConnectionHandler [pool-2-thread-9] Sent response to 61720: HTTP/1.1 400 Bad Request with Content-Length: 0
2024-12-28 20:07:46,311 INFO c.a.ConnectionHandler [pool-2-thread-9] 1 connection(s) active

2024-12-28 20:07:46,311 INFO c.a.ConnectionHandler [pool-2-thread-9] GET /99 HTTP/1.1
2024-12-28 20:07:46,311 INFO c.a.ConnectionHandler [pool-2-thread-9] Connection: Upgrade, HTTP2-Settings
2024-12-28 20:07:46,311 INFO c.a.ConnectionHandler [pool-2-thread-9] Host: localhost:8051
2024-12-28 20:07:46,311 INFO c.a.ConnectionHandler [pool-2-thread-9] HTTP2-Settings: AAEAAEAAAAIAAAAAAAMAAAAAAAQBAAAAAAUAAEAAAAYABgAA
2024-12-28 20:07:46,311 INFO c.a.ConnectionHandler [pool-2-thread-9] Upgrade: h2c
2024-12-28 20:07:46,311 INFO c.a.ConnectionHandler [pool-2-thread-9] User-Agent: Java-http-client/23.0.1
2024-12-28 20:07:46,311 INFO c.a.ConnectionHandler [pool-2-thread-9] Content-Type: text/html
2024-12-28 20:07:46,311 ERROR c.a.ErrorHandler [pool-2-thread-9] Requested file size is too small. Bad Request.
2024-12-28 20:07:46,311 ERROR c.a.ErrorHandler [pool-2-thread-9] Requested file size: 99
2024-12-28 20:07:46,311 INFO c.a.ConnectionHandler [pool-2-thread-9] Sent response to 61721: HTTP/1.1 400 Bad Request with Content-Length: 0
2024-12-28 20:07:46,328 INFO c.a.ConnectionHandler [pool-2-thread-9] 1 connection(s) active

2024-12-28 20:07:46,328 ERROR c.a.ErrorHandler [pool-2-thread-9] Request is invalid. Bad Request.
2024-12-28 20:07:46,328 ERROR c.a.ConnectionHandler [pool-2-thread-9] Failed to parse the response size -1
2024-12-28 20:07:46,328 INFO c.a.ConnectionHandler [pool-2-thread-9] Sent response to 61723: HTTP/1.1 400 Bad Request with Content-Length: 0
2024-12-28 20:07:46,328 INFO c.a.ConnectionHandler [pool-2-thread-9] 1 connection(s) active

2024-12-28 20:07:46,328 INFO c.a.ConnectionHandler [pool-2-thread-9] GET /99 HTTP/1.1
2024-12-28 20:07:46,328 INFO c.a.ConnectionHandler [pool-2-thread-9] Connection: Upgrade, HTTP2-Settings
2024-12-28 20:07:46,328 INFO c.a.ConnectionHandler [pool-2-thread-9] Host: localhost:8051
2024-12-28 20:07:46,328 INFO c.a.ConnectionHandler [pool-2-thread-9] HTTP2-Settings: AAEAAEAAAAIAAAAAAAMAAAAAAAQBAAAAAAUAAEAAAAYABgAA
2024-12-28 20:07:46,328 INFO c.a.ConnectionHandler [pool-2-thread-9] Upgrade: h2c
2024-12-28 20:07:46,328 INFO c.a.ConnectionHandler [pool-2-thread-9] User-Agent: Java-http-client/23.0.1
2024-12-28 20:07:46,328 INFO c.a.ConnectionHandler [pool-2-thread-9] Content-Type: text/html
2024-12-28 20:07:46,328 ERROR c.a.ErrorHandler [pool-2-thread-9] Requested file size is too small. Bad Request.
2024-12-28 20:07:46,328 ERROR c.a.ErrorHandler [pool-2-thread-9] Requested file size: 99
2024-12-28 20:07:46,328 INFO c.a.ConnectionHandler [pool-2-thread-9] Sent response to 61724: HTTP/1.1 400 Bad Request with Content-Length: 0
2024-12-28 20:09:07,432 INFO c.a.ConnectionHandler [pool-2-thread-11] 1 connection(s) active

2024-12-28 20:09:07,433 ERROR c.a.ErrorHandler [pool-2-thread-11] Request is invalid. Bad Request.
2024-12-28 20:09:07,433 ERROR c.a.ConnectionHandler [pool-2-thread-11] Failed to parse the response size -1
2024-12-28 20:09:07,434 INFO c.a.ConnectionHandler [pool-2-thread-11] Sent response to 61769: HTTP/1.1 400 Bad Request with Content-Length: 0
2024-12-28 20:09:07,436 INFO c.a.ConnectionHandler [pool-2-thread-11] 1 connection(s) active

2024-12-28 20:09:07,439 INFO c.a.ConnectionHandler [pool-2-thread-11] GET /990 HTTP/1.1
2024-12-28 20:09:07,439 INFO c.a.ConnectionHandler [pool-2-thread-11] Connection: Upgrade, HTTP2-Settings
2024-12-28 20:09:07,439 INFO c.a.ConnectionHandler [pool-2-thread-11] Host: localhost:8051
2024-12-28 20:09:07,439 INFO c.a.ConnectionHandler [pool-2-thread-11] HTTP2-Settings: AAEAAEAAAAIAAAAAAAMAAAAAAAQBAAAAAAUAAEAAAAYABgAA
2024-12-28 20:09:07,439 INFO c.a.ConnectionHandler [pool-2-thread-11] Upgrade: h2c
2024-12-28 20:09:07,439 INFO c.a.ConnectionHandler [pool-2-thread-11] User-Agent: Java-http-client/23.0.1
2024-12-28 20:09:07,439 INFO c.a.ConnectionHandler [pool-2-thread-11] Content-Type: text/html
2024-12-28 20:09:07,439 INFO c.a.ConnectionHandler [pool-2-thread-11] Sent response to 61770: HTTP/1.1 200 OK with Content-Length: 990
2024-12-28 20:09:11,174 INFO c.a.ConnectionHandler [pool-2-thread-11] 1 connection(s) active

2024-12-28 20:09:11,175 ERROR c.a.ErrorHandler [pool-2-thread-11] Request is invalid. Bad Request.
2024-12-28 20:09:11,175 ERROR c.a.ConnectionHandler [pool-2-thread-11] Failed to parse the response size -1
2024-12-28 20:09:11,176 INFO c.a.ConnectionHandler [pool-2-thread-11] Sent response to 61776: HTTP/1.1 400 Bad Request with Content-Length: 0
2024-12-28 20:09:14,033 INFO c.a.ConnectionHandler [pool-2-thread-11] 1 connection(s) active

2024-12-28 20:09:14,035 ERROR c.a.ErrorHandler [pool-2-thread-11] Request is invalid. Bad Request.
2024-12-28 20:09:14,035 ERROR c.a.ConnectionHandler [pool-2-thread-11] Failed to parse the response size -1
2024-12-28 20:09:14,036 INFO c.a.ConnectionHandler [pool-2-thread-11] Sent response to 61779: HTTP/1.1 400 Bad Request with Content-Length: 0
2024-12-28 20:09:14,036 INFO c.a.ConnectionHandler [pool-2-thread-11] 1 connection(s) active

2024-12-28 20:09:14,039 INFO c.a.ConnectionHandler [pool-2-thread-11] GET /990 HTTP/1.1
2024-12-28 20:09:14,040 INFO c.a.ConnectionHandler [pool-2-thread-11] Connection: Upgrade, HTTP2-Settings
2024-12-28 20:09:14,040 INFO c.a.ConnectionHandler [pool-2-thread-11] Host: localhost:8051
2024-12-28 20:09:14,040 INFO c.a.ConnectionHandler [pool-2-thread-11] HTTP2-Settings: AAEAAEAAAAIAAAAAAAMAAAAAAAQBAAAAAAUAAEAAAAYABgAA
2024-12-28 20:09:14,040 INFO c.a.ConnectionHandler [pool-2-thread-11] Upgrade: h2c
2024-12-28 20:09:14,040 INFO c.a.ConnectionHandler [pool-2-thread-11] User-Agent: Java-http-client/23.0.1
2024-12-28 20:09:14,040 INFO c.a.ConnectionHandler [pool-2-thread-11] Content-Type: text/html
2024-12-28 20:09:14,041 INFO c.a.ConnectionHandler [pool-2-thread-11] Sent response to 61780: HTTP/1.1 200 OK with Content-Length: 990
2024-12-28 20:09:14,439 INFO c.a.ConnectionHandler [pool-2-thread-11] 1 connection(s) active

2024-12-28 20:09:14,444 ERROR c.a.ErrorHandler [pool-2-thread-11] Request is invalid. Bad Request.
2024-12-28 20:09:14,444 ERROR c.a.ConnectionHandler [pool-2-thread-11] Failed to parse the response size -1
2024-12-28 20:09:14,444 INFO c.a.ConnectionHandler [pool-2-thread-11] Sent response to 61784: HTTP/1.1 400 Bad Request with Content-Length: 0
2024-12-28 20:09:14,448 INFO c.a.ConnectionHandler [pool-2-thread-12] 1 connection(s) active

2024-12-28 20:09:14,449 INFO c.a.ConnectionHandler [pool-2-thread-12] GET /99 HTTP/1.1
2024-12-28 20:09:14,449 INFO c.a.ConnectionHandler [pool-2-thread-12] Connection: Upgrade, HTTP2-Settings
2024-12-28 20:09:14,449 INFO c.a.ConnectionHandler [pool-2-thread-12] Host: localhost:8051
2024-12-28 20:09:14,449 INFO c.a.ConnectionHandler [pool-2-thread-12] HTTP2-Settings: AAEAAEAAAAIAAAAAAAMAAAAAAAQBAAAAAAUAAEAAAAYABgAA
2024-12-28 20:09:14,449 INFO c.a.ConnectionHandler [pool-2-thread-12] Upgrade: h2c
2024-12-28 20:09:14,450 INFO c.a.ConnectionHandler [pool-2-thread-12] User-Agent: Java-http-client/23.0.1
2024-12-28 20:09:14,450 INFO c.a.ConnectionHandler [pool-2-thread-12] Content-Type: text/html
2024-12-28 20:09:14,450 ERROR c.a.ErrorHandler [pool-2-thread-12] Requested file size is too small. Bad Request.
2024-12-28 20:09:14,450 ERROR c.a.ErrorHandler [pool-2-thread-12] Requested file size: 99
2024-12-28 20:09:14,450 INFO c.a.ConnectionHandler [pool-2-thread-12] Sent response to 61785: HTTP/1.1 400 Bad Request with Content-Length: 0
2024-12-28 20:09:17,390 INFO c.a.ConnectionHandler [pool-2-thread-12] 1 connection(s) active

2024-12-28 20:09:17,391 ERROR c.a.ErrorHandler [pool-2-thread-12] Request is invalid. Bad Request.
2024-12-28 20:09:17,391 ERROR c.a.ConnectionHandler [pool-2-thread-12] Failed to parse the response size -1
2024-12-28 20:09:17,391 INFO c.a.ConnectionHandler [pool-2-thread-12] Sent response to 61788: HTTP/1.1 400 Bad Request with Content-Length: 0
2024-12-28 20:09:17,396 INFO c.a.ConnectionHandler [pool-2-thread-12] 1 connection(s) active

2024-12-28 20:09:17,397 INFO c.a.ConnectionHandler [pool-2-thread-12] GET /99 HTTP/1.1
2024-12-28 20:09:17,397 INFO c.a.ConnectionHandler [pool-2-thread-12] Connection: Upgrade, HTTP2-Settings
2024-12-28 20:09:17,397 INFO c.a.ConnectionHandler [pool-2-thread-12] Host: localhost:8051
2024-12-28 20:09:17,397 INFO c.a.ConnectionHandler [pool-2-thread-12] HTTP2-Settings: AAEAAEAAAAIAAAAAAAMAAAAAAAQBAAAAAAUAAEAAAAYABgAA
2024-12-28 20:09:17,397 INFO c.a.ConnectionHandler [pool-2-thread-12] Upgrade: h2c
2024-12-28 20:09:17,398 INFO c.a.ConnectionHandler [pool-2-thread-12] User-Agent: Java-http-client/23.0.1
2024-12-28 20:09:17,398 INFO c.a.ConnectionHandler [pool-2-thread-12] Content-Type: text/html
2024-12-28 20:09:17,398 ERROR c.a.ErrorHandler [pool-2-thread-12] Requested file size is too small. Bad Request.
2024-12-28 20:09:17,398 ERROR c.a.ErrorHandler [pool-2-thread-12] Requested file size: 99
2024-12-28 20:09:17,398 INFO c.a.ConnectionHandler [pool-2-thread-12] Sent response to 61789: HTTP/1.1 400 Bad Request with Content-Length: 0
2024-12-28 20:09:17,401 INFO c.a.ConnectionHandler [pool-2-thread-12] 1 connection(s) active

2024-12-28 20:09:17,402 ERROR c.a.ErrorHandler [pool-2-thread-12] Request is invalid. Bad Request.
2024-12-28 20:09:17,402 ERROR c.a.ConnectionHandler [pool-2-thread-12] Failed to parse the response size -1
2024-12-28 20:09:17,402 INFO c.a.ConnectionHandler [pool-2-thread-12] Sent response to 61790: HTTP/1.1 400 Bad Request with Content-Length: 0
2024-12-28 20:09:17,404 INFO c.a.ConnectionHandler [pool-2-thread-12] 1 connection(s) active

2024-12-28 20:09:17,405 INFO c.a.ConnectionHandler [pool-2-thread-12] GET /99 HTTP/1.1
2024-12-28 20:09:17,405 INFO c.a.ConnectionHandler [pool-2-thread-12] Connection: Upgrade, HTTP2-Settings
2024-12-28 20:09:17,405 INFO c.a.ConnectionHandler [pool-2-thread-12] Host: localhost:8051
2024-12-28 20:09:17,406 INFO c.a.ConnectionHandler [pool-2-thread-12] HTTP2-Settings: AAEAAEAAAAIAAAAAAAMAAAAAAAQBAAAAAAUAAEAAAAYABgAA
2024-12-28 20:09:17,406 INFO c.a.ConnectionHandler [pool-2-thread-12] Upgrade: h2c
2024-12-28 20:09:17,406 INFO c.a.ConnectionHandler [pool-2-thread-12] User-Agent: Java-http-client/23.0.1
2024-12-28 20:09:17,406 INFO c.a.ConnectionHandler [pool-2-thread-12] Content-Type: text/html
2024-12-28 20:09:17,406 ERROR c.a.ErrorHandler [pool-2-thread-12] Requested file size is too small. Bad Request.
2024-12-28 20:09:17,406 ERROR c.a.ErrorHandler [pool-2-thread-12] Requested file size: 99
2024-12-28 20:09:17,406 INFO c.a.ConnectionHandler [pool-2-thread-12] Sent response to 61791: HTTP/1.1 400 Bad Request with Content-Length: 0
2024-12-28 20:09:17,410 INFO c.a.ConnectionHandler [pool-2-thread-12] 1 connection(s) active

2024-12-28 20:09:17,411 ERROR c.a.ErrorHandler [pool-2-thread-12] Request is invalid. Bad Request.
2024-12-28 20:09:17,411 ERROR c.a.ConnectionHandler [pool-2-thread-12] Failed to parse the response size -1
2024-12-28 20:09:17,411 INFO c.a.ConnectionHandler [pool-2-thread-12] Sent response to 61793: HTTP/1.1 400 Bad Request with Content-Length: 0
2024-12-28 20:09:17,414 INFO c.a.ConnectionHandler [pool-2-thread-12] 1 connection(s) active

2024-12-28 20:09:17,415 INFO c.a.ConnectionHandler [pool-2-thread-12] GET /99 HTTP/1.1
2024-12-28 20:09:17,415 INFO c.a.ConnectionHandler [pool-2-thread-12] Connection: Upgrade, HTTP2-Settings
2024-12-28 20:09:17,415 INFO c.a.ConnectionHandler [pool-2-thread-12] Host: localhost:8051
2024-12-28 20:09:17,415 INFO c.a.ConnectionHandler [pool-2-thread-12] HTTP2-Settings: AAEAAEAAAAIAAAAAAAMAAAAAAAQBAAAAAAUAAEAAAAYABgAA
2024-12-28 20:09:17,415 INFO c.a.ConnectionHandler [pool-2-thread-12] Upgrade: h2c
2024-12-28 20:09:17,415 INFO c.a.ConnectionHandler [pool-2-thread-12] User-Agent: Java-http-client/23.0.1
2024-12-28 20:09:17,416 INFO c.a.ConnectionHandler [pool-2-thread-12] Content-Type: text/html
2024-12-28 20:09:17,416 ERROR c.a.ErrorHandler [pool-2-thread-12] Requested file size is too small. Bad Request.
2024-12-28 20:09:17,416 ERROR c.a.ErrorHandler [pool-2-thread-12] Requested file size: 99
2024-12-28 20:09:17,416 INFO c.a.ConnectionHandler [pool-2-thread-12] Sent response to 61794: HTTP/1.1 400 Bad Request with Content-Length: 0
2024-12-28 20:09:18,444 INFO c.a.ConnectionHandler [pool-2-thread-12] 1 connection(s) active

2024-12-28 20:09:18,445 ERROR c.a.ErrorHandler [pool-2-thread-12] Request is invalid. Bad Request.
2024-12-28 20:09:18,445 ERROR c.a.ConnectionHandler [pool-2-thread-12] Failed to parse the response size -1
2024-12-28 20:09:18,447 INFO c.a.ConnectionHandler [pool-2-thread-12] Sent response to 61797: HTTP/1.1 400 Bad Request with Content-Length: 0
2024-12-28 20:09:18,448 INFO c.a.ConnectionHandler [pool-2-thread-12] 1 connection(s) active

2024-12-28 20:09:18,450 INFO c.a.ConnectionHandler [pool-2-thread-12] GET /99 HTTP/1.1
2024-12-28 20:09:18,450 INFO c.a.ConnectionHandler [pool-2-thread-12] Connection: Upgrade, HTTP2-Settings
2024-12-28 20:09:18,450 INFO c.a.ConnectionHandler [pool-2-thread-12] Host: localhost:8051
2024-12-28 20:09:18,450 INFO c.a.ConnectionHandler [pool-2-thread-12] HTTP2-Settings: AAEAAEAAAAIAAAAAAAMAAAAAAAQBAAAAAAUAAEAAAAYABgAA
2024-12-28 20:09:18,450 INFO c.a.ConnectionHandler [pool-2-thread-12] Upgrade: h2c
2024-12-28 20:09:18,450 INFO c.a.ConnectionHandler [pool-2-thread-12] User-Agent: Java-http-client/23.0.1
2024-12-28 20:09:18,450 INFO c.a.ConnectionHandler [pool-2-thread-12] Content-Type: text/html
2024-12-28 20:09:18,451 ERROR c.a.ErrorHandler [pool-2-thread-12] Requested file size is too small. Bad Request.
2024-12-28 20:09:18,451 ERROR c.a.ErrorHandler [pool-2-thread-12] Requested file size: 99
2024-12-28 20:09:18,451 INFO c.a.ConnectionHandler [pool-2-thread-12] Sent response to 61798: HTTP/1.1 400 Bad Request with Content-Length: 0
2024-12-28 20:09:18,454 INFO c.a.ConnectionHandler [pool-2-thread-12] 1 connection(s) active

2024-12-28 20:09:18,454 ERROR c.a.ErrorHandler [pool-2-thread-12] Request is invalid. Bad Request.
2024-12-28 20:09:18,455 ERROR c.a.ConnectionHandler [pool-2-thread-12] Failed to parse the response size -1
2024-12-28 20:09:18,455 INFO c.a.ConnectionHandler [pool-2-thread-12] Sent response to 61799: HTTP/1.1 400 Bad Request with Content-Length: 0
2024-12-28 20:09:18,457 INFO c.a.ConnectionHandler [pool-2-thread-12] 1 connection(s) active

2024-12-28 20:09:18,458 INFO c.a.ConnectionHandler [pool-2-thread-12] GET /99 HTTP/1.1
2024-12-28 20:09:18,458 INFO c.a.ConnectionHandler [pool-2-thread-12] Connection: Upgrade, HTTP2-Settings
2024-12-28 20:09:18,458 INFO c.a.ConnectionHandler [pool-2-thread-12] Host: localhost:8051
2024-12-28 20:09:18,458 INFO c.a.ConnectionHandler [pool-2-thread-12] HTTP2-Settings: AAEAAEAAAAIAAAAAAAMAAAAAAAQBAAAAAAUAAEAAAAYABgAA
2024-12-28 20:09:18,458 INFO c.a.ConnectionHandler [pool-2-thread-12] Upgrade: h2c
2024-12-28 20:09:18,458 INFO c.a.ConnectionHandler [pool-2-thread-12] User-Agent: Java-http-client/23.0.1
2024-12-28 20:09:18,458 INFO c.a.ConnectionHandler [pool-2-thread-12] Content-Type: text/html
2024-12-28 20:09:18,458 ERROR c.a.ErrorHandler [pool-2-thread-12] Requested file size is too small. Bad Request.
2024-12-28 20:09:18,459 ERROR c.a.ErrorHandler [pool-2-thread-12] Requested file size: 99
2024-12-28 20:09:18,459 INFO c.a.ConnectionHandler [pool-2-thread-12] Sent response to 61800: HTTP/1.1 400 Bad Request with Content-Length: 0
2024-12-28 20:09:18,465 INFO c.a.ConnectionHandler [pool-2-thread-12] 1 connection(s) active

2024-12-28 20:09:18,465 ERROR c.a.ErrorHandler [pool-2-thread-12] Request is invalid. Bad Request.
2024-12-28 20:09:18,465 ERROR c.a.ConnectionHandler [pool-2-thread-12] Failed to parse the response size -1
2024-12-28 20:09:18,466 INFO c.a.ConnectionHandler [pool-2-thread-12] Sent response to 61802: HTTP/1.1 400 Bad Request with Content-Length: 0
2024-12-28 20:09:18,467 INFO c.a.ConnectionHandler [pool-2-thread-12] 1 connection(s) active

2024-12-28 20:09:18,468 INFO c.a.ConnectionHandler [pool-2-thread-12] GET /99 HTTP/1.1
2024-12-28 20:09:18,468 INFO c.a.ConnectionHandler [pool-2-thread-12] Connection: Upgrade, HTTP2-Settings
2024-12-28 20:09:18,468 INFO c.a.ConnectionHandler [pool-2-thread-12] Host: localhost:8051
2024-12-28 20:09:18,468 INFO c.a.ConnectionHandler [pool-2-thread-12] HTTP2-Settings: AAEAAEAAAAIAAAAAAAMAAAAAAAQBAAAAAAUAAEAAAAYABgAA
2024-12-28 20:09:18,468 INFO c.a.ConnectionHandler [pool-2-thread-12] Upgrade: h2c
2024-12-28 20:09:18,468 INFO c.a.ConnectionHandler [pool-2-thread-12] User-Agent: Java-http-client/23.0.1
2024-12-28 20:09:18,468 INFO c.a.ConnectionHandler [pool-2-thread-12] Content-Type: text/html
2024-12-28 20:09:18,469 ERROR c.a.ErrorHandler [pool-2-thread-12] Requested file size is too small. Bad Request.
2024-12-28 20:09:18,469 ERROR c.a.ErrorHandler [pool-2-thread-12] Requested file size: 99
2024-12-28 20:09:18,469 INFO c.a.ConnectionHandler [pool-2-thread-12] Sent response to 61803: HTTP/1.1 400 Bad Request with Content-Length: 0
2024-12-28 20:09:23,487 INFO c.a.ConnectionHandler [pool-2-thread-12] 1 connection(s) active

2024-12-28 20:09:23,487 ERROR c.a.ErrorHandler [pool-2-thread-12] Request is invalid. Bad Request.
2024-12-28 20:09:23,487 ERROR c.a.ConnectionHandler [pool-2-thread-12] Failed to parse the response size -1
2024-12-28 20:09:23,487 INFO c.a.ConnectionHandler [pool-2-thread-12] Sent response to 61808: HTTP/1.1 400 Bad Request with Content-Length: 0
2024-12-28 20:09:23,487 INFO c.a.ConnectionHandler [pool-2-thread-12] 1 connection(s) active

2024-12-28 20:09:23,487 INFO c.a.ConnectionHandler [pool-2-thread-12] GET /99 HTTP/1.1
2024-12-28 20:09:23,487 INFO c.a.ConnectionHandler [pool-2-thread-12] Connection: Upgrade, HTTP2-Settings
2024-12-28 20:09:23,487 INFO c.a.ConnectionHandler [pool-2-thread-12] Host: localhost:8051
2024-12-28 20:09:23,502 INFO c.a.ConnectionHandler [pool-2-thread-12] HTTP2-Settings: AAEAAEAAAAIAAAAAAAMAAAAAAAQBAAAAAAUAAEAAAAYABgAA
2024-12-28 20:09:23,502 INFO c.a.ConnectionHandler [pool-2-thread-12] Upgrade: h2c
2024-12-28 20:09:23,502 INFO c.a.ConnectionHandler [pool-2-thread-12] User-Agent: Java-http-client/23.0.1
2024-12-28 20:09:23,502 INFO c.a.ConnectionHandler [pool-2-thread-12] Content-Type: text/html
2024-12-28 20:09:23,502 ERROR c.a.ErrorHandler [pool-2-thread-12] Requested file size is too small. Bad Request.
2024-12-28 20:09:23,502 ERROR c.a.ErrorHandler [pool-2-thread-12] Requested file size: 99
2024-12-28 20:09:23,502 INFO c.a.ConnectionHandler [pool-2-thread-12] Sent response to 61809: HTTP/1.1 400 Bad Request with Content-Length: 0
2024-12-28 20:09:23,506 INFO c.a.ConnectionHandler [pool-2-thread-12] 1 connection(s) active

2024-12-28 20:09:23,507 ERROR c.a.ErrorHandler [pool-2-thread-12] Request is invalid. Bad Request.
2024-12-28 20:09:23,507 ERROR c.a.ConnectionHandler [pool-2-thread-12] Failed to parse the response size -1
2024-12-28 20:09:23,508 INFO c.a.ConnectionHandler [pool-2-thread-12] Sent response to 61810: HTTP/1.1 400 Bad Request with Content-Length: 0
2024-12-28 20:09:23,509 INFO c.a.ConnectionHandler [pool-2-thread-12] 1 connection(s) active

2024-12-28 20:09:23,510 INFO c.a.ConnectionHandler [pool-2-thread-12] GET /99 HTTP/1.1
2024-12-28 20:09:23,510 INFO c.a.ConnectionHandler [pool-2-thread-12] Connection: Upgrade, HTTP2-Settings
2024-12-28 20:09:23,510 INFO c.a.ConnectionHandler [pool-2-thread-12] Host: localhost:8051
2024-12-28 20:09:23,510 INFO c.a.ConnectionHandler [pool-2-thread-12] HTTP2-Settings: AAEAAEAAAAIAAAAAAAMAAAAAAAQBAAAAAAUAAEAAAAYABgAA
2024-12-28 20:09:23,510 INFO c.a.ConnectionHandler [pool-2-thread-12] Upgrade: h2c
2024-12-28 20:09:23,510 INFO c.a.ConnectionHandler [pool-2-thread-12] User-Agent: Java-http-client/23.0.1
2024-12-28 20:09:23,510 INFO c.a.ConnectionHandler [pool-2-thread-12] Content-Type: text/html
2024-12-28 20:09:23,511 ERROR c.a.ErrorHandler [pool-2-thread-12] Requested file size is too small. Bad Request.
2024-12-28 20:09:23,511 ERROR c.a.ErrorHandler [pool-2-thread-12] Requested file size: 99
2024-12-28 20:09:23,511 INFO c.a.ConnectionHandler [pool-2-thread-12] Sent response to 61811: HTTP/1.1 400 Bad Request with Content-Length: 0
2024-12-28 20:09:23,513 INFO c.a.ConnectionHandler [pool-2-thread-12] 1 connection(s) active

2024-12-28 20:09:23,513 ERROR c.a.ErrorHandler [pool-2-thread-12] Request is invalid. Bad Request.
2024-12-28 20:09:23,513 ERROR c.a.ConnectionHandler [pool-2-thread-12] Failed to parse the response size -1
2024-12-28 20:09:23,513 INFO c.a.ConnectionHandler [pool-2-thread-12] Sent response to 61813: HTTP/1.1 400 Bad Request with Content-Length: 0
2024-12-28 20:09:23,513 INFO c.a.ConnectionHandler [pool-2-thread-12] 1 connection(s) active

2024-12-28 20:09:23,513 INFO c.a.ConnectionHandler [pool-2-thread-12] GET /99 HTTP/1.1
2024-12-28 20:09:23,513 INFO c.a.ConnectionHandler [pool-2-thread-12] Connection: Upgrade, HTTP2-Settings
2024-12-28 20:09:23,513 INFO c.a.ConnectionHandler [pool-2-thread-12] Host: localhost:8051
2024-12-28 20:09:23,513 INFO c.a.ConnectionHandler [pool-2-thread-12] HTTP2-Settings: AAEAAEAAAAIAAAAAAAMAAAAAAAQBAAAAAAUAAEAAAAYABgAA
2024-12-28 20:09:23,513 INFO c.a.ConnectionHandler [pool-2-thread-12] Upgrade: h2c
2024-12-28 20:09:23,513 INFO c.a.ConnectionHandler [pool-2-thread-12] User-Agent: Java-http-client/23.0.1
2024-12-28 20:09:23,513 INFO c.a.ConnectionHandler [pool-2-thread-12] Content-Type: text/html
2024-12-28 20:09:23,513 ERROR c.a.ErrorHandler [pool-2-thread-12] Requested file size is too small. Bad Request.
2024-12-28 20:09:23,520 ERROR c.a.ErrorHandler [pool-2-thread-12] Requested file size: 99
2024-12-28 20:09:23,521 INFO c.a.ConnectionHandler [pool-2-thread-12] Sent response to 61814: HTTP/1.1 400 Bad Request with Content-Length: 0
2024-12-28 20:09:30,613 INFO c.a.ConnectionHandler [pool-2-thread-12] 1 connection(s) active

2024-12-28 20:09:30,613 ERROR c.a.ErrorHandler [pool-2-thread-12] Request is invalid. Bad Request.
2024-12-28 20:09:30,613 ERROR c.a.ConnectionHandler [pool-2-thread-12] Failed to parse the response size -1
2024-12-28 20:09:30,614 INFO c.a.ConnectionHandler [pool-2-thread-12] Sent response to 61817: HTTP/1.1 400 Bad Request with Content-Length: 0
2024-12-28 20:09:30,615 INFO c.a.ConnectionHandler [pool-2-thread-12] 1 connection(s) active

2024-12-28 20:09:30,617 INFO c.a.ConnectionHandler [pool-2-thread-12] GET /100 HTTP/1.1
2024-12-28 20:09:30,617 INFO c.a.ConnectionHandler [pool-2-thread-12] Connection: Upgrade, HTTP2-Settings
2024-12-28 20:09:30,617 INFO c.a.ConnectionHandler [pool-2-thread-12] Host: localhost:8051
2024-12-28 20:09:30,617 INFO c.a.ConnectionHandler [pool-2-thread-12] HTTP2-Settings: AAEAAEAAAAIAAAAAAAMAAAAAAAQBAAAAAAUAAEAAAAYABgAA
2024-12-28 20:09:30,617 INFO c.a.ConnectionHandler [pool-2-thread-12] Upgrade: h2c
2024-12-28 20:09:30,617 INFO c.a.ConnectionHandler [pool-2-thread-12] User-Agent: Java-http-client/23.0.1
2024-12-28 20:09:30,617 INFO c.a.ConnectionHandler [pool-2-thread-12] Content-Type: text/html
2024-12-28 20:09:30,618 INFO c.a.ConnectionHandler [pool-2-thread-12] Sent response to 61818: HTTP/1.1 200 OK with Content-Length: 100
2024-12-28 20:09:34,006 INFO c.a.ConnectionHandler [pool-2-thread-12] 1 connection(s) active

2024-12-28 20:09:34,006 ERROR c.a.ErrorHandler [pool-2-thread-12] Request is invalid. Bad Request.
2024-12-28 20:09:34,006 ERROR c.a.ConnectionHandler [pool-2-thread-12] Failed to parse the response size -1
2024-12-28 20:09:34,006 INFO c.a.ConnectionHandler [pool-2-thread-12] Sent response to 61820: HTTP/1.1 400 Bad Request with Content-Length: 0
2024-12-28 20:09:34,008 INFO c.a.ConnectionHandler [pool-2-thread-12] 1 connection(s) active

2024-12-28 20:09:34,010 INFO c.a.ConnectionHandler [pool-2-thread-12] GET /1 HTTP/1.1
2024-12-28 20:09:34,010 INFO c.a.ConnectionHandler [pool-2-thread-12] Connection: Upgrade, HTTP2-Settings
2024-12-28 20:09:34,010 INFO c.a.ConnectionHandler [pool-2-thread-12] Host: localhost:8051
2024-12-28 20:09:34,011 INFO c.a.ConnectionHandler [pool-2-thread-12] HTTP2-Settings: AAEAAEAAAAIAAAAAAAMAAAAAAAQBAAAAAAUAAEAAAAYABgAA
2024-12-28 20:09:34,011 INFO c.a.ConnectionHandler [pool-2-thread-12] Upgrade: h2c
2024-12-28 20:09:34,011 INFO c.a.ConnectionHandler [pool-2-thread-12] User-Agent: Java-http-client/23.0.1
2024-12-28 20:09:34,011 INFO c.a.ConnectionHandler [pool-2-thread-12] Content-Type: text/html
2024-12-28 20:09:34,011 ERROR c.a.ErrorHandler [pool-2-thread-12] Requested file size is too small. Bad Request.
2024-12-28 20:09:34,012 ERROR c.a.ErrorHandler [pool-2-thread-12] Requested file size: 1
2024-12-28 20:09:34,012 INFO c.a.ConnectionHandler [pool-2-thread-12] Sent response to 61821: HTTP/1.1 400 Bad Request with Content-Length: 0
2024-12-28 20:09:34,015 INFO c.a.ConnectionHandler [pool-2-thread-12] 1 connection(s) active

2024-12-28 20:09:34,016 ERROR c.a.ErrorHandler [pool-2-thread-12] Request is invalid. Bad Request.
2024-12-28 20:09:34,016 ERROR c.a.ConnectionHandler [pool-2-thread-12] Failed to parse the response size -1
2024-12-28 20:09:34,016 INFO c.a.ConnectionHandler [pool-2-thread-12] Sent response to 61822: HTTP/1.1 400 Bad Request with Content-Length: 0
2024-12-28 20:09:34,018 INFO c.a.ConnectionHandler [pool-2-thread-12] 1 connection(s) active

2024-12-28 20:09:34,018 INFO c.a.ConnectionHandler [pool-2-thread-12] GET /1 HTTP/1.1
2024-12-28 20:09:34,018 INFO c.a.ConnectionHandler [pool-2-thread-12] Connection: Upgrade, HTTP2-Settings
2024-12-28 20:09:34,018 INFO c.a.ConnectionHandler [pool-2-thread-12] Host: localhost:8051
2024-12-28 20:09:34,018 INFO c.a.ConnectionHandler [pool-2-thread-12] HTTP2-Settings: AAEAAEAAAAIAAAAAAAMAAAAAAAQBAAAAAAUAAEAAAAYABgAA
2024-12-28 20:09:34,018 INFO c.a.ConnectionHandler [pool-2-thread-12] Upgrade: h2c
2024-12-28 20:09:34,018 INFO c.a.ConnectionHandler [pool-2-thread-12] User-Agent: Java-http-client/23.0.1
2024-12-28 20:09:34,019 INFO c.a.ConnectionHandler [pool-2-thread-12] Content-Type: text/html
2024-12-28 20:09:34,019 ERROR c.a.ErrorHandler [pool-2-thread-12] Requested file size is too small. Bad Request.
2024-12-28 20:09:34,019 ERROR c.a.ErrorHandler [pool-2-thread-12] Requested file size: 1
2024-12-28 20:09:34,019 INFO c.a.ConnectionHandler [pool-2-thread-12] Sent response to 61823: HTTP/1.1 400 Bad Request with Content-Length: 0
2024-12-28 20:09:34,024 INFO c.a.ConnectionHandler [pool-2-thread-12] 1 connection(s) active

2024-12-28 20:09:34,024 ERROR c.a.ErrorHandler [pool-2-thread-12] Request is invalid. Bad Request.
2024-12-28 20:09:34,024 ERROR c.a.ConnectionHandler [pool-2-thread-12] Failed to parse the response size -1
2024-12-28 20:09:34,024 INFO c.a.ConnectionHandler [pool-2-thread-12] Sent response to 61825: HTTP/1.1 400 Bad Request with Content-Length: 0
2024-12-28 20:09:34,026 INFO c.a.ConnectionHandler [pool-2-thread-12] 1 connection(s) active

2024-12-28 20:09:34,027 INFO c.a.ConnectionHandler [pool-2-thread-12] GET /1 HTTP/1.1
2024-12-28 20:09:34,027 INFO c.a.ConnectionHandler [pool-2-thread-12] Connection: Upgrade, HTTP2-Settings
2024-12-28 20:09:34,027 INFO c.a.ConnectionHandler [pool-2-thread-12] Host: localhost:8051
2024-12-28 20:09:34,027 INFO c.a.ConnectionHandler [pool-2-thread-12] HTTP2-Settings: AAEAAEAAAAIAAAAAAAMAAAAAAAQBAAAAAAUAAEAAAAYABgAA
2024-12-28 20:09:34,027 INFO c.a.ConnectionHandler [pool-2-thread-12] Upgrade: h2c
2024-12-28 20:09:34,027 INFO c.a.ConnectionHandler [pool-2-thread-12] User-Agent: Java-http-client/23.0.1
2024-12-28 20:09:34,027 INFO c.a.ConnectionHandler [pool-2-thread-12] Content-Type: text/html
2024-12-28 20:09:34,027 ERROR c.a.ErrorHandler [pool-2-thread-12] Requested file size is too small. Bad Request.
2024-12-28 20:09:34,027 ERROR c.a.ErrorHandler [pool-2-thread-12] Requested file size: 1
2024-12-28 20:09:34,028 INFO c.a.ConnectionHandler [pool-2-thread-12] Sent response to 61826: HTTP/1.1 400 Bad Request with Content-Length: 0
2024-12-28 20:09:35,043 INFO c.a.ConnectionHandler [pool-2-thread-12] 1 connection(s) active

2024-12-28 20:09:35,043 ERROR c.a.ErrorHandler [pool-2-thread-12] Request is invalid. Bad Request.
2024-12-28 20:09:35,043 ERROR c.a.ConnectionHandler [pool-2-thread-12] Failed to parse the response size -1
2024-12-28 20:09:35,043 INFO c.a.ConnectionHandler [pool-2-thread-12] Sent response to 61829: HTTP/1.1 400 Bad Request with Content-Length: 0
2024-12-28 20:09:35,059 INFO c.a.ConnectionHandler [pool-2-thread-12] 1 connection(s) active

2024-12-28 20:09:35,059 INFO c.a.ConnectionHandler [pool-2-thread-12] GET /1 HTTP/1.1
2024-12-28 20:09:35,059 INFO c.a.ConnectionHandler [pool-2-thread-12] Connection: Upgrade, HTTP2-Settings
2024-12-28 20:09:35,059 INFO c.a.ConnectionHandler [pool-2-thread-12] Host: localhost:8051
2024-12-28 20:09:35,059 INFO c.a.ConnectionHandler [pool-2-thread-12] HTTP2-Settings: AAEAAEAAAAIAAAAAAAMAAAAAAAQBAAAAAAUAAEAAAAYABgAA
2024-12-28 20:09:35,059 INFO c.a.ConnectionHandler [pool-2-thread-12] Upgrade: h2c
2024-12-28 20:09:35,059 INFO c.a.ConnectionHandler [pool-2-thread-12] User-Agent: Java-http-client/23.0.1
2024-12-28 20:09:35,059 INFO c.a.ConnectionHandler [pool-2-thread-12] Content-Type: text/html
2024-12-28 20:09:35,059 ERROR c.a.ErrorHandler [pool-2-thread-12] Requested file size is too small. Bad Request.
2024-12-28 20:09:35,059 ERROR c.a.ErrorHandler [pool-2-thread-12] Requested file size: 1
2024-12-28 20:09:35,059 INFO c.a.ConnectionHandler [pool-2-thread-12] Sent response to 61830: HTTP/1.1 400 Bad Request with Content-Length: 0
2024-12-28 20:09:35,064 INFO c.a.ConnectionHandler [pool-2-thread-12] 1 connection(s) active

2024-12-28 20:09:35,064 ERROR c.a.ErrorHandler [pool-2-thread-12] Request is invalid. Bad Request.
2024-12-28 20:09:35,064 ERROR c.a.ConnectionHandler [pool-2-thread-12] Failed to parse the response size -1
2024-12-28 20:09:35,065 INFO c.a.ConnectionHandler [pool-2-thread-12] Sent response to 61831: HTTP/1.1 400 Bad Request with Content-Length: 0
2024-12-28 20:09:35,067 INFO c.a.ConnectionHandler [pool-2-thread-12] 1 connection(s) active

2024-12-28 20:09:35,068 INFO c.a.ConnectionHandler [pool-2-thread-12] GET /1 HTTP/1.1
2024-12-28 20:09:35,068 INFO c.a.ConnectionHandler [pool-2-thread-12] Connection: Upgrade, HTTP2-Settings
2024-12-28 20:09:35,068 INFO c.a.ConnectionHandler [pool-2-thread-12] Host: localhost:8051
2024-12-28 20:09:35,068 INFO c.a.ConnectionHandler [pool-2-thread-12] HTTP2-Settings: AAEAAEAAAAIAAAAAAAMAAAAAAAQBAAAAAAUAAEAAAAYABgAA
2024-12-28 20:09:35,068 INFO c.a.ConnectionHandler [pool-2-thread-12] Upgrade: h2c
2024-12-28 20:09:35,068 INFO c.a.ConnectionHandler [pool-2-thread-12] User-Agent: Java-http-client/23.0.1
2024-12-28 20:09:35,068 INFO c.a.ConnectionHandler [pool-2-thread-12] Content-Type: text/html
2024-12-28 20:09:35,069 ERROR c.a.ErrorHandler [pool-2-thread-12] Requested file size is too small. Bad Request.
2024-12-28 20:09:35,069 ERROR c.a.ErrorHandler [pool-2-thread-12] Requested file size: 1
2024-12-28 20:09:35,069 INFO c.a.ConnectionHandler [pool-2-thread-12] Sent response to 61832: HTTP/1.1 400 Bad Request with Content-Length: 0
2024-12-28 20:09:35,072 INFO c.a.ConnectionHandler [pool-2-thread-12] 1 connection(s) active

2024-12-28 20:09:35,072 ERROR c.a.ErrorHandler [pool-2-thread-12] Request is invalid. Bad Request.
2024-12-28 20:09:35,072 ERROR c.a.ConnectionHandler [pool-2-thread-12] Failed to parse the response size -1
2024-12-28 20:09:35,072 INFO c.a.ConnectionHandler [pool-2-thread-12] Sent response to 61834: HTTP/1.1 400 Bad Request with Content-Length: 0
2024-12-28 20:09:35,079 INFO c.a.ConnectionHandler [pool-2-thread-12] 1 connection(s) active

2024-12-28 20:09:35,081 INFO c.a.ConnectionHandler [pool-2-thread-12] GET /1 HTTP/1.1
2024-12-28 20:09:35,081 INFO c.a.ConnectionHandler [pool-2-thread-12] Connection: Upgrade, HTTP2-Settings
2024-12-28 20:09:35,081 INFO c.a.ConnectionHandler [pool-2-thread-12] Host: localhost:8051
2024-12-28 20:09:35,081 INFO c.a.ConnectionHandler [pool-2-thread-12] HTTP2-Settings: AAEAAEAAAAIAAAAAAAMAAAAAAAQBAAAAAAUAAEAAAAYABgAA
2024-12-28 20:09:35,081 INFO c.a.ConnectionHandler [pool-2-thread-12] Upgrade: h2c
2024-12-28 20:09:35,081 INFO c.a.ConnectionHandler [pool-2-thread-12] User-Agent: Java-http-client/23.0.1
2024-12-28 20:09:35,081 INFO c.a.ConnectionHandler [pool-2-thread-12] Content-Type: text/html
2024-12-28 20:09:35,082 ERROR c.a.ErrorHandler [pool-2-thread-12] Requested file size is too small. Bad Request.
2024-12-28 20:09:35,082 ERROR c.a.ErrorHandler [pool-2-thread-12] Requested file size: 1
2024-12-28 20:09:35,082 INFO c.a.ConnectionHandler [pool-2-thread-12] Sent response to 61835: HTTP/1.1 400 Bad Request with Content-Length: 0
2024-12-28 20:09:40,095 INFO c.a.ConnectionHandler [pool-2-thread-12] 1 connection(s) active

2024-12-28 20:09:40,095 ERROR c.a.ErrorHandler [pool-2-thread-12] Request is invalid. Bad Request.
2024-12-28 20:09:40,095 ERROR c.a.ConnectionHandler [pool-2-thread-12] Failed to parse the response size -1
2024-12-28 20:09:40,095 INFO c.a.ConnectionHandler [pool-2-thread-12] Sent response to 61838: HTTP/1.1 400 Bad Request with Content-Length: 0
2024-12-28 20:09:40,113 INFO c.a.ConnectionHandler [pool-2-thread-12] 1 connection(s) active

2024-12-28 20:09:40,114 INFO c.a.ConnectionHandler [pool-2-thread-12] GET /1 HTTP/1.1
2024-12-28 20:09:40,114 INFO c.a.ConnectionHandler [pool-2-thread-12] Connection: Upgrade, HTTP2-Settings
2024-12-28 20:09:40,114 INFO c.a.ConnectionHandler [pool-2-thread-12] Host: localhost:8051
2024-12-28 20:09:40,114 INFO c.a.ConnectionHandler [pool-2-thread-12] HTTP2-Settings: AAEAAEAAAAIAAAAAAAMAAAAAAAQBAAAAAAUAAEAAAAYABgAA
2024-12-28 20:09:40,114 INFO c.a.ConnectionHandler [pool-2-thread-12] Upgrade: h2c
2024-12-28 20:09:40,114 INFO c.a.ConnectionHandler [pool-2-thread-12] User-Agent: Java-http-client/23.0.1
2024-12-28 20:09:40,115 INFO c.a.ConnectionHandler [pool-2-thread-12] Content-Type: text/html
2024-12-28 20:09:40,115 ERROR c.a.ErrorHandler [pool-2-thread-12] Requested file size is too small. Bad Request.
2024-12-28 20:09:40,115 ERROR c.a.ErrorHandler [pool-2-thread-12] Requested file size: 1
2024-12-28 20:09:40,116 INFO c.a.ConnectionHandler [pool-2-thread-12] Sent response to 61839: HTTP/1.1 400 Bad Request with Content-Length: 0
2024-12-28 20:09:40,119 INFO c.a.ConnectionHandler [pool-2-thread-12] 1 connection(s) active

2024-12-28 20:09:40,119 ERROR c.a.ErrorHandler [pool-2-thread-12] Request is invalid. Bad Request.
2024-12-28 20:09:40,119 ERROR c.a.ConnectionHandler [pool-2-thread-12] Failed to parse the response size -1
2024-12-28 20:09:40,120 INFO c.a.ConnectionHandler [pool-2-thread-12] Sent response to 61840: HTTP/1.1 400 Bad Request with Content-Length: 0
2024-12-28 20:09:40,121 INFO c.a.ConnectionHandler [pool-2-thread-12] 1 connection(s) active

2024-12-28 20:09:40,121 INFO c.a.ConnectionHandler [pool-2-thread-12] GET /1 HTTP/1.1
2024-12-28 20:09:40,121 INFO c.a.ConnectionHandler [pool-2-thread-12] Connection: Upgrade, HTTP2-Settings
2024-12-28 20:09:40,121 INFO c.a.ConnectionHandler [pool-2-thread-12] Host: localhost:8051
2024-12-28 20:09:40,121 INFO c.a.ConnectionHandler [pool-2-thread-12] HTTP2-Settings: AAEAAEAAAAIAAAAAAAMAAAAAAAQBAAAAAAUAAEAAAAYABgAA
2024-12-28 20:09:40,121 INFO c.a.ConnectionHandler [pool-2-thread-12] Upgrade: h2c
2024-12-28 20:09:40,121 INFO c.a.ConnectionHandler [pool-2-thread-12] User-Agent: Java-http-client/23.0.1
2024-12-28 20:09:40,121 INFO c.a.ConnectionHandler [pool-2-thread-12] Content-Type: text/html
2024-12-28 20:09:40,121 ERROR c.a.ErrorHandler [pool-2-thread-12] Requested file size is too small. Bad Request.
2024-12-28 20:09:40,121 ERROR c.a.ErrorHandler [pool-2-thread-12] Requested file size: 1
2024-12-28 20:09:40,121 INFO c.a.ConnectionHandler [pool-2-thread-12] Sent response to 61841: HTTP/1.1 400 Bad Request with Content-Length: 0
2024-12-28 20:09:40,130 INFO c.a.ConnectionHandler [pool-2-thread-12] 1 connection(s) active

2024-12-28 20:09:40,130 ERROR c.a.ErrorHandler [pool-2-thread-12] Request is invalid. Bad Request.
2024-12-28 20:09:40,130 ERROR c.a.ConnectionHandler [pool-2-thread-12] Failed to parse the response size -1
2024-12-28 20:09:40,131 INFO c.a.ConnectionHandler [pool-2-thread-12] Sent response to 61843: HTTP/1.1 400 Bad Request with Content-Length: 0
2024-12-28 20:09:40,133 INFO c.a.ConnectionHandler [pool-2-thread-12] 1 connection(s) active

2024-12-28 20:09:40,134 INFO c.a.ConnectionHandler [pool-2-thread-12] GET /1 HTTP/1.1
2024-12-28 20:09:40,135 INFO c.a.ConnectionHandler [pool-2-thread-12] Connection: Upgrade, HTTP2-Settings
2024-12-28 20:09:40,135 INFO c.a.ConnectionHandler [pool-2-thread-12] Host: localhost:8051
2024-12-28 20:09:40,135 INFO c.a.ConnectionHandler [pool-2-thread-12] HTTP2-Settings: AAEAAEAAAAIAAAAAAAMAAAAAAAQBAAAAAAUAAEAAAAYABgAA
2024-12-28 20:09:40,135 INFO c.a.ConnectionHandler [pool-2-thread-12] Upgrade: h2c
2024-12-28 20:09:40,135 INFO c.a.ConnectionHandler [pool-2-thread-12] User-Agent: Java-http-client/23.0.1
2024-12-28 20:09:40,136 INFO c.a.ConnectionHandler [pool-2-thread-12] Content-Type: text/html
2024-12-28 20:09:40,136 ERROR c.a.ErrorHandler [pool-2-thread-12] Requested file size is too small. Bad Request.
2024-12-28 20:09:40,136 ERROR c.a.ErrorHandler [pool-2-thread-12] Requested file size: 1
2024-12-28 20:09:40,136 INFO c.a.ConnectionHandler [pool-2-thread-12] Sent response to 61844: HTTP/1.1 400 Bad Request with Content-Length: 0
2024-12-28 20:10:10,167 INFO c.a.ConnectionHandler [pool-2-thread-12] 1 connection(s) active

2024-12-28 20:10:10,167 ERROR c.a.ErrorHandler [pool-2-thread-12] Request is invalid. Bad Request.
2024-12-28 20:10:10,167 ERROR c.a.ConnectionHandler [pool-2-thread-12] Failed to parse the response size -1
2024-12-28 20:10:10,167 INFO c.a.ConnectionHandler [pool-2-thread-12] Sent response to 61866: HTTP/1.1 400 Bad Request with Content-Length: 0
2024-12-28 20:10:10,167 INFO c.a.ConnectionHandler [pool-2-thread-12] 1 connection(s) active

2024-12-28 20:10:10,167 INFO c.a.ConnectionHandler [pool-2-thread-12] GET /1 HTTP/1.1
2024-12-28 20:10:10,167 INFO c.a.ConnectionHandler [pool-2-thread-12] Connection: Upgrade, HTTP2-Settings
2024-12-28 20:10:10,167 INFO c.a.ConnectionHandler [pool-2-thread-12] Host: localhost:8051
2024-12-28 20:10:10,167 INFO c.a.ConnectionHandler [pool-2-thread-12] HTTP2-Settings: AAEAAEAAAAIAAAAAAAMAAAAAAAQBAAAAAAUAAEAAAAYABgAA
2024-12-28 20:10:10,167 INFO c.a.ConnectionHandler [pool-2-thread-12] Upgrade: h2c
2024-12-28 20:10:10,167 INFO c.a.ConnectionHandler [pool-2-thread-12] User-Agent: Java-http-client/23.0.1
2024-12-28 20:10:10,167 INFO c.a.ConnectionHandler [pool-2-thread-12] Content-Type: text/html
2024-12-28 20:10:10,167 ERROR c.a.ErrorHandler [pool-2-thread-12] Requested file size is too small. Bad Request.
2024-12-28 20:10:10,167 ERROR c.a.ErrorHandler [pool-2-thread-12] Requested file size: 1
2024-12-28 20:10:10,167 INFO c.a.ConnectionHandler [pool-2-thread-12] Sent response to 61867: HTTP/1.1 400 Bad Request with Content-Length: 0
2024-12-28 20:10:10,167 INFO c.a.ConnectionHandler [pool-2-thread-12] 1 connection(s) active

2024-12-28 20:10:10,167 ERROR c.a.ErrorHandler [pool-2-thread-12] Request is invalid. Bad Request.
2024-12-28 20:10:10,167 ERROR c.a.ConnectionHandler [pool-2-thread-12] Failed to parse the response size -1
2024-12-28 20:10:10,167 INFO c.a.ConnectionHandler [pool-2-thread-12] Sent response to 61868: HTTP/1.1 400 Bad Request with Content-Length: 0
2024-12-28 20:10:10,167 INFO c.a.ConnectionHandler [pool-2-thread-12] 1 connection(s) active

2024-12-28 20:10:10,167 INFO c.a.ConnectionHandler [pool-2-thread-12] GET /1 HTTP/1.1
2024-12-28 20:10:10,167 INFO c.a.ConnectionHandler [pool-2-thread-12] Connection: Upgrade, HTTP2-Settings
2024-12-28 20:10:10,167 INFO c.a.ConnectionHandler [pool-2-thread-12] Host: localhost:8051
2024-12-28 20:10:10,167 INFO c.a.ConnectionHandler [pool-2-thread-12] HTTP2-Settings: AAEAAEAAAAIAAAAAAAMAAAAAAAQBAAAAAAUAAEAAAAYABgAA
2024-12-28 20:10:10,167 INFO c.a.ConnectionHandler [pool-2-thread-12] Upgrade: h2c
2024-12-28 20:10:10,167 INFO c.a.ConnectionHandler [pool-2-thread-12] User-Agent: Java-http-client/23.0.1
2024-12-28 20:10:10,182 INFO c.a.ConnectionHandler [pool-2-thread-12] Content-Type: text/html
2024-12-28 20:10:10,182 ERROR c.a.ErrorHandler [pool-2-thread-12] Requested file size is too small. Bad Request.
2024-12-28 20:10:10,182 ERROR c.a.ErrorHandler [pool-2-thread-12] Requested file size: 1
2024-12-28 20:10:10,182 INFO c.a.ConnectionHandler [pool-2-thread-12] Sent response to 61869: HTTP/1.1 400 Bad Request with Content-Length: 0
2024-12-28 20:10:10,182 INFO c.a.ConnectionHandler [pool-2-thread-12] 1 connection(s) active

2024-12-28 20:10:10,182 ERROR c.a.ErrorHandler [pool-2-thread-12] Request is invalid. Bad Request.
2024-12-28 20:10:10,182 ERROR c.a.ConnectionHandler [pool-2-thread-12] Failed to parse the response size -1
2024-12-28 20:10:10,182 INFO c.a.ConnectionHandler [pool-2-thread-12] Sent response to 61871: HTTP/1.1 400 Bad Request with Content-Length: 0
2024-12-28 20:10:10,182 INFO c.a.ConnectionHandler [pool-2-thread-12] 1 connection(s) active

2024-12-28 20:10:10,182 INFO c.a.ConnectionHandler [pool-2-thread-12] GET /1 HTTP/1.1
2024-12-28 20:10:10,182 INFO c.a.ConnectionHandler [pool-2-thread-12] Connection: Upgrade, HTTP2-Settings
2024-12-28 20:10:10,182 INFO c.a.ConnectionHandler [pool-2-thread-12] Host: localhost:8051
2024-12-28 20:10:10,182 INFO c.a.ConnectionHandler [pool-2-thread-12] HTTP2-Settings: AAEAAEAAAAIAAAAAAAMAAAAAAAQBAAAAAAUAAEAAAAYABgAA
2024-12-28 20:10:10,182 INFO c.a.ConnectionHandler [pool-2-thread-12] Upgrade: h2c
2024-12-28 20:10:10,182 INFO c.a.ConnectionHandler [pool-2-thread-12] User-Agent: Java-http-client/23.0.1
2024-12-28 20:10:10,182 INFO c.a.ConnectionHandler [pool-2-thread-12] Content-Type: text/html
2024-12-28 20:10:10,182 ERROR c.a.ErrorHandler [pool-2-thread-12] Requested file size is too small. Bad Request.
2024-12-28 20:10:10,182 ERROR c.a.ErrorHandler [pool-2-thread-12] Requested file size: 1
2024-12-28 20:10:10,182 INFO c.a.ConnectionHandler [pool-2-thread-12] Sent response to 61872: HTTP/1.1 400 Bad Request with Content-Length: 0
2024-12-28 20:11:10,219 INFO c.a.ConnectionHandler [pool-2-thread-13] 1 connection(s) active

2024-12-28 20:11:10,219 ERROR c.a.ErrorHandler [pool-2-thread-13] Request is invalid. Bad Request.
2024-12-28 20:11:10,222 ERROR c.a.ConnectionHandler [pool-2-thread-13] Failed to parse the response size -1
2024-12-28 20:11:10,219 INFO c.a.ConnectionHandler [pool-2-thread-14] 2 connection(s) active

2024-12-28 20:11:10,222 INFO c.a.ConnectionHandler [pool-2-thread-14] GET /1 HTTP/1.1
2024-12-28 20:11:10,222 INFO c.a.ConnectionHandler [pool-2-thread-13] Sent response to 61885: HTTP/1.1 400 Bad Request with Content-Length: 0
2024-12-28 20:11:10,222 INFO c.a.ConnectionHandler [pool-2-thread-14] Connection: Upgrade, HTTP2-Settings
2024-12-28 20:11:10,222 INFO c.a.ConnectionHandler [pool-2-thread-14] Host: localhost:8051
2024-12-28 20:11:10,222 INFO c.a.ConnectionHandler [pool-2-thread-14] HTTP2-Settings: AAEAAEAAAAIAAAAAAAMAAAAAAAQBAAAAAAUAAEAAAAYABgAA
2024-12-28 20:11:10,222 INFO c.a.ConnectionHandler [pool-2-thread-14] Upgrade: h2c
2024-12-28 20:11:10,222 INFO c.a.ConnectionHandler [pool-2-thread-14] User-Agent: Java-http-client/23.0.1
2024-12-28 20:11:10,222 INFO c.a.ConnectionHandler [pool-2-thread-14] Content-Type: text/html
2024-12-28 20:11:10,222 ERROR c.a.ErrorHandler [pool-2-thread-14] Requested file size is too small. Bad Request.
2024-12-28 20:11:10,222 ERROR c.a.ErrorHandler [pool-2-thread-14] Requested file size: 1
2024-12-28 20:11:10,222 INFO c.a.ConnectionHandler [pool-2-thread-14] Sent response to 61886: HTTP/1.1 400 Bad Request with Content-Length: 0
2024-12-28 20:11:10,222 INFO c.a.ConnectionHandler [pool-2-thread-14] 1 connection(s) active

2024-12-28 20:11:10,222 ERROR c.a.ErrorHandler [pool-2-thread-14] Request is invalid. Bad Request.
2024-12-28 20:11:10,222 ERROR c.a.ConnectionHandler [pool-2-thread-14] Failed to parse the response size -1
2024-12-28 20:11:10,222 INFO c.a.ConnectionHandler [pool-2-thread-14] Sent response to 61887: HTTP/1.1 400 Bad Request with Content-Length: 0
2024-12-28 20:11:10,222 INFO c.a.ConnectionHandler [pool-2-thread-14] 1 connection(s) active

2024-12-28 20:11:10,222 INFO c.a.ConnectionHandler [pool-2-thread-14] GET /1 HTTP/1.1
2024-12-28 20:11:10,222 INFO c.a.ConnectionHandler [pool-2-thread-14] Connection: Upgrade, HTTP2-Settings
2024-12-28 20:11:10,222 INFO c.a.ConnectionHandler [pool-2-thread-14] Host: localhost:8051
2024-12-28 20:11:10,222 INFO c.a.ConnectionHandler [pool-2-thread-14] HTTP2-Settings: AAEAAEAAAAIAAAAAAAMAAAAAAAQBAAAAAAUAAEAAAAYABgAA
2024-12-28 20:11:10,222 INFO c.a.ConnectionHandler [pool-2-thread-14] Upgrade: h2c
2024-12-28 20:11:10,222 INFO c.a.ConnectionHandler [pool-2-thread-14] User-Agent: Java-http-client/23.0.1
2024-12-28 20:11:10,222 INFO c.a.ConnectionHandler [pool-2-thread-14] Content-Type: text/html
2024-12-28 20:11:10,222 ERROR c.a.ErrorHandler [pool-2-thread-14] Requested file size is too small. Bad Request.
2024-12-28 20:11:10,222 ERROR c.a.ErrorHandler [pool-2-thread-14] Requested file size: 1
2024-12-28 20:11:10,222 INFO c.a.ConnectionHandler [pool-2-thread-14] Sent response to 61888: HTTP/1.1 400 Bad Request with Content-Length: 0
2024-12-28 20:11:10,235 INFO c.a.ConnectionHandler [pool-2-thread-14] 1 connection(s) active

2024-12-28 20:11:10,235 ERROR c.a.ErrorHandler [pool-2-thread-14] Request is invalid. Bad Request.
2024-12-28 20:11:10,235 ERROR c.a.ConnectionHandler [pool-2-thread-14] Failed to parse the response size -1
2024-12-28 20:11:10,235 INFO c.a.ConnectionHandler [pool-2-thread-14] Sent response to 61890: HTTP/1.1 400 Bad Request with Content-Length: 0
2024-12-28 20:11:10,235 INFO c.a.ConnectionHandler [pool-2-thread-14] 1 connection(s) active

2024-12-28 20:11:10,235 INFO c.a.ConnectionHandler [pool-2-thread-14] GET /1 HTTP/1.1
2024-12-28 20:11:10,235 INFO c.a.ConnectionHandler [pool-2-thread-14] Connection: Upgrade, HTTP2-Settings
2024-12-28 20:11:10,235 INFO c.a.ConnectionHandler [pool-2-thread-14] Host: localhost:8051
2024-12-28 20:11:10,235 INFO c.a.ConnectionHandler [pool-2-thread-14] HTTP2-Settings: AAEAAEAAAAIAAAAAAAMAAAAAAAQBAAAAAAUAAEAAAAYABgAA
2024-12-28 20:11:10,235 INFO c.a.ConnectionHandler [pool-2-thread-14] Upgrade: h2c
2024-12-28 20:11:10,235 INFO c.a.ConnectionHandler [pool-2-thread-14] User-Agent: Java-http-client/23.0.1
2024-12-28 20:11:10,235 INFO c.a.ConnectionHandler [pool-2-thread-14] Content-Type: text/html
2024-12-28 20:11:10,235 ERROR c.a.ErrorHandler [pool-2-thread-14] Requested file size is too small. Bad Request.
2024-12-28 20:11:10,235 ERROR c.a.ErrorHandler [pool-2-thread-14] Requested file size: 1
2024-12-28 20:11:10,235 INFO c.a.ConnectionHandler [pool-2-thread-14] Sent response to 61891: HTTP/1.1 400 Bad Request with Content-Length: 0
