2024-12-29 21:29:29,326 INFO c.a.WebServer [main]  :: HTTP Server :: Gultekin, Eren & Vatansever :: v1.0 ::
2024-12-29 21:29:29,326 INFO c.a.WebServer [main] Starting HTTPServer on localhost with PID 12116
2024-12-29 21:29:29,326 INFO c.a.WebServer [main] Application is powered by the genius of Gultekin, Eren and Vatansever
2024-12-29 21:29:29,326 INFO c.a.WebServer [main] Server created on port 8051
2024-12-29 21:29:29,326 INFO c.a.WebServer [main] Server started on port 8051
2024-12-29 21:29:29,343 INFO c.a.ConnectionHandler [main] 0 connection(s) active

2024-12-29 21:29:35,913 INFO c.a.ConnectionHandler [main] 1 connection(s) active

2024-12-29 21:29:35,914 INFO c.a.ConnectionHandler [main] 2 connection(s) active

2024-12-29 21:29:35,914 INFO c.a.ConnectionHandler [pool-2-thread-1] Request from port 54034
GET /200 HTTP/1.1
Host: localhost:8051
Connection: keep-alive
Cache-Control: max-age=0
sec-ch-ua: "Google Chrome";v="131", "Chromium";v="131", "Not_A Brand";v="24"
sec-ch-ua-mobile: ?0
sec-ch-ua-platform: "Windows"
Upgrade-Insecure-Requests: 1
User-Agent: Mozilla/5.0 (Windows NT 10.0; Win64; x64) AppleWebKit/537.36 (KHTML, like Gecko) Chrome/131.0.0.0 Safari/537.36
Accept: text/html,application/xhtml+xml,application/xml;q=0.9,image/avif,image/webp,image/apng,*/*;q=0.8,application/signed-exchange;v=b3;q=0.7
Sec-Fetch-Site: none
Sec-Fetch-Mode: navigate
Sec-Fetch-User: ?1
Sec-Fetch-Dest: document
Accept-Encoding: gzip, deflate, br, zstd
Accept-Language: en-GB,en-US;q=0.9,en;q=0.8,tr;q=0.7
Cookie: Idea-aafc98fb=658b0d5c-2bf3-4a86-9c32-a7b8839e4505; _ga=GA1.1.1641718334.1720546053; Webstorm-5dc34942=29b731fc-1c15-4de7-b819-1af49ebd48dc; Webstorm-5dc34943=a980352b-1e53-4f3a-8ec2-639d92bd913b; _ga_PQEYN9C3X3=GS1.1.1727763152.23.1.1727770904.0.0.0; userToken=4gwm3ynf98ttkn231id7e8; Webstorm-5dc34944=0e506670-c0d9-47ef-8e10-338374c3ae0e

2024-12-29 21:29:35,917 ERROR c.a.ErrorHandler [pool-2-thread-1] Requested file size format is invalid For input string: "rom"
2024-12-29 21:29:35,917 ERROR c.a.ConnectionHandler [pool-2-thread-1] Failed to handle the request on port 54034 (cache\Request_from_port_54034_GET__200_HTTP_1_1_Host__localhost_8051_Connection__keep_alive_Cache_Control__max_age_0_sec_ch_ua___Google_Chrome__v__131____Chromium__v__131____Not_A_Brand__v__24__sec_ch_ua_mobile___0_sec_ch_ua_platform___Windows__Upgrade_Insecure_Requests__1_User_Agent__Mozilla_5_0__Windows_NT_10_0__Win64__x64__AppleWebKit_537_36__KHTML__like_Gecko__Chrome_131_0_0_0_Safari_537_36_Accept__text_html_application_xhtml_xml_application_xml_q_0_9_image_avif_image_webp_image_apng_____q_0_8_application_signed_exchange_v_b3_q_0_7_Sec_Fetch_Site__none_Sec_Fetch_Mode__navigate_Sec_Fetch_User___1_Sec_Fetch_Dest__document_Accept_Encoding__gzip__deflate__br__zstd_Accept_Language__en_GB_en_US_q_0_9_en_q_0_8_tr_q_0_7_Cookie__Idea_aafc98fb_658b0d5c_2bf3_4a86_9c32_a7b8839e4505___ga_GA1_1_1641718334_1720546053__Webstorm_5dc34942_29b731fc_1c15_4de7_b819_1af49ebd48dc__Webstorm_5dc34943_a980352b_1e53_4f3a_8ec2_639d92bd913b___ga_PQEYN9C3X3_GS1_1_1727763152_23_1_1727770904_0_0_0__userToken_4gwm3ynf98ttkn231id7e8__Webstorm_5dc34944_0e506670_c0d9_47ef_8e10_338374c3ae0e_: The filename, directory name, or volume label syntax is incorrect)
2024-12-29 21:35:26,429 INFO c.a.ConnectionHandler [pool-2-thread-2] Request from port 54035

2024-12-29 21:35:26,429 ERROR c.a.ErrorHandler [pool-2-thread-2] Request is invalid. Bad Request.
2024-12-29 21:35:26,445 INFO c.a.ConnectionHandler [pool-2-thread-2] Sent response to 54035
2024-12-29 21:35:29,345 INFO c.a.ConnectionHandler [main] 0 connection(s) active

2024-12-29 21:35:29,346 INFO c.a.ConnectionHandler [main] 2 connection(s) active

2024-12-29 21:35:29,346 INFO c.a.ConnectionHandler [pool-2-thread-2] Request from port 54069
GET /201 HTTP/1.1
Host: localhost:8051
Connection: keep-alive
sec-ch-ua: "Google Chrome";v="131", "Chromium";v="131", "Not_A Brand";v="24"
sec-ch-ua-mobile: ?0
sec-ch-ua-platform: "Windows"
Upgrade-Insecure-Requests: 1
User-Agent: Mozilla/5.0 (Windows NT 10.0; Win64; x64) AppleWebKit/537.36 (KHTML, like Gecko) Chrome/131.0.0.0 Safari/537.36
Accept: text/html,application/xhtml+xml,application/xml;q=0.9,image/avif,image/webp,image/apng,*/*;q=0.8,application/signed-exchange;v=b3;q=0.7
Sec-Fetch-Site: none
Sec-Fetch-Mode: navigate
Sec-Fetch-User: ?1
Sec-Fetch-Dest: document
Accept-Encoding: gzip, deflate, br, zstd
Accept-Language: en-GB,en-US;q=0.9,en;q=0.8,tr;q=0.7
Cookie: Idea-aafc98fb=658b0d5c-2bf3-4a86-9c32-a7b8839e4505; _ga=GA1.1.1641718334.1720546053; Webstorm-5dc34942=29b731fc-1c15-4de7-b819-1af49ebd48dc; Webstorm-5dc34943=a980352b-1e53-4f3a-8ec2-639d92bd913b; _ga_PQEYN9C3X3=GS1.1.1727763152.23.1.1727770904.0.0.0; userToken=4gwm3ynf98ttkn231id7e8; Webstorm-5dc34944=0e506670-c0d9-47ef-8e10-338374c3ae0e

2024-12-29 21:35:29,347 ERROR c.a.ErrorHandler [pool-2-thread-2] Requested file size format is invalid For input string: "rom"
2024-12-29 21:35:29,348 ERROR c.a.ConnectionHandler [pool-2-thread-2] Failed to handle the request on port 54069 (cache\Request_from_port_54069_GET__201_HTTP_1_1_Host__localhost_8051_Connection__keep_alive_sec_ch_ua___Google_Chrome__v__131____Chromium__v__131____Not_A_Brand__v__24__sec_ch_ua_mobile___0_sec_ch_ua_platform___Windows__Upgrade_Insecure_Requests__1_User_Agent__Mozilla_5_0__Windows_NT_10_0__Win64__x64__AppleWebKit_537_36__KHTML__like_Gecko__Chrome_131_0_0_0_Safari_537_36_Accept__text_html_application_xhtml_xml_application_xml_q_0_9_image_avif_image_webp_image_apng_____q_0_8_application_signed_exchange_v_b3_q_0_7_Sec_Fetch_Site__none_Sec_Fetch_Mode__navigate_Sec_Fetch_User___1_Sec_Fetch_Dest__document_Accept_Encoding__gzip__deflate__br__zstd_Accept_Language__en_GB_en_US_q_0_9_en_q_0_8_tr_q_0_7_Cookie__Idea_aafc98fb_658b0d5c_2bf3_4a86_9c32_a7b8839e4505___ga_GA1_1_1641718334_1720546053__Webstorm_5dc34942_29b731fc_1c15_4de7_b819_1af49ebd48dc__Webstorm_5dc34943_a980352b_1e53_4f3a_8ec2_639d92bd913b___ga_PQEYN9C3X3_GS1_1_1727763152_23_1_1727770904_0_0_0__userToken_4gwm3ynf98ttkn231id7e8__Webstorm_5dc34944_0e506670_c0d9_47ef_8e10_338374c3ae0e_: The filename, directory name, or volume label syntax is incorrect)
2024-12-29 21:35:29,348 INFO c.a.ConnectionHandler [pool-2-thread-3] Request from port 54070
GET /201 HTTP/1.1
Host: localhost:8051
Connection: keep-alive
sec-ch-ua: "Google Chrome";v="131", "Chromium";v="131", "Not_A Brand";v="24"
sec-ch-ua-mobile: ?0
sec-ch-ua-platform: "Windows"
Upgrade-Insecure-Requests: 1
User-Agent: Mozilla/5.0 (Windows NT 10.0; Win64; x64) AppleWebKit/537.36 (KHTML, like Gecko) Chrome/131.0.0.0 Safari/537.36
Accept: text/html,application/xhtml+xml,application/xml;q=0.9,image/avif,image/webp,image/apng,*/*;q=0.8,application/signed-exchange;v=b3;q=0.7
Sec-Fetch-Site: none
Sec-Fetch-Mode: navigate
Sec-Fetch-User: ?1
Sec-Fetch-Dest: document
Accept-Encoding: gzip, deflate, br, zstd
Accept-Language: en-GB,en-US;q=0.9,en;q=0.8,tr;q=0.7
Cookie: Idea-aafc98fb=658b0d5c-2bf3-4a86-9c32-a7b8839e4505; _ga=GA1.1.1641718334.1720546053; Webstorm-5dc34942=29b731fc-1c15-4de7-b819-1af49ebd48dc; Webstorm-5dc34943=a980352b-1e53-4f3a-8ec2-639d92bd913b; _ga_PQEYN9C3X3=GS1.1.1727763152.23.1.1727770904.0.0.0; userToken=4gwm3ynf98ttkn231id7e8; Webstorm-5dc34944=0e506670-c0d9-47ef-8e10-338374c3ae0e

2024-12-29 21:35:29,348 ERROR c.a.ErrorHandler [pool-2-thread-3] Requested file size format is invalid For input string: "rom"
2024-12-29 21:35:29,348 ERROR c.a.ConnectionHandler [pool-2-thread-3] Failed to handle the request on port 54070 (cache\Request_from_port_54070_GET__201_HTTP_1_1_Host__localhost_8051_Connection__keep_alive_sec_ch_ua___Google_Chrome__v__131____Chromium__v__131____Not_A_Brand__v__24__sec_ch_ua_mobile___0_sec_ch_ua_platform___Windows__Upgrade_Insecure_Requests__1_User_Agent__Mozilla_5_0__Windows_NT_10_0__Win64__x64__AppleWebKit_537_36__KHTML__like_Gecko__Chrome_131_0_0_0_Safari_537_36_Accept__text_html_application_xhtml_xml_application_xml_q_0_9_image_avif_image_webp_image_apng_____q_0_8_application_signed_exchange_v_b3_q_0_7_Sec_Fetch_Site__none_Sec_Fetch_Mode__navigate_Sec_Fetch_User___1_Sec_Fetch_Dest__document_Accept_Encoding__gzip__deflate__br__zstd_Accept_Language__en_GB_en_US_q_0_9_en_q_0_8_tr_q_0_7_Cookie__Idea_aafc98fb_658b0d5c_2bf3_4a86_9c32_a7b8839e4505___ga_GA1_1_1641718334_1720546053__Webstorm_5dc34942_29b731fc_1c15_4de7_b819_1af49ebd48dc__Webstorm_5dc34943_a980352b_1e53_4f3a_8ec2_639d92bd913b___ga_PQEYN9C3X3_GS1_1_1727763152_23_1_1727770904_0_0_0__userToken_4gwm3ynf98ttkn231id7e8__Webstorm_5dc34944_0e506670_c0d9_47ef_8e10_338374c3ae0e_: The filename, directory name, or volume label syntax is incorrect)
2024-12-29 21:35:29,348 INFO c.a.ConnectionHandler [main] 0 connection(s) active

2024-12-29 21:35:29,348 INFO c.a.ConnectionHandler [pool-2-thread-3] Request from port 54071
GET /201 HTTP/1.1
Host: localhost:8051
Connection: keep-alive
sec-ch-ua: "Google Chrome";v="131", "Chromium";v="131", "Not_A Brand";v="24"
sec-ch-ua-mobile: ?0
sec-ch-ua-platform: "Windows"
Upgrade-Insecure-Requests: 1
User-Agent: Mozilla/5.0 (Windows NT 10.0; Win64; x64) AppleWebKit/537.36 (KHTML, like Gecko) Chrome/131.0.0.0 Safari/537.36
Accept: text/html,application/xhtml+xml,application/xml;q=0.9,image/avif,image/webp,image/apng,*/*;q=0.8,application/signed-exchange;v=b3;q=0.7
Sec-Fetch-Site: none
Sec-Fetch-Mode: navigate
Sec-Fetch-User: ?1
Sec-Fetch-Dest: document
Accept-Encoding: gzip, deflate, br, zstd
Accept-Language: en-GB,en-US;q=0.9,en;q=0.8,tr;q=0.7
Cookie: Idea-aafc98fb=658b0d5c-2bf3-4a86-9c32-a7b8839e4505; _ga=GA1.1.1641718334.1720546053; Webstorm-5dc34942=29b731fc-1c15-4de7-b819-1af49ebd48dc; Webstorm-5dc34943=a980352b-1e53-4f3a-8ec2-639d92bd913b; _ga_PQEYN9C3X3=GS1.1.1727763152.23.1.1727770904.0.0.0; userToken=4gwm3ynf98ttkn231id7e8; Webstorm-5dc34944=0e506670-c0d9-47ef-8e10-338374c3ae0e

2024-12-29 21:35:29,348 ERROR c.a.ErrorHandler [pool-2-thread-3] Requested file size format is invalid For input string: "rom"
2024-12-29 21:35:29,348 ERROR c.a.ConnectionHandler [pool-2-thread-3] Failed to handle the request on port 54071 (cache\Request_from_port_54071_GET__201_HTTP_1_1_Host__localhost_8051_Connection__keep_alive_sec_ch_ua___Google_Chrome__v__131____Chromium__v__131____Not_A_Brand__v__24__sec_ch_ua_mobile___0_sec_ch_ua_platform___Windows__Upgrade_Insecure_Requests__1_User_Agent__Mozilla_5_0__Windows_NT_10_0__Win64__x64__AppleWebKit_537_36__KHTML__like_Gecko__Chrome_131_0_0_0_Safari_537_36_Accept__text_html_application_xhtml_xml_application_xml_q_0_9_image_avif_image_webp_image_apng_____q_0_8_application_signed_exchange_v_b3_q_0_7_Sec_Fetch_Site__none_Sec_Fetch_Mode__navigate_Sec_Fetch_User___1_Sec_Fetch_Dest__document_Accept_Encoding__gzip__deflate__br__zstd_Accept_Language__en_GB_en_US_q_0_9_en_q_0_8_tr_q_0_7_Cookie__Idea_aafc98fb_658b0d5c_2bf3_4a86_9c32_a7b8839e4505___ga_GA1_1_1641718334_1720546053__Webstorm_5dc34942_29b731fc_1c15_4de7_b819_1af49ebd48dc__Webstorm_5dc34943_a980352b_1e53_4f3a_8ec2_639d92bd913b___ga_PQEYN9C3X3_GS1_1_1727763152_23_1_1727770904_0_0_0__userToken_4gwm3ynf98ttkn231id7e8__Webstorm_5dc34944_0e506670_c0d9_47ef_8e10_338374c3ae0e_: The filename, directory name, or volume label syntax is incorrect)
2024-12-29 21:35:30,375 INFO c.a.ConnectionHandler [main] 0 connection(s) active

2024-12-29 21:35:30,375 INFO c.a.ConnectionHandler [pool-2-thread-3] Request from port 54074
GET /201 HTTP/1.1
Host: localhost:8051
Connection: keep-alive
Cache-Control: max-age=0
sec-ch-ua: "Google Chrome";v="131", "Chromium";v="131", "Not_A Brand";v="24"
sec-ch-ua-mobile: ?0
sec-ch-ua-platform: "Windows"
Upgrade-Insecure-Requests: 1
User-Agent: Mozilla/5.0 (Windows NT 10.0; Win64; x64) AppleWebKit/537.36 (KHTML, like Gecko) Chrome/131.0.0.0 Safari/537.36
Accept: text/html,application/xhtml+xml,application/xml;q=0.9,image/avif,image/webp,image/apng,*/*;q=0.8,application/signed-exchange;v=b3;q=0.7
Sec-Fetch-Site: none
Sec-Fetch-Mode: navigate
Sec-Fetch-User: ?1
Sec-Fetch-Dest: document
Accept-Encoding: gzip, deflate, br, zstd
Accept-Language: en-GB,en-US;q=0.9,en;q=0.8,tr;q=0.7
Cookie: Idea-aafc98fb=658b0d5c-2bf3-4a86-9c32-a7b8839e4505; _ga=GA1.1.1641718334.1720546053; Webstorm-5dc34942=29b731fc-1c15-4de7-b819-1af49ebd48dc; Webstorm-5dc34943=a980352b-1e53-4f3a-8ec2-639d92bd913b; _ga_PQEYN9C3X3=GS1.1.1727763152.23.1.1727770904.0.0.0; userToken=4gwm3ynf98ttkn231id7e8; Webstorm-5dc34944=0e506670-c0d9-47ef-8e10-338374c3ae0e

2024-12-29 21:35:30,375 INFO c.a.ConnectionHandler [main] 1 connection(s) active

2024-12-29 21:35:30,384 ERROR c.a.ErrorHandler [pool-2-thread-3] Requested file size format is invalid For input string: "rom"
2024-12-29 21:35:30,384 ERROR c.a.ConnectionHandler [pool-2-thread-3] Failed to handle the request on port 54074 (cache\Request_from_port_54074_GET__201_HTTP_1_1_Host__localhost_8051_Connection__keep_alive_Cache_Control__max_age_0_sec_ch_ua___Google_Chrome__v__131____Chromium__v__131____Not_A_Brand__v__24__sec_ch_ua_mobile___0_sec_ch_ua_platform___Windows__Upgrade_Insecure_Requests__1_User_Agent__Mozilla_5_0__Windows_NT_10_0__Win64__x64__AppleWebKit_537_36__KHTML__like_Gecko__Chrome_131_0_0_0_Safari_537_36_Accept__text_html_application_xhtml_xml_application_xml_q_0_9_image_avif_image_webp_image_apng_____q_0_8_application_signed_exchange_v_b3_q_0_7_Sec_Fetch_Site__none_Sec_Fetch_Mode__navigate_Sec_Fetch_User___1_Sec_Fetch_Dest__document_Accept_Encoding__gzip__deflate__br__zstd_Accept_Language__en_GB_en_US_q_0_9_en_q_0_8_tr_q_0_7_Cookie__Idea_aafc98fb_658b0d5c_2bf3_4a86_9c32_a7b8839e4505___ga_GA1_1_1641718334_1720546053__Webstorm_5dc34942_29b731fc_1c15_4de7_b819_1af49ebd48dc__Webstorm_5dc34943_a980352b_1e53_4f3a_8ec2_639d92bd913b___ga_PQEYN9C3X3_GS1_1_1727763152_23_1_1727770904_0_0_0__userToken_4gwm3ynf98ttkn231id7e8__Webstorm_5dc34944_0e506670_c0d9_47ef_8e10_338374c3ae0e_: The filename, directory name, or volume label syntax is incorrect)
2024-12-29 21:35:30,384 INFO c.a.ConnectionHandler [pool-2-thread-2] Request from port 54075
GET /201 HTTP/1.1
Host: localhost:8051
Connection: keep-alive
Cache-Control: max-age=0
sec-ch-ua: "Google Chrome";v="131", "Chromium";v="131", "Not_A Brand";v="24"
sec-ch-ua-mobile: ?0
sec-ch-ua-platform: "Windows"
Upgrade-Insecure-Requests: 1
User-Agent: Mozilla/5.0 (Windows NT 10.0; Win64; x64) AppleWebKit/537.36 (KHTML, like Gecko) Chrome/131.0.0.0 Safari/537.36
Accept: text/html,application/xhtml+xml,application/xml;q=0.9,image/avif,image/webp,image/apng,*/*;q=0.8,application/signed-exchange;v=b3;q=0.7
Sec-Fetch-Site: none
Sec-Fetch-Mode: navigate
Sec-Fetch-User: ?1
Sec-Fetch-Dest: document
Accept-Encoding: gzip, deflate, br, zstd
Accept-Language: en-GB,en-US;q=0.9,en;q=0.8,tr;q=0.7
Cookie: Idea-aafc98fb=658b0d5c-2bf3-4a86-9c32-a7b8839e4505; _ga=GA1.1.1641718334.1720546053; Webstorm-5dc34942=29b731fc-1c15-4de7-b819-1af49ebd48dc; Webstorm-5dc34943=a980352b-1e53-4f3a-8ec2-639d92bd913b; _ga_PQEYN9C3X3=GS1.1.1727763152.23.1.1727770904.0.0.0; userToken=4gwm3ynf98ttkn231id7e8; Webstorm-5dc34944=0e506670-c0d9-47ef-8e10-338374c3ae0e

2024-12-29 21:35:30,384 ERROR c.a.ErrorHandler [pool-2-thread-2] Requested file size format is invalid For input string: "rom"
2024-12-29 21:35:30,384 ERROR c.a.ConnectionHandler [pool-2-thread-2] Failed to handle the request on port 54075 (cache\Request_from_port_54075_GET__201_HTTP_1_1_Host__localhost_8051_Connection__keep_alive_Cache_Control__max_age_0_sec_ch_ua___Google_Chrome__v__131____Chromium__v__131____Not_A_Brand__v__24__sec_ch_ua_mobile___0_sec_ch_ua_platform___Windows__Upgrade_Insecure_Requests__1_User_Agent__Mozilla_5_0__Windows_NT_10_0__Win64__x64__AppleWebKit_537_36__KHTML__like_Gecko__Chrome_131_0_0_0_Safari_537_36_Accept__text_html_application_xhtml_xml_application_xml_q_0_9_image_avif_image_webp_image_apng_____q_0_8_application_signed_exchange_v_b3_q_0_7_Sec_Fetch_Site__none_Sec_Fetch_Mode__navigate_Sec_Fetch_User___1_Sec_Fetch_Dest__document_Accept_Encoding__gzip__deflate__br__zstd_Accept_Language__en_GB_en_US_q_0_9_en_q_0_8_tr_q_0_7_Cookie__Idea_aafc98fb_658b0d5c_2bf3_4a86_9c32_a7b8839e4505___ga_GA1_1_1641718334_1720546053__Webstorm_5dc34942_29b731fc_1c15_4de7_b819_1af49ebd48dc__Webstorm_5dc34943_a980352b_1e53_4f3a_8ec2_639d92bd913b___ga_PQEYN9C3X3_GS1_1_1727763152_23_1_1727770904_0_0_0__userToken_4gwm3ynf98ttkn231id7e8__Webstorm_5dc34944_0e506670_c0d9_47ef_8e10_338374c3ae0e_: The filename, directory name, or volume label syntax is incorrect)
2024-12-29 21:35:30,384 INFO c.a.ConnectionHandler [main] 0 connection(s) active

2024-12-29 21:35:30,384 INFO c.a.ConnectionHandler [pool-2-thread-2] Request from port 54076
GET /201 HTTP/1.1
Host: localhost:8051
Connection: keep-alive
Cache-Control: max-age=0
sec-ch-ua: "Google Chrome";v="131", "Chromium";v="131", "Not_A Brand";v="24"
sec-ch-ua-mobile: ?0
sec-ch-ua-platform: "Windows"
Upgrade-Insecure-Requests: 1
User-Agent: Mozilla/5.0 (Windows NT 10.0; Win64; x64) AppleWebKit/537.36 (KHTML, like Gecko) Chrome/131.0.0.0 Safari/537.36
Accept: text/html,application/xhtml+xml,application/xml;q=0.9,image/avif,image/webp,image/apng,*/*;q=0.8,application/signed-exchange;v=b3;q=0.7
Sec-Fetch-Site: none
Sec-Fetch-Mode: navigate
Sec-Fetch-User: ?1
Sec-Fetch-Dest: document
Accept-Encoding: gzip, deflate, br, zstd
Accept-Language: en-GB,en-US;q=0.9,en;q=0.8,tr;q=0.7
Cookie: Idea-aafc98fb=658b0d5c-2bf3-4a86-9c32-a7b8839e4505; _ga=GA1.1.1641718334.1720546053; Webstorm-5dc34942=29b731fc-1c15-4de7-b819-1af49ebd48dc; Webstorm-5dc34943=a980352b-1e53-4f3a-8ec2-639d92bd913b; _ga_PQEYN9C3X3=GS1.1.1727763152.23.1.1727770904.0.0.0; userToken=4gwm3ynf98ttkn231id7e8; Webstorm-5dc34944=0e506670-c0d9-47ef-8e10-338374c3ae0e

2024-12-29 21:35:30,384 ERROR c.a.ErrorHandler [pool-2-thread-2] Requested file size format is invalid For input string: "rom"
2024-12-29 21:35:30,384 ERROR c.a.ConnectionHandler [pool-2-thread-2] Failed to handle the request on port 54076 (cache\Request_from_port_54076_GET__201_HTTP_1_1_Host__localhost_8051_Connection__keep_alive_Cache_Control__max_age_0_sec_ch_ua___Google_Chrome__v__131____Chromium__v__131____Not_A_Brand__v__24__sec_ch_ua_mobile___0_sec_ch_ua_platform___Windows__Upgrade_Insecure_Requests__1_User_Agent__Mozilla_5_0__Windows_NT_10_0__Win64__x64__AppleWebKit_537_36__KHTML__like_Gecko__Chrome_131_0_0_0_Safari_537_36_Accept__text_html_application_xhtml_xml_application_xml_q_0_9_image_avif_image_webp_image_apng_____q_0_8_application_signed_exchange_v_b3_q_0_7_Sec_Fetch_Site__none_Sec_Fetch_Mode__navigate_Sec_Fetch_User___1_Sec_Fetch_Dest__document_Accept_Encoding__gzip__deflate__br__zstd_Accept_Language__en_GB_en_US_q_0_9_en_q_0_8_tr_q_0_7_Cookie__Idea_aafc98fb_658b0d5c_2bf3_4a86_9c32_a7b8839e4505___ga_GA1_1_1641718334_1720546053__Webstorm_5dc34942_29b731fc_1c15_4de7_b819_1af49ebd48dc__Webstorm_5dc34943_a980352b_1e53_4f3a_8ec2_639d92bd913b___ga_PQEYN9C3X3_GS1_1_1727763152_23_1_1727770904_0_0_0__userToken_4gwm3ynf98ttkn231id7e8__Webstorm_5dc34944_0e506670_c0d9_47ef_8e10_338374c3ae0e_: The filename, directory name, or volume label syntax is incorrect)
2024-12-29 21:35:35,396 INFO c.a.ConnectionHandler [main] 0 connection(s) active

2024-12-29 21:35:35,396 INFO c.a.ConnectionHandler [main] 1 connection(s) active

2024-12-29 21:35:35,396 INFO c.a.ConnectionHandler [pool-2-thread-2] Request from port 54079
GET /201 HTTP/1.1
Host: localhost:8051
Connection: keep-alive
Cache-Control: max-age=0
sec-ch-ua: "Google Chrome";v="131", "Chromium";v="131", "Not_A Brand";v="24"
sec-ch-ua-mobile: ?0
sec-ch-ua-platform: "Windows"
Upgrade-Insecure-Requests: 1
User-Agent: Mozilla/5.0 (Windows NT 10.0; Win64; x64) AppleWebKit/537.36 (KHTML, like Gecko) Chrome/131.0.0.0 Safari/537.36
Accept: text/html,application/xhtml+xml,application/xml;q=0.9,image/avif,image/webp,image/apng,*/*;q=0.8,application/signed-exchange;v=b3;q=0.7
Sec-Fetch-Site: none
Sec-Fetch-Mode: navigate
Sec-Fetch-User: ?1
Sec-Fetch-Dest: document
Accept-Encoding: gzip, deflate, br, zstd
Accept-Language: en-GB,en-US;q=0.9,en;q=0.8,tr;q=0.7
Cookie: Idea-aafc98fb=658b0d5c-2bf3-4a86-9c32-a7b8839e4505; _ga=GA1.1.1641718334.1720546053; Webstorm-5dc34942=29b731fc-1c15-4de7-b819-1af49ebd48dc; Webstorm-5dc34943=a980352b-1e53-4f3a-8ec2-639d92bd913b; _ga_PQEYN9C3X3=GS1.1.1727763152.23.1.1727770904.0.0.0; userToken=4gwm3ynf98ttkn231id7e8; Webstorm-5dc34944=0e506670-c0d9-47ef-8e10-338374c3ae0e

2024-12-29 21:35:35,396 ERROR c.a.ErrorHandler [pool-2-thread-2] Requested file size format is invalid For input string: "rom"
2024-12-29 21:35:35,396 ERROR c.a.ConnectionHandler [pool-2-thread-2] Failed to handle the request on port 54079 (cache\Request_from_port_54079_GET__201_HTTP_1_1_Host__localhost_8051_Connection__keep_alive_Cache_Control__max_age_0_sec_ch_ua___Google_Chrome__v__131____Chromium__v__131____Not_A_Brand__v__24__sec_ch_ua_mobile___0_sec_ch_ua_platform___Windows__Upgrade_Insecure_Requests__1_User_Agent__Mozilla_5_0__Windows_NT_10_0__Win64__x64__AppleWebKit_537_36__KHTML__like_Gecko__Chrome_131_0_0_0_Safari_537_36_Accept__text_html_application_xhtml_xml_application_xml_q_0_9_image_avif_image_webp_image_apng_____q_0_8_application_signed_exchange_v_b3_q_0_7_Sec_Fetch_Site__none_Sec_Fetch_Mode__navigate_Sec_Fetch_User___1_Sec_Fetch_Dest__document_Accept_Encoding__gzip__deflate__br__zstd_Accept_Language__en_GB_en_US_q_0_9_en_q_0_8_tr_q_0_7_Cookie__Idea_aafc98fb_658b0d5c_2bf3_4a86_9c32_a7b8839e4505___ga_GA1_1_1641718334_1720546053__Webstorm_5dc34942_29b731fc_1c15_4de7_b819_1af49ebd48dc__Webstorm_5dc34943_a980352b_1e53_4f3a_8ec2_639d92bd913b___ga_PQEYN9C3X3_GS1_1_1727763152_23_1_1727770904_0_0_0__userToken_4gwm3ynf98ttkn231id7e8__Webstorm_5dc34944_0e506670_c0d9_47ef_8e10_338374c3ae0e_: The filename, directory name, or volume label syntax is incorrect)
2024-12-29 21:35:35,396 INFO c.a.ConnectionHandler [pool-2-thread-3] Request from port 54080
GET /201 HTTP/1.1
Host: localhost:8051
Connection: keep-alive
Cache-Control: max-age=0
sec-ch-ua: "Google Chrome";v="131", "Chromium";v="131", "Not_A Brand";v="24"
sec-ch-ua-mobile: ?0
sec-ch-ua-platform: "Windows"
Upgrade-Insecure-Requests: 1
User-Agent: Mozilla/5.0 (Windows NT 10.0; Win64; x64) AppleWebKit/537.36 (KHTML, like Gecko) Chrome/131.0.0.0 Safari/537.36
Accept: text/html,application/xhtml+xml,application/xml;q=0.9,image/avif,image/webp,image/apng,*/*;q=0.8,application/signed-exchange;v=b3;q=0.7
Sec-Fetch-Site: none
Sec-Fetch-Mode: navigate
Sec-Fetch-User: ?1
Sec-Fetch-Dest: document
Accept-Encoding: gzip, deflate, br, zstd
Accept-Language: en-GB,en-US;q=0.9,en;q=0.8,tr;q=0.7
Cookie: Idea-aafc98fb=658b0d5c-2bf3-4a86-9c32-a7b8839e4505; _ga=GA1.1.1641718334.1720546053; Webstorm-5dc34942=29b731fc-1c15-4de7-b819-1af49ebd48dc; Webstorm-5dc34943=a980352b-1e53-4f3a-8ec2-639d92bd913b; _ga_PQEYN9C3X3=GS1.1.1727763152.23.1.1727770904.0.0.0; userToken=4gwm3ynf98ttkn231id7e8; Webstorm-5dc34944=0e506670-c0d9-47ef-8e10-338374c3ae0e

2024-12-29 21:35:35,396 ERROR c.a.ErrorHandler [pool-2-thread-3] Requested file size format is invalid For input string: "rom"
2024-12-29 21:35:35,396 ERROR c.a.ConnectionHandler [pool-2-thread-3] Failed to handle the request on port 54080 (cache\Request_from_port_54080_GET__201_HTTP_1_1_Host__localhost_8051_Connection__keep_alive_Cache_Control__max_age_0_sec_ch_ua___Google_Chrome__v__131____Chromium__v__131____Not_A_Brand__v__24__sec_ch_ua_mobile___0_sec_ch_ua_platform___Windows__Upgrade_Insecure_Requests__1_User_Agent__Mozilla_5_0__Windows_NT_10_0__Win64__x64__AppleWebKit_537_36__KHTML__like_Gecko__Chrome_131_0_0_0_Safari_537_36_Accept__text_html_application_xhtml_xml_application_xml_q_0_9_image_avif_image_webp_image_apng_____q_0_8_application_signed_exchange_v_b3_q_0_7_Sec_Fetch_Site__none_Sec_Fetch_Mode__navigate_Sec_Fetch_User___1_Sec_Fetch_Dest__document_Accept_Encoding__gzip__deflate__br__zstd_Accept_Language__en_GB_en_US_q_0_9_en_q_0_8_tr_q_0_7_Cookie__Idea_aafc98fb_658b0d5c_2bf3_4a86_9c32_a7b8839e4505___ga_GA1_1_1641718334_1720546053__Webstorm_5dc34942_29b731fc_1c15_4de7_b819_1af49ebd48dc__Webstorm_5dc34943_a980352b_1e53_4f3a_8ec2_639d92bd913b___ga_PQEYN9C3X3_GS1_1_1727763152_23_1_1727770904_0_0_0__userToken_4gwm3ynf98ttkn231id7e8__Webstorm_5dc34944_0e506670_c0d9_47ef_8e10_338374c3ae0e_: The filename, directory name, or volume label syntax is incorrect)
2024-12-29 21:35:35,412 INFO c.a.ConnectionHandler [main] 0 connection(s) active

2024-12-29 21:35:35,412 INFO c.a.ConnectionHandler [pool-2-thread-3] Request from port 54081
GET /201 HTTP/1.1
Host: localhost:8051
Connection: keep-alive
Cache-Control: max-age=0
sec-ch-ua: "Google Chrome";v="131", "Chromium";v="131", "Not_A Brand";v="24"
sec-ch-ua-mobile: ?0
sec-ch-ua-platform: "Windows"
Upgrade-Insecure-Requests: 1
User-Agent: Mozilla/5.0 (Windows NT 10.0; Win64; x64) AppleWebKit/537.36 (KHTML, like Gecko) Chrome/131.0.0.0 Safari/537.36
Accept: text/html,application/xhtml+xml,application/xml;q=0.9,image/avif,image/webp,image/apng,*/*;q=0.8,application/signed-exchange;v=b3;q=0.7
Sec-Fetch-Site: none
Sec-Fetch-Mode: navigate
Sec-Fetch-User: ?1
Sec-Fetch-Dest: document
Accept-Encoding: gzip, deflate, br, zstd
Accept-Language: en-GB,en-US;q=0.9,en;q=0.8,tr;q=0.7
Cookie: Idea-aafc98fb=658b0d5c-2bf3-4a86-9c32-a7b8839e4505; _ga=GA1.1.1641718334.1720546053; Webstorm-5dc34942=29b731fc-1c15-4de7-b819-1af49ebd48dc; Webstorm-5dc34943=a980352b-1e53-4f3a-8ec2-639d92bd913b; _ga_PQEYN9C3X3=GS1.1.1727763152.23.1.1727770904.0.0.0; userToken=4gwm3ynf98ttkn231id7e8; Webstorm-5dc34944=0e506670-c0d9-47ef-8e10-338374c3ae0e

2024-12-29 21:35:35,412 ERROR c.a.ErrorHandler [pool-2-thread-3] Requested file size format is invalid For input string: "rom"
2024-12-29 21:35:35,412 ERROR c.a.ConnectionHandler [pool-2-thread-3] Failed to handle the request on port 54081 (cache\Request_from_port_54081_GET__201_HTTP_1_1_Host__localhost_8051_Connection__keep_alive_Cache_Control__max_age_0_sec_ch_ua___Google_Chrome__v__131____Chromium__v__131____Not_A_Brand__v__24__sec_ch_ua_mobile___0_sec_ch_ua_platform___Windows__Upgrade_Insecure_Requests__1_User_Agent__Mozilla_5_0__Windows_NT_10_0__Win64__x64__AppleWebKit_537_36__KHTML__like_Gecko__Chrome_131_0_0_0_Safari_537_36_Accept__text_html_application_xhtml_xml_application_xml_q_0_9_image_avif_image_webp_image_apng_____q_0_8_application_signed_exchange_v_b3_q_0_7_Sec_Fetch_Site__none_Sec_Fetch_Mode__navigate_Sec_Fetch_User___1_Sec_Fetch_Dest__document_Accept_Encoding__gzip__deflate__br__zstd_Accept_Language__en_GB_en_US_q_0_9_en_q_0_8_tr_q_0_7_Cookie__Idea_aafc98fb_658b0d5c_2bf3_4a86_9c32_a7b8839e4505___ga_GA1_1_1641718334_1720546053__Webstorm_5dc34942_29b731fc_1c15_4de7_b819_1af49ebd48dc__Webstorm_5dc34943_a980352b_1e53_4f3a_8ec2_639d92bd913b___ga_PQEYN9C3X3_GS1_1_1727763152_23_1_1727770904_0_0_0__userToken_4gwm3ynf98ttkn231id7e8__Webstorm_5dc34944_0e506670_c0d9_47ef_8e10_338374c3ae0e_: The filename, directory name, or volume label syntax is incorrect)
2024-12-29 21:36:05,419 INFO c.a.ConnectionHandler [main] 0 connection(s) active

2024-12-29 21:36:05,419 INFO c.a.ConnectionHandler [pool-2-thread-3] Request from port 54082
GET /201 HTTP/1.1
Host: localhost:8051
Connection: keep-alive
Cache-Control: max-age=0
sec-ch-ua: "Google Chrome";v="131", "Chromium";v="131", "Not_A Brand";v="24"
sec-ch-ua-mobile: ?0
sec-ch-ua-platform: "Windows"
Upgrade-Insecure-Requests: 1
User-Agent: Mozilla/5.0 (Windows NT 10.0; Win64; x64) AppleWebKit/537.36 (KHTML, like Gecko) Chrome/131.0.0.0 Safari/537.36
Accept: text/html,application/xhtml+xml,application/xml;q=0.9,image/avif,image/webp,image/apng,*/*;q=0.8,application/signed-exchange;v=b3;q=0.7
Sec-Fetch-Site: none
Sec-Fetch-Mode: navigate
Sec-Fetch-User: ?1
Sec-Fetch-Dest: document
Accept-Encoding: gzip, deflate, br, zstd
Accept-Language: en-GB,en-US;q=0.9,en;q=0.8,tr;q=0.7
Cookie: Idea-aafc98fb=658b0d5c-2bf3-4a86-9c32-a7b8839e4505; _ga=GA1.1.1641718334.1720546053; Webstorm-5dc34942=29b731fc-1c15-4de7-b819-1af49ebd48dc; Webstorm-5dc34943=a980352b-1e53-4f3a-8ec2-639d92bd913b; _ga_PQEYN9C3X3=GS1.1.1727763152.23.1.1727770904.0.0.0; userToken=4gwm3ynf98ttkn231id7e8; Webstorm-5dc34944=0e506670-c0d9-47ef-8e10-338374c3ae0e

2024-12-29 21:36:05,419 INFO c.a.ConnectionHandler [main] 1 connection(s) active

2024-12-29 21:36:05,419 ERROR c.a.ErrorHandler [pool-2-thread-3] Requested file size format is invalid For input string: "rom"
2024-12-29 21:36:05,419 ERROR c.a.ConnectionHandler [pool-2-thread-3] Failed to handle the request on port 54082 (cache\Request_from_port_54082_GET__201_HTTP_1_1_Host__localhost_8051_Connection__keep_alive_Cache_Control__max_age_0_sec_ch_ua___Google_Chrome__v__131____Chromium__v__131____Not_A_Brand__v__24__sec_ch_ua_mobile___0_sec_ch_ua_platform___Windows__Upgrade_Insecure_Requests__1_User_Agent__Mozilla_5_0__Windows_NT_10_0__Win64__x64__AppleWebKit_537_36__KHTML__like_Gecko__Chrome_131_0_0_0_Safari_537_36_Accept__text_html_application_xhtml_xml_application_xml_q_0_9_image_avif_image_webp_image_apng_____q_0_8_application_signed_exchange_v_b3_q_0_7_Sec_Fetch_Site__none_Sec_Fetch_Mode__navigate_Sec_Fetch_User___1_Sec_Fetch_Dest__document_Accept_Encoding__gzip__deflate__br__zstd_Accept_Language__en_GB_en_US_q_0_9_en_q_0_8_tr_q_0_7_Cookie__Idea_aafc98fb_658b0d5c_2bf3_4a86_9c32_a7b8839e4505___ga_GA1_1_1641718334_1720546053__Webstorm_5dc34942_29b731fc_1c15_4de7_b819_1af49ebd48dc__Webstorm_5dc34943_a980352b_1e53_4f3a_8ec2_639d92bd913b___ga_PQEYN9C3X3_GS1_1_1727763152_23_1_1727770904_0_0_0__userToken_4gwm3ynf98ttkn231id7e8__Webstorm_5dc34944_0e506670_c0d9_47ef_8e10_338374c3ae0e_: The filename, directory name, or volume label syntax is incorrect)
2024-12-29 21:37:05,438 INFO c.a.ConnectionHandler [pool-2-thread-2] Request from port 54083

2024-12-29 21:37:05,438 ERROR c.a.ErrorHandler [pool-2-thread-2] Request is invalid. Bad Request.
2024-12-29 21:37:05,438 INFO c.a.ConnectionHandler [main] 2 connection(s) active

2024-12-29 21:37:05,438 INFO c.a.ConnectionHandler [main] 3 connection(s) active

2024-12-29 21:37:05,438 INFO c.a.ConnectionHandler [pool-2-thread-2] Sent response to 54083
2024-12-29 21:37:05,438 INFO c.a.ConnectionHandler [pool-2-thread-5] Request from port 54090
GET /201 HTTP/1.1
Host: localhost:8051
Connection: keep-alive
Cache-Control: max-age=0
sec-ch-ua: "Google Chrome";v="131", "Chromium";v="131", "Not_A Brand";v="24"
sec-ch-ua-mobile: ?0
sec-ch-ua-platform: "Windows"
Upgrade-Insecure-Requests: 1
User-Agent: Mozilla/5.0 (Windows NT 10.0; Win64; x64) AppleWebKit/537.36 (KHTML, like Gecko) Chrome/131.0.0.0 Safari/537.36
Accept: text/html,application/xhtml+xml,application/xml;q=0.9,image/avif,image/webp,image/apng,*/*;q=0.8,application/signed-exchange;v=b3;q=0.7
Sec-Fetch-Site: none
Sec-Fetch-Mode: navigate
Sec-Fetch-User: ?1
Sec-Fetch-Dest: document
Accept-Encoding: gzip, deflate, br, zstd
Accept-Language: en-GB,en-US;q=0.9,en;q=0.8,tr;q=0.7
Cookie: Idea-aafc98fb=658b0d5c-2bf3-4a86-9c32-a7b8839e4505; _ga=GA1.1.1641718334.1720546053; Webstorm-5dc34942=29b731fc-1c15-4de7-b819-1af49ebd48dc; Webstorm-5dc34943=a980352b-1e53-4f3a-8ec2-639d92bd913b; _ga_PQEYN9C3X3=GS1.1.1727763152.23.1.1727770904.0.0.0; userToken=4gwm3ynf98ttkn231id7e8; Webstorm-5dc34944=0e506670-c0d9-47ef-8e10-338374c3ae0e

2024-12-29 21:37:05,453 ERROR c.a.ErrorHandler [pool-2-thread-5] Requested file size format is invalid For input string: "rom"
2024-12-29 21:37:05,453 ERROR c.a.ConnectionHandler [pool-2-thread-5] Failed to handle the request on port 54090 (cache\Request_from_port_54090_GET__201_HTTP_1_1_Host__localhost_8051_Connection__keep_alive_Cache_Control__max_age_0_sec_ch_ua___Google_Chrome__v__131____Chromium__v__131____Not_A_Brand__v__24__sec_ch_ua_mobile___0_sec_ch_ua_platform___Windows__Upgrade_Insecure_Requests__1_User_Agent__Mozilla_5_0__Windows_NT_10_0__Win64__x64__AppleWebKit_537_36__KHTML__like_Gecko__Chrome_131_0_0_0_Safari_537_36_Accept__text_html_application_xhtml_xml_application_xml_q_0_9_image_avif_image_webp_image_apng_____q_0_8_application_signed_exchange_v_b3_q_0_7_Sec_Fetch_Site__none_Sec_Fetch_Mode__navigate_Sec_Fetch_User___1_Sec_Fetch_Dest__document_Accept_Encoding__gzip__deflate__br__zstd_Accept_Language__en_GB_en_US_q_0_9_en_q_0_8_tr_q_0_7_Cookie__Idea_aafc98fb_658b0d5c_2bf3_4a86_9c32_a7b8839e4505___ga_GA1_1_1641718334_1720546053__Webstorm_5dc34942_29b731fc_1c15_4de7_b819_1af49ebd48dc__Webstorm_5dc34943_a980352b_1e53_4f3a_8ec2_639d92bd913b___ga_PQEYN9C3X3_GS1_1_1727763152_23_1_1727770904_0_0_0__userToken_4gwm3ynf98ttkn231id7e8__Webstorm_5dc34944_0e506670_c0d9_47ef_8e10_338374c3ae0e_: The filename, directory name, or volume label syntax is incorrect)
2024-12-29 21:42:05,459 INFO c.a.ConnectionHandler [main] 2 connection(s) active

2024-12-29 21:42:05,459 INFO c.a.ConnectionHandler [pool-2-thread-4] Request from port 54089

2024-12-29 21:42:05,459 ERROR c.a.ErrorHandler [pool-2-thread-4] Request is invalid. Bad Request.
2024-12-29 21:42:05,459 INFO c.a.ConnectionHandler [main] 3 connection(s) active

2024-12-29 21:42:05,475 INFO c.a.ConnectionHandler [pool-2-thread-4] Sent response to 54089
2024-12-29 21:42:05,459 INFO c.a.ConnectionHandler [pool-2-thread-6] Request from port 54119
GET /201 HTTP/1.1
Host: localhost:8051
Connection: keep-alive
Cache-Control: max-age=0
sec-ch-ua: "Google Chrome";v="131", "Chromium";v="131", "Not_A Brand";v="24"
sec-ch-ua-mobile: ?0
sec-ch-ua-platform: "Windows"
Upgrade-Insecure-Requests: 1
User-Agent: Mozilla/5.0 (Windows NT 10.0; Win64; x64) AppleWebKit/537.36 (KHTML, like Gecko) Chrome/131.0.0.0 Safari/537.36
Accept: text/html,application/xhtml+xml,application/xml;q=0.9,image/avif,image/webp,image/apng,*/*;q=0.8,application/signed-exchange;v=b3;q=0.7
Sec-Fetch-Site: none
Sec-Fetch-Mode: navigate
Sec-Fetch-User: ?1
Sec-Fetch-Dest: document
Accept-Encoding: gzip, deflate, br, zstd
Accept-Language: en-GB,en-US;q=0.9,en;q=0.8,tr;q=0.7
Cookie: Idea-aafc98fb=658b0d5c-2bf3-4a86-9c32-a7b8839e4505; _ga=GA1.1.1641718334.1720546053; Webstorm-5dc34942=29b731fc-1c15-4de7-b819-1af49ebd48dc; Webstorm-5dc34943=a980352b-1e53-4f3a-8ec2-639d92bd913b; _ga_PQEYN9C3X3=GS1.1.1727763152.23.1.1727770904.0.0.0; userToken=4gwm3ynf98ttkn231id7e8; Webstorm-5dc34944=0e506670-c0d9-47ef-8e10-338374c3ae0e

2024-12-29 21:42:05,475 ERROR c.a.ErrorHandler [pool-2-thread-6] Requested file size format is invalid For input string: "rom"
2024-12-29 21:42:05,475 ERROR c.a.ConnectionHandler [pool-2-thread-6] Failed to handle the request on port 54119 (cache\Request_from_port_54119_GET__201_HTTP_1_1_Host__localhost_8051_Connection__keep_alive_Cache_Control__max_age_0_sec_ch_ua___Google_Chrome__v__131____Chromium__v__131____Not_A_Brand__v__24__sec_ch_ua_mobile___0_sec_ch_ua_platform___Windows__Upgrade_Insecure_Requests__1_User_Agent__Mozilla_5_0__Windows_NT_10_0__Win64__x64__AppleWebKit_537_36__KHTML__like_Gecko__Chrome_131_0_0_0_Safari_537_36_Accept__text_html_application_xhtml_xml_application_xml_q_0_9_image_avif_image_webp_image_apng_____q_0_8_application_signed_exchange_v_b3_q_0_7_Sec_Fetch_Site__none_Sec_Fetch_Mode__navigate_Sec_Fetch_User___1_Sec_Fetch_Dest__document_Accept_Encoding__gzip__deflate__br__zstd_Accept_Language__en_GB_en_US_q_0_9_en_q_0_8_tr_q_0_7_Cookie__Idea_aafc98fb_658b0d5c_2bf3_4a86_9c32_a7b8839e4505___ga_GA1_1_1641718334_1720546053__Webstorm_5dc34942_29b731fc_1c15_4de7_b819_1af49ebd48dc__Webstorm_5dc34943_a980352b_1e53_4f3a_8ec2_639d92bd913b___ga_PQEYN9C3X3_GS1_1_1727763152_23_1_1727770904_0_0_0__userToken_4gwm3ynf98ttkn231id7e8__Webstorm_5dc34944_0e506670_c0d9_47ef_8e10_338374c3ae0e_: The filename, directory name, or volume label syntax is incorrect)
