2024-12-29 23:16:35,444 INFO c.a.WebServer [main]  :: HTTP Server :: Gultekin, Eren & Vatansever :: v1.0 ::
2024-12-29 23:16:35,453 INFO c.a.WebServer [main] Starting HTTPServer on localhost with PID 18168
2024-12-29 23:16:35,454 INFO c.a.WebServer [main] Application is powered by the genius of Gultekin, Eren and Vatansever
2024-12-29 23:16:35,455 INFO c.a.WebServer [main] Server created on port 8051
2024-12-29 23:16:35,456 INFO c.a.WebServer [main] Server started on port 8051
2024-12-29 23:16:35,506 INFO c.a.ConnectionHandler [main] 0 connection(s) active

2024-12-29 23:16:39,647 INFO c.a.ConnectionHandler [main] 1 connection(s) active

2024-12-29 23:16:39,648 INFO c.a.ConnectionHandler [pool-2-thread-1] Request from port 55794
GET /101 HTTP/1.1
Host: localhost:8051
Connection: keep-alive
Cache-Control: max-age=0
sec-ch-ua: "Google Chrome";v="131", "Chromium";v="131", "Not_A Brand";v="24"
sec-ch-ua-mobile: ?0
sec-ch-ua-platform: "Windows"
Upgrade-Insecure-Requests: 1
User-Agent: Mozilla/5.0 (Windows NT 10.0; Win64; x64) AppleWebKit/537.36 (KHTML, like Gecko) Chrome/131.0.0.0 Safari/537.36
Accept: text/html,application/xhtml+xml,application/xml;q=0.9,image/avif,image/webp,image/apng,*/*;q=0.8,application/signed-exchange;v=b3;q=0.7
Sec-Fetch-Site: none
Sec-Fetch-Mode: navigate
Sec-Fetch-User: ?1
Sec-Fetch-Dest: document
Accept-Encoding: gzip, deflate, br, zstd
Accept-Language: en-GB,en-US;q=0.9,en;q=0.8,tr;q=0.7
Cookie: Idea-aafc98fb=658b0d5c-2bf3-4a86-9c32-a7b8839e4505; _ga=GA1.1.1641718334.1720546053; Webstorm-5dc34942=29b731fc-1c15-4de7-b819-1af49ebd48dc; Webstorm-5dc34943=a980352b-1e53-4f3a-8ec2-639d92bd913b; _ga_PQEYN9C3X3=GS1.1.1727763152.23.1.1727770904.0.0.0; userToken=4gwm3ynf98ttkn231id7e8; Webstorm-5dc34944=0e506670-c0d9-47ef-8e10-338374c3ae0e

2024-12-29 23:16:39,650 INFO c.a.ConnectionHandler [main] 2 connection(s) active

2024-12-29 23:16:39,651 INFO c.a.ConnectionHandler [pool-2-thread-1] Cached response: HTTP/1.1 200 OK
Content-Type: text/html
Content-Length: 101
Connection: close

<HTML>
<HEAD>
<TITLE>vatansever gltkn eren server</TITLE>
</HEAD>
<BODY>87 bytes tagsX</BODY>
</HTML>
2024-12-29 23:16:39,652 INFO c.a.ConnectionHandler [pool-2-thread-1] Sent cached response to 55794
2024-12-29 23:16:39,991 INFO c.a.ConnectionHandler [pool-2-thread-2] Request from port 55795
GET /favicon.ico HTTP/1.1
Host: localhost:8051
Connection: keep-alive
sec-ch-ua-platform: "Windows"
User-Agent: Mozilla/5.0 (Windows NT 10.0; Win64; x64) AppleWebKit/537.36 (KHTML, like Gecko) Chrome/131.0.0.0 Safari/537.36
sec-ch-ua: "Google Chrome";v="131", "Chromium";v="131", "Not_A Brand";v="24"
sec-ch-ua-mobile: ?0
Accept: image/avif,image/webp,image/apng,image/svg+xml,image/*,*/*;q=0.8
Sec-Fetch-Site: same-origin
Sec-Fetch-Mode: no-cors
Sec-Fetch-Dest: image
Referer: http://localhost:8051/101
Accept-Encoding: gzip, deflate, br, zstd
Accept-Language: en-GB,en-US;q=0.9,en;q=0.8,tr;q=0.7
Cookie: Idea-aafc98fb=658b0d5c-2bf3-4a86-9c32-a7b8839e4505; _ga=GA1.1.1641718334.1720546053; Webstorm-5dc34942=29b731fc-1c15-4de7-b819-1af49ebd48dc; Webstorm-5dc34943=a980352b-1e53-4f3a-8ec2-639d92bd913b; _ga_PQEYN9C3X3=GS1.1.1727763152.23.1.1727770904.0.0.0; userToken=4gwm3ynf98ttkn231id7e8; Webstorm-5dc34944=0e506670-c0d9-47ef-8e10-338374c3ae0e

2024-12-29 23:16:39,992 INFO c.a.ConnectionHandler [pool-2-thread-2] Cached response: HTTP/1.1 400 Bad Request
2024-12-29 23:16:39,992 INFO c.a.ConnectionHandler [pool-2-thread-2] Sent cached response to 55795
2024-12-29 23:16:41,290 INFO c.a.ConnectionHandler [main] 0 connection(s) active

2024-12-29 23:16:41,290 INFO c.a.ConnectionHandler [pool-2-thread-2] Request from port 55801
GET /101 HTTP/1.1
Host: localhost:8051
Connection: keep-alive
Cache-Control: max-age=0
sec-ch-ua: "Google Chrome";v="131", "Chromium";v="131", "Not_A Brand";v="24"
sec-ch-ua-mobile: ?0
sec-ch-ua-platform: "Windows"
Upgrade-Insecure-Requests: 1
User-Agent: Mozilla/5.0 (Windows NT 10.0; Win64; x64) AppleWebKit/537.36 (KHTML, like Gecko) Chrome/131.0.0.0 Safari/537.36
Accept: text/html,application/xhtml+xml,application/xml;q=0.9,image/avif,image/webp,image/apng,*/*;q=0.8,application/signed-exchange;v=b3;q=0.7
Sec-Fetch-Site: none
Sec-Fetch-Mode: navigate
Sec-Fetch-User: ?1
Sec-Fetch-Dest: document
Accept-Encoding: gzip, deflate, br, zstd
Accept-Language: en-GB,en-US;q=0.9,en;q=0.8,tr;q=0.7
Cookie: Idea-aafc98fb=658b0d5c-2bf3-4a86-9c32-a7b8839e4505; _ga=GA1.1.1641718334.1720546053; Webstorm-5dc34942=29b731fc-1c15-4de7-b819-1af49ebd48dc; Webstorm-5dc34943=a980352b-1e53-4f3a-8ec2-639d92bd913b; _ga_PQEYN9C3X3=GS1.1.1727763152.23.1.1727770904.0.0.0; userToken=4gwm3ynf98ttkn231id7e8; Webstorm-5dc34944=0e506670-c0d9-47ef-8e10-338374c3ae0e

2024-12-29 23:16:41,290 INFO c.a.ConnectionHandler [pool-2-thread-2] Cached response: HTTP/1.1 200 OK
Content-Type: text/html
Content-Length: 101
Connection: close

<HTML>
<HEAD>
<TITLE>vatansever gltkn eren server</TITLE>
</HEAD>
<BODY>87 bytes tagsX</BODY>
</HTML>
2024-12-29 23:16:41,291 INFO c.a.ConnectionHandler [pool-2-thread-2] Sent cached response to 55801
2024-12-29 23:16:41,292 INFO c.a.ConnectionHandler [main] 0 connection(s) active

2024-12-29 23:16:41,552 INFO c.a.ConnectionHandler [pool-2-thread-2] Request from port 55802
GET /favicon.ico HTTP/1.1
Host: localhost:8051
Connection: keep-alive
sec-ch-ua-platform: "Windows"
User-Agent: Mozilla/5.0 (Windows NT 10.0; Win64; x64) AppleWebKit/537.36 (KHTML, like Gecko) Chrome/131.0.0.0 Safari/537.36
sec-ch-ua: "Google Chrome";v="131", "Chromium";v="131", "Not_A Brand";v="24"
sec-ch-ua-mobile: ?0
Accept: image/avif,image/webp,image/apng,image/svg+xml,image/*,*/*;q=0.8
Sec-Fetch-Site: same-origin
Sec-Fetch-Mode: no-cors
Sec-Fetch-Dest: image
Referer: http://localhost:8051/101
Accept-Encoding: gzip, deflate, br, zstd
Accept-Language: en-GB,en-US;q=0.9,en;q=0.8,tr;q=0.7
Cookie: Idea-aafc98fb=658b0d5c-2bf3-4a86-9c32-a7b8839e4505; _ga=GA1.1.1641718334.1720546053; Webstorm-5dc34942=29b731fc-1c15-4de7-b819-1af49ebd48dc; Webstorm-5dc34943=a980352b-1e53-4f3a-8ec2-639d92bd913b; _ga_PQEYN9C3X3=GS1.1.1727763152.23.1.1727770904.0.0.0; userToken=4gwm3ynf98ttkn231id7e8; Webstorm-5dc34944=0e506670-c0d9-47ef-8e10-338374c3ae0e

2024-12-29 23:16:41,553 INFO c.a.ConnectionHandler [pool-2-thread-2] Cached response: HTTP/1.1 400 Bad Request
2024-12-29 23:16:41,554 INFO c.a.ConnectionHandler [pool-2-thread-2] Sent cached response to 55802
2024-12-29 23:17:01,660 INFO c.a.ConnectionHandler [main] 0 connection(s) active

2024-12-29 23:17:01,660 INFO c.a.ConnectionHandler [pool-2-thread-2] Request from port 55812
GET /101 HTTP/1.1
Host: localhost:8051
Connection: keep-alive
Cache-Control: max-age=0
sec-ch-ua: "Google Chrome";v="131", "Chromium";v="131", "Not_A Brand";v="24"
sec-ch-ua-mobile: ?0
sec-ch-ua-platform: "Windows"
Upgrade-Insecure-Requests: 1
User-Agent: Mozilla/5.0 (Windows NT 10.0; Win64; x64) AppleWebKit/537.36 (KHTML, like Gecko) Chrome/131.0.0.0 Safari/537.36
Accept: text/html,application/xhtml+xml,application/xml;q=0.9,image/avif,image/webp,image/apng,*/*;q=0.8,application/signed-exchange;v=b3;q=0.7
Sec-Fetch-Site: none
Sec-Fetch-Mode: navigate
Sec-Fetch-User: ?1
Sec-Fetch-Dest: document
Accept-Encoding: gzip, deflate, br, zstd
Accept-Language: en-GB,en-US;q=0.9,en;q=0.8,tr;q=0.7
Cookie: Idea-aafc98fb=658b0d5c-2bf3-4a86-9c32-a7b8839e4505; _ga=GA1.1.1641718334.1720546053; Webstorm-5dc34942=29b731fc-1c15-4de7-b819-1af49ebd48dc; Webstorm-5dc34943=a980352b-1e53-4f3a-8ec2-639d92bd913b; _ga_PQEYN9C3X3=GS1.1.1727763152.23.1.1727770904.0.0.0; userToken=4gwm3ynf98ttkn231id7e8; Webstorm-5dc34944=0e506670-c0d9-47ef-8e10-338374c3ae0e

2024-12-29 23:17:01,660 INFO c.a.ConnectionHandler [pool-2-thread-2] Cached response: HTTP/1.1 200 OK
Content-Type: text/html
Content-Length: 101
Connection: close

<HTML>
<HEAD>
<TITLE>vatansever gltkn eren server</TITLE>
</HEAD>
<BODY>87 bytes tagsX</BODY>
</HTML>
2024-12-29 23:17:01,661 INFO c.a.ConnectionHandler [pool-2-thread-2] Sent cached response to 55812
2024-12-29 23:17:01,663 INFO c.a.ConnectionHandler [main] 0 connection(s) active

2024-12-29 23:17:01,896 INFO c.a.ConnectionHandler [pool-2-thread-2] Request from port 55813
GET /favicon.ico HTTP/1.1
Host: localhost:8051
Connection: keep-alive
sec-ch-ua-platform: "Windows"
User-Agent: Mozilla/5.0 (Windows NT 10.0; Win64; x64) AppleWebKit/537.36 (KHTML, like Gecko) Chrome/131.0.0.0 Safari/537.36
sec-ch-ua: "Google Chrome";v="131", "Chromium";v="131", "Not_A Brand";v="24"
sec-ch-ua-mobile: ?0
Accept: image/avif,image/webp,image/apng,image/svg+xml,image/*,*/*;q=0.8
Sec-Fetch-Site: same-origin
Sec-Fetch-Mode: no-cors
Sec-Fetch-Dest: image
Referer: http://localhost:8051/101
Accept-Encoding: gzip, deflate, br, zstd
Accept-Language: en-GB,en-US;q=0.9,en;q=0.8,tr;q=0.7
Cookie: Idea-aafc98fb=658b0d5c-2bf3-4a86-9c32-a7b8839e4505; _ga=GA1.1.1641718334.1720546053; Webstorm-5dc34942=29b731fc-1c15-4de7-b819-1af49ebd48dc; Webstorm-5dc34943=a980352b-1e53-4f3a-8ec2-639d92bd913b; _ga_PQEYN9C3X3=GS1.1.1727763152.23.1.1727770904.0.0.0; userToken=4gwm3ynf98ttkn231id7e8; Webstorm-5dc34944=0e506670-c0d9-47ef-8e10-338374c3ae0e

2024-12-29 23:17:01,897 INFO c.a.ConnectionHandler [pool-2-thread-2] Cached response: HTTP/1.1 400 Bad Request
2024-12-29 23:17:01,898 INFO c.a.ConnectionHandler [pool-2-thread-2] Sent cached response to 55813
2024-12-29 23:17:03,077 INFO c.a.ConnectionHandler [main] 0 connection(s) active

2024-12-29 23:17:03,078 INFO c.a.ConnectionHandler [pool-2-thread-2] Request from port 55814
GET /101 HTTP/1.1
Host: localhost:8051
Connection: keep-alive
Cache-Control: max-age=0
sec-ch-ua: "Google Chrome";v="131", "Chromium";v="131", "Not_A Brand";v="24"
sec-ch-ua-mobile: ?0
sec-ch-ua-platform: "Windows"
Upgrade-Insecure-Requests: 1
User-Agent: Mozilla/5.0 (Windows NT 10.0; Win64; x64) AppleWebKit/537.36 (KHTML, like Gecko) Chrome/131.0.0.0 Safari/537.36
Accept: text/html,application/xhtml+xml,application/xml;q=0.9,image/avif,image/webp,image/apng,*/*;q=0.8,application/signed-exchange;v=b3;q=0.7
Sec-Fetch-Site: none
Sec-Fetch-Mode: navigate
Sec-Fetch-User: ?1
Sec-Fetch-Dest: document
Accept-Encoding: gzip, deflate, br, zstd
Accept-Language: en-GB,en-US;q=0.9,en;q=0.8,tr;q=0.7
Cookie: Idea-aafc98fb=658b0d5c-2bf3-4a86-9c32-a7b8839e4505; _ga=GA1.1.1641718334.1720546053; Webstorm-5dc34942=29b731fc-1c15-4de7-b819-1af49ebd48dc; Webstorm-5dc34943=a980352b-1e53-4f3a-8ec2-639d92bd913b; _ga_PQEYN9C3X3=GS1.1.1727763152.23.1.1727770904.0.0.0; userToken=4gwm3ynf98ttkn231id7e8; Webstorm-5dc34944=0e506670-c0d9-47ef-8e10-338374c3ae0e

2024-12-29 23:17:03,078 INFO c.a.ConnectionHandler [pool-2-thread-2] Cached response: HTTP/1.1 200 OK
Content-Type: text/html
Content-Length: 101
Connection: close

<HTML>
<HEAD>
<TITLE>vatansever gltkn eren server</TITLE>
</HEAD>
<BODY>87 bytes tagsX</BODY>
</HTML>
2024-12-29 23:17:03,078 INFO c.a.ConnectionHandler [pool-2-thread-2] Sent cached response to 55814
2024-12-29 23:17:03,081 INFO c.a.ConnectionHandler [main] 0 connection(s) active

2024-12-29 23:17:03,345 INFO c.a.ConnectionHandler [pool-2-thread-2] Request from port 55815
GET /favicon.ico HTTP/1.1
Host: localhost:8051
Connection: keep-alive
sec-ch-ua-platform: "Windows"
User-Agent: Mozilla/5.0 (Windows NT 10.0; Win64; x64) AppleWebKit/537.36 (KHTML, like Gecko) Chrome/131.0.0.0 Safari/537.36
sec-ch-ua: "Google Chrome";v="131", "Chromium";v="131", "Not_A Brand";v="24"
sec-ch-ua-mobile: ?0
Accept: image/avif,image/webp,image/apng,image/svg+xml,image/*,*/*;q=0.8
Sec-Fetch-Site: same-origin
Sec-Fetch-Mode: no-cors
Sec-Fetch-Dest: image
Referer: http://localhost:8051/101
Accept-Encoding: gzip, deflate, br, zstd
Accept-Language: en-GB,en-US;q=0.9,en;q=0.8,tr;q=0.7
Cookie: Idea-aafc98fb=658b0d5c-2bf3-4a86-9c32-a7b8839e4505; _ga=GA1.1.1641718334.1720546053; Webstorm-5dc34942=29b731fc-1c15-4de7-b819-1af49ebd48dc; Webstorm-5dc34943=a980352b-1e53-4f3a-8ec2-639d92bd913b; _ga_PQEYN9C3X3=GS1.1.1727763152.23.1.1727770904.0.0.0; userToken=4gwm3ynf98ttkn231id7e8; Webstorm-5dc34944=0e506670-c0d9-47ef-8e10-338374c3ae0e

2024-12-29 23:17:03,346 INFO c.a.ConnectionHandler [pool-2-thread-2] Cached response: HTTP/1.1 400 Bad Request
2024-12-29 23:17:03,347 INFO c.a.ConnectionHandler [pool-2-thread-2] Sent cached response to 55815
