2024-12-28 14:35:48,357 INFO c.a.WebServer [main]  :: HTTP Server :: Gültekin, Eren & Vatansever :: v1.0 ::
2024-12-28 14:35:48,370 INFO c.a.WebServer [main] Starting HTTPServer on localhost with PID 9084
2024-12-28 14:35:48,371 INFO c.a.WebServer [main] Application is powered by the genius of Gültekin, Eren and Vatansever
2024-12-28 14:35:48,372 INFO c.a.WebServer [main] Server created on port 8051
2024-12-28 14:35:48,372 INFO c.a.WebServer [main] Server started on port 8051
2024-12-28 14:35:49,543 INFO c.a.ConnectionHandler [pool-2-thread-1] 1 connection(s) active

2024-12-28 14:35:49,544 INFO c.a.ConnectionHandler [pool-2-thread-1] GET /100 HTTP/1.1
2024-12-28 14:35:49,545 INFO c.a.ConnectionHandler [pool-2-thread-1] Host: localhost:8051
2024-12-28 14:35:49,546 INFO c.a.ConnectionHandler [pool-2-thread-1] Connection: keep-alive
2024-12-28 14:35:49,545 INFO c.a.ConnectionHandler [pool-2-thread-2] 2 connection(s) active

2024-12-28 14:35:49,546 INFO c.a.ConnectionHandler [pool-2-thread-1] Cache-Control: max-age=0
2024-12-28 14:35:49,547 INFO c.a.ConnectionHandler [pool-2-thread-1] sec-ch-ua: "Google Chrome";v="131", "Chromium";v="131", "Not_A Brand";v="24"
2024-12-28 14:35:49,547 INFO c.a.ConnectionHandler [pool-2-thread-1] sec-ch-ua-mobile: ?0
2024-12-28 14:35:49,547 INFO c.a.ConnectionHandler [pool-2-thread-1] sec-ch-ua-platform: "Windows"
2024-12-28 14:35:49,547 INFO c.a.ConnectionHandler [pool-2-thread-1] Upgrade-Insecure-Requests: 1
2024-12-28 14:35:49,549 INFO c.a.ConnectionHandler [pool-2-thread-1] User-Agent: Mozilla/5.0 (Windows NT 10.0; Win64; x64) AppleWebKit/537.36 (KHTML, like Gecko) Chrome/131.0.0.0 Safari/537.36
2024-12-28 14:35:49,549 INFO c.a.ConnectionHandler [pool-2-thread-1] Accept: text/html,application/xhtml+xml,application/xml;q=0.9,image/avif,image/webp,image/apng,*/*;q=0.8,application/signed-exchange;v=b3;q=0.7
2024-12-28 14:35:49,549 INFO c.a.ConnectionHandler [pool-2-thread-1] Sec-Fetch-Site: none
2024-12-28 14:35:49,549 INFO c.a.ConnectionHandler [pool-2-thread-1] Sec-Fetch-Mode: navigate
2024-12-28 14:35:49,549 INFO c.a.ConnectionHandler [pool-2-thread-1] Sec-Fetch-User: ?1
2024-12-28 14:35:49,550 INFO c.a.ConnectionHandler [pool-2-thread-1] Sec-Fetch-Dest: document
2024-12-28 14:35:49,550 INFO c.a.ConnectionHandler [pool-2-thread-1] Accept-Encoding: gzip, deflate, br, zstd
2024-12-28 14:35:49,550 INFO c.a.ConnectionHandler [pool-2-thread-1] Accept-Language: en-GB,en-US;q=0.9,en;q=0.8,tr;q=0.7
2024-12-28 14:35:49,550 INFO c.a.ConnectionHandler [pool-2-thread-1] Cookie: Idea-aafc98fb=658b0d5c-2bf3-4a86-9c32-a7b8839e4505; _ga=GA1.1.1641718334.1720546053; Webstorm-5dc34942=29b731fc-1c15-4de7-b819-1af49ebd48dc; Webstorm-5dc34943=a980352b-1e53-4f3a-8ec2-639d92bd913b; _ga_PQEYN9C3X3=GS1.1.1727763152.23.1.1727770904.0.0.0; userToken=4gwm3ynf98ttkn231id7e8; Webstorm-5dc34944=0e506670-c0d9-47ef-8e10-338374c3ae0e
2024-12-28 14:35:49,554 INFO c.a.ConnectionHandler [pool-2-thread-1] Sent response to 58687: HTTP/1.1 200 OK with Content-Length: 100
2024-12-28 14:35:49,554 INFO c.a.ConnectionHandler [pool-2-thread-1] Connection closed on port 58687
2024-12-28 14:35:50,616 INFO c.a.ConnectionHandler [pool-2-thread-2] GET /favicon.ico HTTP/1.1
2024-12-28 14:35:50,616 INFO c.a.ConnectionHandler [pool-2-thread-2] Host: localhost:8051
2024-12-28 14:35:50,616 INFO c.a.ConnectionHandler [pool-2-thread-2] Connection: keep-alive
2024-12-28 14:35:50,618 INFO c.a.ConnectionHandler [pool-2-thread-2] sec-ch-ua-platform: "Windows"
2024-12-28 14:35:50,618 INFO c.a.ConnectionHandler [pool-2-thread-2] User-Agent: Mozilla/5.0 (Windows NT 10.0; Win64; x64) AppleWebKit/537.36 (KHTML, like Gecko) Chrome/131.0.0.0 Safari/537.36
2024-12-28 14:35:50,618 INFO c.a.ConnectionHandler [pool-2-thread-2] sec-ch-ua: "Google Chrome";v="131", "Chromium";v="131", "Not_A Brand";v="24"
2024-12-28 14:35:50,618 INFO c.a.ConnectionHandler [pool-2-thread-2] sec-ch-ua-mobile: ?0
2024-12-28 14:35:50,619 INFO c.a.ConnectionHandler [pool-2-thread-2] Accept: image/avif,image/webp,image/apng,image/svg+xml,image/*,*/*;q=0.8
2024-12-28 14:35:50,619 INFO c.a.ConnectionHandler [pool-2-thread-2] Sec-Fetch-Site: same-origin
2024-12-28 14:35:50,619 INFO c.a.ConnectionHandler [pool-2-thread-2] Sec-Fetch-Mode: no-cors
2024-12-28 14:35:50,620 INFO c.a.ConnectionHandler [pool-2-thread-2] Sec-Fetch-Dest: image
2024-12-28 14:35:50,620 INFO c.a.ConnectionHandler [pool-2-thread-2] Referer: http://localhost:8051/100
2024-12-28 14:35:50,621 INFO c.a.ConnectionHandler [pool-2-thread-2] Accept-Encoding: gzip, deflate, br, zstd
2024-12-28 14:35:50,621 INFO c.a.ConnectionHandler [pool-2-thread-2] Accept-Language: en-GB,en-US;q=0.9,en;q=0.8,tr;q=0.7
2024-12-28 14:35:50,621 INFO c.a.ConnectionHandler [pool-2-thread-2] Cookie: Idea-aafc98fb=658b0d5c-2bf3-4a86-9c32-a7b8839e4505; _ga=GA1.1.1641718334.1720546053; Webstorm-5dc34942=29b731fc-1c15-4de7-b819-1af49ebd48dc; Webstorm-5dc34943=a980352b-1e53-4f3a-8ec2-639d92bd913b; _ga_PQEYN9C3X3=GS1.1.1727763152.23.1.1727770904.0.0.0; userToken=4gwm3ynf98ttkn231id7e8; Webstorm-5dc34944=0e506670-c0d9-47ef-8e10-338374c3ae0e
2024-12-28 14:35:50,622 ERROR c.a.ErrorHandler [pool-2-thread-2] Requested file size format is invalid.
2024-12-28 14:35:50,622 ERROR c.a.ConnectionHandler [pool-2-thread-2] Failed to parse the response size -1
2024-12-28 14:35:50,623 INFO c.a.ConnectionHandler [pool-2-thread-2] Sent response to 58688: HTTP/1.1 400 Bad Request with Content-Length: 0
2024-12-28 14:35:50,623 INFO c.a.ConnectionHandler [pool-2-thread-2] Connection closed on port 58688
2024-12-28 14:35:59,328 INFO c.a.ConnectionHandler [pool-2-thread-2] 1 connection(s) active

2024-12-28 14:35:59,329 INFO c.a.ConnectionHandler [pool-2-thread-2] GET /200 HTTP/1.1
2024-12-28 14:35:59,329 INFO c.a.ConnectionHandler [pool-2-thread-2] Host: localhost:8051
2024-12-28 14:35:59,329 INFO c.a.ConnectionHandler [pool-2-thread-2] Connection: keep-alive
2024-12-28 14:35:59,329 INFO c.a.ConnectionHandler [pool-2-thread-2] sec-ch-ua: "Google Chrome";v="131", "Chromium";v="131", "Not_A Brand";v="24"
2024-12-28 14:35:59,329 INFO c.a.ConnectionHandler [pool-2-thread-2] sec-ch-ua-mobile: ?0
2024-12-28 14:35:59,330 INFO c.a.ConnectionHandler [pool-2-thread-2] sec-ch-ua-platform: "Windows"
2024-12-28 14:35:59,330 INFO c.a.ConnectionHandler [pool-2-thread-2] Upgrade-Insecure-Requests: 1
2024-12-28 14:35:59,330 INFO c.a.ConnectionHandler [pool-2-thread-2] User-Agent: Mozilla/5.0 (Windows NT 10.0; Win64; x64) AppleWebKit/537.36 (KHTML, like Gecko) Chrome/131.0.0.0 Safari/537.36
2024-12-28 14:35:59,330 INFO c.a.ConnectionHandler [pool-2-thread-2] Accept: text/html,application/xhtml+xml,application/xml;q=0.9,image/avif,image/webp,image/apng,*/*;q=0.8,application/signed-exchange;v=b3;q=0.7
2024-12-28 14:35:59,330 INFO c.a.ConnectionHandler [pool-2-thread-2] Sec-Fetch-Site: none
2024-12-28 14:35:59,330 INFO c.a.ConnectionHandler [pool-2-thread-2] Sec-Fetch-Mode: navigate
2024-12-28 14:35:59,330 INFO c.a.ConnectionHandler [pool-2-thread-2] Sec-Fetch-User: ?1
2024-12-28 14:35:59,331 INFO c.a.ConnectionHandler [pool-2-thread-2] Sec-Fetch-Dest: document
2024-12-28 14:35:59,331 INFO c.a.ConnectionHandler [pool-2-thread-2] Accept-Encoding: gzip, deflate, br, zstd
2024-12-28 14:35:59,331 INFO c.a.ConnectionHandler [pool-2-thread-1] 2 connection(s) active

2024-12-28 14:35:59,331 INFO c.a.ConnectionHandler [pool-2-thread-2] Accept-Language: en-GB,en-US;q=0.9,en;q=0.8,tr;q=0.7
2024-12-28 14:35:59,331 INFO c.a.ConnectionHandler [pool-2-thread-2] Cookie: Idea-aafc98fb=658b0d5c-2bf3-4a86-9c32-a7b8839e4505; _ga=GA1.1.1641718334.1720546053; Webstorm-5dc34942=29b731fc-1c15-4de7-b819-1af49ebd48dc; Webstorm-5dc34943=a980352b-1e53-4f3a-8ec2-639d92bd913b; _ga_PQEYN9C3X3=GS1.1.1727763152.23.1.1727770904.0.0.0; userToken=4gwm3ynf98ttkn231id7e8; Webstorm-5dc34944=0e506670-c0d9-47ef-8e10-338374c3ae0e
2024-12-28 14:35:59,333 INFO c.a.ConnectionHandler [pool-2-thread-2] Sent response to 58696: HTTP/1.1 200 OK with Content-Length: 200
2024-12-28 14:35:59,334 INFO c.a.ConnectionHandler [pool-2-thread-2] Connection closed on port 58696
2024-12-28 14:36:00,335 INFO c.a.ConnectionHandler [pool-2-thread-1] GET /favicon.ico HTTP/1.1
2024-12-28 14:36:00,335 INFO c.a.ConnectionHandler [pool-2-thread-1] Host: localhost:8051
2024-12-28 14:36:00,336 INFO c.a.ConnectionHandler [pool-2-thread-1] Connection: keep-alive
2024-12-28 14:36:00,336 INFO c.a.ConnectionHandler [pool-2-thread-1] sec-ch-ua-platform: "Windows"
2024-12-28 14:36:00,336 INFO c.a.ConnectionHandler [pool-2-thread-1] User-Agent: Mozilla/5.0 (Windows NT 10.0; Win64; x64) AppleWebKit/537.36 (KHTML, like Gecko) Chrome/131.0.0.0 Safari/537.36
2024-12-28 14:36:00,336 INFO c.a.ConnectionHandler [pool-2-thread-1] sec-ch-ua: "Google Chrome";v="131", "Chromium";v="131", "Not_A Brand";v="24"
2024-12-28 14:36:00,337 INFO c.a.ConnectionHandler [pool-2-thread-1] sec-ch-ua-mobile: ?0
2024-12-28 14:36:00,337 INFO c.a.ConnectionHandler [pool-2-thread-1] Accept: image/avif,image/webp,image/apng,image/svg+xml,image/*,*/*;q=0.8
2024-12-28 14:36:00,337 INFO c.a.ConnectionHandler [pool-2-thread-1] Sec-Fetch-Site: same-origin
2024-12-28 14:36:00,337 INFO c.a.ConnectionHandler [pool-2-thread-1] Sec-Fetch-Mode: no-cors
2024-12-28 14:36:00,338 INFO c.a.ConnectionHandler [pool-2-thread-1] Sec-Fetch-Dest: image
2024-12-28 14:36:00,338 INFO c.a.ConnectionHandler [pool-2-thread-1] Referer: http://localhost:8051/200
2024-12-28 14:36:00,338 INFO c.a.ConnectionHandler [pool-2-thread-1] Accept-Encoding: gzip, deflate, br, zstd
2024-12-28 14:36:00,338 INFO c.a.ConnectionHandler [pool-2-thread-1] Accept-Language: en-GB,en-US;q=0.9,en;q=0.8,tr;q=0.7
2024-12-28 14:36:00,338 INFO c.a.ConnectionHandler [pool-2-thread-1] Cookie: Idea-aafc98fb=658b0d5c-2bf3-4a86-9c32-a7b8839e4505; _ga=GA1.1.1641718334.1720546053; Webstorm-5dc34942=29b731fc-1c15-4de7-b819-1af49ebd48dc; Webstorm-5dc34943=a980352b-1e53-4f3a-8ec2-639d92bd913b; _ga_PQEYN9C3X3=GS1.1.1727763152.23.1.1727770904.0.0.0; userToken=4gwm3ynf98ttkn231id7e8; Webstorm-5dc34944=0e506670-c0d9-47ef-8e10-338374c3ae0e
2024-12-28 14:36:00,339 ERROR c.a.ErrorHandler [pool-2-thread-1] Requested file size format is invalid.
2024-12-28 14:36:00,339 ERROR c.a.ConnectionHandler [pool-2-thread-1] Failed to parse the response size -1
2024-12-28 14:36:00,340 INFO c.a.ConnectionHandler [pool-2-thread-1] Sent response to 58697: HTTP/1.1 400 Bad Request with Content-Length: 0
2024-12-28 14:36:00,340 INFO c.a.ConnectionHandler [pool-2-thread-1] Connection closed on port 58697
