2024-12-28 20:13:08,336 INFO c.a.WebServer [main]  :: HTTP Server :: Gültekin, Eren & Vatansever :: v1.0 ::
2024-12-28 20:13:08,345 INFO c.a.WebServer [main] Starting HTTPServer on localhost with PID 24912
2024-12-28 20:13:08,346 INFO c.a.WebServer [main] Application is powered by the genius of Gültekin, Eren and Vatansever
2024-12-28 20:13:08,347 INFO c.a.WebServer [main] Server created on port 8051
2024-12-28 20:13:08,347 INFO c.a.WebServer [main] Server started on port 8051
2024-12-28 20:13:32,343 INFO c.a.ConnectionHandler [pool-2-thread-1] 1 connection(s) active

2024-12-28 20:13:32,344 INFO c.a.ConnectionHandler [pool-2-thread-1] GET /1 HTTP/1.1
2024-12-28 20:13:32,345 INFO c.a.ConnectionHandler [pool-2-thread-1] Host: localhost:8051
2024-12-28 20:13:32,345 INFO c.a.ConnectionHandler [pool-2-thread-1] Connection: keep-alive
2024-12-28 20:13:32,345 INFO c.a.ConnectionHandler [pool-2-thread-1] Cache-Control: max-age=0
2024-12-28 20:13:32,345 INFO c.a.ConnectionHandler [pool-2-thread-1] sec-ch-ua: "Google Chrome";v="131", "Chromium";v="131", "Not_A Brand";v="24"
2024-12-28 20:13:32,346 INFO c.a.ConnectionHandler [pool-2-thread-1] sec-ch-ua-mobile: ?0
2024-12-28 20:13:32,346 INFO c.a.ConnectionHandler [pool-2-thread-1] sec-ch-ua-platform: "Windows"
2024-12-28 20:13:32,346 INFO c.a.ConnectionHandler [pool-2-thread-1] Upgrade-Insecure-Requests: 1
2024-12-28 20:13:32,346 INFO c.a.ConnectionHandler [pool-2-thread-1] User-Agent: Mozilla/5.0 (Windows NT 10.0; Win64; x64) AppleWebKit/537.36 (KHTML, like Gecko) Chrome/131.0.0.0 Safari/537.36
2024-12-28 20:13:32,347 INFO c.a.ConnectionHandler [pool-2-thread-1] Accept: text/html,application/xhtml+xml,application/xml;q=0.9,image/avif,image/webp,image/apng,*/*;q=0.8,application/signed-exchange;v=b3;q=0.7
2024-12-28 20:13:32,347 INFO c.a.ConnectionHandler [pool-2-thread-1] Sec-Fetch-Site: none
2024-12-28 20:13:32,348 INFO c.a.ConnectionHandler [pool-2-thread-1] Sec-Fetch-Mode: navigate
2024-12-28 20:13:32,348 INFO c.a.ConnectionHandler [pool-2-thread-1] Sec-Fetch-User: ?1
2024-12-28 20:13:32,349 INFO c.a.ConnectionHandler [pool-2-thread-1] Sec-Fetch-Dest: document
2024-12-28 20:13:32,349 INFO c.a.ConnectionHandler [pool-2-thread-1] Accept-Encoding: gzip, deflate, br, zstd
2024-12-28 20:13:32,351 INFO c.a.ConnectionHandler [pool-2-thread-1] Accept-Language: en-GB,en-US;q=0.9,en;q=0.8,tr;q=0.7
2024-12-28 20:13:32,351 INFO c.a.ConnectionHandler [pool-2-thread-1] Cookie: Idea-aafc98fb=658b0d5c-2bf3-4a86-9c32-a7b8839e4505; _ga=GA1.1.1641718334.1720546053; Webstorm-5dc34942=29b731fc-1c15-4de7-b819-1af49ebd48dc; Webstorm-5dc34943=a980352b-1e53-4f3a-8ec2-639d92bd913b; _ga_PQEYN9C3X3=GS1.1.1727763152.23.1.1727770904.0.0.0; userToken=4gwm3ynf98ttkn231id7e8; Webstorm-5dc34944=0e506670-c0d9-47ef-8e10-338374c3ae0e
2024-12-28 20:13:32,349 INFO c.a.ConnectionHandler [pool-2-thread-2] 2 connection(s) active

2024-12-28 20:13:32,351 ERROR c.a.ErrorHandler [pool-2-thread-1] Requested file size is too small. Bad Request.
2024-12-28 20:13:32,352 ERROR c.a.ErrorHandler [pool-2-thread-1] Requested file size: 1
2024-12-28 20:13:32,355 INFO c.a.ConnectionHandler [pool-2-thread-1] Sent response to 62001: HTTP/1.1 400 Bad Request with Content-Length: 0
2024-12-28 20:13:35,891 INFO c.a.ConnectionHandler [pool-2-thread-2] GET /100 HTTP/1.1
2024-12-28 20:13:35,891 INFO c.a.ConnectionHandler [pool-2-thread-2] Host: localhost:8051
2024-12-28 20:13:35,891 INFO c.a.ConnectionHandler [pool-2-thread-2] Connection: keep-alive
2024-12-28 20:13:35,891 INFO c.a.ConnectionHandler [pool-2-thread-2] sec-ch-ua: "Google Chrome";v="131", "Chromium";v="131", "Not_A Brand";v="24"
2024-12-28 20:13:35,891 INFO c.a.ConnectionHandler [pool-2-thread-2] sec-ch-ua-mobile: ?0
2024-12-28 20:13:35,891 INFO c.a.ConnectionHandler [pool-2-thread-2] sec-ch-ua-platform: "Windows"
2024-12-28 20:13:35,891 INFO c.a.ConnectionHandler [pool-2-thread-2] Upgrade-Insecure-Requests: 1
2024-12-28 20:13:35,891 INFO c.a.ConnectionHandler [pool-2-thread-2] User-Agent: Mozilla/5.0 (Windows NT 10.0; Win64; x64) AppleWebKit/537.36 (KHTML, like Gecko) Chrome/131.0.0.0 Safari/537.36
2024-12-28 20:13:35,891 INFO c.a.ConnectionHandler [pool-2-thread-2] Sec-Purpose: prefetch;prerender
2024-12-28 20:13:35,891 INFO c.a.ConnectionHandler [pool-2-thread-2] Purpose: prefetch
2024-12-28 20:13:35,891 INFO c.a.ConnectionHandler [pool-2-thread-2] Accept: text/html,application/xhtml+xml,application/xml;q=0.9,image/avif,image/webp,image/apng,*/*;q=0.8,application/signed-exchange;v=b3;q=0.7
2024-12-28 20:13:35,891 INFO c.a.ConnectionHandler [pool-2-thread-2] Sec-Fetch-Site: none
2024-12-28 20:13:35,891 INFO c.a.ConnectionHandler [pool-2-thread-2] Sec-Fetch-Mode: navigate
2024-12-28 20:13:35,891 INFO c.a.ConnectionHandler [pool-2-thread-2] Sec-Fetch-User: ?1
2024-12-28 20:13:35,891 INFO c.a.ConnectionHandler [pool-2-thread-2] Sec-Fetch-Dest: document
2024-12-28 20:13:35,891 INFO c.a.ConnectionHandler [pool-2-thread-2] Accept-Encoding: gzip, deflate, br, zstd
2024-12-28 20:13:35,891 INFO c.a.ConnectionHandler [pool-2-thread-2] Accept-Language: en-GB,en-US;q=0.9,en;q=0.8,tr;q=0.7
2024-12-28 20:13:35,891 INFO c.a.ConnectionHandler [pool-2-thread-2] Cookie: Idea-aafc98fb=658b0d5c-2bf3-4a86-9c32-a7b8839e4505; _ga=GA1.1.1641718334.1720546053; Webstorm-5dc34942=29b731fc-1c15-4de7-b819-1af49ebd48dc; Webstorm-5dc34943=a980352b-1e53-4f3a-8ec2-639d92bd913b; _ga_PQEYN9C3X3=GS1.1.1727763152.23.1.1727770904.0.0.0; userToken=4gwm3ynf98ttkn231id7e8; Webstorm-5dc34944=0e506670-c0d9-47ef-8e10-338374c3ae0e
2024-12-28 20:13:35,891 INFO c.a.ConnectionHandler [pool-2-thread-2] Sent response to 62002: HTTP/1.1 200 OK with Content-Length: 100
2024-12-28 20:13:41,024 INFO c.a.ConnectionHandler [pool-2-thread-2] 1 connection(s) active

2024-12-28 20:13:41,025 INFO c.a.ConnectionHandler [pool-2-thread-2] GET /101 HTTP/1.1
2024-12-28 20:13:41,025 INFO c.a.ConnectionHandler [pool-2-thread-2] Host: localhost:8051
2024-12-28 20:13:41,025 INFO c.a.ConnectionHandler [pool-2-thread-2] Connection: keep-alive
2024-12-28 20:13:41,025 INFO c.a.ConnectionHandler [pool-2-thread-2] sec-ch-ua: "Google Chrome";v="131", "Chromium";v="131", "Not_A Brand";v="24"
2024-12-28 20:13:41,025 INFO c.a.ConnectionHandler [pool-2-thread-2] sec-ch-ua-mobile: ?0
2024-12-28 20:13:41,025 INFO c.a.ConnectionHandler [pool-2-thread-2] sec-ch-ua-platform: "Windows"
2024-12-28 20:13:41,026 INFO c.a.ConnectionHandler [pool-2-thread-2] Upgrade-Insecure-Requests: 1
2024-12-28 20:13:41,026 INFO c.a.ConnectionHandler [pool-2-thread-2] User-Agent: Mozilla/5.0 (Windows NT 10.0; Win64; x64) AppleWebKit/537.36 (KHTML, like Gecko) Chrome/131.0.0.0 Safari/537.36
2024-12-28 20:13:41,026 INFO c.a.ConnectionHandler [pool-2-thread-2] Accept: text/html,application/xhtml+xml,application/xml;q=0.9,image/avif,image/webp,image/apng,*/*;q=0.8,application/signed-exchange;v=b3;q=0.7
2024-12-28 20:13:41,026 INFO c.a.ConnectionHandler [pool-2-thread-2] Sec-Fetch-Site: none
2024-12-28 20:13:41,026 INFO c.a.ConnectionHandler [pool-2-thread-2] Sec-Fetch-Mode: navigate
2024-12-28 20:13:41,026 INFO c.a.ConnectionHandler [pool-2-thread-2] Sec-Fetch-User: ?1
2024-12-28 20:13:41,026 INFO c.a.ConnectionHandler [pool-2-thread-2] Sec-Fetch-Dest: document
2024-12-28 20:13:41,027 INFO c.a.ConnectionHandler [pool-2-thread-2] Accept-Encoding: gzip, deflate, br, zstd
2024-12-28 20:13:41,027 INFO c.a.ConnectionHandler [pool-2-thread-2] Accept-Language: en-GB,en-US;q=0.9,en;q=0.8,tr;q=0.7
2024-12-28 20:13:41,027 INFO c.a.ConnectionHandler [pool-2-thread-2] Cookie: Idea-aafc98fb=658b0d5c-2bf3-4a86-9c32-a7b8839e4505; _ga=GA1.1.1641718334.1720546053; Webstorm-5dc34942=29b731fc-1c15-4de7-b819-1af49ebd48dc; Webstorm-5dc34943=a980352b-1e53-4f3a-8ec2-639d92bd913b; _ga_PQEYN9C3X3=GS1.1.1727763152.23.1.1727770904.0.0.0; userToken=4gwm3ynf98ttkn231id7e8; Webstorm-5dc34944=0e506670-c0d9-47ef-8e10-338374c3ae0e
2024-12-28 20:13:41,028 INFO c.a.ConnectionHandler [pool-2-thread-1] 2 connection(s) active

2024-12-28 20:13:41,029 INFO c.a.ConnectionHandler [pool-2-thread-2] Sent response to 62006: HTTP/1.1 200 OK with Content-Length: 101
2024-12-28 20:13:49,892 INFO c.a.ConnectionHandler [pool-2-thread-1] GET /100 HTTP/1.1
2024-12-28 20:13:49,892 INFO c.a.ConnectionHandler [pool-2-thread-1] Host: localhost:8051
2024-12-28 20:13:49,892 INFO c.a.ConnectionHandler [pool-2-thread-1] Connection: keep-alive
2024-12-28 20:13:49,892 INFO c.a.ConnectionHandler [pool-2-thread-1] sec-ch-ua: "Google Chrome";v="131", "Chromium";v="131", "Not_A Brand";v="24"
2024-12-28 20:13:49,893 INFO c.a.ConnectionHandler [pool-2-thread-1] sec-ch-ua-mobile: ?0
2024-12-28 20:13:49,893 INFO c.a.ConnectionHandler [pool-2-thread-1] sec-ch-ua-platform: "Windows"
2024-12-28 20:13:49,893 INFO c.a.ConnectionHandler [pool-2-thread-1] Upgrade-Insecure-Requests: 1
2024-12-28 20:13:49,893 INFO c.a.ConnectionHandler [pool-2-thread-1] User-Agent: Mozilla/5.0 (Windows NT 10.0; Win64; x64) AppleWebKit/537.36 (KHTML, like Gecko) Chrome/131.0.0.0 Safari/537.36
2024-12-28 20:13:49,894 INFO c.a.ConnectionHandler [pool-2-thread-1] Sec-Purpose: prefetch;prerender
2024-12-28 20:13:49,894 INFO c.a.ConnectionHandler [pool-2-thread-1] Purpose: prefetch
2024-12-28 20:13:49,894 INFO c.a.ConnectionHandler [pool-2-thread-1] Accept: text/html,application/xhtml+xml,application/xml;q=0.9,image/avif,image/webp,image/apng,*/*;q=0.8,application/signed-exchange;v=b3;q=0.7
2024-12-28 20:13:49,894 INFO c.a.ConnectionHandler [pool-2-thread-1] Sec-Fetch-Site: none
2024-12-28 20:13:49,894 INFO c.a.ConnectionHandler [pool-2-thread-1] Sec-Fetch-Mode: navigate
2024-12-28 20:13:49,895 INFO c.a.ConnectionHandler [pool-2-thread-1] Sec-Fetch-User: ?1
2024-12-28 20:13:49,895 INFO c.a.ConnectionHandler [pool-2-thread-1] Sec-Fetch-Dest: document
2024-12-28 20:13:49,895 INFO c.a.ConnectionHandler [pool-2-thread-1] Accept-Encoding: gzip, deflate, br, zstd
2024-12-28 20:13:49,895 INFO c.a.ConnectionHandler [pool-2-thread-1] Accept-Language: en-GB,en-US;q=0.9,en;q=0.8,tr;q=0.7
2024-12-28 20:13:49,895 INFO c.a.ConnectionHandler [pool-2-thread-1] Cookie: Idea-aafc98fb=658b0d5c-2bf3-4a86-9c32-a7b8839e4505; _ga=GA1.1.1641718334.1720546053; Webstorm-5dc34942=29b731fc-1c15-4de7-b819-1af49ebd48dc; Webstorm-5dc34943=a980352b-1e53-4f3a-8ec2-639d92bd913b; _ga_PQEYN9C3X3=GS1.1.1727763152.23.1.1727770904.0.0.0; userToken=4gwm3ynf98ttkn231id7e8; Webstorm-5dc34944=0e506670-c0d9-47ef-8e10-338374c3ae0e
2024-12-28 20:13:49,896 INFO c.a.ConnectionHandler [pool-2-thread-1] Sent response to 62007: HTTP/1.1 200 OK with Content-Length: 100
2024-12-28 20:13:50,427 INFO c.a.ConnectionHandler [pool-2-thread-1] 1 connection(s) active

2024-12-28 20:13:50,427 INFO c.a.ConnectionHandler [pool-2-thread-1] GET /1000 HTTP/1.1
2024-12-28 20:13:50,427 INFO c.a.ConnectionHandler [pool-2-thread-1] Host: localhost:8051
2024-12-28 20:13:50,427 INFO c.a.ConnectionHandler [pool-2-thread-1] Connection: keep-alive
2024-12-28 20:13:50,427 INFO c.a.ConnectionHandler [pool-2-thread-1] sec-ch-ua: "Google Chrome";v="131", "Chromium";v="131", "Not_A Brand";v="24"
2024-12-28 20:13:50,428 INFO c.a.ConnectionHandler [pool-2-thread-1] sec-ch-ua-mobile: ?0
2024-12-28 20:13:50,428 INFO c.a.ConnectionHandler [pool-2-thread-1] sec-ch-ua-platform: "Windows"
2024-12-28 20:13:50,428 INFO c.a.ConnectionHandler [pool-2-thread-1] Upgrade-Insecure-Requests: 1
2024-12-28 20:13:50,428 INFO c.a.ConnectionHandler [pool-2-thread-1] User-Agent: Mozilla/5.0 (Windows NT 10.0; Win64; x64) AppleWebKit/537.36 (KHTML, like Gecko) Chrome/131.0.0.0 Safari/537.36
2024-12-28 20:13:50,428 INFO c.a.ConnectionHandler [pool-2-thread-1] Accept: text/html,application/xhtml+xml,application/xml;q=0.9,image/avif,image/webp,image/apng,*/*;q=0.8,application/signed-exchange;v=b3;q=0.7
2024-12-28 20:13:50,428 INFO c.a.ConnectionHandler [pool-2-thread-1] Sec-Fetch-Site: none
2024-12-28 20:13:50,428 INFO c.a.ConnectionHandler [pool-2-thread-1] Sec-Fetch-Mode: navigate
2024-12-28 20:13:50,428 INFO c.a.ConnectionHandler [pool-2-thread-1] Sec-Fetch-User: ?1
2024-12-28 20:13:50,429 INFO c.a.ConnectionHandler [pool-2-thread-1] Sec-Fetch-Dest: document
2024-12-28 20:13:50,429 INFO c.a.ConnectionHandler [pool-2-thread-1] Accept-Encoding: gzip, deflate, br, zstd
2024-12-28 20:13:50,429 INFO c.a.ConnectionHandler [pool-2-thread-1] Accept-Language: en-GB,en-US;q=0.9,en;q=0.8,tr;q=0.7
2024-12-28 20:13:50,429 INFO c.a.ConnectionHandler [pool-2-thread-1] Cookie: Idea-aafc98fb=658b0d5c-2bf3-4a86-9c32-a7b8839e4505; _ga=GA1.1.1641718334.1720546053; Webstorm-5dc34942=29b731fc-1c15-4de7-b819-1af49ebd48dc; Webstorm-5dc34943=a980352b-1e53-4f3a-8ec2-639d92bd913b; _ga_PQEYN9C3X3=GS1.1.1727763152.23.1.1727770904.0.0.0; userToken=4gwm3ynf98ttkn231id7e8; Webstorm-5dc34944=0e506670-c0d9-47ef-8e10-338374c3ae0e
2024-12-28 20:13:50,430 INFO c.a.ConnectionHandler [pool-2-thread-1] Sent response to 62009: HTTP/1.1 200 OK with Content-Length: 1000
2024-12-28 20:13:50,430 INFO c.a.ConnectionHandler [pool-2-thread-2] 2 connection(s) active

2024-12-28 20:13:53,198 INFO c.a.ConnectionHandler [pool-2-thread-2] GET /100000 HTTP/1.1
2024-12-28 20:13:53,199 INFO c.a.ConnectionHandler [pool-2-thread-2] Host: localhost:8051
2024-12-28 20:13:53,199 INFO c.a.ConnectionHandler [pool-2-thread-2] Connection: keep-alive
2024-12-28 20:13:53,199 INFO c.a.ConnectionHandler [pool-2-thread-2] sec-ch-ua: "Google Chrome";v="131", "Chromium";v="131", "Not_A Brand";v="24"
2024-12-28 20:13:53,199 INFO c.a.ConnectionHandler [pool-2-thread-2] sec-ch-ua-mobile: ?0
2024-12-28 20:13:53,199 INFO c.a.ConnectionHandler [pool-2-thread-2] sec-ch-ua-platform: "Windows"
2024-12-28 20:13:53,199 INFO c.a.ConnectionHandler [pool-2-thread-2] Upgrade-Insecure-Requests: 1
2024-12-28 20:13:53,199 INFO c.a.ConnectionHandler [pool-2-thread-2] User-Agent: Mozilla/5.0 (Windows NT 10.0; Win64; x64) AppleWebKit/537.36 (KHTML, like Gecko) Chrome/131.0.0.0 Safari/537.36
2024-12-28 20:13:53,199 INFO c.a.ConnectionHandler [pool-2-thread-2] Accept: text/html,application/xhtml+xml,application/xml;q=0.9,image/avif,image/webp,image/apng,*/*;q=0.8,application/signed-exchange;v=b3;q=0.7
2024-12-28 20:13:53,200 INFO c.a.ConnectionHandler [pool-2-thread-2] Sec-Fetch-Site: none
2024-12-28 20:13:53,200 INFO c.a.ConnectionHandler [pool-2-thread-2] Sec-Fetch-Mode: navigate
2024-12-28 20:13:53,200 INFO c.a.ConnectionHandler [pool-2-thread-2] Sec-Fetch-User: ?1
2024-12-28 20:13:53,200 INFO c.a.ConnectionHandler [pool-2-thread-2] Sec-Fetch-Dest: document
2024-12-28 20:13:53,200 INFO c.a.ConnectionHandler [pool-2-thread-2] Accept-Encoding: gzip, deflate, br, zstd
2024-12-28 20:13:53,200 INFO c.a.ConnectionHandler [pool-2-thread-2] Accept-Language: en-GB,en-US;q=0.9,en;q=0.8,tr;q=0.7
2024-12-28 20:13:53,200 INFO c.a.ConnectionHandler [pool-2-thread-2] Cookie: Idea-aafc98fb=658b0d5c-2bf3-4a86-9c32-a7b8839e4505; _ga=GA1.1.1641718334.1720546053; Webstorm-5dc34942=29b731fc-1c15-4de7-b819-1af49ebd48dc; Webstorm-5dc34943=a980352b-1e53-4f3a-8ec2-639d92bd913b; _ga_PQEYN9C3X3=GS1.1.1727763152.23.1.1727770904.0.0.0; userToken=4gwm3ynf98ttkn231id7e8; Webstorm-5dc34944=0e506670-c0d9-47ef-8e10-338374c3ae0e
2024-12-28 20:13:53,201 ERROR c.a.ErrorHandler [pool-2-thread-2] Requested file size is too large. Bad Request.
2024-12-28 20:13:53,201 ERROR c.a.ErrorHandler [pool-2-thread-2] Requested file size: 100000
2024-12-28 20:13:53,201 ERROR c.a.ConnectionHandler [pool-2-thread-2] Failed to parse the response size -1
2024-12-28 20:13:53,201 INFO c.a.ConnectionHandler [pool-2-thread-2] Sent response to 62010: HTTP/1.1 400 Bad Request with Content-Length: 0
2024-12-28 20:13:53,202 INFO c.a.ConnectionHandler [pool-2-thread-2] 1 connection(s) active

2024-12-28 20:15:23,169 ERROR c.a.ErrorHandler [pool-2-thread-2] Request is invalid. Bad Request.
2024-12-28 20:15:23,170 ERROR c.a.ConnectionHandler [pool-2-thread-2] Failed to parse the response size -1
2024-12-28 20:15:23,170 INFO c.a.ConnectionHandler [pool-2-thread-2] Sent response to 62011: HTTP/1.1 400 Bad Request with Content-Length: 0
2024-12-28 20:16:03,778 INFO c.a.ConnectionHandler [pool-2-thread-2] 1 connection(s) active

2024-12-28 20:16:03,779 INFO c.a.ConnectionHandler [pool-2-thread-2] GET /1000 HTTP/1.1
2024-12-28 20:16:03,779 INFO c.a.ConnectionHandler [pool-2-thread-2] Host: localhost:8051
2024-12-28 20:16:03,779 INFO c.a.ConnectionHandler [pool-2-thread-2] Connection: keep-alive
2024-12-28 20:16:03,780 INFO c.a.ConnectionHandler [pool-2-thread-2] sec-ch-ua: "Google Chrome";v="131", "Chromium";v="131", "Not_A Brand";v="24"
2024-12-28 20:16:03,780 INFO c.a.ConnectionHandler [pool-2-thread-2] sec-ch-ua-mobile: ?0
2024-12-28 20:16:03,780 INFO c.a.ConnectionHandler [pool-2-thread-2] sec-ch-ua-platform: "Windows"
2024-12-28 20:16:03,780 INFO c.a.ConnectionHandler [pool-2-thread-2] Upgrade-Insecure-Requests: 1
2024-12-28 20:16:03,780 INFO c.a.ConnectionHandler [pool-2-thread-3] 2 connection(s) active

2024-12-28 20:16:03,780 INFO c.a.ConnectionHandler [pool-2-thread-2] User-Agent: Mozilla/5.0 (Windows NT 10.0; Win64; x64) AppleWebKit/537.36 (KHTML, like Gecko) Chrome/131.0.0.0 Safari/537.36
2024-12-28 20:16:03,780 INFO c.a.ConnectionHandler [pool-2-thread-2] Accept: text/html,application/xhtml+xml,application/xml;q=0.9,image/avif,image/webp,image/apng,*/*;q=0.8,application/signed-exchange;v=b3;q=0.7
2024-12-28 20:16:03,780 INFO c.a.ConnectionHandler [pool-2-thread-2] Sec-Fetch-Site: none
2024-12-28 20:16:03,781 INFO c.a.ConnectionHandler [pool-2-thread-2] Sec-Fetch-Mode: navigate
2024-12-28 20:16:03,781 INFO c.a.ConnectionHandler [pool-2-thread-2] Sec-Fetch-User: ?1
2024-12-28 20:16:03,781 INFO c.a.ConnectionHandler [pool-2-thread-2] Sec-Fetch-Dest: document
2024-12-28 20:16:03,781 INFO c.a.ConnectionHandler [pool-2-thread-2] Accept-Encoding: gzip, deflate, br, zstd
2024-12-28 20:16:03,781 INFO c.a.ConnectionHandler [pool-2-thread-2] Accept-Language: en-GB,en-US;q=0.9,en;q=0.8,tr;q=0.7
2024-12-28 20:16:03,782 INFO c.a.ConnectionHandler [pool-2-thread-2] Cookie: Idea-aafc98fb=658b0d5c-2bf3-4a86-9c32-a7b8839e4505; _ga=GA1.1.1641718334.1720546053; Webstorm-5dc34942=29b731fc-1c15-4de7-b819-1af49ebd48dc; Webstorm-5dc34943=a980352b-1e53-4f3a-8ec2-639d92bd913b; _ga_PQEYN9C3X3=GS1.1.1727763152.23.1.1727770904.0.0.0; userToken=4gwm3ynf98ttkn231id7e8; Webstorm-5dc34944=0e506670-c0d9-47ef-8e10-338374c3ae0e
2024-12-28 20:16:03,782 INFO c.a.ConnectionHandler [pool-2-thread-2] Sent response to 62177: HTTP/1.1 200 OK with Content-Length: 1000
