2024-12-10 13:39:05,302 INFO c.a.WebServer [main]  :: HTTP Server :: Gültekin, Eren & Vatansever :: v1.0 ::
2024-12-10 13:39:05,365 INFO c.a.WebServer [main] Starting HTTPServer on localhost with PID 22492
2024-12-10 13:39:05,365 INFO c.a.WebServer [main] Application is powered by the genius of Gültekin, Eren and Vatansever
2024-12-10 13:39:05,367 INFO c.a.WebServer [main] Server created on port 8051
2024-12-10 13:39:05,368 INFO c.a.WebServer [main] Server started on port 8051
2024-12-10 13:39:09,894 INFO c.a.WebServer [pool-2-thread-1] 2 connection(s) active

2024-12-10 13:39:09,898 INFO c.a.WebServer [pool-2-thread-2] 2 connection(s) active

2024-12-10 13:39:09,900 INFO c.a.WebServer [pool-2-thread-2] GET / HTTP/1.1
2024-12-10 13:39:09,901 INFO c.a.WebServer [pool-2-thread-2] Host: localhost:8051
2024-12-10 13:39:09,901 INFO c.a.WebServer [pool-2-thread-2] Connection: keep-alive
2024-12-10 13:39:09,902 INFO c.a.WebServer [pool-2-thread-2] Cache-Control: max-age=0
2024-12-10 13:39:09,902 INFO c.a.WebServer [pool-2-thread-2] sec-ch-ua: "Google Chrome";v="131", "Chromium";v="131", "Not_A Brand";v="24"
2024-12-10 13:39:09,902 INFO c.a.WebServer [pool-2-thread-2] sec-ch-ua-mobile: ?0
2024-12-10 13:39:09,903 INFO c.a.WebServer [pool-2-thread-2] sec-ch-ua-platform: "Windows"
2024-12-10 13:39:09,903 INFO c.a.WebServer [pool-2-thread-2] Upgrade-Insecure-Requests: 1
2024-12-10 13:39:09,903 INFO c.a.WebServer [pool-2-thread-2] User-Agent: Mozilla/5.0 (Windows NT 10.0; Win64; x64) AppleWebKit/537.36 (KHTML, like Gecko) Chrome/131.0.0.0 Safari/537.36
2024-12-10 13:39:09,904 INFO c.a.WebServer [pool-2-thread-2] Accept: text/html,application/xhtml+xml,application/xml;q=0.9,image/avif,image/webp,image/apng,*/*;q=0.8,application/signed-exchange;v=b3;q=0.7
2024-12-10 13:39:09,904 INFO c.a.WebServer [pool-2-thread-2] Sec-Fetch-Site: none
2024-12-10 13:39:09,904 INFO c.a.WebServer [pool-2-thread-2] Sec-Fetch-Mode: navigate
2024-12-10 13:39:09,905 INFO c.a.WebServer [pool-2-thread-2] Sec-Fetch-User: ?1
2024-12-10 13:39:09,905 INFO c.a.WebServer [pool-2-thread-2] Sec-Fetch-Dest: document
2024-12-10 13:39:09,905 INFO c.a.WebServer [pool-2-thread-2] Accept-Encoding: gzip, deflate, br, zstd
2024-12-10 13:39:09,906 INFO c.a.WebServer [pool-2-thread-2] Accept-Language: en-GB,en-US;q=0.9,en;q=0.8,tr;q=0.7
2024-12-10 13:39:09,906 INFO c.a.WebServer [pool-2-thread-2] Cookie: Idea-aafc98fb=658b0d5c-2bf3-4a86-9c32-a7b8839e4505; _ga=GA1.1.1641718334.1720546053; Webstorm-5dc34942=29b731fc-1c15-4de7-b819-1af49ebd48dc; Webstorm-5dc34943=a980352b-1e53-4f3a-8ec2-639d92bd913b; _ga_PQEYN9C3X3=GS1.1.1727763152.23.1.1727770904.0.0.0; userToken=4gwm3ynf98ttkn231id7e8; Webstorm-5dc34944=0e506670-c0d9-47ef-8e10-338374c3ae0e
2024-12-10 13:39:09,906 ERROR c.a.WebServer [pool-2-thread-2] Requested file size format is invalid.
2024-12-10 13:39:09,908 ERROR c.a.WebServer [pool-2-thread-2] Failed to parse the response size -1
2024-12-10 13:39:09,910 INFO c.a.WebServer [pool-2-thread-2] Sent response: HTTP/1.1 400 Bad Request with Content-Length: 182
2024-12-10 13:39:09,911 INFO c.a.WebServer [pool-2-thread-2] Connection closed
2024-12-10 13:39:11,708 INFO c.a.WebServer [pool-2-thread-1] GET /favicon.ico HTTP/1.1
2024-12-10 13:39:11,709 INFO c.a.WebServer [pool-2-thread-1] Host: localhost:8051
2024-12-10 13:39:11,709 INFO c.a.WebServer [pool-2-thread-1] Connection: keep-alive
2024-12-10 13:39:11,710 INFO c.a.WebServer [pool-2-thread-1] sec-ch-ua-platform: "Windows"
2024-12-10 13:39:11,710 INFO c.a.WebServer [pool-2-thread-1] User-Agent: Mozilla/5.0 (Windows NT 10.0; Win64; x64) AppleWebKit/537.36 (KHTML, like Gecko) Chrome/131.0.0.0 Safari/537.36
2024-12-10 13:39:11,710 INFO c.a.WebServer [pool-2-thread-1] sec-ch-ua: "Google Chrome";v="131", "Chromium";v="131", "Not_A Brand";v="24"
2024-12-10 13:39:11,711 INFO c.a.WebServer [pool-2-thread-1] sec-ch-ua-mobile: ?0
2024-12-10 13:39:11,711 INFO c.a.WebServer [pool-2-thread-1] Accept: image/avif,image/webp,image/apng,image/svg+xml,image/*,*/*;q=0.8
2024-12-10 13:39:11,712 INFO c.a.WebServer [pool-2-thread-1] Sec-Fetch-Site: same-origin
2024-12-10 13:39:11,712 INFO c.a.WebServer [pool-2-thread-1] Sec-Fetch-Mode: no-cors
2024-12-10 13:39:11,712 INFO c.a.WebServer [pool-2-thread-1] Sec-Fetch-Dest: image
2024-12-10 13:39:11,713 INFO c.a.WebServer [pool-2-thread-1] Referer: http://localhost:8051/
2024-12-10 13:39:11,713 INFO c.a.WebServer [pool-2-thread-1] Accept-Encoding: gzip, deflate, br, zstd
2024-12-10 13:39:11,713 INFO c.a.WebServer [pool-2-thread-1] Accept-Language: en-GB,en-US;q=0.9,en;q=0.8,tr;q=0.7
2024-12-10 13:39:11,714 INFO c.a.WebServer [pool-2-thread-1] Cookie: Idea-aafc98fb=658b0d5c-2bf3-4a86-9c32-a7b8839e4505; _ga=GA1.1.1641718334.1720546053; Webstorm-5dc34942=29b731fc-1c15-4de7-b819-1af49ebd48dc; Webstorm-5dc34943=a980352b-1e53-4f3a-8ec2-639d92bd913b; _ga_PQEYN9C3X3=GS1.1.1727763152.23.1.1727770904.0.0.0; userToken=4gwm3ynf98ttkn231id7e8; Webstorm-5dc34944=0e506670-c0d9-47ef-8e10-338374c3ae0e
2024-12-10 13:39:11,714 ERROR c.a.WebServer [pool-2-thread-1] Requested file size format is invalid.
2024-12-10 13:39:11,715 ERROR c.a.WebServer [pool-2-thread-1] Failed to parse the response size -1
2024-12-10 13:39:11,716 INFO c.a.WebServer [pool-2-thread-1] Sent response: HTTP/1.1 400 Bad Request with Content-Length: 182
2024-12-10 13:39:11,716 INFO c.a.WebServer [pool-2-thread-1] Connection closed
2024-12-10 13:39:15,287 INFO c.a.WebServer [pool-2-thread-1] 1 connection(s) active

2024-12-10 13:39:15,287 INFO c.a.WebServer [pool-2-thread-1] GET /500 HTTP/1.1
2024-12-10 13:39:15,287 INFO c.a.WebServer [pool-2-thread-1] Host: localhost:8051
2024-12-10 13:39:15,287 INFO c.a.WebServer [pool-2-thread-1] Connection: keep-alive
2024-12-10 13:39:15,287 INFO c.a.WebServer [pool-2-thread-1] sec-ch-ua: "Google Chrome";v="131", "Chromium";v="131", "Not_A Brand";v="24"
2024-12-10 13:39:15,287 INFO c.a.WebServer [pool-2-thread-1] sec-ch-ua-mobile: ?0
2024-12-10 13:39:15,287 INFO c.a.WebServer [pool-2-thread-1] sec-ch-ua-platform: "Windows"
2024-12-10 13:39:15,291 INFO c.a.WebServer [pool-2-thread-1] Upgrade-Insecure-Requests: 1
2024-12-10 13:39:15,291 INFO c.a.WebServer [pool-2-thread-1] User-Agent: Mozilla/5.0 (Windows NT 10.0; Win64; x64) AppleWebKit/537.36 (KHTML, like Gecko) Chrome/131.0.0.0 Safari/537.36
2024-12-10 13:39:15,291 INFO c.a.WebServer [pool-2-thread-1] Accept: text/html,application/xhtml+xml,application/xml;q=0.9,image/avif,image/webp,image/apng,*/*;q=0.8,application/signed-exchange;v=b3;q=0.7
2024-12-10 13:39:15,291 INFO c.a.WebServer [pool-2-thread-1] Sec-Fetch-Site: none
2024-12-10 13:39:15,291 INFO c.a.WebServer [pool-2-thread-1] Sec-Fetch-Mode: navigate
2024-12-10 13:39:15,291 INFO c.a.WebServer [pool-2-thread-1] Sec-Fetch-User: ?1
2024-12-10 13:39:15,291 INFO c.a.WebServer [pool-2-thread-1] Sec-Fetch-Dest: document
2024-12-10 13:39:15,291 INFO c.a.WebServer [pool-2-thread-1] Accept-Encoding: gzip, deflate, br, zstd
2024-12-10 13:39:15,291 INFO c.a.WebServer [pool-2-thread-1] Accept-Language: en-GB,en-US;q=0.9,en;q=0.8,tr;q=0.7
2024-12-10 13:39:15,291 INFO c.a.WebServer [pool-2-thread-2] 2 connection(s) active

2024-12-10 13:39:15,291 INFO c.a.WebServer [pool-2-thread-1] Cookie: Idea-aafc98fb=658b0d5c-2bf3-4a86-9c32-a7b8839e4505; _ga=GA1.1.1641718334.1720546053; Webstorm-5dc34942=29b731fc-1c15-4de7-b819-1af49ebd48dc; Webstorm-5dc34943=a980352b-1e53-4f3a-8ec2-639d92bd913b; _ga_PQEYN9C3X3=GS1.1.1727763152.23.1.1727770904.0.0.0; userToken=4gwm3ynf98ttkn231id7e8; Webstorm-5dc34944=0e506670-c0d9-47ef-8e10-338374c3ae0e
2024-12-10 13:39:15,295 INFO c.a.WebServer [pool-2-thread-1] Sent response: HTTP/1.1 200 OK with Content-Length: 494
2024-12-10 13:39:15,295 INFO c.a.WebServer [pool-2-thread-1] Connection closed
2024-12-10 13:39:16,869 INFO c.a.WebServer [pool-2-thread-2] GET /favicon.ico HTTP/1.1
2024-12-10 13:39:16,869 INFO c.a.WebServer [pool-2-thread-2] Host: localhost:8051
2024-12-10 13:39:16,869 INFO c.a.WebServer [pool-2-thread-2] Connection: keep-alive
2024-12-10 13:39:16,874 INFO c.a.WebServer [pool-2-thread-2] sec-ch-ua-platform: "Windows"
2024-12-10 13:39:16,875 INFO c.a.WebServer [pool-2-thread-2] User-Agent: Mozilla/5.0 (Windows NT 10.0; Win64; x64) AppleWebKit/537.36 (KHTML, like Gecko) Chrome/131.0.0.0 Safari/537.36
2024-12-10 13:39:16,875 INFO c.a.WebServer [pool-2-thread-2] sec-ch-ua: "Google Chrome";v="131", "Chromium";v="131", "Not_A Brand";v="24"
2024-12-10 13:39:16,875 INFO c.a.WebServer [pool-2-thread-2] sec-ch-ua-mobile: ?0
2024-12-10 13:39:16,875 INFO c.a.WebServer [pool-2-thread-2] Accept: image/avif,image/webp,image/apng,image/svg+xml,image/*,*/*;q=0.8
2024-12-10 13:39:16,875 INFO c.a.WebServer [pool-2-thread-2] Sec-Fetch-Site: same-origin
2024-12-10 13:39:16,875 INFO c.a.WebServer [pool-2-thread-2] Sec-Fetch-Mode: no-cors
2024-12-10 13:39:16,875 INFO c.a.WebServer [pool-2-thread-2] Sec-Fetch-Dest: image
2024-12-10 13:39:16,875 INFO c.a.WebServer [pool-2-thread-2] Referer: http://localhost:8051/500
2024-12-10 13:39:16,875 INFO c.a.WebServer [pool-2-thread-2] Accept-Encoding: gzip, deflate, br, zstd
2024-12-10 13:39:16,875 INFO c.a.WebServer [pool-2-thread-2] Accept-Language: en-GB,en-US;q=0.9,en;q=0.8,tr;q=0.7
2024-12-10 13:39:16,875 INFO c.a.WebServer [pool-2-thread-2] Cookie: Idea-aafc98fb=658b0d5c-2bf3-4a86-9c32-a7b8839e4505; _ga=GA1.1.1641718334.1720546053; Webstorm-5dc34942=29b731fc-1c15-4de7-b819-1af49ebd48dc; Webstorm-5dc34943=a980352b-1e53-4f3a-8ec2-639d92bd913b; _ga_PQEYN9C3X3=GS1.1.1727763152.23.1.1727770904.0.0.0; userToken=4gwm3ynf98ttkn231id7e8; Webstorm-5dc34944=0e506670-c0d9-47ef-8e10-338374c3ae0e
2024-12-10 13:39:16,878 ERROR c.a.WebServer [pool-2-thread-2] Requested file size format is invalid.
2024-12-10 13:39:16,878 ERROR c.a.WebServer [pool-2-thread-2] Failed to parse the response size -1
2024-12-10 13:39:16,878 INFO c.a.WebServer [pool-2-thread-2] Sent response: HTTP/1.1 400 Bad Request with Content-Length: 182
2024-12-10 13:39:16,878 INFO c.a.WebServer [pool-2-thread-2] Connection closed
2024-12-10 13:39:20,260 INFO c.a.WebServer [pool-2-thread-2] 1 connection(s) active

2024-12-10 13:39:20,261 INFO c.a.WebServer [pool-2-thread-2] GET /99 HTTP/1.1
2024-12-10 13:39:20,261 INFO c.a.WebServer [pool-2-thread-2] Host: localhost:8051
2024-12-10 13:39:20,261 INFO c.a.WebServer [pool-2-thread-2] Connection: keep-alive
2024-12-10 13:39:20,261 INFO c.a.WebServer [pool-2-thread-2] sec-ch-ua: "Google Chrome";v="131", "Chromium";v="131", "Not_A Brand";v="24"
2024-12-10 13:39:20,261 INFO c.a.WebServer [pool-2-thread-2] sec-ch-ua-mobile: ?0
2024-12-10 13:39:20,261 INFO c.a.WebServer [pool-2-thread-2] sec-ch-ua-platform: "Windows"
2024-12-10 13:39:20,261 INFO c.a.WebServer [pool-2-thread-2] Upgrade-Insecure-Requests: 1
2024-12-10 13:39:20,261 INFO c.a.WebServer [pool-2-thread-2] User-Agent: Mozilla/5.0 (Windows NT 10.0; Win64; x64) AppleWebKit/537.36 (KHTML, like Gecko) Chrome/131.0.0.0 Safari/537.36
2024-12-10 13:39:20,261 INFO c.a.WebServer [pool-2-thread-2] Accept: text/html,application/xhtml+xml,application/xml;q=0.9,image/avif,image/webp,image/apng,*/*;q=0.8,application/signed-exchange;v=b3;q=0.7
2024-12-10 13:39:20,261 INFO c.a.WebServer [pool-2-thread-2] Sec-Fetch-Site: none
2024-12-10 13:39:20,261 INFO c.a.WebServer [pool-2-thread-2] Sec-Fetch-Mode: navigate
2024-12-10 13:39:20,261 INFO c.a.WebServer [pool-2-thread-2] Sec-Fetch-User: ?1
2024-12-10 13:39:20,264 INFO c.a.WebServer [pool-2-thread-2] Sec-Fetch-Dest: document
2024-12-10 13:39:20,264 INFO c.a.WebServer [pool-2-thread-1] 2 connection(s) active

2024-12-10 13:39:20,264 INFO c.a.WebServer [pool-2-thread-2] Accept-Encoding: gzip, deflate, br, zstd
2024-12-10 13:39:20,264 INFO c.a.WebServer [pool-2-thread-2] Accept-Language: en-GB,en-US;q=0.9,en;q=0.8,tr;q=0.7
2024-12-10 13:39:20,264 INFO c.a.WebServer [pool-2-thread-2] Cookie: Idea-aafc98fb=658b0d5c-2bf3-4a86-9c32-a7b8839e4505; _ga=GA1.1.1641718334.1720546053; Webstorm-5dc34942=29b731fc-1c15-4de7-b819-1af49ebd48dc; Webstorm-5dc34943=a980352b-1e53-4f3a-8ec2-639d92bd913b; _ga_PQEYN9C3X3=GS1.1.1727763152.23.1.1727770904.0.0.0; userToken=4gwm3ynf98ttkn231id7e8; Webstorm-5dc34944=0e506670-c0d9-47ef-8e10-338374c3ae0e
2024-12-10 13:39:20,264 ERROR c.a.WebServer [pool-2-thread-2] Requested file size is too small. Bad Request.
2024-12-10 13:39:20,266 ERROR c.a.WebServer [pool-2-thread-2] Requested file size: 99
2024-12-10 13:39:20,266 INFO c.a.WebServer [pool-2-thread-2] Sent response: HTTP/1.1 400 Bad Request with Content-Length: 182
2024-12-10 13:39:20,266 INFO c.a.WebServer [pool-2-thread-2] Connection closed
2024-12-10 13:39:21,287 INFO c.a.WebServer [pool-2-thread-1] GET /favicon.ico HTTP/1.1
2024-12-10 13:39:21,287 INFO c.a.WebServer [pool-2-thread-1] Host: localhost:8051
2024-12-10 13:39:21,287 INFO c.a.WebServer [pool-2-thread-1] Connection: keep-alive
2024-12-10 13:39:21,287 INFO c.a.WebServer [pool-2-thread-1] sec-ch-ua-platform: "Windows"
2024-12-10 13:39:21,287 INFO c.a.WebServer [pool-2-thread-1] User-Agent: Mozilla/5.0 (Windows NT 10.0; Win64; x64) AppleWebKit/537.36 (KHTML, like Gecko) Chrome/131.0.0.0 Safari/537.36
2024-12-10 13:39:21,287 INFO c.a.WebServer [pool-2-thread-1] sec-ch-ua: "Google Chrome";v="131", "Chromium";v="131", "Not_A Brand";v="24"
2024-12-10 13:39:21,287 INFO c.a.WebServer [pool-2-thread-1] sec-ch-ua-mobile: ?0
2024-12-10 13:39:21,287 INFO c.a.WebServer [pool-2-thread-1] Accept: image/avif,image/webp,image/apng,image/svg+xml,image/*,*/*;q=0.8
2024-12-10 13:39:21,299 INFO c.a.WebServer [pool-2-thread-1] Sec-Fetch-Site: same-origin
2024-12-10 13:39:21,299 INFO c.a.WebServer [pool-2-thread-1] Sec-Fetch-Mode: no-cors
2024-12-10 13:39:21,300 INFO c.a.WebServer [pool-2-thread-1] Sec-Fetch-Dest: image
2024-12-10 13:39:21,300 INFO c.a.WebServer [pool-2-thread-1] Referer: http://localhost:8051/99
2024-12-10 13:39:21,300 INFO c.a.WebServer [pool-2-thread-1] Accept-Encoding: gzip, deflate, br, zstd
2024-12-10 13:39:21,300 INFO c.a.WebServer [pool-2-thread-1] Accept-Language: en-GB,en-US;q=0.9,en;q=0.8,tr;q=0.7
2024-12-10 13:39:21,300 INFO c.a.WebServer [pool-2-thread-1] Cookie: Idea-aafc98fb=658b0d5c-2bf3-4a86-9c32-a7b8839e4505; _ga=GA1.1.1641718334.1720546053; Webstorm-5dc34942=29b731fc-1c15-4de7-b819-1af49ebd48dc; Webstorm-5dc34943=a980352b-1e53-4f3a-8ec2-639d92bd913b; _ga_PQEYN9C3X3=GS1.1.1727763152.23.1.1727770904.0.0.0; userToken=4gwm3ynf98ttkn231id7e8; Webstorm-5dc34944=0e506670-c0d9-47ef-8e10-338374c3ae0e
2024-12-10 13:39:21,300 ERROR c.a.WebServer [pool-2-thread-1] Requested file size format is invalid.
2024-12-10 13:39:21,300 ERROR c.a.WebServer [pool-2-thread-1] Failed to parse the response size -1
2024-12-10 13:39:21,300 INFO c.a.WebServer [pool-2-thread-1] Sent response: HTTP/1.1 400 Bad Request with Content-Length: 182
2024-12-10 13:39:21,300 INFO c.a.WebServer [pool-2-thread-1] Connection closed
2024-12-10 13:39:24,111 INFO c.a.WebServer [pool-2-thread-1] 1 connection(s) active

2024-12-10 13:39:24,112 INFO c.a.WebServer [pool-2-thread-1] GET /0 HTTP/1.1
2024-12-10 13:39:24,112 INFO c.a.WebServer [pool-2-thread-1] Host: localhost:8051
2024-12-10 13:39:24,112 INFO c.a.WebServer [pool-2-thread-1] Connection: keep-alive
2024-12-10 13:39:24,112 INFO c.a.WebServer [pool-2-thread-1] sec-ch-ua: "Google Chrome";v="131", "Chromium";v="131", "Not_A Brand";v="24"
2024-12-10 13:39:24,112 INFO c.a.WebServer [pool-2-thread-1] sec-ch-ua-mobile: ?0
2024-12-10 13:39:24,112 INFO c.a.WebServer [pool-2-thread-1] sec-ch-ua-platform: "Windows"
2024-12-10 13:39:24,112 INFO c.a.WebServer [pool-2-thread-1] Upgrade-Insecure-Requests: 1
2024-12-10 13:39:24,113 INFO c.a.WebServer [pool-2-thread-1] User-Agent: Mozilla/5.0 (Windows NT 10.0; Win64; x64) AppleWebKit/537.36 (KHTML, like Gecko) Chrome/131.0.0.0 Safari/537.36
2024-12-10 13:39:24,113 INFO c.a.WebServer [pool-2-thread-1] Accept: text/html,application/xhtml+xml,application/xml;q=0.9,image/avif,image/webp,image/apng,*/*;q=0.8,application/signed-exchange;v=b3;q=0.7
2024-12-10 13:39:24,113 INFO c.a.WebServer [pool-2-thread-1] Sec-Fetch-Site: none
2024-12-10 13:39:24,113 INFO c.a.WebServer [pool-2-thread-1] Sec-Fetch-Mode: navigate
2024-12-10 13:39:24,113 INFO c.a.WebServer [pool-2-thread-1] Sec-Fetch-User: ?1
2024-12-10 13:39:24,114 INFO c.a.WebServer [pool-2-thread-1] Sec-Fetch-Dest: document
2024-12-10 13:39:24,114 INFO c.a.WebServer [pool-2-thread-1] Accept-Encoding: gzip, deflate, br, zstd
2024-12-10 13:39:24,114 INFO c.a.WebServer [pool-2-thread-2] 2 connection(s) active

2024-12-10 13:39:24,114 INFO c.a.WebServer [pool-2-thread-1] Accept-Language: en-GB,en-US;q=0.9,en;q=0.8,tr;q=0.7
2024-12-10 13:39:24,115 INFO c.a.WebServer [pool-2-thread-1] Cookie: Idea-aafc98fb=658b0d5c-2bf3-4a86-9c32-a7b8839e4505; _ga=GA1.1.1641718334.1720546053; Webstorm-5dc34942=29b731fc-1c15-4de7-b819-1af49ebd48dc; Webstorm-5dc34943=a980352b-1e53-4f3a-8ec2-639d92bd913b; _ga_PQEYN9C3X3=GS1.1.1727763152.23.1.1727770904.0.0.0; userToken=4gwm3ynf98ttkn231id7e8; Webstorm-5dc34944=0e506670-c0d9-47ef-8e10-338374c3ae0e
2024-12-10 13:39:24,115 ERROR c.a.WebServer [pool-2-thread-1] Requested file size is too small. Bad Request.
2024-12-10 13:39:24,116 ERROR c.a.WebServer [pool-2-thread-1] Requested file size: 0
2024-12-10 13:39:24,116 INFO c.a.WebServer [pool-2-thread-1] Sent response: HTTP/1.1 400 Bad Request with Content-Length: 182
2024-12-10 13:39:24,116 INFO c.a.WebServer [pool-2-thread-1] Connection closed
2024-12-10 13:39:25,692 INFO c.a.WebServer [pool-2-thread-2] GET /favicon.ico HTTP/1.1
2024-12-10 13:39:25,692 INFO c.a.WebServer [pool-2-thread-2] Host: localhost:8051
2024-12-10 13:39:25,692 INFO c.a.WebServer [pool-2-thread-2] Connection: keep-alive
2024-12-10 13:39:25,692 INFO c.a.WebServer [pool-2-thread-2] sec-ch-ua-platform: "Windows"
2024-12-10 13:39:25,692 INFO c.a.WebServer [pool-2-thread-2] User-Agent: Mozilla/5.0 (Windows NT 10.0; Win64; x64) AppleWebKit/537.36 (KHTML, like Gecko) Chrome/131.0.0.0 Safari/537.36
2024-12-10 13:39:25,692 INFO c.a.WebServer [pool-2-thread-2] sec-ch-ua: "Google Chrome";v="131", "Chromium";v="131", "Not_A Brand";v="24"
2024-12-10 13:39:25,692 INFO c.a.WebServer [pool-2-thread-2] sec-ch-ua-mobile: ?0
2024-12-10 13:39:25,692 INFO c.a.WebServer [pool-2-thread-2] Accept: image/avif,image/webp,image/apng,image/svg+xml,image/*,*/*;q=0.8
2024-12-10 13:39:25,692 INFO c.a.WebServer [pool-2-thread-2] Sec-Fetch-Site: same-origin
2024-12-10 13:39:25,692 INFO c.a.WebServer [pool-2-thread-2] Sec-Fetch-Mode: no-cors
2024-12-10 13:39:25,692 INFO c.a.WebServer [pool-2-thread-2] Sec-Fetch-Dest: image
2024-12-10 13:39:25,692 INFO c.a.WebServer [pool-2-thread-2] Referer: http://localhost:8051/0
2024-12-10 13:39:25,692 INFO c.a.WebServer [pool-2-thread-2] Accept-Encoding: gzip, deflate, br, zstd
2024-12-10 13:39:25,692 INFO c.a.WebServer [pool-2-thread-2] Accept-Language: en-GB,en-US;q=0.9,en;q=0.8,tr;q=0.7
2024-12-10 13:39:25,692 INFO c.a.WebServer [pool-2-thread-2] Cookie: Idea-aafc98fb=658b0d5c-2bf3-4a86-9c32-a7b8839e4505; _ga=GA1.1.1641718334.1720546053; Webstorm-5dc34942=29b731fc-1c15-4de7-b819-1af49ebd48dc; Webstorm-5dc34943=a980352b-1e53-4f3a-8ec2-639d92bd913b; _ga_PQEYN9C3X3=GS1.1.1727763152.23.1.1727770904.0.0.0; userToken=4gwm3ynf98ttkn231id7e8; Webstorm-5dc34944=0e506670-c0d9-47ef-8e10-338374c3ae0e
2024-12-10 13:39:25,692 ERROR c.a.WebServer [pool-2-thread-2] Requested file size format is invalid.
2024-12-10 13:39:25,699 ERROR c.a.WebServer [pool-2-thread-2] Failed to parse the response size -1
2024-12-10 13:39:25,699 INFO c.a.WebServer [pool-2-thread-2] Sent response: HTTP/1.1 400 Bad Request with Content-Length: 182
2024-12-10 13:39:25,699 INFO c.a.WebServer [pool-2-thread-2] Connection closed
2024-12-10 13:39:28,983 INFO c.a.WebServer [pool-2-thread-2] 1 connection(s) active

2024-12-10 13:39:28,983 INFO c.a.WebServer [pool-2-thread-2] GET /-5 HTTP/1.1
2024-12-10 13:39:28,983 INFO c.a.WebServer [pool-2-thread-2] Host: localhost:8051
2024-12-10 13:39:28,983 INFO c.a.WebServer [pool-2-thread-2] Connection: keep-alive
2024-12-10 13:39:28,983 INFO c.a.WebServer [pool-2-thread-2] sec-ch-ua: "Google Chrome";v="131", "Chromium";v="131", "Not_A Brand";v="24"
2024-12-10 13:39:28,983 INFO c.a.WebServer [pool-2-thread-2] sec-ch-ua-mobile: ?0
2024-12-10 13:39:28,983 INFO c.a.WebServer [pool-2-thread-2] sec-ch-ua-platform: "Windows"
2024-12-10 13:39:28,983 INFO c.a.WebServer [pool-2-thread-2] Upgrade-Insecure-Requests: 1
2024-12-10 13:39:28,983 INFO c.a.WebServer [pool-2-thread-2] User-Agent: Mozilla/5.0 (Windows NT 10.0; Win64; x64) AppleWebKit/537.36 (KHTML, like Gecko) Chrome/131.0.0.0 Safari/537.36
2024-12-10 13:39:28,983 INFO c.a.WebServer [pool-2-thread-2] Accept: text/html,application/xhtml+xml,application/xml;q=0.9,image/avif,image/webp,image/apng,*/*;q=0.8,application/signed-exchange;v=b3;q=0.7
2024-12-10 13:39:28,983 INFO c.a.WebServer [pool-2-thread-2] Sec-Fetch-Site: none
2024-12-10 13:39:28,983 INFO c.a.WebServer [pool-2-thread-2] Sec-Fetch-Mode: navigate
2024-12-10 13:39:28,983 INFO c.a.WebServer [pool-2-thread-2] Sec-Fetch-User: ?1
2024-12-10 13:39:28,983 INFO c.a.WebServer [pool-2-thread-2] Sec-Fetch-Dest: document
2024-12-10 13:39:28,983 INFO c.a.WebServer [pool-2-thread-2] Accept-Encoding: gzip, deflate, br, zstd
2024-12-10 13:39:28,983 INFO c.a.WebServer [pool-2-thread-2] Accept-Language: en-GB,en-US;q=0.9,en;q=0.8,tr;q=0.7
2024-12-10 13:39:28,983 INFO c.a.WebServer [pool-2-thread-2] Cookie: Idea-aafc98fb=658b0d5c-2bf3-4a86-9c32-a7b8839e4505; _ga=GA1.1.1641718334.1720546053; Webstorm-5dc34942=29b731fc-1c15-4de7-b819-1af49ebd48dc; Webstorm-5dc34943=a980352b-1e53-4f3a-8ec2-639d92bd913b; _ga_PQEYN9C3X3=GS1.1.1727763152.23.1.1727770904.0.0.0; userToken=4gwm3ynf98ttkn231id7e8; Webstorm-5dc34944=0e506670-c0d9-47ef-8e10-338374c3ae0e
2024-12-10 13:39:28,983 ERROR c.a.WebServer [pool-2-thread-2] Requested file size is too small. Bad Request.
2024-12-10 13:39:28,983 INFO c.a.WebServer [pool-2-thread-1] 2 connection(s) active

2024-12-10 13:39:28,983 ERROR c.a.WebServer [pool-2-thread-2] Requested file size: -5
2024-12-10 13:39:28,991 INFO c.a.WebServer [pool-2-thread-2] Sent response: HTTP/1.1 400 Bad Request with Content-Length: 182
2024-12-10 13:39:28,991 INFO c.a.WebServer [pool-2-thread-2] Connection closed
2024-12-10 13:39:30,249 INFO c.a.WebServer [pool-2-thread-1] GET /favicon.ico HTTP/1.1
2024-12-10 13:39:30,249 INFO c.a.WebServer [pool-2-thread-1] Host: localhost:8051
2024-12-10 13:39:30,249 INFO c.a.WebServer [pool-2-thread-1] Connection: keep-alive
2024-12-10 13:39:30,249 INFO c.a.WebServer [pool-2-thread-1] sec-ch-ua-platform: "Windows"
2024-12-10 13:39:30,249 INFO c.a.WebServer [pool-2-thread-1] User-Agent: Mozilla/5.0 (Windows NT 10.0; Win64; x64) AppleWebKit/537.36 (KHTML, like Gecko) Chrome/131.0.0.0 Safari/537.36
2024-12-10 13:39:30,249 INFO c.a.WebServer [pool-2-thread-1] sec-ch-ua: "Google Chrome";v="131", "Chromium";v="131", "Not_A Brand";v="24"
2024-12-10 13:39:30,249 INFO c.a.WebServer [pool-2-thread-1] sec-ch-ua-mobile: ?0
2024-12-10 13:39:30,249 INFO c.a.WebServer [pool-2-thread-1] Accept: image/avif,image/webp,image/apng,image/svg+xml,image/*,*/*;q=0.8
2024-12-10 13:39:30,249 INFO c.a.WebServer [pool-2-thread-1] Sec-Fetch-Site: same-origin
2024-12-10 13:39:30,249 INFO c.a.WebServer [pool-2-thread-1] Sec-Fetch-Mode: no-cors
2024-12-10 13:39:30,249 INFO c.a.WebServer [pool-2-thread-1] Sec-Fetch-Dest: image
2024-12-10 13:39:30,249 INFO c.a.WebServer [pool-2-thread-1] Referer: http://localhost:8051/-5
2024-12-10 13:39:30,249 INFO c.a.WebServer [pool-2-thread-1] Accept-Encoding: gzip, deflate, br, zstd
2024-12-10 13:39:30,249 INFO c.a.WebServer [pool-2-thread-1] Accept-Language: en-GB,en-US;q=0.9,en;q=0.8,tr;q=0.7
2024-12-10 13:39:30,249 INFO c.a.WebServer [pool-2-thread-1] Cookie: Idea-aafc98fb=658b0d5c-2bf3-4a86-9c32-a7b8839e4505; _ga=GA1.1.1641718334.1720546053; Webstorm-5dc34942=29b731fc-1c15-4de7-b819-1af49ebd48dc; Webstorm-5dc34943=a980352b-1e53-4f3a-8ec2-639d92bd913b; _ga_PQEYN9C3X3=GS1.1.1727763152.23.1.1727770904.0.0.0; userToken=4gwm3ynf98ttkn231id7e8; Webstorm-5dc34944=0e506670-c0d9-47ef-8e10-338374c3ae0e
2024-12-10 13:39:30,249 ERROR c.a.WebServer [pool-2-thread-1] Requested file size format is invalid.
2024-12-10 13:39:30,249 ERROR c.a.WebServer [pool-2-thread-1] Failed to parse the response size -1
2024-12-10 13:39:30,256 INFO c.a.WebServer [pool-2-thread-1] Sent response: HTTP/1.1 400 Bad Request with Content-Length: 182
2024-12-10 13:39:30,257 INFO c.a.WebServer [pool-2-thread-1] Connection closed
2024-12-10 13:39:32,601 INFO c.a.WebServer [pool-2-thread-1] 1 connection(s) active

2024-12-10 13:39:32,601 INFO c.a.WebServer [pool-2-thread-1] GET /qq HTTP/1.1
2024-12-10 13:39:32,601 INFO c.a.WebServer [pool-2-thread-1] Host: localhost:8051
2024-12-10 13:39:32,601 INFO c.a.WebServer [pool-2-thread-1] Connection: keep-alive
2024-12-10 13:39:32,601 INFO c.a.WebServer [pool-2-thread-1] sec-ch-ua: "Google Chrome";v="131", "Chromium";v="131", "Not_A Brand";v="24"
2024-12-10 13:39:32,601 INFO c.a.WebServer [pool-2-thread-1] sec-ch-ua-mobile: ?0
2024-12-10 13:39:32,601 INFO c.a.WebServer [pool-2-thread-1] sec-ch-ua-platform: "Windows"
2024-12-10 13:39:32,601 INFO c.a.WebServer [pool-2-thread-1] Upgrade-Insecure-Requests: 1
2024-12-10 13:39:32,601 INFO c.a.WebServer [pool-2-thread-1] User-Agent: Mozilla/5.0 (Windows NT 10.0; Win64; x64) AppleWebKit/537.36 (KHTML, like Gecko) Chrome/131.0.0.0 Safari/537.36
2024-12-10 13:39:32,601 INFO c.a.WebServer [pool-2-thread-1] Accept: text/html,application/xhtml+xml,application/xml;q=0.9,image/avif,image/webp,image/apng,*/*;q=0.8,application/signed-exchange;v=b3;q=0.7
2024-12-10 13:39:32,601 INFO c.a.WebServer [pool-2-thread-1] Sec-Fetch-Site: none
2024-12-10 13:39:32,601 INFO c.a.WebServer [pool-2-thread-1] Sec-Fetch-Mode: navigate
2024-12-10 13:39:32,601 INFO c.a.WebServer [pool-2-thread-1] Sec-Fetch-User: ?1
2024-12-10 13:39:32,601 INFO c.a.WebServer [pool-2-thread-1] Sec-Fetch-Dest: document
2024-12-10 13:39:32,601 INFO c.a.WebServer [pool-2-thread-1] Accept-Encoding: gzip, deflate, br, zstd
2024-12-10 13:39:32,601 INFO c.a.WebServer [pool-2-thread-1] Accept-Language: en-GB,en-US;q=0.9,en;q=0.8,tr;q=0.7
2024-12-10 13:39:32,601 INFO c.a.WebServer [pool-2-thread-1] Cookie: Idea-aafc98fb=658b0d5c-2bf3-4a86-9c32-a7b8839e4505; _ga=GA1.1.1641718334.1720546053; Webstorm-5dc34942=29b731fc-1c15-4de7-b819-1af49ebd48dc; Webstorm-5dc34943=a980352b-1e53-4f3a-8ec2-639d92bd913b; _ga_PQEYN9C3X3=GS1.1.1727763152.23.1.1727770904.0.0.0; userToken=4gwm3ynf98ttkn231id7e8; Webstorm-5dc34944=0e506670-c0d9-47ef-8e10-338374c3ae0e
2024-12-10 13:39:32,601 ERROR c.a.WebServer [pool-2-thread-1] Requested file size format is invalid.
2024-12-10 13:39:32,601 ERROR c.a.WebServer [pool-2-thread-1] Failed to parse the response size -1
2024-12-10 13:39:32,601 INFO c.a.WebServer [pool-2-thread-2] 2 connection(s) active

2024-12-10 13:39:32,606 INFO c.a.WebServer [pool-2-thread-1] Sent response: HTTP/1.1 400 Bad Request with Content-Length: 182
2024-12-10 13:39:32,607 INFO c.a.WebServer [pool-2-thread-1] Connection closed
2024-12-10 13:39:33,772 INFO c.a.WebServer [pool-2-thread-2] GET /favicon.ico HTTP/1.1
2024-12-10 13:39:33,774 INFO c.a.WebServer [pool-2-thread-2] Host: localhost:8051
2024-12-10 13:39:33,774 INFO c.a.WebServer [pool-2-thread-2] Connection: keep-alive
2024-12-10 13:39:33,774 INFO c.a.WebServer [pool-2-thread-2] sec-ch-ua-platform: "Windows"
2024-12-10 13:39:33,774 INFO c.a.WebServer [pool-2-thread-2] User-Agent: Mozilla/5.0 (Windows NT 10.0; Win64; x64) AppleWebKit/537.36 (KHTML, like Gecko) Chrome/131.0.0.0 Safari/537.36
2024-12-10 13:39:33,774 INFO c.a.WebServer [pool-2-thread-2] sec-ch-ua: "Google Chrome";v="131", "Chromium";v="131", "Not_A Brand";v="24"
2024-12-10 13:39:33,774 INFO c.a.WebServer [pool-2-thread-2] sec-ch-ua-mobile: ?0
2024-12-10 13:39:33,774 INFO c.a.WebServer [pool-2-thread-2] Accept: image/avif,image/webp,image/apng,image/svg+xml,image/*,*/*;q=0.8
2024-12-10 13:39:33,774 INFO c.a.WebServer [pool-2-thread-2] Sec-Fetch-Site: same-origin
2024-12-10 13:39:33,774 INFO c.a.WebServer [pool-2-thread-2] Sec-Fetch-Mode: no-cors
2024-12-10 13:39:33,774 INFO c.a.WebServer [pool-2-thread-2] Sec-Fetch-Dest: image
2024-12-10 13:39:33,774 INFO c.a.WebServer [pool-2-thread-2] Referer: http://localhost:8051/qq
2024-12-10 13:39:33,778 INFO c.a.WebServer [pool-2-thread-2] Accept-Encoding: gzip, deflate, br, zstd
2024-12-10 13:39:33,778 INFO c.a.WebServer [pool-2-thread-2] Accept-Language: en-GB,en-US;q=0.9,en;q=0.8,tr;q=0.7
2024-12-10 13:39:33,778 INFO c.a.WebServer [pool-2-thread-2] Cookie: Idea-aafc98fb=658b0d5c-2bf3-4a86-9c32-a7b8839e4505; _ga=GA1.1.1641718334.1720546053; Webstorm-5dc34942=29b731fc-1c15-4de7-b819-1af49ebd48dc; Webstorm-5dc34943=a980352b-1e53-4f3a-8ec2-639d92bd913b; _ga_PQEYN9C3X3=GS1.1.1727763152.23.1.1727770904.0.0.0; userToken=4gwm3ynf98ttkn231id7e8; Webstorm-5dc34944=0e506670-c0d9-47ef-8e10-338374c3ae0e
2024-12-10 13:39:33,778 ERROR c.a.WebServer [pool-2-thread-2] Requested file size format is invalid.
2024-12-10 13:39:33,778 ERROR c.a.WebServer [pool-2-thread-2] Failed to parse the response size -1
2024-12-10 13:39:33,778 INFO c.a.WebServer [pool-2-thread-2] Sent response: HTTP/1.1 400 Bad Request with Content-Length: 182
2024-12-10 13:39:33,778 INFO c.a.WebServer [pool-2-thread-2] Connection closed
2024-12-10 13:39:41,882 INFO c.a.WebServer [pool-2-thread-2] 1 connection(s) active

2024-12-10 13:39:41,882 INFO c.a.WebServer [pool-2-thread-2] GET /20000 HTTP/1.1
2024-12-10 13:39:41,882 INFO c.a.WebServer [pool-2-thread-2] Host: localhost:8051
2024-12-10 13:39:41,882 INFO c.a.WebServer [pool-2-thread-2] Connection: keep-alive
2024-12-10 13:39:41,882 INFO c.a.WebServer [pool-2-thread-2] sec-ch-ua: "Google Chrome";v="131", "Chromium";v="131", "Not_A Brand";v="24"
2024-12-10 13:39:41,882 INFO c.a.WebServer [pool-2-thread-2] sec-ch-ua-mobile: ?0
2024-12-10 13:39:41,882 INFO c.a.WebServer [pool-2-thread-2] sec-ch-ua-platform: "Windows"
2024-12-10 13:39:41,882 INFO c.a.WebServer [pool-2-thread-2] Upgrade-Insecure-Requests: 1
2024-12-10 13:39:41,882 INFO c.a.WebServer [pool-2-thread-2] User-Agent: Mozilla/5.0 (Windows NT 10.0; Win64; x64) AppleWebKit/537.36 (KHTML, like Gecko) Chrome/131.0.0.0 Safari/537.36
2024-12-10 13:39:41,882 INFO c.a.WebServer [pool-2-thread-2] Accept: text/html,application/xhtml+xml,application/xml;q=0.9,image/avif,image/webp,image/apng,*/*;q=0.8,application/signed-exchange;v=b3;q=0.7
2024-12-10 13:39:41,882 INFO c.a.WebServer [pool-2-thread-2] Sec-Fetch-Site: none
2024-12-10 13:39:41,882 INFO c.a.WebServer [pool-2-thread-2] Sec-Fetch-Mode: navigate
2024-12-10 13:39:41,882 INFO c.a.WebServer [pool-2-thread-2] Sec-Fetch-User: ?1
2024-12-10 13:39:41,882 INFO c.a.WebServer [pool-2-thread-2] Sec-Fetch-Dest: document
2024-12-10 13:39:41,882 INFO c.a.WebServer [pool-2-thread-2] Accept-Encoding: gzip, deflate, br, zstd
2024-12-10 13:39:41,882 INFO c.a.WebServer [pool-2-thread-2] Accept-Language: en-GB,en-US;q=0.9,en;q=0.8,tr;q=0.7
2024-12-10 13:39:41,882 INFO c.a.WebServer [pool-2-thread-2] Cookie: Idea-aafc98fb=658b0d5c-2bf3-4a86-9c32-a7b8839e4505; _ga=GA1.1.1641718334.1720546053; Webstorm-5dc34942=29b731fc-1c15-4de7-b819-1af49ebd48dc; Webstorm-5dc34943=a980352b-1e53-4f3a-8ec2-639d92bd913b; _ga_PQEYN9C3X3=GS1.1.1727763152.23.1.1727770904.0.0.0; userToken=4gwm3ynf98ttkn231id7e8; Webstorm-5dc34944=0e506670-c0d9-47ef-8e10-338374c3ae0e
2024-12-10 13:39:41,882 INFO c.a.WebServer [pool-2-thread-1] 2 connection(s) active

2024-12-10 13:39:41,882 INFO c.a.WebServer [pool-2-thread-2] Sent response: HTTP/1.1 200 OK with Content-Length: 19994
2024-12-10 13:39:41,882 INFO c.a.WebServer [pool-2-thread-2] Connection closed
2024-12-10 13:39:43,157 INFO c.a.WebServer [pool-2-thread-1] GET /favicon.ico HTTP/1.1
2024-12-10 13:39:43,157 INFO c.a.WebServer [pool-2-thread-1] Host: localhost:8051
2024-12-10 13:39:43,157 INFO c.a.WebServer [pool-2-thread-1] Connection: keep-alive
2024-12-10 13:39:43,157 INFO c.a.WebServer [pool-2-thread-1] sec-ch-ua-platform: "Windows"
2024-12-10 13:39:43,157 INFO c.a.WebServer [pool-2-thread-1] User-Agent: Mozilla/5.0 (Windows NT 10.0; Win64; x64) AppleWebKit/537.36 (KHTML, like Gecko) Chrome/131.0.0.0 Safari/537.36
2024-12-10 13:39:43,157 INFO c.a.WebServer [pool-2-thread-1] sec-ch-ua: "Google Chrome";v="131", "Chromium";v="131", "Not_A Brand";v="24"
2024-12-10 13:39:43,157 INFO c.a.WebServer [pool-2-thread-1] sec-ch-ua-mobile: ?0
2024-12-10 13:39:43,157 INFO c.a.WebServer [pool-2-thread-1] Accept: image/avif,image/webp,image/apng,image/svg+xml,image/*,*/*;q=0.8
2024-12-10 13:39:43,160 INFO c.a.WebServer [pool-2-thread-1] Sec-Fetch-Site: same-origin
2024-12-10 13:39:43,160 INFO c.a.WebServer [pool-2-thread-1] Sec-Fetch-Mode: no-cors
2024-12-10 13:39:43,160 INFO c.a.WebServer [pool-2-thread-1] Sec-Fetch-Dest: image
2024-12-10 13:39:43,160 INFO c.a.WebServer [pool-2-thread-1] Referer: http://localhost:8051/20000
2024-12-10 13:39:43,160 INFO c.a.WebServer [pool-2-thread-1] Accept-Encoding: gzip, deflate, br, zstd
2024-12-10 13:39:43,160 INFO c.a.WebServer [pool-2-thread-1] Accept-Language: en-GB,en-US;q=0.9,en;q=0.8,tr;q=0.7
2024-12-10 13:39:43,160 INFO c.a.WebServer [pool-2-thread-1] Cookie: Idea-aafc98fb=658b0d5c-2bf3-4a86-9c32-a7b8839e4505; _ga=GA1.1.1641718334.1720546053; Webstorm-5dc34942=29b731fc-1c15-4de7-b819-1af49ebd48dc; Webstorm-5dc34943=a980352b-1e53-4f3a-8ec2-639d92bd913b; _ga_PQEYN9C3X3=GS1.1.1727763152.23.1.1727770904.0.0.0; userToken=4gwm3ynf98ttkn231id7e8; Webstorm-5dc34944=0e506670-c0d9-47ef-8e10-338374c3ae0e
2024-12-10 13:39:43,160 ERROR c.a.WebServer [pool-2-thread-1] Requested file size format is invalid.
2024-12-10 13:39:43,160 ERROR c.a.WebServer [pool-2-thread-1] Failed to parse the response size -1
2024-12-10 13:39:43,160 INFO c.a.WebServer [pool-2-thread-1] Sent response: HTTP/1.1 400 Bad Request with Content-Length: 182
2024-12-10 13:39:43,160 INFO c.a.WebServer [pool-2-thread-1] Connection closed
2024-12-10 13:39:45,467 INFO c.a.WebServer [pool-2-thread-1] 1 connection(s) active

2024-12-10 13:39:45,467 INFO c.a.WebServer [pool-2-thread-1] GET /20001 HTTP/1.1
2024-12-10 13:39:45,467 INFO c.a.WebServer [pool-2-thread-1] Host: localhost:8051
2024-12-10 13:39:45,467 INFO c.a.WebServer [pool-2-thread-1] Connection: keep-alive
2024-12-10 13:39:45,467 INFO c.a.WebServer [pool-2-thread-1] sec-ch-ua: "Google Chrome";v="131", "Chromium";v="131", "Not_A Brand";v="24"
2024-12-10 13:39:45,467 INFO c.a.WebServer [pool-2-thread-1] sec-ch-ua-mobile: ?0
2024-12-10 13:39:45,467 INFO c.a.WebServer [pool-2-thread-1] sec-ch-ua-platform: "Windows"
2024-12-10 13:39:45,467 INFO c.a.WebServer [pool-2-thread-1] Upgrade-Insecure-Requests: 1
2024-12-10 13:39:45,467 INFO c.a.WebServer [pool-2-thread-1] User-Agent: Mozilla/5.0 (Windows NT 10.0; Win64; x64) AppleWebKit/537.36 (KHTML, like Gecko) Chrome/131.0.0.0 Safari/537.36
2024-12-10 13:39:45,467 INFO c.a.WebServer [pool-2-thread-1] Accept: text/html,application/xhtml+xml,application/xml;q=0.9,image/avif,image/webp,image/apng,*/*;q=0.8,application/signed-exchange;v=b3;q=0.7
2024-12-10 13:39:45,467 INFO c.a.WebServer [pool-2-thread-1] Sec-Fetch-Site: none
2024-12-10 13:39:45,467 INFO c.a.WebServer [pool-2-thread-1] Sec-Fetch-Mode: navigate
2024-12-10 13:39:45,467 INFO c.a.WebServer [pool-2-thread-1] Sec-Fetch-User: ?1
2024-12-10 13:39:45,474 INFO c.a.WebServer [pool-2-thread-1] Sec-Fetch-Dest: document
2024-12-10 13:39:45,474 INFO c.a.WebServer [pool-2-thread-1] Accept-Encoding: gzip, deflate, br, zstd
2024-12-10 13:39:45,474 INFO c.a.WebServer [pool-2-thread-1] Accept-Language: en-GB,en-US;q=0.9,en;q=0.8,tr;q=0.7
2024-12-10 13:39:45,474 INFO c.a.WebServer [pool-2-thread-1] Cookie: Idea-aafc98fb=658b0d5c-2bf3-4a86-9c32-a7b8839e4505; _ga=GA1.1.1641718334.1720546053; Webstorm-5dc34942=29b731fc-1c15-4de7-b819-1af49ebd48dc; Webstorm-5dc34943=a980352b-1e53-4f3a-8ec2-639d92bd913b; _ga_PQEYN9C3X3=GS1.1.1727763152.23.1.1727770904.0.0.0; userToken=4gwm3ynf98ttkn231id7e8; Webstorm-5dc34944=0e506670-c0d9-47ef-8e10-338374c3ae0e
2024-12-10 13:39:45,474 ERROR c.a.WebServer [pool-2-thread-1] Requested file size is too large. Bad Request.
2024-12-10 13:39:45,474 ERROR c.a.WebServer [pool-2-thread-1] Requested file size: 20001
2024-12-10 13:39:45,474 INFO c.a.WebServer [pool-2-thread-1] Sent response: HTTP/1.1 400 Bad Request with Content-Length: 182
2024-12-10 13:39:45,474 INFO c.a.WebServer [pool-2-thread-2] 2 connection(s) active

2024-12-10 13:39:45,474 INFO c.a.WebServer [pool-2-thread-1] Connection closed
2024-12-10 13:39:46,877 INFO c.a.WebServer [pool-2-thread-2] GET /favicon.ico HTTP/1.1
2024-12-10 13:39:46,877 INFO c.a.WebServer [pool-2-thread-2] Host: localhost:8051
2024-12-10 13:39:46,877 INFO c.a.WebServer [pool-2-thread-2] Connection: keep-alive
2024-12-10 13:39:46,877 INFO c.a.WebServer [pool-2-thread-2] sec-ch-ua-platform: "Windows"
2024-12-10 13:39:46,890 INFO c.a.WebServer [pool-2-thread-2] User-Agent: Mozilla/5.0 (Windows NT 10.0; Win64; x64) AppleWebKit/537.36 (KHTML, like Gecko) Chrome/131.0.0.0 Safari/537.36
2024-12-10 13:39:46,890 INFO c.a.WebServer [pool-2-thread-2] sec-ch-ua: "Google Chrome";v="131", "Chromium";v="131", "Not_A Brand";v="24"
2024-12-10 13:39:46,890 INFO c.a.WebServer [pool-2-thread-2] sec-ch-ua-mobile: ?0
2024-12-10 13:39:46,890 INFO c.a.WebServer [pool-2-thread-2] Accept: image/avif,image/webp,image/apng,image/svg+xml,image/*,*/*;q=0.8
2024-12-10 13:39:46,890 INFO c.a.WebServer [pool-2-thread-2] Sec-Fetch-Site: same-origin
2024-12-10 13:39:46,890 INFO c.a.WebServer [pool-2-thread-2] Sec-Fetch-Mode: no-cors
2024-12-10 13:39:46,890 INFO c.a.WebServer [pool-2-thread-2] Sec-Fetch-Dest: image
2024-12-10 13:39:46,892 INFO c.a.WebServer [pool-2-thread-2] Referer: http://localhost:8051/20001
2024-12-10 13:39:46,892 INFO c.a.WebServer [pool-2-thread-2] Accept-Encoding: gzip, deflate, br, zstd
2024-12-10 13:39:46,892 INFO c.a.WebServer [pool-2-thread-2] Accept-Language: en-GB,en-US;q=0.9,en;q=0.8,tr;q=0.7
2024-12-10 13:39:46,892 INFO c.a.WebServer [pool-2-thread-2] Cookie: Idea-aafc98fb=658b0d5c-2bf3-4a86-9c32-a7b8839e4505; _ga=GA1.1.1641718334.1720546053; Webstorm-5dc34942=29b731fc-1c15-4de7-b819-1af49ebd48dc; Webstorm-5dc34943=a980352b-1e53-4f3a-8ec2-639d92bd913b; _ga_PQEYN9C3X3=GS1.1.1727763152.23.1.1727770904.0.0.0; userToken=4gwm3ynf98ttkn231id7e8; Webstorm-5dc34944=0e506670-c0d9-47ef-8e10-338374c3ae0e
2024-12-10 13:39:46,892 ERROR c.a.WebServer [pool-2-thread-2] Requested file size format is invalid.
2024-12-10 13:39:46,892 ERROR c.a.WebServer [pool-2-thread-2] Failed to parse the response size -1
2024-12-10 13:39:46,892 INFO c.a.WebServer [pool-2-thread-2] Sent response: HTTP/1.1 400 Bad Request with Content-Length: 182
2024-12-10 13:39:46,892 INFO c.a.WebServer [pool-2-thread-2] Connection closed
2024-12-10 13:39:54,532 INFO c.a.WebServer [pool-2-thread-2] 1 connection(s) active

2024-12-10 13:39:54,532 INFO c.a.WebServer [pool-2-thread-1] 2 connection(s) active

2024-12-10 13:39:54,535 INFO c.a.WebServer [pool-2-thread-2] GET /9999999 HTTP/1.1
2024-12-10 13:39:54,543 INFO c.a.WebServer [pool-2-thread-2] Host: localhost:8051
2024-12-10 13:39:54,543 INFO c.a.WebServer [pool-2-thread-2] Connection: keep-alive
2024-12-10 13:39:54,543 INFO c.a.WebServer [pool-2-thread-2] sec-ch-ua: "Google Chrome";v="131", "Chromium";v="131", "Not_A Brand";v="24"
2024-12-10 13:39:54,543 INFO c.a.WebServer [pool-2-thread-2] sec-ch-ua-mobile: ?0
2024-12-10 13:39:54,543 INFO c.a.WebServer [pool-2-thread-2] sec-ch-ua-platform: "Windows"
2024-12-10 13:39:54,543 INFO c.a.WebServer [pool-2-thread-2] Upgrade-Insecure-Requests: 1
2024-12-10 13:39:54,543 INFO c.a.WebServer [pool-2-thread-2] User-Agent: Mozilla/5.0 (Windows NT 10.0; Win64; x64) AppleWebKit/537.36 (KHTML, like Gecko) Chrome/131.0.0.0 Safari/537.36
2024-12-10 13:39:54,543 INFO c.a.WebServer [pool-2-thread-2] Accept: text/html,application/xhtml+xml,application/xml;q=0.9,image/avif,image/webp,image/apng,*/*;q=0.8,application/signed-exchange;v=b3;q=0.7
2024-12-10 13:39:54,543 INFO c.a.WebServer [pool-2-thread-2] Sec-Fetch-Site: none
2024-12-10 13:39:54,543 INFO c.a.WebServer [pool-2-thread-2] Sec-Fetch-Mode: navigate
2024-12-10 13:39:54,543 INFO c.a.WebServer [pool-2-thread-2] Sec-Fetch-User: ?1
2024-12-10 13:39:54,543 INFO c.a.WebServer [pool-2-thread-2] Sec-Fetch-Dest: document
2024-12-10 13:39:54,543 INFO c.a.WebServer [pool-2-thread-2] Accept-Encoding: gzip, deflate, br, zstd
2024-12-10 13:39:54,543 INFO c.a.WebServer [pool-2-thread-2] Accept-Language: en-GB,en-US;q=0.9,en;q=0.8,tr;q=0.7
2024-12-10 13:39:54,543 INFO c.a.WebServer [pool-2-thread-2] Cookie: Idea-aafc98fb=658b0d5c-2bf3-4a86-9c32-a7b8839e4505; _ga=GA1.1.1641718334.1720546053; Webstorm-5dc34942=29b731fc-1c15-4de7-b819-1af49ebd48dc; Webstorm-5dc34943=a980352b-1e53-4f3a-8ec2-639d92bd913b; _ga_PQEYN9C3X3=GS1.1.1727763152.23.1.1727770904.0.0.0; userToken=4gwm3ynf98ttkn231id7e8; Webstorm-5dc34944=0e506670-c0d9-47ef-8e10-338374c3ae0e
2024-12-10 13:39:54,543 ERROR c.a.WebServer [pool-2-thread-2] Requested file size is too large. Bad Request.
2024-12-10 13:39:54,543 ERROR c.a.WebServer [pool-2-thread-2] Requested file size: 9999999
2024-12-10 13:39:54,543 ERROR c.a.WebServer [pool-2-thread-2] Failed to parse the response size -1
2024-12-10 13:39:54,543 INFO c.a.WebServer [pool-2-thread-2] Sent response: HTTP/1.1 400 Bad Request with Content-Length: 182
2024-12-10 13:39:54,543 INFO c.a.WebServer [pool-2-thread-2] Connection closed
2024-12-10 13:39:56,073 INFO c.a.WebServer [pool-2-thread-1] GET /favicon.ico HTTP/1.1
2024-12-10 13:39:56,073 INFO c.a.WebServer [pool-2-thread-1] Host: localhost:8051
2024-12-10 13:39:56,073 INFO c.a.WebServer [pool-2-thread-1] Connection: keep-alive
2024-12-10 13:39:56,073 INFO c.a.WebServer [pool-2-thread-1] sec-ch-ua-platform: "Windows"
2024-12-10 13:39:56,073 INFO c.a.WebServer [pool-2-thread-1] User-Agent: Mozilla/5.0 (Windows NT 10.0; Win64; x64) AppleWebKit/537.36 (KHTML, like Gecko) Chrome/131.0.0.0 Safari/537.36
2024-12-10 13:39:56,073 INFO c.a.WebServer [pool-2-thread-1] sec-ch-ua: "Google Chrome";v="131", "Chromium";v="131", "Not_A Brand";v="24"
2024-12-10 13:39:56,073 INFO c.a.WebServer [pool-2-thread-1] sec-ch-ua-mobile: ?0
2024-12-10 13:39:56,073 INFO c.a.WebServer [pool-2-thread-1] Accept: image/avif,image/webp,image/apng,image/svg+xml,image/*,*/*;q=0.8
2024-12-10 13:39:56,073 INFO c.a.WebServer [pool-2-thread-1] Sec-Fetch-Site: same-origin
2024-12-10 13:39:56,073 INFO c.a.WebServer [pool-2-thread-1] Sec-Fetch-Mode: no-cors
2024-12-10 13:39:56,073 INFO c.a.WebServer [pool-2-thread-1] Sec-Fetch-Dest: image
2024-12-10 13:39:56,073 INFO c.a.WebServer [pool-2-thread-1] Referer: http://localhost:8051/9999999
2024-12-10 13:39:56,073 INFO c.a.WebServer [pool-2-thread-1] Accept-Encoding: gzip, deflate, br, zstd
2024-12-10 13:39:56,073 INFO c.a.WebServer [pool-2-thread-1] Accept-Language: en-GB,en-US;q=0.9,en;q=0.8,tr;q=0.7
2024-12-10 13:39:56,073 INFO c.a.WebServer [pool-2-thread-1] Cookie: Idea-aafc98fb=658b0d5c-2bf3-4a86-9c32-a7b8839e4505; _ga=GA1.1.1641718334.1720546053; Webstorm-5dc34942=29b731fc-1c15-4de7-b819-1af49ebd48dc; Webstorm-5dc34943=a980352b-1e53-4f3a-8ec2-639d92bd913b; _ga_PQEYN9C3X3=GS1.1.1727763152.23.1.1727770904.0.0.0; userToken=4gwm3ynf98ttkn231id7e8; Webstorm-5dc34944=0e506670-c0d9-47ef-8e10-338374c3ae0e
2024-12-10 13:39:56,073 ERROR c.a.WebServer [pool-2-thread-1] Requested file size format is invalid.
2024-12-10 13:39:56,073 ERROR c.a.WebServer [pool-2-thread-1] Failed to parse the response size -1
2024-12-10 13:39:56,082 INFO c.a.WebServer [pool-2-thread-1] Sent response: HTTP/1.1 400 Bad Request with Content-Length: 182
2024-12-10 13:39:56,082 INFO c.a.WebServer [pool-2-thread-1] Connection closed
