2024-12-10 13:33:33,580 INFO c.a.WebServer [main]  :: HTTP Server :: Gültekin, Eren & Vatansever :: v1.0 ::
2024-12-10 13:33:33,588 INFO c.a.WebServer [main] Starting HTTPServer on localhost with PID 14120
2024-12-10 13:33:33,589 INFO c.a.WebServer [main] Application is powered by the genius of Gültekin, Eren and Vatansever
2024-12-10 13:33:33,592 INFO c.a.WebServer [main] Server created on port 8051
2024-12-10 13:33:33,593 INFO c.a.WebServer [main] Server started on port 8051
2024-12-10 13:33:42,256 INFO c.a.WebServer [pool-2-thread-2] 2 connection(s) active

2024-12-10 13:33:42,256 INFO c.a.WebServer [pool-2-thread-1] 2 connection(s) active

2024-12-10 13:33:42,256 INFO c.a.WebServer [pool-2-thread-1] GET /99 HTTP/1.1
2024-12-10 13:33:42,256 INFO c.a.WebServer [pool-2-thread-1] Host: localhost:8051
2024-12-10 13:33:42,256 INFO c.a.WebServer [pool-2-thread-1] Connection: keep-alive
2024-12-10 13:33:42,256 INFO c.a.WebServer [pool-2-thread-1] sec-ch-ua: "Google Chrome";v="131", "Chromium";v="131", "Not_A Brand";v="24"
2024-12-10 13:33:42,256 INFO c.a.WebServer [pool-2-thread-1] sec-ch-ua-mobile: ?0
2024-12-10 13:33:42,256 INFO c.a.WebServer [pool-2-thread-1] sec-ch-ua-platform: "Windows"
2024-12-10 13:33:42,256 INFO c.a.WebServer [pool-2-thread-1] Upgrade-Insecure-Requests: 1
2024-12-10 13:33:42,270 INFO c.a.WebServer [pool-2-thread-1] User-Agent: Mozilla/5.0 (Windows NT 10.0; Win64; x64) AppleWebKit/537.36 (KHTML, like Gecko) Chrome/131.0.0.0 Safari/537.36
2024-12-10 13:33:42,270 INFO c.a.WebServer [pool-2-thread-1] Accept: text/html,application/xhtml+xml,application/xml;q=0.9,image/avif,image/webp,image/apng,*/*;q=0.8,application/signed-exchange;v=b3;q=0.7
2024-12-10 13:33:42,270 INFO c.a.WebServer [pool-2-thread-1] Sec-Fetch-Site: none
2024-12-10 13:33:42,270 INFO c.a.WebServer [pool-2-thread-1] Sec-Fetch-Mode: navigate
2024-12-10 13:33:42,273 INFO c.a.WebServer [pool-2-thread-1] Sec-Fetch-User: ?1
2024-12-10 13:33:42,273 INFO c.a.WebServer [pool-2-thread-1] Sec-Fetch-Dest: document
2024-12-10 13:33:42,273 INFO c.a.WebServer [pool-2-thread-1] Accept-Encoding: gzip, deflate, br, zstd
2024-12-10 13:33:42,274 INFO c.a.WebServer [pool-2-thread-1] Accept-Language: en-GB,en-US;q=0.9,en;q=0.8,tr;q=0.7
2024-12-10 13:33:42,274 INFO c.a.WebServer [pool-2-thread-1] Cookie: Idea-aafc98fb=658b0d5c-2bf3-4a86-9c32-a7b8839e4505; _ga=GA1.1.1641718334.1720546053; Webstorm-5dc34942=29b731fc-1c15-4de7-b819-1af49ebd48dc; Webstorm-5dc34943=a980352b-1e53-4f3a-8ec2-639d92bd913b; _ga_PQEYN9C3X3=GS1.1.1727763152.23.1.1727770904.0.0.0; userToken=4gwm3ynf98ttkn231id7e8; Webstorm-5dc34944=0e506670-c0d9-47ef-8e10-338374c3ae0e
2024-12-10 13:33:42,274 ERROR c.a.WebServer [pool-2-thread-1] Requested file size is too small. Bad Request.
2024-12-10 13:33:42,274 ERROR c.a.WebServer [pool-2-thread-1] Requested file size: 99
2024-12-10 13:33:42,274 INFO c.a.WebServer [pool-2-thread-1] Sent response: HTTP/1.1 400 Bad Request with Content-Length: 182
2024-12-10 13:33:42,274 INFO c.a.WebServer [pool-2-thread-1] Connection closed
2024-12-10 13:33:44,074 INFO c.a.WebServer [pool-2-thread-2] GET /favicon.ico HTTP/1.1
2024-12-10 13:33:44,074 INFO c.a.WebServer [pool-2-thread-2] Host: localhost:8051
2024-12-10 13:33:44,074 INFO c.a.WebServer [pool-2-thread-2] Connection: keep-alive
2024-12-10 13:33:44,074 INFO c.a.WebServer [pool-2-thread-2] sec-ch-ua-platform: "Windows"
2024-12-10 13:33:44,074 INFO c.a.WebServer [pool-2-thread-2] User-Agent: Mozilla/5.0 (Windows NT 10.0; Win64; x64) AppleWebKit/537.36 (KHTML, like Gecko) Chrome/131.0.0.0 Safari/537.36
2024-12-10 13:33:44,074 INFO c.a.WebServer [pool-2-thread-2] sec-ch-ua: "Google Chrome";v="131", "Chromium";v="131", "Not_A Brand";v="24"
2024-12-10 13:33:44,074 INFO c.a.WebServer [pool-2-thread-2] sec-ch-ua-mobile: ?0
2024-12-10 13:33:44,081 INFO c.a.WebServer [pool-2-thread-2] Accept: image/avif,image/webp,image/apng,image/svg+xml,image/*,*/*;q=0.8
2024-12-10 13:33:44,081 INFO c.a.WebServer [pool-2-thread-2] Sec-Fetch-Site: same-origin
2024-12-10 13:33:44,081 INFO c.a.WebServer [pool-2-thread-2] Sec-Fetch-Mode: no-cors
2024-12-10 13:33:44,082 INFO c.a.WebServer [pool-2-thread-2] Sec-Fetch-Dest: image
2024-12-10 13:33:44,082 INFO c.a.WebServer [pool-2-thread-2] Referer: http://localhost:8051/99
2024-12-10 13:33:44,082 INFO c.a.WebServer [pool-2-thread-2] Accept-Encoding: gzip, deflate, br, zstd
2024-12-10 13:33:44,082 INFO c.a.WebServer [pool-2-thread-2] Accept-Language: en-GB,en-US;q=0.9,en;q=0.8,tr;q=0.7
2024-12-10 13:33:44,082 INFO c.a.WebServer [pool-2-thread-2] Cookie: Idea-aafc98fb=658b0d5c-2bf3-4a86-9c32-a7b8839e4505; _ga=GA1.1.1641718334.1720546053; Webstorm-5dc34942=29b731fc-1c15-4de7-b819-1af49ebd48dc; Webstorm-5dc34943=a980352b-1e53-4f3a-8ec2-639d92bd913b; _ga_PQEYN9C3X3=GS1.1.1727763152.23.1.1727770904.0.0.0; userToken=4gwm3ynf98ttkn231id7e8; Webstorm-5dc34944=0e506670-c0d9-47ef-8e10-338374c3ae0e
2024-12-10 13:33:44,082 ERROR c.a.WebServer [pool-2-thread-2] Requested file size format is invalid.
2024-12-10 13:33:44,082 ERROR c.a.WebServer [pool-2-thread-2] Failed to send the response on port 60359
2024-12-10 13:33:44,082 ERROR c.a.WebServer [pool-2-thread-2] For input string: "favicon.ico"
2024-12-10 13:33:44,082 INFO c.a.WebServer [pool-2-thread-2] Connection closed
2024-12-10 13:33:44,082 INFO c.a.WebServer [pool-2-thread-2] 1 connection(s) active

2024-12-10 13:33:44,082 INFO c.a.WebServer [pool-2-thread-2] GET /favicon.ico HTTP/1.1
2024-12-10 13:33:44,082 INFO c.a.WebServer [pool-2-thread-2] Host: localhost:8051
2024-12-10 13:33:44,082 INFO c.a.WebServer [pool-2-thread-2] Connection: keep-alive
2024-12-10 13:33:44,082 INFO c.a.WebServer [pool-2-thread-2] sec-ch-ua-platform: "Windows"
2024-12-10 13:33:44,089 INFO c.a.WebServer [pool-2-thread-2] User-Agent: Mozilla/5.0 (Windows NT 10.0; Win64; x64) AppleWebKit/537.36 (KHTML, like Gecko) Chrome/131.0.0.0 Safari/537.36
2024-12-10 13:33:44,089 INFO c.a.WebServer [pool-2-thread-2] sec-ch-ua: "Google Chrome";v="131", "Chromium";v="131", "Not_A Brand";v="24"
2024-12-10 13:33:44,089 INFO c.a.WebServer [pool-2-thread-2] sec-ch-ua-mobile: ?0
2024-12-10 13:33:44,089 INFO c.a.WebServer [pool-2-thread-2] Accept: image/avif,image/webp,image/apng,image/svg+xml,image/*,*/*;q=0.8
2024-12-10 13:33:44,089 INFO c.a.WebServer [pool-2-thread-2] Sec-Fetch-Site: same-origin
2024-12-10 13:33:44,089 INFO c.a.WebServer [pool-2-thread-2] Sec-Fetch-Mode: no-cors
2024-12-10 13:33:44,089 INFO c.a.WebServer [pool-2-thread-2] Sec-Fetch-Dest: image
2024-12-10 13:33:44,089 INFO c.a.WebServer [pool-2-thread-2] Referer: http://localhost:8051/99
2024-12-10 13:33:44,089 INFO c.a.WebServer [pool-2-thread-2] Accept-Encoding: gzip, deflate, br, zstd
2024-12-10 13:33:44,089 INFO c.a.WebServer [pool-2-thread-2] Accept-Language: en-GB,en-US;q=0.9,en;q=0.8,tr;q=0.7
2024-12-10 13:33:44,092 INFO c.a.WebServer [pool-2-thread-2] Cookie: Idea-aafc98fb=658b0d5c-2bf3-4a86-9c32-a7b8839e4505; _ga=GA1.1.1641718334.1720546053; Webstorm-5dc34942=29b731fc-1c15-4de7-b819-1af49ebd48dc; Webstorm-5dc34943=a980352b-1e53-4f3a-8ec2-639d92bd913b; _ga_PQEYN9C3X3=GS1.1.1727763152.23.1.1727770904.0.0.0; userToken=4gwm3ynf98ttkn231id7e8; Webstorm-5dc34944=0e506670-c0d9-47ef-8e10-338374c3ae0e
2024-12-10 13:33:44,092 ERROR c.a.WebServer [pool-2-thread-2] Requested file size format is invalid.
2024-12-10 13:33:44,092 ERROR c.a.WebServer [pool-2-thread-2] Failed to send the response on port 60364
2024-12-10 13:33:44,092 ERROR c.a.WebServer [pool-2-thread-2] For input string: "favicon.ico"
2024-12-10 13:33:44,092 INFO c.a.WebServer [pool-2-thread-2] Connection closed
2024-12-10 13:33:48,017 INFO c.a.WebServer [pool-2-thread-2] 1 connection(s) active

2024-12-10 13:33:48,019 INFO c.a.WebServer [pool-2-thread-1] 2 connection(s) active

2024-12-10 13:33:48,044 INFO c.a.WebServer [pool-2-thread-2] GET /100 HTTP/1.1
2024-12-10 13:33:48,044 INFO c.a.WebServer [pool-2-thread-2] Host: localhost:8051
2024-12-10 13:33:48,048 INFO c.a.WebServer [pool-2-thread-2] Connection: keep-alive
2024-12-10 13:33:48,048 INFO c.a.WebServer [pool-2-thread-2] sec-ch-ua: "Google Chrome";v="131", "Chromium";v="131", "Not_A Brand";v="24"
2024-12-10 13:33:48,048 INFO c.a.WebServer [pool-2-thread-2] sec-ch-ua-mobile: ?0
2024-12-10 13:33:48,048 INFO c.a.WebServer [pool-2-thread-2] sec-ch-ua-platform: "Windows"
2024-12-10 13:33:48,048 INFO c.a.WebServer [pool-2-thread-2] Upgrade-Insecure-Requests: 1
2024-12-10 13:33:48,048 INFO c.a.WebServer [pool-2-thread-2] User-Agent: Mozilla/5.0 (Windows NT 10.0; Win64; x64) AppleWebKit/537.36 (KHTML, like Gecko) Chrome/131.0.0.0 Safari/537.36
2024-12-10 13:33:48,048 INFO c.a.WebServer [pool-2-thread-2] Accept: text/html,application/xhtml+xml,application/xml;q=0.9,image/avif,image/webp,image/apng,*/*;q=0.8,application/signed-exchange;v=b3;q=0.7
2024-12-10 13:33:48,048 INFO c.a.WebServer [pool-2-thread-2] Sec-Fetch-Site: none
2024-12-10 13:33:48,048 INFO c.a.WebServer [pool-2-thread-2] Sec-Fetch-Mode: navigate
2024-12-10 13:33:48,048 INFO c.a.WebServer [pool-2-thread-2] Sec-Fetch-User: ?1
2024-12-10 13:33:48,048 INFO c.a.WebServer [pool-2-thread-2] Sec-Fetch-Dest: document
2024-12-10 13:33:48,048 INFO c.a.WebServer [pool-2-thread-2] Accept-Encoding: gzip, deflate, br, zstd
2024-12-10 13:33:48,048 INFO c.a.WebServer [pool-2-thread-2] Accept-Language: en-GB,en-US;q=0.9,en;q=0.8,tr;q=0.7
2024-12-10 13:33:48,052 INFO c.a.WebServer [pool-2-thread-2] Cookie: Idea-aafc98fb=658b0d5c-2bf3-4a86-9c32-a7b8839e4505; _ga=GA1.1.1641718334.1720546053; Webstorm-5dc34942=29b731fc-1c15-4de7-b819-1af49ebd48dc; Webstorm-5dc34943=a980352b-1e53-4f3a-8ec2-639d92bd913b; _ga_PQEYN9C3X3=GS1.1.1727763152.23.1.1727770904.0.0.0; userToken=4gwm3ynf98ttkn231id7e8; Webstorm-5dc34944=0e506670-c0d9-47ef-8e10-338374c3ae0e
2024-12-10 13:33:48,052 INFO c.a.WebServer [pool-2-thread-2] Sent response: HTTP/1.1 200 OK with Content-Length: 94
2024-12-10 13:33:48,052 INFO c.a.WebServer [pool-2-thread-2] Connection closed
2024-12-10 13:33:49,782 INFO c.a.WebServer [pool-2-thread-1] GET /favicon.ico HTTP/1.1
2024-12-10 13:33:49,782 INFO c.a.WebServer [pool-2-thread-1] Host: localhost:8051
2024-12-10 13:33:49,782 INFO c.a.WebServer [pool-2-thread-1] Connection: keep-alive
2024-12-10 13:33:49,782 INFO c.a.WebServer [pool-2-thread-1] sec-ch-ua-platform: "Windows"
2024-12-10 13:33:49,782 INFO c.a.WebServer [pool-2-thread-1] User-Agent: Mozilla/5.0 (Windows NT 10.0; Win64; x64) AppleWebKit/537.36 (KHTML, like Gecko) Chrome/131.0.0.0 Safari/537.36
2024-12-10 13:33:49,782 INFO c.a.WebServer [pool-2-thread-1] sec-ch-ua: "Google Chrome";v="131", "Chromium";v="131", "Not_A Brand";v="24"
2024-12-10 13:33:49,782 INFO c.a.WebServer [pool-2-thread-1] sec-ch-ua-mobile: ?0
2024-12-10 13:33:49,782 INFO c.a.WebServer [pool-2-thread-1] Accept: image/avif,image/webp,image/apng,image/svg+xml,image/*,*/*;q=0.8
2024-12-10 13:33:49,782 INFO c.a.WebServer [pool-2-thread-1] Sec-Fetch-Site: same-origin
2024-12-10 13:33:49,782 INFO c.a.WebServer [pool-2-thread-1] Sec-Fetch-Mode: no-cors
2024-12-10 13:33:49,782 INFO c.a.WebServer [pool-2-thread-1] Sec-Fetch-Dest: image
2024-12-10 13:33:49,782 INFO c.a.WebServer [pool-2-thread-1] Referer: http://localhost:8051/100
2024-12-10 13:33:49,782 INFO c.a.WebServer [pool-2-thread-1] Accept-Encoding: gzip, deflate, br, zstd
2024-12-10 13:33:49,782 INFO c.a.WebServer [pool-2-thread-1] Accept-Language: en-GB,en-US;q=0.9,en;q=0.8,tr;q=0.7
2024-12-10 13:33:49,782 INFO c.a.WebServer [pool-2-thread-1] Cookie: Idea-aafc98fb=658b0d5c-2bf3-4a86-9c32-a7b8839e4505; _ga=GA1.1.1641718334.1720546053; Webstorm-5dc34942=29b731fc-1c15-4de7-b819-1af49ebd48dc; Webstorm-5dc34943=a980352b-1e53-4f3a-8ec2-639d92bd913b; _ga_PQEYN9C3X3=GS1.1.1727763152.23.1.1727770904.0.0.0; userToken=4gwm3ynf98ttkn231id7e8; Webstorm-5dc34944=0e506670-c0d9-47ef-8e10-338374c3ae0e
2024-12-10 13:33:49,782 ERROR c.a.WebServer [pool-2-thread-1] Requested file size format is invalid.
2024-12-10 13:33:49,782 ERROR c.a.WebServer [pool-2-thread-1] Failed to send the response on port 60368
2024-12-10 13:33:49,789 ERROR c.a.WebServer [pool-2-thread-1] For input string: "favicon.ico"
2024-12-10 13:33:49,789 INFO c.a.WebServer [pool-2-thread-1] Connection closed
2024-12-10 13:33:49,790 INFO c.a.WebServer [pool-2-thread-1] 1 connection(s) active

2024-12-10 13:33:49,790 INFO c.a.WebServer [pool-2-thread-1] GET /favicon.ico HTTP/1.1
2024-12-10 13:33:49,790 INFO c.a.WebServer [pool-2-thread-1] Host: localhost:8051
2024-12-10 13:33:49,790 INFO c.a.WebServer [pool-2-thread-1] Connection: keep-alive
2024-12-10 13:33:49,790 INFO c.a.WebServer [pool-2-thread-1] sec-ch-ua-platform: "Windows"
2024-12-10 13:33:49,790 INFO c.a.WebServer [pool-2-thread-1] User-Agent: Mozilla/5.0 (Windows NT 10.0; Win64; x64) AppleWebKit/537.36 (KHTML, like Gecko) Chrome/131.0.0.0 Safari/537.36
2024-12-10 13:33:49,790 INFO c.a.WebServer [pool-2-thread-1] sec-ch-ua: "Google Chrome";v="131", "Chromium";v="131", "Not_A Brand";v="24"
2024-12-10 13:33:49,790 INFO c.a.WebServer [pool-2-thread-1] sec-ch-ua-mobile: ?0
2024-12-10 13:33:49,790 INFO c.a.WebServer [pool-2-thread-1] Accept: image/avif,image/webp,image/apng,image/svg+xml,image/*,*/*;q=0.8
2024-12-10 13:33:49,790 INFO c.a.WebServer [pool-2-thread-1] Sec-Fetch-Site: same-origin
2024-12-10 13:33:49,790 INFO c.a.WebServer [pool-2-thread-1] Sec-Fetch-Mode: no-cors
2024-12-10 13:33:49,790 INFO c.a.WebServer [pool-2-thread-1] Sec-Fetch-Dest: image
2024-12-10 13:33:49,790 INFO c.a.WebServer [pool-2-thread-1] Referer: http://localhost:8051/100
2024-12-10 13:33:49,790 INFO c.a.WebServer [pool-2-thread-1] Accept-Encoding: gzip, deflate, br, zstd
2024-12-10 13:33:49,790 INFO c.a.WebServer [pool-2-thread-1] Accept-Language: en-GB,en-US;q=0.9,en;q=0.8,tr;q=0.7
2024-12-10 13:33:49,790 INFO c.a.WebServer [pool-2-thread-1] Cookie: Idea-aafc98fb=658b0d5c-2bf3-4a86-9c32-a7b8839e4505; _ga=GA1.1.1641718334.1720546053; Webstorm-5dc34942=29b731fc-1c15-4de7-b819-1af49ebd48dc; Webstorm-5dc34943=a980352b-1e53-4f3a-8ec2-639d92bd913b; _ga_PQEYN9C3X3=GS1.1.1727763152.23.1.1727770904.0.0.0; userToken=4gwm3ynf98ttkn231id7e8; Webstorm-5dc34944=0e506670-c0d9-47ef-8e10-338374c3ae0e
2024-12-10 13:33:49,790 ERROR c.a.WebServer [pool-2-thread-1] Requested file size format is invalid.
2024-12-10 13:33:49,790 ERROR c.a.WebServer [pool-2-thread-1] Failed to send the response on port 60370
2024-12-10 13:33:49,790 ERROR c.a.WebServer [pool-2-thread-1] For input string: "favicon.ico"
2024-12-10 13:33:49,790 INFO c.a.WebServer [pool-2-thread-1] Connection closed
2024-12-10 13:33:56,725 INFO c.a.WebServer [pool-2-thread-1] 1 connection(s) active

2024-12-10 13:33:56,725 INFO c.a.WebServer [pool-2-thread-1] GET /19999 HTTP/1.1
2024-12-10 13:33:56,726 INFO c.a.WebServer [pool-2-thread-1] Host: localhost:8051
2024-12-10 13:33:56,726 INFO c.a.WebServer [pool-2-thread-1] Connection: keep-alive
2024-12-10 13:33:56,727 INFO c.a.WebServer [pool-2-thread-1] sec-ch-ua: "Google Chrome";v="131", "Chromium";v="131", "Not_A Brand";v="24"
2024-12-10 13:33:56,727 INFO c.a.WebServer [pool-2-thread-1] sec-ch-ua-mobile: ?0
2024-12-10 13:33:56,727 INFO c.a.WebServer [pool-2-thread-1] sec-ch-ua-platform: "Windows"
2024-12-10 13:33:56,727 INFO c.a.WebServer [pool-2-thread-1] Upgrade-Insecure-Requests: 1
2024-12-10 13:33:56,727 INFO c.a.WebServer [pool-2-thread-1] User-Agent: Mozilla/5.0 (Windows NT 10.0; Win64; x64) AppleWebKit/537.36 (KHTML, like Gecko) Chrome/131.0.0.0 Safari/537.36
2024-12-10 13:33:56,728 INFO c.a.WebServer [pool-2-thread-1] Accept: text/html,application/xhtml+xml,application/xml;q=0.9,image/avif,image/webp,image/apng,*/*;q=0.8,application/signed-exchange;v=b3;q=0.7
2024-12-10 13:33:56,728 INFO c.a.WebServer [pool-2-thread-1] Sec-Fetch-Site: none
2024-12-10 13:33:56,728 INFO c.a.WebServer [pool-2-thread-1] Sec-Fetch-Mode: navigate
2024-12-10 13:33:56,728 INFO c.a.WebServer [pool-2-thread-1] Sec-Fetch-User: ?1
2024-12-10 13:33:56,728 INFO c.a.WebServer [pool-2-thread-2] 2 connection(s) active

2024-12-10 13:33:56,729 INFO c.a.WebServer [pool-2-thread-1] Sec-Fetch-Dest: document
2024-12-10 13:33:56,729 INFO c.a.WebServer [pool-2-thread-1] Accept-Encoding: gzip, deflate, br, zstd
2024-12-10 13:33:56,729 INFO c.a.WebServer [pool-2-thread-1] Accept-Language: en-GB,en-US;q=0.9,en;q=0.8,tr;q=0.7
2024-12-10 13:33:56,729 INFO c.a.WebServer [pool-2-thread-1] Cookie: Idea-aafc98fb=658b0d5c-2bf3-4a86-9c32-a7b8839e4505; _ga=GA1.1.1641718334.1720546053; Webstorm-5dc34942=29b731fc-1c15-4de7-b819-1af49ebd48dc; Webstorm-5dc34943=a980352b-1e53-4f3a-8ec2-639d92bd913b; _ga_PQEYN9C3X3=GS1.1.1727763152.23.1.1727770904.0.0.0; userToken=4gwm3ynf98ttkn231id7e8; Webstorm-5dc34944=0e506670-c0d9-47ef-8e10-338374c3ae0e
2024-12-10 13:33:56,734 INFO c.a.WebServer [pool-2-thread-1] Sent response: HTTP/1.1 200 OK with Content-Length: 19993
2024-12-10 13:33:56,734 INFO c.a.WebServer [pool-2-thread-1] Connection closed
2024-12-10 13:33:58,439 INFO c.a.WebServer [pool-2-thread-2] GET /favicon.ico HTTP/1.1
2024-12-10 13:33:58,440 INFO c.a.WebServer [pool-2-thread-2] Host: localhost:8051
2024-12-10 13:33:58,440 INFO c.a.WebServer [pool-2-thread-2] Connection: keep-alive
2024-12-10 13:33:58,440 INFO c.a.WebServer [pool-2-thread-2] sec-ch-ua-platform: "Windows"
2024-12-10 13:33:58,440 INFO c.a.WebServer [pool-2-thread-2] User-Agent: Mozilla/5.0 (Windows NT 10.0; Win64; x64) AppleWebKit/537.36 (KHTML, like Gecko) Chrome/131.0.0.0 Safari/537.36
2024-12-10 13:33:58,440 INFO c.a.WebServer [pool-2-thread-2] sec-ch-ua: "Google Chrome";v="131", "Chromium";v="131", "Not_A Brand";v="24"
2024-12-10 13:33:58,440 INFO c.a.WebServer [pool-2-thread-2] sec-ch-ua-mobile: ?0
2024-12-10 13:33:58,440 INFO c.a.WebServer [pool-2-thread-2] Accept: image/avif,image/webp,image/apng,image/svg+xml,image/*,*/*;q=0.8
2024-12-10 13:33:58,440 INFO c.a.WebServer [pool-2-thread-2] Sec-Fetch-Site: same-origin
2024-12-10 13:33:58,440 INFO c.a.WebServer [pool-2-thread-2] Sec-Fetch-Mode: no-cors
2024-12-10 13:33:58,440 INFO c.a.WebServer [pool-2-thread-2] Sec-Fetch-Dest: image
2024-12-10 13:33:58,440 INFO c.a.WebServer [pool-2-thread-2] Referer: http://localhost:8051/19999
2024-12-10 13:33:58,440 INFO c.a.WebServer [pool-2-thread-2] Accept-Encoding: gzip, deflate, br, zstd
2024-12-10 13:33:58,440 INFO c.a.WebServer [pool-2-thread-2] Accept-Language: en-GB,en-US;q=0.9,en;q=0.8,tr;q=0.7
2024-12-10 13:33:58,440 INFO c.a.WebServer [pool-2-thread-2] Cookie: Idea-aafc98fb=658b0d5c-2bf3-4a86-9c32-a7b8839e4505; _ga=GA1.1.1641718334.1720546053; Webstorm-5dc34942=29b731fc-1c15-4de7-b819-1af49ebd48dc; Webstorm-5dc34943=a980352b-1e53-4f3a-8ec2-639d92bd913b; _ga_PQEYN9C3X3=GS1.1.1727763152.23.1.1727770904.0.0.0; userToken=4gwm3ynf98ttkn231id7e8; Webstorm-5dc34944=0e506670-c0d9-47ef-8e10-338374c3ae0e
2024-12-10 13:33:58,440 ERROR c.a.WebServer [pool-2-thread-2] Requested file size format is invalid.
2024-12-10 13:33:58,440 ERROR c.a.WebServer [pool-2-thread-2] Failed to send the response on port 60376
2024-12-10 13:33:58,440 ERROR c.a.WebServer [pool-2-thread-2] For input string: "favicon.ico"
2024-12-10 13:33:58,440 INFO c.a.WebServer [pool-2-thread-2] Connection closed
2024-12-10 13:33:58,440 INFO c.a.WebServer [pool-2-thread-2] 1 connection(s) active

2024-12-10 13:33:58,440 INFO c.a.WebServer [pool-2-thread-2] GET /favicon.ico HTTP/1.1
2024-12-10 13:33:58,440 INFO c.a.WebServer [pool-2-thread-2] Host: localhost:8051
2024-12-10 13:33:58,447 INFO c.a.WebServer [pool-2-thread-2] Connection: keep-alive
2024-12-10 13:33:58,447 INFO c.a.WebServer [pool-2-thread-2] sec-ch-ua-platform: "Windows"
2024-12-10 13:33:58,447 INFO c.a.WebServer [pool-2-thread-2] User-Agent: Mozilla/5.0 (Windows NT 10.0; Win64; x64) AppleWebKit/537.36 (KHTML, like Gecko) Chrome/131.0.0.0 Safari/537.36
2024-12-10 13:33:58,447 INFO c.a.WebServer [pool-2-thread-2] sec-ch-ua: "Google Chrome";v="131", "Chromium";v="131", "Not_A Brand";v="24"
2024-12-10 13:33:58,447 INFO c.a.WebServer [pool-2-thread-2] sec-ch-ua-mobile: ?0
2024-12-10 13:33:58,447 INFO c.a.WebServer [pool-2-thread-2] Accept: image/avif,image/webp,image/apng,image/svg+xml,image/*,*/*;q=0.8
2024-12-10 13:33:58,449 INFO c.a.WebServer [pool-2-thread-2] Sec-Fetch-Site: same-origin
2024-12-10 13:33:58,449 INFO c.a.WebServer [pool-2-thread-2] Sec-Fetch-Mode: no-cors
2024-12-10 13:33:58,449 INFO c.a.WebServer [pool-2-thread-2] Sec-Fetch-Dest: image
2024-12-10 13:33:58,449 INFO c.a.WebServer [pool-2-thread-2] Referer: http://localhost:8051/19999
2024-12-10 13:33:58,449 INFO c.a.WebServer [pool-2-thread-2] Accept-Encoding: gzip, deflate, br, zstd
2024-12-10 13:33:58,449 INFO c.a.WebServer [pool-2-thread-2] Accept-Language: en-GB,en-US;q=0.9,en;q=0.8,tr;q=0.7
2024-12-10 13:33:58,449 INFO c.a.WebServer [pool-2-thread-2] Cookie: Idea-aafc98fb=658b0d5c-2bf3-4a86-9c32-a7b8839e4505; _ga=GA1.1.1641718334.1720546053; Webstorm-5dc34942=29b731fc-1c15-4de7-b819-1af49ebd48dc; Webstorm-5dc34943=a980352b-1e53-4f3a-8ec2-639d92bd913b; _ga_PQEYN9C3X3=GS1.1.1727763152.23.1.1727770904.0.0.0; userToken=4gwm3ynf98ttkn231id7e8; Webstorm-5dc34944=0e506670-c0d9-47ef-8e10-338374c3ae0e
2024-12-10 13:33:58,449 ERROR c.a.WebServer [pool-2-thread-2] Requested file size format is invalid.
2024-12-10 13:33:58,449 ERROR c.a.WebServer [pool-2-thread-2] Failed to send the response on port 60377
2024-12-10 13:33:58,449 ERROR c.a.WebServer [pool-2-thread-2] For input string: "favicon.ico"
2024-12-10 13:33:58,449 INFO c.a.WebServer [pool-2-thread-2] Connection closed
2024-12-10 13:34:05,948 INFO c.a.WebServer [pool-2-thread-2] 1 connection(s) active

2024-12-10 13:34:05,948 INFO c.a.WebServer [pool-2-thread-2] GET /20000 HTTP/1.1
2024-12-10 13:34:05,948 INFO c.a.WebServer [pool-2-thread-2] Host: localhost:8051
2024-12-10 13:34:05,948 INFO c.a.WebServer [pool-2-thread-2] Connection: keep-alive
2024-12-10 13:34:05,948 INFO c.a.WebServer [pool-2-thread-2] sec-ch-ua: "Google Chrome";v="131", "Chromium";v="131", "Not_A Brand";v="24"
2024-12-10 13:34:05,948 INFO c.a.WebServer [pool-2-thread-2] sec-ch-ua-mobile: ?0
2024-12-10 13:34:05,948 INFO c.a.WebServer [pool-2-thread-2] sec-ch-ua-platform: "Windows"
2024-12-10 13:34:05,948 INFO c.a.WebServer [pool-2-thread-2] Upgrade-Insecure-Requests: 1
2024-12-10 13:34:05,948 INFO c.a.WebServer [pool-2-thread-2] User-Agent: Mozilla/5.0 (Windows NT 10.0; Win64; x64) AppleWebKit/537.36 (KHTML, like Gecko) Chrome/131.0.0.0 Safari/537.36
2024-12-10 13:34:05,948 INFO c.a.WebServer [pool-2-thread-2] Accept: text/html,application/xhtml+xml,application/xml;q=0.9,image/avif,image/webp,image/apng,*/*;q=0.8,application/signed-exchange;v=b3;q=0.7
2024-12-10 13:34:05,955 INFO c.a.WebServer [pool-2-thread-2] Sec-Fetch-Site: none
2024-12-10 13:34:05,956 INFO c.a.WebServer [pool-2-thread-2] Sec-Fetch-Mode: navigate
2024-12-10 13:34:05,956 INFO c.a.WebServer [pool-2-thread-2] Sec-Fetch-User: ?1
2024-12-10 13:34:05,956 INFO c.a.WebServer [pool-2-thread-2] Sec-Fetch-Dest: document
2024-12-10 13:34:05,956 INFO c.a.WebServer [pool-2-thread-1] 2 connection(s) active

2024-12-10 13:34:05,956 INFO c.a.WebServer [pool-2-thread-2] Accept-Encoding: gzip, deflate, br, zstd
2024-12-10 13:34:05,956 INFO c.a.WebServer [pool-2-thread-2] Accept-Language: en-GB,en-US;q=0.9,en;q=0.8,tr;q=0.7
2024-12-10 13:34:05,956 INFO c.a.WebServer [pool-2-thread-2] Cookie: Idea-aafc98fb=658b0d5c-2bf3-4a86-9c32-a7b8839e4505; _ga=GA1.1.1641718334.1720546053; Webstorm-5dc34942=29b731fc-1c15-4de7-b819-1af49ebd48dc; Webstorm-5dc34943=a980352b-1e53-4f3a-8ec2-639d92bd913b; _ga_PQEYN9C3X3=GS1.1.1727763152.23.1.1727770904.0.0.0; userToken=4gwm3ynf98ttkn231id7e8; Webstorm-5dc34944=0e506670-c0d9-47ef-8e10-338374c3ae0e
2024-12-10 13:34:05,956 INFO c.a.WebServer [pool-2-thread-2] Sent response: HTTP/1.1 200 OK with Content-Length: 19994
2024-12-10 13:34:05,956 INFO c.a.WebServer [pool-2-thread-2] Connection closed
2024-12-10 13:34:07,806 INFO c.a.WebServer [pool-2-thread-1] GET /favicon.ico HTTP/1.1
2024-12-10 13:34:07,806 INFO c.a.WebServer [pool-2-thread-1] Host: localhost:8051
2024-12-10 13:34:07,806 INFO c.a.WebServer [pool-2-thread-1] Connection: keep-alive
2024-12-10 13:34:07,806 INFO c.a.WebServer [pool-2-thread-1] sec-ch-ua-platform: "Windows"
2024-12-10 13:34:07,806 INFO c.a.WebServer [pool-2-thread-1] User-Agent: Mozilla/5.0 (Windows NT 10.0; Win64; x64) AppleWebKit/537.36 (KHTML, like Gecko) Chrome/131.0.0.0 Safari/537.36
2024-12-10 13:34:07,806 INFO c.a.WebServer [pool-2-thread-1] sec-ch-ua: "Google Chrome";v="131", "Chromium";v="131", "Not_A Brand";v="24"
2024-12-10 13:34:07,806 INFO c.a.WebServer [pool-2-thread-1] sec-ch-ua-mobile: ?0
2024-12-10 13:34:07,806 INFO c.a.WebServer [pool-2-thread-1] Accept: image/avif,image/webp,image/apng,image/svg+xml,image/*,*/*;q=0.8
2024-12-10 13:34:07,806 INFO c.a.WebServer [pool-2-thread-1] Sec-Fetch-Site: same-origin
2024-12-10 13:34:07,806 INFO c.a.WebServer [pool-2-thread-1] Sec-Fetch-Mode: no-cors
2024-12-10 13:34:07,806 INFO c.a.WebServer [pool-2-thread-1] Sec-Fetch-Dest: image
2024-12-10 13:34:07,806 INFO c.a.WebServer [pool-2-thread-1] Referer: http://localhost:8051/20000
2024-12-10 13:34:07,806 INFO c.a.WebServer [pool-2-thread-1] Accept-Encoding: gzip, deflate, br, zstd
2024-12-10 13:34:07,806 INFO c.a.WebServer [pool-2-thread-1] Accept-Language: en-GB,en-US;q=0.9,en;q=0.8,tr;q=0.7
2024-12-10 13:34:07,806 INFO c.a.WebServer [pool-2-thread-1] Cookie: Idea-aafc98fb=658b0d5c-2bf3-4a86-9c32-a7b8839e4505; _ga=GA1.1.1641718334.1720546053; Webstorm-5dc34942=29b731fc-1c15-4de7-b819-1af49ebd48dc; Webstorm-5dc34943=a980352b-1e53-4f3a-8ec2-639d92bd913b; _ga_PQEYN9C3X3=GS1.1.1727763152.23.1.1727770904.0.0.0; userToken=4gwm3ynf98ttkn231id7e8; Webstorm-5dc34944=0e506670-c0d9-47ef-8e10-338374c3ae0e
2024-12-10 13:34:07,806 ERROR c.a.WebServer [pool-2-thread-1] Requested file size format is invalid.
2024-12-10 13:34:07,806 ERROR c.a.WebServer [pool-2-thread-1] Failed to send the response on port 60383
2024-12-10 13:34:07,806 ERROR c.a.WebServer [pool-2-thread-1] For input string: "favicon.ico"
2024-12-10 13:34:07,814 INFO c.a.WebServer [pool-2-thread-1] Connection closed
2024-12-10 13:34:07,815 INFO c.a.WebServer [pool-2-thread-1] 1 connection(s) active

2024-12-10 13:34:07,815 INFO c.a.WebServer [pool-2-thread-1] GET /favicon.ico HTTP/1.1
2024-12-10 13:34:07,815 INFO c.a.WebServer [pool-2-thread-1] Host: localhost:8051
2024-12-10 13:34:07,815 INFO c.a.WebServer [pool-2-thread-1] Connection: keep-alive
2024-12-10 13:34:07,815 INFO c.a.WebServer [pool-2-thread-1] sec-ch-ua-platform: "Windows"
2024-12-10 13:34:07,815 INFO c.a.WebServer [pool-2-thread-1] User-Agent: Mozilla/5.0 (Windows NT 10.0; Win64; x64) AppleWebKit/537.36 (KHTML, like Gecko) Chrome/131.0.0.0 Safari/537.36
2024-12-10 13:34:07,815 INFO c.a.WebServer [pool-2-thread-1] sec-ch-ua: "Google Chrome";v="131", "Chromium";v="131", "Not_A Brand";v="24"
2024-12-10 13:34:07,815 INFO c.a.WebServer [pool-2-thread-1] sec-ch-ua-mobile: ?0
2024-12-10 13:34:07,815 INFO c.a.WebServer [pool-2-thread-1] Accept: image/avif,image/webp,image/apng,image/svg+xml,image/*,*/*;q=0.8
2024-12-10 13:34:07,815 INFO c.a.WebServer [pool-2-thread-1] Sec-Fetch-Site: same-origin
2024-12-10 13:34:07,815 INFO c.a.WebServer [pool-2-thread-1] Sec-Fetch-Mode: no-cors
2024-12-10 13:34:07,815 INFO c.a.WebServer [pool-2-thread-1] Sec-Fetch-Dest: image
2024-12-10 13:34:07,815 INFO c.a.WebServer [pool-2-thread-1] Referer: http://localhost:8051/20000
2024-12-10 13:34:07,815 INFO c.a.WebServer [pool-2-thread-1] Accept-Encoding: gzip, deflate, br, zstd
2024-12-10 13:34:07,815 INFO c.a.WebServer [pool-2-thread-1] Accept-Language: en-GB,en-US;q=0.9,en;q=0.8,tr;q=0.7
2024-12-10 13:34:07,815 INFO c.a.WebServer [pool-2-thread-1] Cookie: Idea-aafc98fb=658b0d5c-2bf3-4a86-9c32-a7b8839e4505; _ga=GA1.1.1641718334.1720546053; Webstorm-5dc34942=29b731fc-1c15-4de7-b819-1af49ebd48dc; Webstorm-5dc34943=a980352b-1e53-4f3a-8ec2-639d92bd913b; _ga_PQEYN9C3X3=GS1.1.1727763152.23.1.1727770904.0.0.0; userToken=4gwm3ynf98ttkn231id7e8; Webstorm-5dc34944=0e506670-c0d9-47ef-8e10-338374c3ae0e
2024-12-10 13:34:07,815 ERROR c.a.WebServer [pool-2-thread-1] Requested file size format is invalid.
2024-12-10 13:34:07,815 ERROR c.a.WebServer [pool-2-thread-1] Failed to send the response on port 60385
2024-12-10 13:34:07,815 ERROR c.a.WebServer [pool-2-thread-1] For input string: "favicon.ico"
2024-12-10 13:34:07,815 INFO c.a.WebServer [pool-2-thread-1] Connection closed
2024-12-10 13:34:12,581 INFO c.a.WebServer [pool-2-thread-1] 1 connection(s) active

2024-12-10 13:34:12,581 INFO c.a.WebServer [pool-2-thread-1] GET /20001 HTTP/1.1
2024-12-10 13:34:12,581 INFO c.a.WebServer [pool-2-thread-1] Host: localhost:8051
2024-12-10 13:34:12,581 INFO c.a.WebServer [pool-2-thread-1] Connection: keep-alive
2024-12-10 13:34:12,585 INFO c.a.WebServer [pool-2-thread-2] 2 connection(s) active

2024-12-10 13:34:12,585 INFO c.a.WebServer [pool-2-thread-1] sec-ch-ua: "Google Chrome";v="131", "Chromium";v="131", "Not_A Brand";v="24"
2024-12-10 13:34:12,585 INFO c.a.WebServer [pool-2-thread-1] sec-ch-ua-mobile: ?0
2024-12-10 13:34:12,585 INFO c.a.WebServer [pool-2-thread-1] sec-ch-ua-platform: "Windows"
2024-12-10 13:34:12,585 INFO c.a.WebServer [pool-2-thread-1] Upgrade-Insecure-Requests: 1
2024-12-10 13:34:12,585 INFO c.a.WebServer [pool-2-thread-1] User-Agent: Mozilla/5.0 (Windows NT 10.0; Win64; x64) AppleWebKit/537.36 (KHTML, like Gecko) Chrome/131.0.0.0 Safari/537.36
2024-12-10 13:34:12,585 INFO c.a.WebServer [pool-2-thread-1] Accept: text/html,application/xhtml+xml,application/xml;q=0.9,image/avif,image/webp,image/apng,*/*;q=0.8,application/signed-exchange;v=b3;q=0.7
2024-12-10 13:34:12,585 INFO c.a.WebServer [pool-2-thread-1] Sec-Fetch-Site: none
2024-12-10 13:34:12,585 INFO c.a.WebServer [pool-2-thread-1] Sec-Fetch-Mode: navigate
2024-12-10 13:34:12,585 INFO c.a.WebServer [pool-2-thread-1] Sec-Fetch-User: ?1
2024-12-10 13:34:12,585 INFO c.a.WebServer [pool-2-thread-1] Sec-Fetch-Dest: document
2024-12-10 13:34:12,593 INFO c.a.WebServer [pool-2-thread-1] Accept-Encoding: gzip, deflate, br, zstd
2024-12-10 13:34:12,593 INFO c.a.WebServer [pool-2-thread-1] Accept-Language: en-GB,en-US;q=0.9,en;q=0.8,tr;q=0.7
2024-12-10 13:34:12,593 INFO c.a.WebServer [pool-2-thread-1] Cookie: Idea-aafc98fb=658b0d5c-2bf3-4a86-9c32-a7b8839e4505; _ga=GA1.1.1641718334.1720546053; Webstorm-5dc34942=29b731fc-1c15-4de7-b819-1af49ebd48dc; Webstorm-5dc34943=a980352b-1e53-4f3a-8ec2-639d92bd913b; _ga_PQEYN9C3X3=GS1.1.1727763152.23.1.1727770904.0.0.0; userToken=4gwm3ynf98ttkn231id7e8; Webstorm-5dc34944=0e506670-c0d9-47ef-8e10-338374c3ae0e
2024-12-10 13:34:12,593 ERROR c.a.WebServer [pool-2-thread-1] Requested file size is too large. Bad Request.
2024-12-10 13:34:12,593 ERROR c.a.WebServer [pool-2-thread-1] Requested file size: 20001
2024-12-10 13:34:12,593 INFO c.a.WebServer [pool-2-thread-1] Sent response: HTTP/1.1 400 Bad Request with Content-Length: 182
2024-12-10 13:34:12,593 INFO c.a.WebServer [pool-2-thread-1] Connection closed
2024-12-10 13:34:14,214 INFO c.a.WebServer [pool-2-thread-2] GET /favicon.ico HTTP/1.1
2024-12-10 13:34:14,214 INFO c.a.WebServer [pool-2-thread-2] Host: localhost:8051
2024-12-10 13:34:14,214 INFO c.a.WebServer [pool-2-thread-2] Connection: keep-alive
2024-12-10 13:34:14,214 INFO c.a.WebServer [pool-2-thread-2] sec-ch-ua-platform: "Windows"
2024-12-10 13:34:14,214 INFO c.a.WebServer [pool-2-thread-2] User-Agent: Mozilla/5.0 (Windows NT 10.0; Win64; x64) AppleWebKit/537.36 (KHTML, like Gecko) Chrome/131.0.0.0 Safari/537.36
2024-12-10 13:34:14,214 INFO c.a.WebServer [pool-2-thread-2] sec-ch-ua: "Google Chrome";v="131", "Chromium";v="131", "Not_A Brand";v="24"
2024-12-10 13:34:14,214 INFO c.a.WebServer [pool-2-thread-2] sec-ch-ua-mobile: ?0
2024-12-10 13:34:14,214 INFO c.a.WebServer [pool-2-thread-2] Accept: image/avif,image/webp,image/apng,image/svg+xml,image/*,*/*;q=0.8
2024-12-10 13:34:14,214 INFO c.a.WebServer [pool-2-thread-2] Sec-Fetch-Site: same-origin
2024-12-10 13:34:14,214 INFO c.a.WebServer [pool-2-thread-2] Sec-Fetch-Mode: no-cors
2024-12-10 13:34:14,214 INFO c.a.WebServer [pool-2-thread-2] Sec-Fetch-Dest: image
2024-12-10 13:34:14,214 INFO c.a.WebServer [pool-2-thread-2] Referer: http://localhost:8051/20001
2024-12-10 13:34:14,214 INFO c.a.WebServer [pool-2-thread-2] Accept-Encoding: gzip, deflate, br, zstd
2024-12-10 13:34:14,214 INFO c.a.WebServer [pool-2-thread-2] Accept-Language: en-GB,en-US;q=0.9,en;q=0.8,tr;q=0.7
2024-12-10 13:34:14,214 INFO c.a.WebServer [pool-2-thread-2] Cookie: Idea-aafc98fb=658b0d5c-2bf3-4a86-9c32-a7b8839e4505; _ga=GA1.1.1641718334.1720546053; Webstorm-5dc34942=29b731fc-1c15-4de7-b819-1af49ebd48dc; Webstorm-5dc34943=a980352b-1e53-4f3a-8ec2-639d92bd913b; _ga_PQEYN9C3X3=GS1.1.1727763152.23.1.1727770904.0.0.0; userToken=4gwm3ynf98ttkn231id7e8; Webstorm-5dc34944=0e506670-c0d9-47ef-8e10-338374c3ae0e
2024-12-10 13:34:14,214 ERROR c.a.WebServer [pool-2-thread-2] Requested file size format is invalid.
2024-12-10 13:34:14,214 ERROR c.a.WebServer [pool-2-thread-2] Failed to send the response on port 60389
2024-12-10 13:34:14,214 ERROR c.a.WebServer [pool-2-thread-2] For input string: "favicon.ico"
2024-12-10 13:34:14,214 INFO c.a.WebServer [pool-2-thread-2] Connection closed
2024-12-10 13:34:14,220 INFO c.a.WebServer [pool-2-thread-2] 1 connection(s) active

2024-12-10 13:34:14,220 INFO c.a.WebServer [pool-2-thread-2] GET /favicon.ico HTTP/1.1
2024-12-10 13:34:14,220 INFO c.a.WebServer [pool-2-thread-2] Host: localhost:8051
2024-12-10 13:34:14,220 INFO c.a.WebServer [pool-2-thread-2] Connection: keep-alive
2024-12-10 13:34:14,220 INFO c.a.WebServer [pool-2-thread-2] sec-ch-ua-platform: "Windows"
2024-12-10 13:34:14,222 INFO c.a.WebServer [pool-2-thread-2] User-Agent: Mozilla/5.0 (Windows NT 10.0; Win64; x64) AppleWebKit/537.36 (KHTML, like Gecko) Chrome/131.0.0.0 Safari/537.36
2024-12-10 13:34:14,222 INFO c.a.WebServer [pool-2-thread-2] sec-ch-ua: "Google Chrome";v="131", "Chromium";v="131", "Not_A Brand";v="24"
2024-12-10 13:34:14,222 INFO c.a.WebServer [pool-2-thread-2] sec-ch-ua-mobile: ?0
2024-12-10 13:34:14,222 INFO c.a.WebServer [pool-2-thread-2] Accept: image/avif,image/webp,image/apng,image/svg+xml,image/*,*/*;q=0.8
2024-12-10 13:34:14,223 INFO c.a.WebServer [pool-2-thread-2] Sec-Fetch-Site: same-origin
2024-12-10 13:34:14,223 INFO c.a.WebServer [pool-2-thread-2] Sec-Fetch-Mode: no-cors
2024-12-10 13:34:14,223 INFO c.a.WebServer [pool-2-thread-2] Sec-Fetch-Dest: image
2024-12-10 13:34:14,223 INFO c.a.WebServer [pool-2-thread-2] Referer: http://localhost:8051/20001
2024-12-10 13:34:14,223 INFO c.a.WebServer [pool-2-thread-2] Accept-Encoding: gzip, deflate, br, zstd
2024-12-10 13:34:14,223 INFO c.a.WebServer [pool-2-thread-2] Accept-Language: en-GB,en-US;q=0.9,en;q=0.8,tr;q=0.7
2024-12-10 13:34:14,223 INFO c.a.WebServer [pool-2-thread-2] Cookie: Idea-aafc98fb=658b0d5c-2bf3-4a86-9c32-a7b8839e4505; _ga=GA1.1.1641718334.1720546053; Webstorm-5dc34942=29b731fc-1c15-4de7-b819-1af49ebd48dc; Webstorm-5dc34943=a980352b-1e53-4f3a-8ec2-639d92bd913b; _ga_PQEYN9C3X3=GS1.1.1727763152.23.1.1727770904.0.0.0; userToken=4gwm3ynf98ttkn231id7e8; Webstorm-5dc34944=0e506670-c0d9-47ef-8e10-338374c3ae0e
2024-12-10 13:34:14,223 ERROR c.a.WebServer [pool-2-thread-2] Requested file size format is invalid.
2024-12-10 13:34:14,223 ERROR c.a.WebServer [pool-2-thread-2] Failed to send the response on port 60391
2024-12-10 13:34:14,223 ERROR c.a.WebServer [pool-2-thread-2] For input string: "favicon.ico"
2024-12-10 13:34:14,223 INFO c.a.WebServer [pool-2-thread-2] Connection closed
2024-12-10 13:34:20,431 INFO c.a.WebServer [pool-2-thread-2] 1 connection(s) active

2024-12-10 13:34:20,431 INFO c.a.WebServer [pool-2-thread-2] GET /25488 HTTP/1.1
2024-12-10 13:34:20,431 INFO c.a.WebServer [pool-2-thread-2] Host: localhost:8051
2024-12-10 13:34:20,431 INFO c.a.WebServer [pool-2-thread-2] Connection: keep-alive
2024-12-10 13:34:20,431 INFO c.a.WebServer [pool-2-thread-2] sec-ch-ua: "Google Chrome";v="131", "Chromium";v="131", "Not_A Brand";v="24"
2024-12-10 13:34:20,431 INFO c.a.WebServer [pool-2-thread-2] sec-ch-ua-mobile: ?0
2024-12-10 13:34:20,431 INFO c.a.WebServer [pool-2-thread-2] sec-ch-ua-platform: "Windows"
2024-12-10 13:34:20,431 INFO c.a.WebServer [pool-2-thread-2] Upgrade-Insecure-Requests: 1
2024-12-10 13:34:20,431 INFO c.a.WebServer [pool-2-thread-2] User-Agent: Mozilla/5.0 (Windows NT 10.0; Win64; x64) AppleWebKit/537.36 (KHTML, like Gecko) Chrome/131.0.0.0 Safari/537.36
2024-12-10 13:34:20,431 INFO c.a.WebServer [pool-2-thread-2] Accept: text/html,application/xhtml+xml,application/xml;q=0.9,image/avif,image/webp,image/apng,*/*;q=0.8,application/signed-exchange;v=b3;q=0.7
2024-12-10 13:34:20,431 INFO c.a.WebServer [pool-2-thread-2] Sec-Fetch-Site: none
2024-12-10 13:34:20,431 INFO c.a.WebServer [pool-2-thread-2] Sec-Fetch-Mode: navigate
2024-12-10 13:34:20,431 INFO c.a.WebServer [pool-2-thread-2] Sec-Fetch-User: ?1
2024-12-10 13:34:20,431 INFO c.a.WebServer [pool-2-thread-2] Sec-Fetch-Dest: document
2024-12-10 13:34:20,439 INFO c.a.WebServer [pool-2-thread-2] Accept-Encoding: gzip, deflate, br, zstd
2024-12-10 13:34:20,439 INFO c.a.WebServer [pool-2-thread-2] Accept-Language: en-GB,en-US;q=0.9,en;q=0.8,tr;q=0.7
2024-12-10 13:34:20,439 INFO c.a.WebServer [pool-2-thread-2] Cookie: Idea-aafc98fb=658b0d5c-2bf3-4a86-9c32-a7b8839e4505; _ga=GA1.1.1641718334.1720546053; Webstorm-5dc34942=29b731fc-1c15-4de7-b819-1af49ebd48dc; Webstorm-5dc34943=a980352b-1e53-4f3a-8ec2-639d92bd913b; _ga_PQEYN9C3X3=GS1.1.1727763152.23.1.1727770904.0.0.0; userToken=4gwm3ynf98ttkn231id7e8; Webstorm-5dc34944=0e506670-c0d9-47ef-8e10-338374c3ae0e
2024-12-10 13:34:20,439 ERROR c.a.WebServer [pool-2-thread-2] Requested file size is too large. Bad Request.
2024-12-10 13:34:20,439 INFO c.a.WebServer [pool-2-thread-1] 2 connection(s) active

2024-12-10 13:34:20,439 ERROR c.a.WebServer [pool-2-thread-2] Requested file size: 25488
2024-12-10 13:34:20,439 INFO c.a.WebServer [pool-2-thread-2] Sent response: HTTP/1.1 400 Bad Request with Content-Length: 182
2024-12-10 13:34:20,439 INFO c.a.WebServer [pool-2-thread-2] Connection closed
2024-12-10 13:34:21,851 INFO c.a.WebServer [pool-2-thread-1] GET /favicon.ico HTTP/1.1
2024-12-10 13:34:21,851 INFO c.a.WebServer [pool-2-thread-1] Host: localhost:8051
2024-12-10 13:34:21,851 INFO c.a.WebServer [pool-2-thread-1] Connection: keep-alive
2024-12-10 13:34:21,851 INFO c.a.WebServer [pool-2-thread-1] sec-ch-ua-platform: "Windows"
2024-12-10 13:34:21,851 INFO c.a.WebServer [pool-2-thread-1] User-Agent: Mozilla/5.0 (Windows NT 10.0; Win64; x64) AppleWebKit/537.36 (KHTML, like Gecko) Chrome/131.0.0.0 Safari/537.36
2024-12-10 13:34:21,851 INFO c.a.WebServer [pool-2-thread-1] sec-ch-ua: "Google Chrome";v="131", "Chromium";v="131", "Not_A Brand";v="24"
2024-12-10 13:34:21,851 INFO c.a.WebServer [pool-2-thread-1] sec-ch-ua-mobile: ?0
2024-12-10 13:34:21,851 INFO c.a.WebServer [pool-2-thread-1] Accept: image/avif,image/webp,image/apng,image/svg+xml,image/*,*/*;q=0.8
2024-12-10 13:34:21,851 INFO c.a.WebServer [pool-2-thread-1] Sec-Fetch-Site: same-origin
2024-12-10 13:34:21,851 INFO c.a.WebServer [pool-2-thread-1] Sec-Fetch-Mode: no-cors
2024-12-10 13:34:21,851 INFO c.a.WebServer [pool-2-thread-1] Sec-Fetch-Dest: image
2024-12-10 13:34:21,851 INFO c.a.WebServer [pool-2-thread-1] Referer: http://localhost:8051/25488
2024-12-10 13:34:21,851 INFO c.a.WebServer [pool-2-thread-1] Accept-Encoding: gzip, deflate, br, zstd
2024-12-10 13:34:21,851 INFO c.a.WebServer [pool-2-thread-1] Accept-Language: en-GB,en-US;q=0.9,en;q=0.8,tr;q=0.7
2024-12-10 13:34:21,851 INFO c.a.WebServer [pool-2-thread-1] Cookie: Idea-aafc98fb=658b0d5c-2bf3-4a86-9c32-a7b8839e4505; _ga=GA1.1.1641718334.1720546053; Webstorm-5dc34942=29b731fc-1c15-4de7-b819-1af49ebd48dc; Webstorm-5dc34943=a980352b-1e53-4f3a-8ec2-639d92bd913b; _ga_PQEYN9C3X3=GS1.1.1727763152.23.1.1727770904.0.0.0; userToken=4gwm3ynf98ttkn231id7e8; Webstorm-5dc34944=0e506670-c0d9-47ef-8e10-338374c3ae0e
2024-12-10 13:34:21,851 ERROR c.a.WebServer [pool-2-thread-1] Requested file size format is invalid.
2024-12-10 13:34:21,851 ERROR c.a.WebServer [pool-2-thread-1] Failed to send the response on port 60396
2024-12-10 13:34:21,851 ERROR c.a.WebServer [pool-2-thread-1] For input string: "favicon.ico"
2024-12-10 13:34:21,851 INFO c.a.WebServer [pool-2-thread-1] Connection closed
2024-12-10 13:34:21,855 INFO c.a.WebServer [pool-2-thread-1] 1 connection(s) active

2024-12-10 13:34:21,856 INFO c.a.WebServer [pool-2-thread-1] GET /favicon.ico HTTP/1.1
2024-12-10 13:34:21,856 INFO c.a.WebServer [pool-2-thread-1] Host: localhost:8051
2024-12-10 13:34:21,856 INFO c.a.WebServer [pool-2-thread-1] Connection: keep-alive
2024-12-10 13:34:21,856 INFO c.a.WebServer [pool-2-thread-1] sec-ch-ua-platform: "Windows"
2024-12-10 13:34:21,856 INFO c.a.WebServer [pool-2-thread-1] User-Agent: Mozilla/5.0 (Windows NT 10.0; Win64; x64) AppleWebKit/537.36 (KHTML, like Gecko) Chrome/131.0.0.0 Safari/537.36
2024-12-10 13:34:21,856 INFO c.a.WebServer [pool-2-thread-1] sec-ch-ua: "Google Chrome";v="131", "Chromium";v="131", "Not_A Brand";v="24"
2024-12-10 13:34:21,856 INFO c.a.WebServer [pool-2-thread-1] sec-ch-ua-mobile: ?0
2024-12-10 13:34:21,856 INFO c.a.WebServer [pool-2-thread-1] Accept: image/avif,image/webp,image/apng,image/svg+xml,image/*,*/*;q=0.8
2024-12-10 13:34:21,856 INFO c.a.WebServer [pool-2-thread-1] Sec-Fetch-Site: same-origin
2024-12-10 13:34:21,856 INFO c.a.WebServer [pool-2-thread-1] Sec-Fetch-Mode: no-cors
2024-12-10 13:34:21,856 INFO c.a.WebServer [pool-2-thread-1] Sec-Fetch-Dest: image
2024-12-10 13:34:21,856 INFO c.a.WebServer [pool-2-thread-1] Referer: http://localhost:8051/25488
2024-12-10 13:34:21,856 INFO c.a.WebServer [pool-2-thread-1] Accept-Encoding: gzip, deflate, br, zstd
2024-12-10 13:34:21,856 INFO c.a.WebServer [pool-2-thread-1] Accept-Language: en-GB,en-US;q=0.9,en;q=0.8,tr;q=0.7
2024-12-10 13:34:21,856 INFO c.a.WebServer [pool-2-thread-1] Cookie: Idea-aafc98fb=658b0d5c-2bf3-4a86-9c32-a7b8839e4505; _ga=GA1.1.1641718334.1720546053; Webstorm-5dc34942=29b731fc-1c15-4de7-b819-1af49ebd48dc; Webstorm-5dc34943=a980352b-1e53-4f3a-8ec2-639d92bd913b; _ga_PQEYN9C3X3=GS1.1.1727763152.23.1.1727770904.0.0.0; userToken=4gwm3ynf98ttkn231id7e8; Webstorm-5dc34944=0e506670-c0d9-47ef-8e10-338374c3ae0e
2024-12-10 13:34:21,856 ERROR c.a.WebServer [pool-2-thread-1] Requested file size format is invalid.
2024-12-10 13:34:21,856 ERROR c.a.WebServer [pool-2-thread-1] Failed to send the response on port 60397
2024-12-10 13:34:21,856 ERROR c.a.WebServer [pool-2-thread-1] For input string: "favicon.ico"
2024-12-10 13:34:21,856 INFO c.a.WebServer [pool-2-thread-1] Connection closed
2024-12-10 13:34:28,971 INFO c.a.WebServer [pool-2-thread-1] 1 connection(s) active

2024-12-10 13:34:28,972 INFO c.a.WebServer [pool-2-thread-1] GET / HTTP/1.1
2024-12-10 13:34:28,972 INFO c.a.WebServer [pool-2-thread-1] Host: localhost:8051
2024-12-10 13:34:28,972 INFO c.a.WebServer [pool-2-thread-1] Connection: keep-alive
2024-12-10 13:34:28,972 INFO c.a.WebServer [pool-2-thread-1] sec-ch-ua: "Google Chrome";v="131", "Chromium";v="131", "Not_A Brand";v="24"
2024-12-10 13:34:28,972 INFO c.a.WebServer [pool-2-thread-1] sec-ch-ua-mobile: ?0
2024-12-10 13:34:28,972 INFO c.a.WebServer [pool-2-thread-1] sec-ch-ua-platform: "Windows"
2024-12-10 13:34:28,972 INFO c.a.WebServer [pool-2-thread-1] Upgrade-Insecure-Requests: 1
2024-12-10 13:34:28,972 INFO c.a.WebServer [pool-2-thread-1] User-Agent: Mozilla/5.0 (Windows NT 10.0; Win64; x64) AppleWebKit/537.36 (KHTML, like Gecko) Chrome/131.0.0.0 Safari/537.36
2024-12-10 13:34:28,972 INFO c.a.WebServer [pool-2-thread-1] Accept: text/html,application/xhtml+xml,application/xml;q=0.9,image/avif,image/webp,image/apng,*/*;q=0.8,application/signed-exchange;v=b3;q=0.7
2024-12-10 13:34:28,972 INFO c.a.WebServer [pool-2-thread-1] Sec-Fetch-Site: none
2024-12-10 13:34:28,972 INFO c.a.WebServer [pool-2-thread-1] Sec-Fetch-Mode: navigate
2024-12-10 13:34:28,972 INFO c.a.WebServer [pool-2-thread-1] Sec-Fetch-User: ?1
2024-12-10 13:34:28,972 INFO c.a.WebServer [pool-2-thread-1] Sec-Fetch-Dest: document
2024-12-10 13:34:28,972 INFO c.a.WebServer [pool-2-thread-1] Accept-Encoding: gzip, deflate, br, zstd
2024-12-10 13:34:28,972 INFO c.a.WebServer [pool-2-thread-1] Accept-Language: en-GB,en-US;q=0.9,en;q=0.8,tr;q=0.7
2024-12-10 13:34:28,972 INFO c.a.WebServer [pool-2-thread-1] Cookie: Idea-aafc98fb=658b0d5c-2bf3-4a86-9c32-a7b8839e4505; _ga=GA1.1.1641718334.1720546053; Webstorm-5dc34942=29b731fc-1c15-4de7-b819-1af49ebd48dc; Webstorm-5dc34943=a980352b-1e53-4f3a-8ec2-639d92bd913b; _ga_PQEYN9C3X3=GS1.1.1727763152.23.1.1727770904.0.0.0; userToken=4gwm3ynf98ttkn231id7e8; Webstorm-5dc34944=0e506670-c0d9-47ef-8e10-338374c3ae0e
2024-12-10 13:34:28,972 INFO c.a.WebServer [pool-2-thread-2] 2 connection(s) active

2024-12-10 13:34:28,972 ERROR c.a.WebServer [pool-2-thread-1] Requested file size format is invalid.
2024-12-10 13:34:28,972 ERROR c.a.WebServer [pool-2-thread-1] Failed to send the response on port 60401
2024-12-10 13:34:28,972 ERROR c.a.WebServer [pool-2-thread-1] For input string: ""
2024-12-10 13:34:28,972 INFO c.a.WebServer [pool-2-thread-1] Connection closed
2024-12-10 13:34:30,040 INFO c.a.WebServer [pool-2-thread-2] GET / HTTP/1.1
2024-12-10 13:34:30,040 INFO c.a.WebServer [pool-2-thread-2] Host: localhost:8051
2024-12-10 13:34:30,040 INFO c.a.WebServer [pool-2-thread-1] 2 connection(s) active

2024-12-10 13:34:30,040 INFO c.a.WebServer [pool-2-thread-2] Connection: keep-alive
2024-12-10 13:34:30,040 INFO c.a.WebServer [pool-2-thread-2] Cache-Control: max-age=0
2024-12-10 13:34:30,040 INFO c.a.WebServer [pool-2-thread-2] sec-ch-ua: "Google Chrome";v="131", "Chromium";v="131", "Not_A Brand";v="24"
2024-12-10 13:34:30,040 INFO c.a.WebServer [pool-2-thread-2] sec-ch-ua-mobile: ?0
2024-12-10 13:34:30,040 INFO c.a.WebServer [pool-2-thread-2] sec-ch-ua-platform: "Windows"
2024-12-10 13:34:30,040 INFO c.a.WebServer [pool-2-thread-2] Upgrade-Insecure-Requests: 1
2024-12-10 13:34:30,040 INFO c.a.WebServer [pool-2-thread-2] User-Agent: Mozilla/5.0 (Windows NT 10.0; Win64; x64) AppleWebKit/537.36 (KHTML, like Gecko) Chrome/131.0.0.0 Safari/537.36
2024-12-10 13:34:30,040 INFO c.a.WebServer [pool-2-thread-2] Accept: text/html,application/xhtml+xml,application/xml;q=0.9,image/avif,image/webp,image/apng,*/*;q=0.8,application/signed-exchange;v=b3;q=0.7
2024-12-10 13:34:30,040 INFO c.a.WebServer [pool-2-thread-2] Sec-Fetch-Site: none
2024-12-10 13:34:30,040 INFO c.a.WebServer [pool-2-thread-2] Sec-Fetch-Mode: navigate
2024-12-10 13:34:30,040 INFO c.a.WebServer [pool-2-thread-2] Sec-Fetch-User: ?1
2024-12-10 13:34:30,056 INFO c.a.WebServer [pool-2-thread-2] Sec-Fetch-Dest: document
2024-12-10 13:34:30,056 INFO c.a.WebServer [pool-2-thread-2] Accept-Encoding: gzip, deflate, br, zstd
2024-12-10 13:34:30,056 INFO c.a.WebServer [pool-2-thread-2] Accept-Language: en-GB,en-US;q=0.9,en;q=0.8,tr;q=0.7
2024-12-10 13:34:30,056 INFO c.a.WebServer [pool-2-thread-2] Cookie: Idea-aafc98fb=658b0d5c-2bf3-4a86-9c32-a7b8839e4505; _ga=GA1.1.1641718334.1720546053; Webstorm-5dc34942=29b731fc-1c15-4de7-b819-1af49ebd48dc; Webstorm-5dc34943=a980352b-1e53-4f3a-8ec2-639d92bd913b; _ga_PQEYN9C3X3=GS1.1.1727763152.23.1.1727770904.0.0.0; userToken=4gwm3ynf98ttkn231id7e8; Webstorm-5dc34944=0e506670-c0d9-47ef-8e10-338374c3ae0e
2024-12-10 13:34:30,056 ERROR c.a.WebServer [pool-2-thread-2] Requested file size format is invalid.
2024-12-10 13:34:30,056 ERROR c.a.WebServer [pool-2-thread-2] Failed to send the response on port 60402
2024-12-10 13:34:30,056 ERROR c.a.WebServer [pool-2-thread-2] For input string: ""
2024-12-10 13:34:30,056 INFO c.a.WebServer [pool-2-thread-2] Connection closed
2024-12-10 13:34:30,056 INFO c.a.WebServer [pool-2-thread-1] GET / HTTP/1.1
2024-12-10 13:34:30,056 INFO c.a.WebServer [pool-2-thread-1] Host: localhost:8051
2024-12-10 13:34:30,056 INFO c.a.WebServer [pool-2-thread-1] Connection: keep-alive
2024-12-10 13:34:30,056 INFO c.a.WebServer [pool-2-thread-1] Cache-Control: max-age=0
2024-12-10 13:34:30,056 INFO c.a.WebServer [pool-2-thread-1] sec-ch-ua: "Google Chrome";v="131", "Chromium";v="131", "Not_A Brand";v="24"
2024-12-10 13:34:30,056 INFO c.a.WebServer [pool-2-thread-1] sec-ch-ua-mobile: ?0
2024-12-10 13:34:30,056 INFO c.a.WebServer [pool-2-thread-1] sec-ch-ua-platform: "Windows"
2024-12-10 13:34:30,056 INFO c.a.WebServer [pool-2-thread-1] Upgrade-Insecure-Requests: 1
2024-12-10 13:34:30,056 INFO c.a.WebServer [pool-2-thread-1] User-Agent: Mozilla/5.0 (Windows NT 10.0; Win64; x64) AppleWebKit/537.36 (KHTML, like Gecko) Chrome/131.0.0.0 Safari/537.36
2024-12-10 13:34:30,056 INFO c.a.WebServer [pool-2-thread-1] Accept: text/html,application/xhtml+xml,application/xml;q=0.9,image/avif,image/webp,image/apng,*/*;q=0.8,application/signed-exchange;v=b3;q=0.7
2024-12-10 13:34:30,056 INFO c.a.WebServer [pool-2-thread-1] Sec-Fetch-Site: none
2024-12-10 13:34:30,056 INFO c.a.WebServer [pool-2-thread-1] Sec-Fetch-Mode: navigate
2024-12-10 13:34:30,056 INFO c.a.WebServer [pool-2-thread-1] Sec-Fetch-User: ?1
2024-12-10 13:34:30,056 INFO c.a.WebServer [pool-2-thread-1] Sec-Fetch-Dest: document
2024-12-10 13:34:30,056 INFO c.a.WebServer [pool-2-thread-1] Accept-Encoding: gzip, deflate, br, zstd
2024-12-10 13:34:30,056 INFO c.a.WebServer [pool-2-thread-1] Accept-Language: en-GB,en-US;q=0.9,en;q=0.8,tr;q=0.7
2024-12-10 13:34:30,056 INFO c.a.WebServer [pool-2-thread-1] Cookie: Idea-aafc98fb=658b0d5c-2bf3-4a86-9c32-a7b8839e4505; _ga=GA1.1.1641718334.1720546053; Webstorm-5dc34942=29b731fc-1c15-4de7-b819-1af49ebd48dc; Webstorm-5dc34943=a980352b-1e53-4f3a-8ec2-639d92bd913b; _ga_PQEYN9C3X3=GS1.1.1727763152.23.1.1727770904.0.0.0; userToken=4gwm3ynf98ttkn231id7e8; Webstorm-5dc34944=0e506670-c0d9-47ef-8e10-338374c3ae0e
2024-12-10 13:34:30,056 ERROR c.a.WebServer [pool-2-thread-1] Requested file size format is invalid.
2024-12-10 13:34:30,056 ERROR c.a.WebServer [pool-2-thread-1] Failed to send the response on port 60404
2024-12-10 13:34:30,056 ERROR c.a.WebServer [pool-2-thread-1] For input string: ""
2024-12-10 13:34:30,056 INFO c.a.WebServer [pool-2-thread-1] Connection closed
2024-12-10 13:34:30,072 INFO c.a.WebServer [pool-2-thread-1] 1 connection(s) active

2024-12-10 13:34:30,072 INFO c.a.WebServer [pool-2-thread-1] GET / HTTP/1.1
2024-12-10 13:34:30,072 INFO c.a.WebServer [pool-2-thread-1] Host: localhost:8051
2024-12-10 13:34:30,072 INFO c.a.WebServer [pool-2-thread-1] Connection: keep-alive
2024-12-10 13:34:30,072 INFO c.a.WebServer [pool-2-thread-1] Cache-Control: max-age=0
2024-12-10 13:34:30,075 INFO c.a.WebServer [pool-2-thread-1] sec-ch-ua: "Google Chrome";v="131", "Chromium";v="131", "Not_A Brand";v="24"
2024-12-10 13:34:30,075 INFO c.a.WebServer [pool-2-thread-1] sec-ch-ua-mobile: ?0
2024-12-10 13:34:30,075 INFO c.a.WebServer [pool-2-thread-1] sec-ch-ua-platform: "Windows"
2024-12-10 13:34:30,075 INFO c.a.WebServer [pool-2-thread-1] Upgrade-Insecure-Requests: 1
2024-12-10 13:34:30,075 INFO c.a.WebServer [pool-2-thread-1] User-Agent: Mozilla/5.0 (Windows NT 10.0; Win64; x64) AppleWebKit/537.36 (KHTML, like Gecko) Chrome/131.0.0.0 Safari/537.36
2024-12-10 13:34:30,075 INFO c.a.WebServer [pool-2-thread-1] Accept: text/html,application/xhtml+xml,application/xml;q=0.9,image/avif,image/webp,image/apng,*/*;q=0.8,application/signed-exchange;v=b3;q=0.7
2024-12-10 13:34:30,075 INFO c.a.WebServer [pool-2-thread-1] Sec-Fetch-Site: none
2024-12-10 13:34:30,075 INFO c.a.WebServer [pool-2-thread-1] Sec-Fetch-Mode: navigate
2024-12-10 13:34:30,075 INFO c.a.WebServer [pool-2-thread-1] Sec-Fetch-User: ?1
2024-12-10 13:34:30,075 INFO c.a.WebServer [pool-2-thread-1] Sec-Fetch-Dest: document
2024-12-10 13:34:30,075 INFO c.a.WebServer [pool-2-thread-1] Accept-Encoding: gzip, deflate, br, zstd
2024-12-10 13:34:30,075 INFO c.a.WebServer [pool-2-thread-1] Accept-Language: en-GB,en-US;q=0.9,en;q=0.8,tr;q=0.7
2024-12-10 13:34:30,080 INFO c.a.WebServer [pool-2-thread-1] Cookie: Idea-aafc98fb=658b0d5c-2bf3-4a86-9c32-a7b8839e4505; _ga=GA1.1.1641718334.1720546053; Webstorm-5dc34942=29b731fc-1c15-4de7-b819-1af49ebd48dc; Webstorm-5dc34943=a980352b-1e53-4f3a-8ec2-639d92bd913b; _ga_PQEYN9C3X3=GS1.1.1727763152.23.1.1727770904.0.0.0; userToken=4gwm3ynf98ttkn231id7e8; Webstorm-5dc34944=0e506670-c0d9-47ef-8e10-338374c3ae0e
2024-12-10 13:34:30,080 ERROR c.a.WebServer [pool-2-thread-1] Requested file size format is invalid.
2024-12-10 13:34:30,080 ERROR c.a.WebServer [pool-2-thread-1] Failed to send the response on port 60405
2024-12-10 13:34:30,080 ERROR c.a.WebServer [pool-2-thread-1] For input string: ""
2024-12-10 13:34:30,083 INFO c.a.WebServer [pool-2-thread-1] Connection closed
2024-12-10 13:34:35,113 INFO c.a.WebServer [pool-2-thread-1] 1 connection(s) active

2024-12-10 13:34:35,113 INFO c.a.WebServer [pool-2-thread-2] 2 connection(s) active

2024-12-10 13:34:35,113 INFO c.a.WebServer [pool-2-thread-1] GET / HTTP/1.1
2024-12-10 13:34:35,113 INFO c.a.WebServer [pool-2-thread-1] Host: localhost:8051
2024-12-10 13:34:35,113 INFO c.a.WebServer [pool-2-thread-1] Connection: keep-alive
2024-12-10 13:34:35,113 INFO c.a.WebServer [pool-2-thread-1] Cache-Control: max-age=0
2024-12-10 13:34:35,113 INFO c.a.WebServer [pool-2-thread-1] sec-ch-ua: "Google Chrome";v="131", "Chromium";v="131", "Not_A Brand";v="24"
2024-12-10 13:34:35,113 INFO c.a.WebServer [pool-2-thread-1] sec-ch-ua-mobile: ?0
2024-12-10 13:34:35,113 INFO c.a.WebServer [pool-2-thread-1] sec-ch-ua-platform: "Windows"
2024-12-10 13:34:35,113 INFO c.a.WebServer [pool-2-thread-1] Upgrade-Insecure-Requests: 1
2024-12-10 13:34:35,113 INFO c.a.WebServer [pool-2-thread-1] User-Agent: Mozilla/5.0 (Windows NT 10.0; Win64; x64) AppleWebKit/537.36 (KHTML, like Gecko) Chrome/131.0.0.0 Safari/537.36
2024-12-10 13:34:35,129 INFO c.a.WebServer [pool-2-thread-1] Accept: text/html,application/xhtml+xml,application/xml;q=0.9,image/avif,image/webp,image/apng,*/*;q=0.8,application/signed-exchange;v=b3;q=0.7
2024-12-10 13:34:35,129 INFO c.a.WebServer [pool-2-thread-1] Sec-Fetch-Site: none
2024-12-10 13:34:35,129 INFO c.a.WebServer [pool-2-thread-1] Sec-Fetch-Mode: navigate
2024-12-10 13:34:35,129 INFO c.a.WebServer [pool-2-thread-1] Sec-Fetch-User: ?1
2024-12-10 13:34:35,131 INFO c.a.WebServer [pool-2-thread-1] Sec-Fetch-Dest: document
2024-12-10 13:34:35,131 INFO c.a.WebServer [pool-2-thread-1] Accept-Encoding: gzip, deflate, br, zstd
2024-12-10 13:34:35,131 INFO c.a.WebServer [pool-2-thread-1] Accept-Language: en-GB,en-US;q=0.9,en;q=0.8,tr;q=0.7
2024-12-10 13:34:35,131 INFO c.a.WebServer [pool-2-thread-1] Cookie: Idea-aafc98fb=658b0d5c-2bf3-4a86-9c32-a7b8839e4505; _ga=GA1.1.1641718334.1720546053; Webstorm-5dc34942=29b731fc-1c15-4de7-b819-1af49ebd48dc; Webstorm-5dc34943=a980352b-1e53-4f3a-8ec2-639d92bd913b; _ga_PQEYN9C3X3=GS1.1.1727763152.23.1.1727770904.0.0.0; userToken=4gwm3ynf98ttkn231id7e8; Webstorm-5dc34944=0e506670-c0d9-47ef-8e10-338374c3ae0e
2024-12-10 13:34:35,131 ERROR c.a.WebServer [pool-2-thread-1] Requested file size format is invalid.
2024-12-10 13:34:35,131 ERROR c.a.WebServer [pool-2-thread-1] Failed to send the response on port 60410
2024-12-10 13:34:35,131 ERROR c.a.WebServer [pool-2-thread-1] For input string: ""
2024-12-10 13:34:35,131 INFO c.a.WebServer [pool-2-thread-1] Connection closed
2024-12-10 13:35:05,194 INFO c.a.WebServer [pool-2-thread-1] 2 connection(s) active

2024-12-10 13:35:05,194 INFO c.a.WebServer [pool-2-thread-2] GET / HTTP/1.1
2024-12-10 13:35:05,195 INFO c.a.WebServer [pool-2-thread-2] Host: localhost:8051
2024-12-10 13:35:05,195 INFO c.a.WebServer [pool-2-thread-2] Connection: keep-alive
2024-12-10 13:35:05,196 INFO c.a.WebServer [pool-2-thread-2] Cache-Control: max-age=0
2024-12-10 13:35:05,196 INFO c.a.WebServer [pool-2-thread-2] sec-ch-ua: "Google Chrome";v="131", "Chromium";v="131", "Not_A Brand";v="24"
2024-12-10 13:35:05,196 INFO c.a.WebServer [pool-2-thread-2] sec-ch-ua-mobile: ?0
2024-12-10 13:35:05,197 INFO c.a.WebServer [pool-2-thread-2] sec-ch-ua-platform: "Windows"
2024-12-10 13:35:05,197 INFO c.a.WebServer [pool-2-thread-2] Upgrade-Insecure-Requests: 1
2024-12-10 13:35:05,198 INFO c.a.WebServer [pool-2-thread-2] User-Agent: Mozilla/5.0 (Windows NT 10.0; Win64; x64) AppleWebKit/537.36 (KHTML, like Gecko) Chrome/131.0.0.0 Safari/537.36
2024-12-10 13:35:05,198 INFO c.a.WebServer [pool-2-thread-2] Accept: text/html,application/xhtml+xml,application/xml;q=0.9,image/avif,image/webp,image/apng,*/*;q=0.8,application/signed-exchange;v=b3;q=0.7
2024-12-10 13:35:05,198 INFO c.a.WebServer [pool-2-thread-2] Sec-Fetch-Site: none
2024-12-10 13:35:05,199 INFO c.a.WebServer [pool-2-thread-2] Sec-Fetch-Mode: navigate
2024-12-10 13:35:05,199 INFO c.a.WebServer [pool-2-thread-2] Sec-Fetch-User: ?1
2024-12-10 13:35:05,200 INFO c.a.WebServer [pool-2-thread-2] Sec-Fetch-Dest: document
2024-12-10 13:35:05,200 INFO c.a.WebServer [pool-2-thread-2] Accept-Encoding: gzip, deflate, br, zstd
2024-12-10 13:35:05,200 INFO c.a.WebServer [pool-2-thread-2] Accept-Language: en-GB,en-US;q=0.9,en;q=0.8,tr;q=0.7
2024-12-10 13:35:05,201 INFO c.a.WebServer [pool-2-thread-2] Cookie: Idea-aafc98fb=658b0d5c-2bf3-4a86-9c32-a7b8839e4505; _ga=GA1.1.1641718334.1720546053; Webstorm-5dc34942=29b731fc-1c15-4de7-b819-1af49ebd48dc; Webstorm-5dc34943=a980352b-1e53-4f3a-8ec2-639d92bd913b; _ga_PQEYN9C3X3=GS1.1.1727763152.23.1.1727770904.0.0.0; userToken=4gwm3ynf98ttkn231id7e8; Webstorm-5dc34944=0e506670-c0d9-47ef-8e10-338374c3ae0e
2024-12-10 13:35:05,202 ERROR c.a.WebServer [pool-2-thread-2] Requested file size format is invalid.
2024-12-10 13:35:05,203 ERROR c.a.WebServer [pool-2-thread-2] Failed to send the response on port 60411
2024-12-10 13:35:05,203 ERROR c.a.WebServer [pool-2-thread-2] For input string: ""
2024-12-10 13:35:05,204 INFO c.a.WebServer [pool-2-thread-2] Connection closed
2024-12-10 13:35:05,205 INFO c.a.WebServer [pool-2-thread-1] GET / HTTP/1.1
2024-12-10 13:35:05,206 INFO c.a.WebServer [pool-2-thread-1] Host: localhost:8051
2024-12-10 13:35:05,206 INFO c.a.WebServer [pool-2-thread-1] Connection: keep-alive
2024-12-10 13:35:05,207 INFO c.a.WebServer [pool-2-thread-1] Cache-Control: max-age=0
2024-12-10 13:35:05,208 INFO c.a.WebServer [pool-2-thread-1] sec-ch-ua: "Google Chrome";v="131", "Chromium";v="131", "Not_A Brand";v="24"
2024-12-10 13:35:05,209 INFO c.a.WebServer [pool-2-thread-1] sec-ch-ua-mobile: ?0
2024-12-10 13:35:05,210 INFO c.a.WebServer [pool-2-thread-1] sec-ch-ua-platform: "Windows"
2024-12-10 13:35:05,210 INFO c.a.WebServer [pool-2-thread-1] Upgrade-Insecure-Requests: 1
2024-12-10 13:35:05,211 INFO c.a.WebServer [pool-2-thread-1] User-Agent: Mozilla/5.0 (Windows NT 10.0; Win64; x64) AppleWebKit/537.36 (KHTML, like Gecko) Chrome/131.0.0.0 Safari/537.36
2024-12-10 13:35:05,211 INFO c.a.WebServer [pool-2-thread-1] Accept: text/html,application/xhtml+xml,application/xml;q=0.9,image/avif,image/webp,image/apng,*/*;q=0.8,application/signed-exchange;v=b3;q=0.7
2024-12-10 13:35:05,212 INFO c.a.WebServer [pool-2-thread-1] Sec-Fetch-Site: none
2024-12-10 13:35:05,212 INFO c.a.WebServer [pool-2-thread-1] Sec-Fetch-Mode: navigate
2024-12-10 13:35:05,213 INFO c.a.WebServer [pool-2-thread-1] Sec-Fetch-User: ?1
2024-12-10 13:35:05,213 INFO c.a.WebServer [pool-2-thread-1] Sec-Fetch-Dest: document
2024-12-10 13:35:05,215 INFO c.a.WebServer [pool-2-thread-1] Accept-Encoding: gzip, deflate, br, zstd
2024-12-10 13:35:05,216 INFO c.a.WebServer [pool-2-thread-1] Accept-Language: en-GB,en-US;q=0.9,en;q=0.8,tr;q=0.7
2024-12-10 13:35:05,217 INFO c.a.WebServer [pool-2-thread-1] Cookie: Idea-aafc98fb=658b0d5c-2bf3-4a86-9c32-a7b8839e4505; _ga=GA1.1.1641718334.1720546053; Webstorm-5dc34942=29b731fc-1c15-4de7-b819-1af49ebd48dc; Webstorm-5dc34943=a980352b-1e53-4f3a-8ec2-639d92bd913b; _ga_PQEYN9C3X3=GS1.1.1727763152.23.1.1727770904.0.0.0; userToken=4gwm3ynf98ttkn231id7e8; Webstorm-5dc34944=0e506670-c0d9-47ef-8e10-338374c3ae0e
2024-12-10 13:35:05,218 ERROR c.a.WebServer [pool-2-thread-1] Requested file size format is invalid.
2024-12-10 13:35:05,219 ERROR c.a.WebServer [pool-2-thread-1] Failed to send the response on port 60424
2024-12-10 13:35:05,219 ERROR c.a.WebServer [pool-2-thread-1] For input string: ""
2024-12-10 13:35:05,220 INFO c.a.WebServer [pool-2-thread-1] Connection closed
2024-12-10 13:35:05,223 INFO c.a.WebServer [pool-2-thread-1] 1 connection(s) active

2024-12-10 13:35:05,224 INFO c.a.WebServer [pool-2-thread-1] GET / HTTP/1.1
2024-12-10 13:35:05,225 INFO c.a.WebServer [pool-2-thread-1] Host: localhost:8051
2024-12-10 13:35:05,225 INFO c.a.WebServer [pool-2-thread-1] Connection: keep-alive
2024-12-10 13:35:05,225 INFO c.a.WebServer [pool-2-thread-1] Cache-Control: max-age=0
2024-12-10 13:35:05,226 INFO c.a.WebServer [pool-2-thread-1] sec-ch-ua: "Google Chrome";v="131", "Chromium";v="131", "Not_A Brand";v="24"
2024-12-10 13:35:05,226 INFO c.a.WebServer [pool-2-thread-1] sec-ch-ua-mobile: ?0
2024-12-10 13:35:05,227 INFO c.a.WebServer [pool-2-thread-1] sec-ch-ua-platform: "Windows"
2024-12-10 13:35:05,227 INFO c.a.WebServer [pool-2-thread-1] Upgrade-Insecure-Requests: 1
2024-12-10 13:35:05,228 INFO c.a.WebServer [pool-2-thread-1] User-Agent: Mozilla/5.0 (Windows NT 10.0; Win64; x64) AppleWebKit/537.36 (KHTML, like Gecko) Chrome/131.0.0.0 Safari/537.36
2024-12-10 13:35:05,228 INFO c.a.WebServer [pool-2-thread-1] Accept: text/html,application/xhtml+xml,application/xml;q=0.9,image/avif,image/webp,image/apng,*/*;q=0.8,application/signed-exchange;v=b3;q=0.7
2024-12-10 13:35:05,231 INFO c.a.WebServer [pool-2-thread-1] Sec-Fetch-Site: none
2024-12-10 13:35:05,231 INFO c.a.WebServer [pool-2-thread-1] Sec-Fetch-Mode: navigate
2024-12-10 13:35:05,232 INFO c.a.WebServer [pool-2-thread-1] Sec-Fetch-User: ?1
2024-12-10 13:35:05,233 INFO c.a.WebServer [pool-2-thread-1] Sec-Fetch-Dest: document
2024-12-10 13:35:05,234 INFO c.a.WebServer [pool-2-thread-1] Accept-Encoding: gzip, deflate, br, zstd
2024-12-10 13:35:05,235 INFO c.a.WebServer [pool-2-thread-1] Accept-Language: en-GB,en-US;q=0.9,en;q=0.8,tr;q=0.7
2024-12-10 13:35:05,235 INFO c.a.WebServer [pool-2-thread-1] Cookie: Idea-aafc98fb=658b0d5c-2bf3-4a86-9c32-a7b8839e4505; _ga=GA1.1.1641718334.1720546053; Webstorm-5dc34942=29b731fc-1c15-4de7-b819-1af49ebd48dc; Webstorm-5dc34943=a980352b-1e53-4f3a-8ec2-639d92bd913b; _ga_PQEYN9C3X3=GS1.1.1727763152.23.1.1727770904.0.0.0; userToken=4gwm3ynf98ttkn231id7e8; Webstorm-5dc34944=0e506670-c0d9-47ef-8e10-338374c3ae0e
2024-12-10 13:35:05,237 ERROR c.a.WebServer [pool-2-thread-1] Requested file size format is invalid.
2024-12-10 13:35:05,237 ERROR c.a.WebServer [pool-2-thread-1] Failed to send the response on port 60425
2024-12-10 13:35:05,238 ERROR c.a.WebServer [pool-2-thread-1] For input string: ""
2024-12-10 13:35:05,239 INFO c.a.WebServer [pool-2-thread-1] Connection closed
2024-12-10 13:36:05,460 INFO c.a.WebServer [pool-2-thread-3] 2 connection(s) active

2024-12-10 13:36:05,460 INFO c.a.WebServer [pool-2-thread-4] 2 connection(s) active

2024-12-10 13:36:05,461 INFO c.a.WebServer [pool-2-thread-4] GET / HTTP/1.1
2024-12-10 13:36:05,461 INFO c.a.WebServer [pool-2-thread-4] Host: localhost:8051
2024-12-10 13:36:05,461 INFO c.a.WebServer [pool-2-thread-4] Connection: keep-alive
2024-12-10 13:36:05,462 INFO c.a.WebServer [pool-2-thread-4] Cache-Control: max-age=0
2024-12-10 13:36:05,462 INFO c.a.WebServer [pool-2-thread-4] sec-ch-ua: "Google Chrome";v="131", "Chromium";v="131", "Not_A Brand";v="24"
2024-12-10 13:36:05,462 INFO c.a.WebServer [pool-2-thread-4] sec-ch-ua-mobile: ?0
2024-12-10 13:36:05,463 INFO c.a.WebServer [pool-2-thread-4] sec-ch-ua-platform: "Windows"
2024-12-10 13:36:05,463 INFO c.a.WebServer [pool-2-thread-4] Upgrade-Insecure-Requests: 1
2024-12-10 13:36:05,469 INFO c.a.WebServer [pool-2-thread-4] User-Agent: Mozilla/5.0 (Windows NT 10.0; Win64; x64) AppleWebKit/537.36 (KHTML, like Gecko) Chrome/131.0.0.0 Safari/537.36
2024-12-10 13:36:05,469 INFO c.a.WebServer [pool-2-thread-4] Accept: text/html,application/xhtml+xml,application/xml;q=0.9,image/avif,image/webp,image/apng,*/*;q=0.8,application/signed-exchange;v=b3;q=0.7
2024-12-10 13:36:05,469 INFO c.a.WebServer [pool-2-thread-4] Sec-Fetch-Site: none
2024-12-10 13:36:05,469 INFO c.a.WebServer [pool-2-thread-4] Sec-Fetch-Mode: navigate
2024-12-10 13:36:05,470 INFO c.a.WebServer [pool-2-thread-4] Sec-Fetch-User: ?1
2024-12-10 13:36:05,470 INFO c.a.WebServer [pool-2-thread-4] Sec-Fetch-Dest: document
2024-12-10 13:36:05,470 INFO c.a.WebServer [pool-2-thread-4] Accept-Encoding: gzip, deflate, br, zstd
2024-12-10 13:36:05,470 INFO c.a.WebServer [pool-2-thread-4] Accept-Language: en-GB,en-US;q=0.9,en;q=0.8,tr;q=0.7
2024-12-10 13:36:05,470 INFO c.a.WebServer [pool-2-thread-4] Cookie: Idea-aafc98fb=658b0d5c-2bf3-4a86-9c32-a7b8839e4505; _ga=GA1.1.1641718334.1720546053; Webstorm-5dc34942=29b731fc-1c15-4de7-b819-1af49ebd48dc; Webstorm-5dc34943=a980352b-1e53-4f3a-8ec2-639d92bd913b; _ga_PQEYN9C3X3=GS1.1.1727763152.23.1.1727770904.0.0.0; userToken=4gwm3ynf98ttkn231id7e8; Webstorm-5dc34944=0e506670-c0d9-47ef-8e10-338374c3ae0e
2024-12-10 13:36:05,471 ERROR c.a.WebServer [pool-2-thread-4] Requested file size format is invalid.
2024-12-10 13:36:05,471 ERROR c.a.WebServer [pool-2-thread-4] Failed to send the response on port 60460
2024-12-10 13:36:05,471 ERROR c.a.WebServer [pool-2-thread-4] For input string: ""
2024-12-10 13:36:05,475 INFO c.a.WebServer [pool-2-thread-4] Connection closed
2024-12-10 13:36:05,506 INFO c.a.WebServer [pool-2-thread-3] GET / HTTP/1.1
2024-12-10 13:36:05,506 INFO c.a.WebServer [pool-2-thread-3] Host: localhost:8051
2024-12-10 13:36:05,506 INFO c.a.WebServer [pool-2-thread-3] Connection: keep-alive
2024-12-10 13:36:05,506 INFO c.a.WebServer [pool-2-thread-3] Cache-Control: max-age=0
2024-12-10 13:36:05,507 INFO c.a.WebServer [pool-2-thread-3] sec-ch-ua: "Google Chrome";v="131", "Chromium";v="131", "Not_A Brand";v="24"
2024-12-10 13:36:05,507 INFO c.a.WebServer [pool-2-thread-3] sec-ch-ua-mobile: ?0
2024-12-10 13:36:05,507 INFO c.a.WebServer [pool-2-thread-3] sec-ch-ua-platform: "Windows"
2024-12-10 13:36:05,507 INFO c.a.WebServer [pool-2-thread-3] Upgrade-Insecure-Requests: 1
2024-12-10 13:36:05,508 INFO c.a.WebServer [pool-2-thread-3] User-Agent: Mozilla/5.0 (Windows NT 10.0; Win64; x64) AppleWebKit/537.36 (KHTML, like Gecko) Chrome/131.0.0.0 Safari/537.36
2024-12-10 13:36:05,509 INFO c.a.WebServer [pool-2-thread-3] Accept: text/html,application/xhtml+xml,application/xml;q=0.9,image/avif,image/webp,image/apng,*/*;q=0.8,application/signed-exchange;v=b3;q=0.7
2024-12-10 13:36:05,509 INFO c.a.WebServer [pool-2-thread-3] Sec-Fetch-Site: none
2024-12-10 13:36:05,509 INFO c.a.WebServer [pool-2-thread-3] Sec-Fetch-Mode: navigate
2024-12-10 13:36:05,509 INFO c.a.WebServer [pool-2-thread-3] Sec-Fetch-User: ?1
2024-12-10 13:36:05,529 INFO c.a.WebServer [pool-2-thread-3] Sec-Fetch-Dest: document
2024-12-10 13:36:05,529 INFO c.a.WebServer [pool-2-thread-3] Accept-Encoding: gzip, deflate, br, zstd
2024-12-10 13:36:05,529 INFO c.a.WebServer [pool-2-thread-3] Accept-Language: en-GB,en-US;q=0.9,en;q=0.8,tr;q=0.7
2024-12-10 13:36:05,529 INFO c.a.WebServer [pool-2-thread-3] Cookie: Idea-aafc98fb=658b0d5c-2bf3-4a86-9c32-a7b8839e4505; _ga=GA1.1.1641718334.1720546053; Webstorm-5dc34942=29b731fc-1c15-4de7-b819-1af49ebd48dc; Webstorm-5dc34943=a980352b-1e53-4f3a-8ec2-639d92bd913b; _ga_PQEYN9C3X3=GS1.1.1727763152.23.1.1727770904.0.0.0; userToken=4gwm3ynf98ttkn231id7e8; Webstorm-5dc34944=0e506670-c0d9-47ef-8e10-338374c3ae0e
2024-12-10 13:36:05,529 ERROR c.a.WebServer [pool-2-thread-3] Requested file size format is invalid.
2024-12-10 13:36:05,529 ERROR c.a.WebServer [pool-2-thread-3] Failed to send the response on port 60459
2024-12-10 13:36:05,530 ERROR c.a.WebServer [pool-2-thread-3] For input string: ""
2024-12-10 13:36:05,530 INFO c.a.WebServer [pool-2-thread-3] Connection closed
2024-12-10 13:36:05,559 INFO c.a.WebServer [pool-2-thread-3] 1 connection(s) active

2024-12-10 13:36:05,561 INFO c.a.WebServer [pool-2-thread-3] GET / HTTP/1.1
2024-12-10 13:36:05,561 INFO c.a.WebServer [pool-2-thread-3] Host: localhost:8051
2024-12-10 13:36:05,561 INFO c.a.WebServer [pool-2-thread-3] Connection: keep-alive
2024-12-10 13:36:05,561 INFO c.a.WebServer [pool-2-thread-3] Cache-Control: max-age=0
2024-12-10 13:36:05,562 INFO c.a.WebServer [pool-2-thread-3] sec-ch-ua: "Google Chrome";v="131", "Chromium";v="131", "Not_A Brand";v="24"
2024-12-10 13:36:05,562 INFO c.a.WebServer [pool-2-thread-3] sec-ch-ua-mobile: ?0
2024-12-10 13:36:05,562 INFO c.a.WebServer [pool-2-thread-3] sec-ch-ua-platform: "Windows"
2024-12-10 13:36:05,562 INFO c.a.WebServer [pool-2-thread-3] Upgrade-Insecure-Requests: 1
2024-12-10 13:36:05,562 INFO c.a.WebServer [pool-2-thread-3] User-Agent: Mozilla/5.0 (Windows NT 10.0; Win64; x64) AppleWebKit/537.36 (KHTML, like Gecko) Chrome/131.0.0.0 Safari/537.36
2024-12-10 13:36:05,562 INFO c.a.WebServer [pool-2-thread-3] Accept: text/html,application/xhtml+xml,application/xml;q=0.9,image/avif,image/webp,image/apng,*/*;q=0.8,application/signed-exchange;v=b3;q=0.7
2024-12-10 13:36:05,562 INFO c.a.WebServer [pool-2-thread-3] Sec-Fetch-Site: none
2024-12-10 13:36:05,563 INFO c.a.WebServer [pool-2-thread-3] Sec-Fetch-Mode: navigate
2024-12-10 13:36:05,563 INFO c.a.WebServer [pool-2-thread-3] Sec-Fetch-User: ?1
2024-12-10 13:36:05,563 INFO c.a.WebServer [pool-2-thread-3] Sec-Fetch-Dest: document
2024-12-10 13:36:05,563 INFO c.a.WebServer [pool-2-thread-3] Accept-Encoding: gzip, deflate, br, zstd
2024-12-10 13:36:05,563 INFO c.a.WebServer [pool-2-thread-3] Accept-Language: en-GB,en-US;q=0.9,en;q=0.8,tr;q=0.7
2024-12-10 13:36:05,563 INFO c.a.WebServer [pool-2-thread-3] Cookie: Idea-aafc98fb=658b0d5c-2bf3-4a86-9c32-a7b8839e4505; _ga=GA1.1.1641718334.1720546053; Webstorm-5dc34942=29b731fc-1c15-4de7-b819-1af49ebd48dc; Webstorm-5dc34943=a980352b-1e53-4f3a-8ec2-639d92bd913b; _ga_PQEYN9C3X3=GS1.1.1727763152.23.1.1727770904.0.0.0; userToken=4gwm3ynf98ttkn231id7e8; Webstorm-5dc34944=0e506670-c0d9-47ef-8e10-338374c3ae0e
2024-12-10 13:36:05,563 ERROR c.a.WebServer [pool-2-thread-3] Requested file size format is invalid.
2024-12-10 13:36:05,564 ERROR c.a.WebServer [pool-2-thread-3] Failed to send the response on port 60461
2024-12-10 13:36:05,564 ERROR c.a.WebServer [pool-2-thread-3] For input string: ""
2024-12-10 13:36:05,564 INFO c.a.WebServer [pool-2-thread-3] Connection closed
