2024-12-07 13:48:30,009 INFO c.a.WebServer [main]  :: HTTP Server :: Gültekin, Eren & Vatansever :: v1.0 ::
2024-12-07 13:48:30,036 INFO c.a.WebServer [main] Starting HTTPServer on localhost with PID 13844
2024-12-07 13:48:30,037 INFO c.a.WebServer [main] Application is powered by the genius of Gültekin, Eren and Vatansever
2024-12-07 13:48:30,038 INFO c.a.WebServer [main] Server created on port 8051
2024-12-07 13:48:30,039 INFO c.a.WebServer [main] Server started on port 8051
2024-12-07 13:48:33,770 INFO c.a.WebServer [pool-2-thread-1] 2 connection(s) active

2024-12-07 13:48:33,770 INFO c.a.WebServer [pool-2-thread-2] 2 connection(s) active

2024-12-07 13:48:33,773 INFO c.a.WebServer [pool-2-thread-1] GET /5647848 HTTP/1.1
2024-12-07 13:48:33,777 INFO c.a.WebServer [pool-2-thread-1] Host: localhost:8051
2024-12-07 13:48:33,779 INFO c.a.WebServer [pool-2-thread-1] Connection: keep-alive
2024-12-07 13:48:33,779 INFO c.a.WebServer [pool-2-thread-1] Cache-Control: max-age=0
2024-12-07 13:48:33,782 INFO c.a.WebServer [pool-2-thread-1] sec-ch-ua: "Google Chrome";v="131", "Chromium";v="131", "Not_A Brand";v="24"
2024-12-07 13:48:33,783 INFO c.a.WebServer [pool-2-thread-1] sec-ch-ua-mobile: ?0
2024-12-07 13:48:33,784 INFO c.a.WebServer [pool-2-thread-1] sec-ch-ua-platform: "Windows"
2024-12-07 13:48:33,786 INFO c.a.WebServer [pool-2-thread-1] Upgrade-Insecure-Requests: 1
2024-12-07 13:48:33,787 INFO c.a.WebServer [pool-2-thread-1] User-Agent: Mozilla/5.0 (Windows NT 10.0; Win64; x64) AppleWebKit/537.36 (KHTML, like Gecko) Chrome/131.0.0.0 Safari/537.36
2024-12-07 13:48:33,790 INFO c.a.WebServer [pool-2-thread-1] Accept: text/html,application/xhtml+xml,application/xml;q=0.9,image/avif,image/webp,image/apng,*/*;q=0.8,application/signed-exchange;v=b3;q=0.7
2024-12-07 13:48:33,791 INFO c.a.WebServer [pool-2-thread-1] Sec-Fetch-Site: none
2024-12-07 13:48:33,791 INFO c.a.WebServer [pool-2-thread-1] Sec-Fetch-Mode: navigate
2024-12-07 13:48:33,792 INFO c.a.WebServer [pool-2-thread-1] Sec-Fetch-User: ?1
2024-12-07 13:48:33,792 INFO c.a.WebServer [pool-2-thread-1] Sec-Fetch-Dest: document
2024-12-07 13:48:33,792 INFO c.a.WebServer [pool-2-thread-1] Accept-Encoding: gzip, deflate, br, zstd
2024-12-07 13:48:33,793 INFO c.a.WebServer [pool-2-thread-1] Accept-Language: en-GB,en-US;q=0.9,en;q=0.8,tr;q=0.7
2024-12-07 13:48:33,793 INFO c.a.WebServer [pool-2-thread-1] Cookie: Idea-aafc98fb=658b0d5c-2bf3-4a86-9c32-a7b8839e4505; _ga=GA1.1.1641718334.1720546053; Webstorm-5dc34942=29b731fc-1c15-4de7-b819-1af49ebd48dc; Webstorm-5dc34943=a980352b-1e53-4f3a-8ec2-639d92bd913b; _ga_PQEYN9C3X3=GS1.1.1727763152.23.1.1727770904.0.0.0; userToken=4gwm3ynf98ttkn231id7e8
2024-12-07 13:48:33,794 ERROR c.a.WebServer [pool-2-thread-1] Requested file size is too large.
2024-12-07 13:48:33,795 ERROR c.a.WebServer [pool-2-thread-1] Failed to send the response on port 58454
2024-12-07 13:48:33,796 ERROR c.a.WebServer [pool-2-thread-1] Value out of range. Value:"5647848" Radix:10
2024-12-07 13:48:33,797 INFO c.a.WebServer [pool-2-thread-1] Connection closed
2024-12-07 13:48:34,643 INFO c.a.WebServer [pool-2-thread-1] 2 connection(s) active

2024-12-07 13:48:34,646 INFO c.a.WebServer [pool-2-thread-2] GET /5647848 HTTP/1.1
2024-12-07 13:48:34,647 INFO c.a.WebServer [pool-2-thread-2] Host: localhost:8051
2024-12-07 13:48:34,647 INFO c.a.WebServer [pool-2-thread-2] Connection: keep-alive
2024-12-07 13:48:34,647 INFO c.a.WebServer [pool-2-thread-2] Cache-Control: max-age=0
2024-12-07 13:48:34,648 INFO c.a.WebServer [pool-2-thread-2] sec-ch-ua: "Google Chrome";v="131", "Chromium";v="131", "Not_A Brand";v="24"
2024-12-07 13:48:34,648 INFO c.a.WebServer [pool-2-thread-2] sec-ch-ua-mobile: ?0
2024-12-07 13:48:34,649 INFO c.a.WebServer [pool-2-thread-2] sec-ch-ua-platform: "Windows"
2024-12-07 13:48:34,649 INFO c.a.WebServer [pool-2-thread-2] Upgrade-Insecure-Requests: 1
2024-12-07 13:48:34,650 INFO c.a.WebServer [pool-2-thread-2] User-Agent: Mozilla/5.0 (Windows NT 10.0; Win64; x64) AppleWebKit/537.36 (KHTML, like Gecko) Chrome/131.0.0.0 Safari/537.36
2024-12-07 13:48:34,650 INFO c.a.WebServer [pool-2-thread-2] Accept: text/html,application/xhtml+xml,application/xml;q=0.9,image/avif,image/webp,image/apng,*/*;q=0.8,application/signed-exchange;v=b3;q=0.7
2024-12-07 13:48:34,651 INFO c.a.WebServer [pool-2-thread-2] Sec-Fetch-Site: none
2024-12-07 13:48:34,651 INFO c.a.WebServer [pool-2-thread-2] Sec-Fetch-Mode: navigate
2024-12-07 13:48:34,652 INFO c.a.WebServer [pool-2-thread-2] Sec-Fetch-User: ?1
2024-12-07 13:48:34,652 INFO c.a.WebServer [pool-2-thread-2] Sec-Fetch-Dest: document
2024-12-07 13:48:34,652 INFO c.a.WebServer [pool-2-thread-2] Accept-Encoding: gzip, deflate, br, zstd
2024-12-07 13:48:34,653 INFO c.a.WebServer [pool-2-thread-2] Accept-Language: en-GB,en-US;q=0.9,en;q=0.8,tr;q=0.7
2024-12-07 13:48:34,653 INFO c.a.WebServer [pool-2-thread-2] Cookie: Idea-aafc98fb=658b0d5c-2bf3-4a86-9c32-a7b8839e4505; _ga=GA1.1.1641718334.1720546053; Webstorm-5dc34942=29b731fc-1c15-4de7-b819-1af49ebd48dc; Webstorm-5dc34943=a980352b-1e53-4f3a-8ec2-639d92bd913b; _ga_PQEYN9C3X3=GS1.1.1727763152.23.1.1727770904.0.0.0; userToken=4gwm3ynf98ttkn231id7e8
2024-12-07 13:48:34,654 ERROR c.a.WebServer [pool-2-thread-2] Requested file size is too large.
2024-12-07 13:48:34,654 ERROR c.a.WebServer [pool-2-thread-2] Failed to send the response on port 58455
2024-12-07 13:48:34,654 ERROR c.a.WebServer [pool-2-thread-2] Value out of range. Value:"5647848" Radix:10
2024-12-07 13:48:34,655 INFO c.a.WebServer [pool-2-thread-2] Connection closed
2024-12-07 13:48:34,656 INFO c.a.WebServer [pool-2-thread-1] GET /5647848 HTTP/1.1
2024-12-07 13:48:34,656 INFO c.a.WebServer [pool-2-thread-1] Host: localhost:8051
2024-12-07 13:48:34,657 INFO c.a.WebServer [pool-2-thread-1] Connection: keep-alive
2024-12-07 13:48:34,658 INFO c.a.WebServer [pool-2-thread-1] Cache-Control: max-age=0
2024-12-07 13:48:34,658 INFO c.a.WebServer [pool-2-thread-1] sec-ch-ua: "Google Chrome";v="131", "Chromium";v="131", "Not_A Brand";v="24"
2024-12-07 13:48:34,658 INFO c.a.WebServer [pool-2-thread-1] sec-ch-ua-mobile: ?0
2024-12-07 13:48:34,659 INFO c.a.WebServer [pool-2-thread-1] sec-ch-ua-platform: "Windows"
2024-12-07 13:48:34,659 INFO c.a.WebServer [pool-2-thread-1] Upgrade-Insecure-Requests: 1
2024-12-07 13:48:34,660 INFO c.a.WebServer [pool-2-thread-1] User-Agent: Mozilla/5.0 (Windows NT 10.0; Win64; x64) AppleWebKit/537.36 (KHTML, like Gecko) Chrome/131.0.0.0 Safari/537.36
2024-12-07 13:48:34,660 INFO c.a.WebServer [pool-2-thread-1] Accept: text/html,application/xhtml+xml,application/xml;q=0.9,image/avif,image/webp,image/apng,*/*;q=0.8,application/signed-exchange;v=b3;q=0.7
2024-12-07 13:48:34,660 INFO c.a.WebServer [pool-2-thread-1] Sec-Fetch-Site: none
2024-12-07 13:48:34,661 INFO c.a.WebServer [pool-2-thread-1] Sec-Fetch-Mode: navigate
2024-12-07 13:48:34,661 INFO c.a.WebServer [pool-2-thread-1] Sec-Fetch-User: ?1
2024-12-07 13:48:34,662 INFO c.a.WebServer [pool-2-thread-1] Sec-Fetch-Dest: document
2024-12-07 13:48:34,662 INFO c.a.WebServer [pool-2-thread-1] Accept-Encoding: gzip, deflate, br, zstd
2024-12-07 13:48:34,662 INFO c.a.WebServer [pool-2-thread-1] Accept-Language: en-GB,en-US;q=0.9,en;q=0.8,tr;q=0.7
2024-12-07 13:48:34,663 INFO c.a.WebServer [pool-2-thread-1] Cookie: Idea-aafc98fb=658b0d5c-2bf3-4a86-9c32-a7b8839e4505; _ga=GA1.1.1641718334.1720546053; Webstorm-5dc34942=29b731fc-1c15-4de7-b819-1af49ebd48dc; Webstorm-5dc34943=a980352b-1e53-4f3a-8ec2-639d92bd913b; _ga_PQEYN9C3X3=GS1.1.1727763152.23.1.1727770904.0.0.0; userToken=4gwm3ynf98ttkn231id7e8
2024-12-07 13:48:34,663 ERROR c.a.WebServer [pool-2-thread-1] Requested file size is too large.
2024-12-07 13:48:34,664 ERROR c.a.WebServer [pool-2-thread-1] Failed to send the response on port 58456
2024-12-07 13:48:34,664 ERROR c.a.WebServer [pool-2-thread-1] Value out of range. Value:"5647848" Radix:10
2024-12-07 13:48:34,665 INFO c.a.WebServer [pool-2-thread-1] Connection closed
2024-12-07 13:48:34,666 INFO c.a.WebServer [pool-2-thread-1] 1 connection(s) active

2024-12-07 13:48:34,667 INFO c.a.WebServer [pool-2-thread-1] GET /5647848 HTTP/1.1
2024-12-07 13:48:34,667 INFO c.a.WebServer [pool-2-thread-1] Host: localhost:8051
2024-12-07 13:48:34,667 INFO c.a.WebServer [pool-2-thread-1] Connection: keep-alive
2024-12-07 13:48:34,668 INFO c.a.WebServer [pool-2-thread-1] Cache-Control: max-age=0
2024-12-07 13:48:34,668 INFO c.a.WebServer [pool-2-thread-1] sec-ch-ua: "Google Chrome";v="131", "Chromium";v="131", "Not_A Brand";v="24"
2024-12-07 13:48:34,668 INFO c.a.WebServer [pool-2-thread-1] sec-ch-ua-mobile: ?0
2024-12-07 13:48:34,669 INFO c.a.WebServer [pool-2-thread-1] sec-ch-ua-platform: "Windows"
2024-12-07 13:48:34,669 INFO c.a.WebServer [pool-2-thread-1] Upgrade-Insecure-Requests: 1
2024-12-07 13:48:34,669 INFO c.a.WebServer [pool-2-thread-1] User-Agent: Mozilla/5.0 (Windows NT 10.0; Win64; x64) AppleWebKit/537.36 (KHTML, like Gecko) Chrome/131.0.0.0 Safari/537.36
2024-12-07 13:48:34,670 INFO c.a.WebServer [pool-2-thread-1] Accept: text/html,application/xhtml+xml,application/xml;q=0.9,image/avif,image/webp,image/apng,*/*;q=0.8,application/signed-exchange;v=b3;q=0.7
2024-12-07 13:48:34,670 INFO c.a.WebServer [pool-2-thread-1] Sec-Fetch-Site: none
2024-12-07 13:48:34,670 INFO c.a.WebServer [pool-2-thread-1] Sec-Fetch-Mode: navigate
2024-12-07 13:48:34,671 INFO c.a.WebServer [pool-2-thread-1] Sec-Fetch-User: ?1
2024-12-07 13:48:34,671 INFO c.a.WebServer [pool-2-thread-1] Sec-Fetch-Dest: document
2024-12-07 13:48:34,671 INFO c.a.WebServer [pool-2-thread-1] Accept-Encoding: gzip, deflate, br, zstd
2024-12-07 13:48:34,672 INFO c.a.WebServer [pool-2-thread-1] Accept-Language: en-GB,en-US;q=0.9,en;q=0.8,tr;q=0.7
2024-12-07 13:48:34,672 INFO c.a.WebServer [pool-2-thread-1] Cookie: Idea-aafc98fb=658b0d5c-2bf3-4a86-9c32-a7b8839e4505; _ga=GA1.1.1641718334.1720546053; Webstorm-5dc34942=29b731fc-1c15-4de7-b819-1af49ebd48dc; Webstorm-5dc34943=a980352b-1e53-4f3a-8ec2-639d92bd913b; _ga_PQEYN9C3X3=GS1.1.1727763152.23.1.1727770904.0.0.0; userToken=4gwm3ynf98ttkn231id7e8
2024-12-07 13:48:34,673 ERROR c.a.WebServer [pool-2-thread-1] Requested file size is too large.
2024-12-07 13:48:34,673 ERROR c.a.WebServer [pool-2-thread-1] Failed to send the response on port 58457
2024-12-07 13:48:34,673 ERROR c.a.WebServer [pool-2-thread-1] Value out of range. Value:"5647848" Radix:10
2024-12-07 13:48:34,674 INFO c.a.WebServer [pool-2-thread-1] Connection closed
2024-12-07 13:48:35,717 INFO c.a.WebServer [pool-2-thread-2] 2 connection(s) active

2024-12-07 13:48:35,717 INFO c.a.WebServer [pool-2-thread-1] 1 connection(s) active

2024-12-07 13:48:35,718 INFO c.a.WebServer [pool-2-thread-1] GET /5647848 HTTP/1.1
2024-12-07 13:48:35,719 INFO c.a.WebServer [pool-2-thread-1] Host: localhost:8051
2024-12-07 13:48:35,719 INFO c.a.WebServer [pool-2-thread-1] Connection: keep-alive
2024-12-07 13:48:35,720 INFO c.a.WebServer [pool-2-thread-1] Cache-Control: max-age=0
2024-12-07 13:48:35,720 INFO c.a.WebServer [pool-2-thread-1] sec-ch-ua: "Google Chrome";v="131", "Chromium";v="131", "Not_A Brand";v="24"
2024-12-07 13:48:35,721 INFO c.a.WebServer [pool-2-thread-1] sec-ch-ua-mobile: ?0
2024-12-07 13:48:35,721 INFO c.a.WebServer [pool-2-thread-1] sec-ch-ua-platform: "Windows"
2024-12-07 13:48:35,722 INFO c.a.WebServer [pool-2-thread-1] Upgrade-Insecure-Requests: 1
2024-12-07 13:48:35,722 INFO c.a.WebServer [pool-2-thread-1] User-Agent: Mozilla/5.0 (Windows NT 10.0; Win64; x64) AppleWebKit/537.36 (KHTML, like Gecko) Chrome/131.0.0.0 Safari/537.36
2024-12-07 13:48:35,722 INFO c.a.WebServer [pool-2-thread-1] Accept: text/html,application/xhtml+xml,application/xml;q=0.9,image/avif,image/webp,image/apng,*/*;q=0.8,application/signed-exchange;v=b3;q=0.7
2024-12-07 13:48:35,723 INFO c.a.WebServer [pool-2-thread-1] Sec-Fetch-Site: none
2024-12-07 13:48:35,723 INFO c.a.WebServer [pool-2-thread-1] Sec-Fetch-Mode: navigate
2024-12-07 13:48:35,724 INFO c.a.WebServer [pool-2-thread-1] Sec-Fetch-User: ?1
2024-12-07 13:48:35,724 INFO c.a.WebServer [pool-2-thread-1] Sec-Fetch-Dest: document
2024-12-07 13:48:35,724 INFO c.a.WebServer [pool-2-thread-1] Accept-Encoding: gzip, deflate, br, zstd
2024-12-07 13:48:35,725 INFO c.a.WebServer [pool-2-thread-1] Accept-Language: en-GB,en-US;q=0.9,en;q=0.8,tr;q=0.7
2024-12-07 13:48:35,725 INFO c.a.WebServer [pool-2-thread-1] Cookie: Idea-aafc98fb=658b0d5c-2bf3-4a86-9c32-a7b8839e4505; _ga=GA1.1.1641718334.1720546053; Webstorm-5dc34942=29b731fc-1c15-4de7-b819-1af49ebd48dc; Webstorm-5dc34943=a980352b-1e53-4f3a-8ec2-639d92bd913b; _ga_PQEYN9C3X3=GS1.1.1727763152.23.1.1727770904.0.0.0; userToken=4gwm3ynf98ttkn231id7e8
2024-12-07 13:48:35,725 ERROR c.a.WebServer [pool-2-thread-1] Requested file size is too large.
2024-12-07 13:48:35,726 ERROR c.a.WebServer [pool-2-thread-1] Failed to send the response on port 58458
2024-12-07 13:48:35,726 ERROR c.a.WebServer [pool-2-thread-1] Value out of range. Value:"5647848" Radix:10
2024-12-07 13:48:35,727 INFO c.a.WebServer [pool-2-thread-1] Connection closed
2024-12-07 13:48:38,463 INFO c.a.WebServer [pool-2-thread-2] GET /564784 HTTP/1.1
2024-12-07 13:48:38,463 INFO c.a.WebServer [pool-2-thread-1] 2 connection(s) active

2024-12-07 13:48:38,463 INFO c.a.WebServer [pool-2-thread-2] Host: localhost:8051
2024-12-07 13:48:38,463 INFO c.a.WebServer [pool-2-thread-2] Connection: keep-alive
2024-12-07 13:48:38,463 INFO c.a.WebServer [pool-2-thread-2] sec-ch-ua: "Google Chrome";v="131", "Chromium";v="131", "Not_A Brand";v="24"
2024-12-07 13:48:38,463 INFO c.a.WebServer [pool-2-thread-2] sec-ch-ua-mobile: ?0
2024-12-07 13:48:38,463 INFO c.a.WebServer [pool-2-thread-2] sec-ch-ua-platform: "Windows"
2024-12-07 13:48:38,463 INFO c.a.WebServer [pool-2-thread-2] Upgrade-Insecure-Requests: 1
2024-12-07 13:48:38,463 INFO c.a.WebServer [pool-2-thread-2] User-Agent: Mozilla/5.0 (Windows NT 10.0; Win64; x64) AppleWebKit/537.36 (KHTML, like Gecko) Chrome/131.0.0.0 Safari/537.36
2024-12-07 13:48:38,463 INFO c.a.WebServer [pool-2-thread-2] Accept: text/html,application/xhtml+xml,application/xml;q=0.9,image/avif,image/webp,image/apng,*/*;q=0.8,application/signed-exchange;v=b3;q=0.7
2024-12-07 13:48:38,463 INFO c.a.WebServer [pool-2-thread-2] Sec-Fetch-Site: none
2024-12-07 13:48:38,463 INFO c.a.WebServer [pool-2-thread-2] Sec-Fetch-Mode: navigate
2024-12-07 13:48:38,463 INFO c.a.WebServer [pool-2-thread-2] Sec-Fetch-User: ?1
2024-12-07 13:48:38,463 INFO c.a.WebServer [pool-2-thread-2] Sec-Fetch-Dest: document
2024-12-07 13:48:38,463 INFO c.a.WebServer [pool-2-thread-2] Accept-Encoding: gzip, deflate, br, zstd
2024-12-07 13:48:38,463 INFO c.a.WebServer [pool-2-thread-2] Accept-Language: en-GB,en-US;q=0.9,en;q=0.8,tr;q=0.7
2024-12-07 13:48:38,463 INFO c.a.WebServer [pool-2-thread-2] Cookie: Idea-aafc98fb=658b0d5c-2bf3-4a86-9c32-a7b8839e4505; _ga=GA1.1.1641718334.1720546053; Webstorm-5dc34942=29b731fc-1c15-4de7-b819-1af49ebd48dc; Webstorm-5dc34943=a980352b-1e53-4f3a-8ec2-639d92bd913b; _ga_PQEYN9C3X3=GS1.1.1727763152.23.1.1727770904.0.0.0; userToken=4gwm3ynf98ttkn231id7e8
2024-12-07 13:48:38,463 ERROR c.a.WebServer [pool-2-thread-2] Requested file size is too large.
2024-12-07 13:48:38,463 ERROR c.a.WebServer [pool-2-thread-2] Failed to send the response on port 58459
2024-12-07 13:48:38,463 ERROR c.a.WebServer [pool-2-thread-2] Value out of range. Value:"564784" Radix:10
2024-12-07 13:48:38,463 INFO c.a.WebServer [pool-2-thread-2] Connection closed
2024-12-07 13:48:38,463 INFO c.a.WebServer [pool-2-thread-1] GET /564784 HTTP/1.1
2024-12-07 13:48:38,463 INFO c.a.WebServer [pool-2-thread-1] Host: localhost:8051
2024-12-07 13:48:38,463 INFO c.a.WebServer [pool-2-thread-1] Connection: keep-alive
2024-12-07 13:48:38,463 INFO c.a.WebServer [pool-2-thread-1] sec-ch-ua: "Google Chrome";v="131", "Chromium";v="131", "Not_A Brand";v="24"
2024-12-07 13:48:38,463 INFO c.a.WebServer [pool-2-thread-1] sec-ch-ua-mobile: ?0
2024-12-07 13:48:38,463 INFO c.a.WebServer [pool-2-thread-1] sec-ch-ua-platform: "Windows"
2024-12-07 13:48:38,463 INFO c.a.WebServer [pool-2-thread-1] Upgrade-Insecure-Requests: 1
2024-12-07 13:48:38,463 INFO c.a.WebServer [pool-2-thread-1] User-Agent: Mozilla/5.0 (Windows NT 10.0; Win64; x64) AppleWebKit/537.36 (KHTML, like Gecko) Chrome/131.0.0.0 Safari/537.36
2024-12-07 13:48:38,463 INFO c.a.WebServer [pool-2-thread-1] Accept: text/html,application/xhtml+xml,application/xml;q=0.9,image/avif,image/webp,image/apng,*/*;q=0.8,application/signed-exchange;v=b3;q=0.7
2024-12-07 13:48:38,463 INFO c.a.WebServer [pool-2-thread-1] Sec-Fetch-Site: none
2024-12-07 13:48:38,463 INFO c.a.WebServer [pool-2-thread-1] Sec-Fetch-Mode: navigate
2024-12-07 13:48:38,463 INFO c.a.WebServer [pool-2-thread-1] Sec-Fetch-User: ?1
2024-12-07 13:48:38,463 INFO c.a.WebServer [pool-2-thread-1] Sec-Fetch-Dest: document
2024-12-07 13:48:38,463 INFO c.a.WebServer [pool-2-thread-1] Accept-Encoding: gzip, deflate, br, zstd
2024-12-07 13:48:38,463 INFO c.a.WebServer [pool-2-thread-1] Accept-Language: en-GB,en-US;q=0.9,en;q=0.8,tr;q=0.7
2024-12-07 13:48:38,463 INFO c.a.WebServer [pool-2-thread-1] Cookie: Idea-aafc98fb=658b0d5c-2bf3-4a86-9c32-a7b8839e4505; _ga=GA1.1.1641718334.1720546053; Webstorm-5dc34942=29b731fc-1c15-4de7-b819-1af49ebd48dc; Webstorm-5dc34943=a980352b-1e53-4f3a-8ec2-639d92bd913b; _ga_PQEYN9C3X3=GS1.1.1727763152.23.1.1727770904.0.0.0; userToken=4gwm3ynf98ttkn231id7e8
2024-12-07 13:48:38,463 ERROR c.a.WebServer [pool-2-thread-1] Requested file size is too large.
2024-12-07 13:48:38,463 ERROR c.a.WebServer [pool-2-thread-1] Failed to send the response on port 58460
2024-12-07 13:48:38,463 ERROR c.a.WebServer [pool-2-thread-1] Value out of range. Value:"564784" Radix:10
2024-12-07 13:48:38,463 INFO c.a.WebServer [pool-2-thread-1] Connection closed
2024-12-07 13:48:38,463 INFO c.a.WebServer [pool-2-thread-1] 1 connection(s) active

2024-12-07 13:48:38,463 INFO c.a.WebServer [pool-2-thread-1] GET /564784 HTTP/1.1
2024-12-07 13:48:38,463 INFO c.a.WebServer [pool-2-thread-1] Host: localhost:8051
2024-12-07 13:48:38,463 INFO c.a.WebServer [pool-2-thread-1] Connection: keep-alive
2024-12-07 13:48:38,479 INFO c.a.WebServer [pool-2-thread-1] sec-ch-ua: "Google Chrome";v="131", "Chromium";v="131", "Not_A Brand";v="24"
2024-12-07 13:48:38,479 INFO c.a.WebServer [pool-2-thread-1] sec-ch-ua-mobile: ?0
2024-12-07 13:48:38,479 INFO c.a.WebServer [pool-2-thread-1] sec-ch-ua-platform: "Windows"
2024-12-07 13:48:38,479 INFO c.a.WebServer [pool-2-thread-1] Upgrade-Insecure-Requests: 1
2024-12-07 13:48:38,480 INFO c.a.WebServer [pool-2-thread-1] User-Agent: Mozilla/5.0 (Windows NT 10.0; Win64; x64) AppleWebKit/537.36 (KHTML, like Gecko) Chrome/131.0.0.0 Safari/537.36
2024-12-07 13:48:38,480 INFO c.a.WebServer [pool-2-thread-1] Accept: text/html,application/xhtml+xml,application/xml;q=0.9,image/avif,image/webp,image/apng,*/*;q=0.8,application/signed-exchange;v=b3;q=0.7
2024-12-07 13:48:38,480 INFO c.a.WebServer [pool-2-thread-1] Sec-Fetch-Site: none
2024-12-07 13:48:38,480 INFO c.a.WebServer [pool-2-thread-1] Sec-Fetch-Mode: navigate
2024-12-07 13:48:38,481 INFO c.a.WebServer [pool-2-thread-1] Sec-Fetch-User: ?1
2024-12-07 13:48:38,481 INFO c.a.WebServer [pool-2-thread-1] Sec-Fetch-Dest: document
2024-12-07 13:48:38,481 INFO c.a.WebServer [pool-2-thread-1] Accept-Encoding: gzip, deflate, br, zstd
2024-12-07 13:48:38,481 INFO c.a.WebServer [pool-2-thread-1] Accept-Language: en-GB,en-US;q=0.9,en;q=0.8,tr;q=0.7
2024-12-07 13:48:38,481 INFO c.a.WebServer [pool-2-thread-1] Cookie: Idea-aafc98fb=658b0d5c-2bf3-4a86-9c32-a7b8839e4505; _ga=GA1.1.1641718334.1720546053; Webstorm-5dc34942=29b731fc-1c15-4de7-b819-1af49ebd48dc; Webstorm-5dc34943=a980352b-1e53-4f3a-8ec2-639d92bd913b; _ga_PQEYN9C3X3=GS1.1.1727763152.23.1.1727770904.0.0.0; userToken=4gwm3ynf98ttkn231id7e8
2024-12-07 13:48:38,481 ERROR c.a.WebServer [pool-2-thread-1] Requested file size is too large.
2024-12-07 13:48:38,481 ERROR c.a.WebServer [pool-2-thread-1] Failed to send the response on port 58461
2024-12-07 13:48:38,481 ERROR c.a.WebServer [pool-2-thread-1] Value out of range. Value:"564784" Radix:10
2024-12-07 13:48:38,481 INFO c.a.WebServer [pool-2-thread-1] Connection closed
2024-12-07 13:48:39,509 INFO c.a.WebServer [pool-2-thread-2] 1 connection(s) active

2024-12-07 13:48:39,509 INFO c.a.WebServer [pool-2-thread-1] 2 connection(s) active

2024-12-07 13:48:39,535 INFO c.a.WebServer [pool-2-thread-2] GET /564784 HTTP/1.1
2024-12-07 13:48:39,535 INFO c.a.WebServer [pool-2-thread-2] Host: localhost:8051
2024-12-07 13:48:39,536 INFO c.a.WebServer [pool-2-thread-2] Connection: keep-alive
2024-12-07 13:48:39,536 INFO c.a.WebServer [pool-2-thread-2] Cache-Control: max-age=0
2024-12-07 13:48:39,536 INFO c.a.WebServer [pool-2-thread-2] sec-ch-ua: "Google Chrome";v="131", "Chromium";v="131", "Not_A Brand";v="24"
2024-12-07 13:48:39,536 INFO c.a.WebServer [pool-2-thread-2] sec-ch-ua-mobile: ?0
2024-12-07 13:48:39,537 INFO c.a.WebServer [pool-2-thread-2] sec-ch-ua-platform: "Windows"
2024-12-07 13:48:39,537 INFO c.a.WebServer [pool-2-thread-2] Upgrade-Insecure-Requests: 1
2024-12-07 13:48:39,537 INFO c.a.WebServer [pool-2-thread-2] User-Agent: Mozilla/5.0 (Windows NT 10.0; Win64; x64) AppleWebKit/537.36 (KHTML, like Gecko) Chrome/131.0.0.0 Safari/537.36
2024-12-07 13:48:39,537 INFO c.a.WebServer [pool-2-thread-2] Accept: text/html,application/xhtml+xml,application/xml;q=0.9,image/avif,image/webp,image/apng,*/*;q=0.8,application/signed-exchange;v=b3;q=0.7
2024-12-07 13:48:39,538 INFO c.a.WebServer [pool-2-thread-2] Sec-Fetch-Site: none
2024-12-07 13:48:39,538 INFO c.a.WebServer [pool-2-thread-2] Sec-Fetch-Mode: navigate
2024-12-07 13:48:39,538 INFO c.a.WebServer [pool-2-thread-2] Sec-Fetch-User: ?1
2024-12-07 13:48:39,539 INFO c.a.WebServer [pool-2-thread-2] Sec-Fetch-Dest: document
2024-12-07 13:48:39,539 INFO c.a.WebServer [pool-2-thread-2] Accept-Encoding: gzip, deflate, br, zstd
2024-12-07 13:48:39,539 INFO c.a.WebServer [pool-2-thread-2] Accept-Language: en-GB,en-US;q=0.9,en;q=0.8,tr;q=0.7
2024-12-07 13:48:39,540 INFO c.a.WebServer [pool-2-thread-2] Cookie: Idea-aafc98fb=658b0d5c-2bf3-4a86-9c32-a7b8839e4505; _ga=GA1.1.1641718334.1720546053; Webstorm-5dc34942=29b731fc-1c15-4de7-b819-1af49ebd48dc; Webstorm-5dc34943=a980352b-1e53-4f3a-8ec2-639d92bd913b; _ga_PQEYN9C3X3=GS1.1.1727763152.23.1.1727770904.0.0.0; userToken=4gwm3ynf98ttkn231id7e8
2024-12-07 13:48:39,540 ERROR c.a.WebServer [pool-2-thread-2] Requested file size is too large.
2024-12-07 13:48:39,540 ERROR c.a.WebServer [pool-2-thread-2] Failed to send the response on port 58463
2024-12-07 13:48:39,540 ERROR c.a.WebServer [pool-2-thread-2] Value out of range. Value:"564784" Radix:10
2024-12-07 13:48:39,540 INFO c.a.WebServer [pool-2-thread-2] Connection closed
2024-12-07 13:48:39,540 INFO c.a.WebServer [pool-2-thread-1] GET /564784 HTTP/1.1
2024-12-07 13:48:39,540 INFO c.a.WebServer [pool-2-thread-1] Host: localhost:8051
2024-12-07 13:48:39,540 INFO c.a.WebServer [pool-2-thread-1] Connection: keep-alive
2024-12-07 13:48:39,540 INFO c.a.WebServer [pool-2-thread-1] Cache-Control: max-age=0
2024-12-07 13:48:39,540 INFO c.a.WebServer [pool-2-thread-1] sec-ch-ua: "Google Chrome";v="131", "Chromium";v="131", "Not_A Brand";v="24"
2024-12-07 13:48:39,540 INFO c.a.WebServer [pool-2-thread-1] sec-ch-ua-mobile: ?0
2024-12-07 13:48:39,540 INFO c.a.WebServer [pool-2-thread-1] sec-ch-ua-platform: "Windows"
2024-12-07 13:48:39,540 INFO c.a.WebServer [pool-2-thread-1] Upgrade-Insecure-Requests: 1
2024-12-07 13:48:39,540 INFO c.a.WebServer [pool-2-thread-1] User-Agent: Mozilla/5.0 (Windows NT 10.0; Win64; x64) AppleWebKit/537.36 (KHTML, like Gecko) Chrome/131.0.0.0 Safari/537.36
2024-12-07 13:48:39,540 INFO c.a.WebServer [pool-2-thread-1] Accept: text/html,application/xhtml+xml,application/xml;q=0.9,image/avif,image/webp,image/apng,*/*;q=0.8,application/signed-exchange;v=b3;q=0.7
2024-12-07 13:48:39,540 INFO c.a.WebServer [pool-2-thread-1] Sec-Fetch-Site: none
2024-12-07 13:48:39,540 INFO c.a.WebServer [pool-2-thread-1] Sec-Fetch-Mode: navigate
2024-12-07 13:48:39,540 INFO c.a.WebServer [pool-2-thread-1] Sec-Fetch-User: ?1
2024-12-07 13:48:39,540 INFO c.a.WebServer [pool-2-thread-1] Sec-Fetch-Dest: document
2024-12-07 13:48:39,540 INFO c.a.WebServer [pool-2-thread-1] Accept-Encoding: gzip, deflate, br, zstd
2024-12-07 13:48:39,540 INFO c.a.WebServer [pool-2-thread-1] Accept-Language: en-GB,en-US;q=0.9,en;q=0.8,tr;q=0.7
2024-12-07 13:48:39,540 INFO c.a.WebServer [pool-2-thread-1] Cookie: Idea-aafc98fb=658b0d5c-2bf3-4a86-9c32-a7b8839e4505; _ga=GA1.1.1641718334.1720546053; Webstorm-5dc34942=29b731fc-1c15-4de7-b819-1af49ebd48dc; Webstorm-5dc34943=a980352b-1e53-4f3a-8ec2-639d92bd913b; _ga_PQEYN9C3X3=GS1.1.1727763152.23.1.1727770904.0.0.0; userToken=4gwm3ynf98ttkn231id7e8
2024-12-07 13:48:39,540 ERROR c.a.WebServer [pool-2-thread-1] Requested file size is too large.
2024-12-07 13:48:39,540 ERROR c.a.WebServer [pool-2-thread-1] Failed to send the response on port 58462
2024-12-07 13:48:39,547 ERROR c.a.WebServer [pool-2-thread-1] Value out of range. Value:"564784" Radix:10
2024-12-07 13:48:39,547 INFO c.a.WebServer [pool-2-thread-1] Connection closed
2024-12-07 13:48:39,548 INFO c.a.WebServer [pool-2-thread-1] 1 connection(s) active

2024-12-07 13:48:39,548 INFO c.a.WebServer [pool-2-thread-1] GET /564784 HTTP/1.1
2024-12-07 13:48:39,548 INFO c.a.WebServer [pool-2-thread-1] Host: localhost:8051
2024-12-07 13:48:39,548 INFO c.a.WebServer [pool-2-thread-1] Connection: keep-alive
2024-12-07 13:48:39,548 INFO c.a.WebServer [pool-2-thread-1] Cache-Control: max-age=0
2024-12-07 13:48:39,548 INFO c.a.WebServer [pool-2-thread-1] sec-ch-ua: "Google Chrome";v="131", "Chromium";v="131", "Not_A Brand";v="24"
2024-12-07 13:48:39,548 INFO c.a.WebServer [pool-2-thread-1] sec-ch-ua-mobile: ?0
2024-12-07 13:48:39,548 INFO c.a.WebServer [pool-2-thread-1] sec-ch-ua-platform: "Windows"
2024-12-07 13:48:39,548 INFO c.a.WebServer [pool-2-thread-1] Upgrade-Insecure-Requests: 1
2024-12-07 13:48:39,548 INFO c.a.WebServer [pool-2-thread-1] User-Agent: Mozilla/5.0 (Windows NT 10.0; Win64; x64) AppleWebKit/537.36 (KHTML, like Gecko) Chrome/131.0.0.0 Safari/537.36
2024-12-07 13:48:39,548 INFO c.a.WebServer [pool-2-thread-1] Accept: text/html,application/xhtml+xml,application/xml;q=0.9,image/avif,image/webp,image/apng,*/*;q=0.8,application/signed-exchange;v=b3;q=0.7
2024-12-07 13:48:39,548 INFO c.a.WebServer [pool-2-thread-1] Sec-Fetch-Site: none
2024-12-07 13:48:39,548 INFO c.a.WebServer [pool-2-thread-1] Sec-Fetch-Mode: navigate
2024-12-07 13:48:39,548 INFO c.a.WebServer [pool-2-thread-1] Sec-Fetch-User: ?1
2024-12-07 13:48:39,548 INFO c.a.WebServer [pool-2-thread-1] Sec-Fetch-Dest: document
2024-12-07 13:48:39,548 INFO c.a.WebServer [pool-2-thread-1] Accept-Encoding: gzip, deflate, br, zstd
2024-12-07 13:48:39,548 INFO c.a.WebServer [pool-2-thread-1] Accept-Language: en-GB,en-US;q=0.9,en;q=0.8,tr;q=0.7
2024-12-07 13:48:39,548 INFO c.a.WebServer [pool-2-thread-1] Cookie: Idea-aafc98fb=658b0d5c-2bf3-4a86-9c32-a7b8839e4505; _ga=GA1.1.1641718334.1720546053; Webstorm-5dc34942=29b731fc-1c15-4de7-b819-1af49ebd48dc; Webstorm-5dc34943=a980352b-1e53-4f3a-8ec2-639d92bd913b; _ga_PQEYN9C3X3=GS1.1.1727763152.23.1.1727770904.0.0.0; userToken=4gwm3ynf98ttkn231id7e8
2024-12-07 13:48:39,548 ERROR c.a.WebServer [pool-2-thread-1] Requested file size is too large.
2024-12-07 13:48:39,548 ERROR c.a.WebServer [pool-2-thread-1] Failed to send the response on port 58464
2024-12-07 13:48:39,548 ERROR c.a.WebServer [pool-2-thread-1] Value out of range. Value:"564784" Radix:10
2024-12-07 13:48:39,555 INFO c.a.WebServer [pool-2-thread-1] Connection closed
2024-12-07 13:48:41,549 INFO c.a.WebServer [pool-2-thread-1] 1 connection(s) active

2024-12-07 13:48:41,553 INFO c.a.WebServer [pool-2-thread-2] 2 connection(s) active

2024-12-07 13:48:41,555 INFO c.a.WebServer [pool-2-thread-2] GET /56478 HTTP/1.1
2024-12-07 13:48:41,563 INFO c.a.WebServer [pool-2-thread-2] Host: localhost:8051
2024-12-07 13:48:41,563 INFO c.a.WebServer [pool-2-thread-2] Connection: keep-alive
2024-12-07 13:48:41,563 INFO c.a.WebServer [pool-2-thread-2] sec-ch-ua: "Google Chrome";v="131", "Chromium";v="131", "Not_A Brand";v="24"
2024-12-07 13:48:41,564 INFO c.a.WebServer [pool-2-thread-2] sec-ch-ua-mobile: ?0
2024-12-07 13:48:41,565 INFO c.a.WebServer [pool-2-thread-2] sec-ch-ua-platform: "Windows"
2024-12-07 13:48:41,565 INFO c.a.WebServer [pool-2-thread-2] Upgrade-Insecure-Requests: 1
2024-12-07 13:48:41,565 INFO c.a.WebServer [pool-2-thread-2] User-Agent: Mozilla/5.0 (Windows NT 10.0; Win64; x64) AppleWebKit/537.36 (KHTML, like Gecko) Chrome/131.0.0.0 Safari/537.36
2024-12-07 13:48:41,565 INFO c.a.WebServer [pool-2-thread-2] Accept: text/html,application/xhtml+xml,application/xml;q=0.9,image/avif,image/webp,image/apng,*/*;q=0.8,application/signed-exchange;v=b3;q=0.7
2024-12-07 13:48:41,565 INFO c.a.WebServer [pool-2-thread-2] Sec-Fetch-Site: none
2024-12-07 13:48:41,565 INFO c.a.WebServer [pool-2-thread-2] Sec-Fetch-Mode: navigate
2024-12-07 13:48:41,565 INFO c.a.WebServer [pool-2-thread-2] Sec-Fetch-User: ?1
2024-12-07 13:48:41,565 INFO c.a.WebServer [pool-2-thread-2] Sec-Fetch-Dest: document
2024-12-07 13:48:41,565 INFO c.a.WebServer [pool-2-thread-2] Accept-Encoding: gzip, deflate, br, zstd
2024-12-07 13:48:41,565 INFO c.a.WebServer [pool-2-thread-2] Accept-Language: en-GB,en-US;q=0.9,en;q=0.8,tr;q=0.7
2024-12-07 13:48:41,565 INFO c.a.WebServer [pool-2-thread-2] Cookie: Idea-aafc98fb=658b0d5c-2bf3-4a86-9c32-a7b8839e4505; _ga=GA1.1.1641718334.1720546053; Webstorm-5dc34942=29b731fc-1c15-4de7-b819-1af49ebd48dc; Webstorm-5dc34943=a980352b-1e53-4f3a-8ec2-639d92bd913b; _ga_PQEYN9C3X3=GS1.1.1727763152.23.1.1727770904.0.0.0; userToken=4gwm3ynf98ttkn231id7e8
2024-12-07 13:48:41,565 ERROR c.a.WebServer [pool-2-thread-2] Requested file size is too large.
2024-12-07 13:48:41,565 ERROR c.a.WebServer [pool-2-thread-2] Failed to send the response on port 58466
2024-12-07 13:48:41,565 ERROR c.a.WebServer [pool-2-thread-2] Value out of range. Value:"56478" Radix:10
2024-12-07 13:48:41,565 INFO c.a.WebServer [pool-2-thread-2] Connection closed
2024-12-07 13:48:41,565 INFO c.a.WebServer [pool-2-thread-1] GET /56478 HTTP/1.1
2024-12-07 13:48:41,565 INFO c.a.WebServer [pool-2-thread-1] Host: localhost:8051
2024-12-07 13:48:41,565 INFO c.a.WebServer [pool-2-thread-1] Connection: keep-alive
2024-12-07 13:48:41,565 INFO c.a.WebServer [pool-2-thread-1] sec-ch-ua: "Google Chrome";v="131", "Chromium";v="131", "Not_A Brand";v="24"
2024-12-07 13:48:41,565 INFO c.a.WebServer [pool-2-thread-1] sec-ch-ua-mobile: ?0
2024-12-07 13:48:41,565 INFO c.a.WebServer [pool-2-thread-1] sec-ch-ua-platform: "Windows"
2024-12-07 13:48:41,565 INFO c.a.WebServer [pool-2-thread-1] Upgrade-Insecure-Requests: 1
2024-12-07 13:48:41,565 INFO c.a.WebServer [pool-2-thread-1] User-Agent: Mozilla/5.0 (Windows NT 10.0; Win64; x64) AppleWebKit/537.36 (KHTML, like Gecko) Chrome/131.0.0.0 Safari/537.36
2024-12-07 13:48:41,565 INFO c.a.WebServer [pool-2-thread-1] Accept: text/html,application/xhtml+xml,application/xml;q=0.9,image/avif,image/webp,image/apng,*/*;q=0.8,application/signed-exchange;v=b3;q=0.7
2024-12-07 13:48:41,565 INFO c.a.WebServer [pool-2-thread-1] Sec-Fetch-Site: none
2024-12-07 13:48:41,565 INFO c.a.WebServer [pool-2-thread-1] Sec-Fetch-Mode: navigate
2024-12-07 13:48:41,572 INFO c.a.WebServer [pool-2-thread-1] Sec-Fetch-User: ?1
2024-12-07 13:48:41,572 INFO c.a.WebServer [pool-2-thread-1] Sec-Fetch-Dest: document
2024-12-07 13:48:41,572 INFO c.a.WebServer [pool-2-thread-1] Accept-Encoding: gzip, deflate, br, zstd
2024-12-07 13:48:41,572 INFO c.a.WebServer [pool-2-thread-1] Accept-Language: en-GB,en-US;q=0.9,en;q=0.8,tr;q=0.7
2024-12-07 13:48:41,573 INFO c.a.WebServer [pool-2-thread-1] Cookie: Idea-aafc98fb=658b0d5c-2bf3-4a86-9c32-a7b8839e4505; _ga=GA1.1.1641718334.1720546053; Webstorm-5dc34942=29b731fc-1c15-4de7-b819-1af49ebd48dc; Webstorm-5dc34943=a980352b-1e53-4f3a-8ec2-639d92bd913b; _ga_PQEYN9C3X3=GS1.1.1727763152.23.1.1727770904.0.0.0; userToken=4gwm3ynf98ttkn231id7e8
2024-12-07 13:48:41,573 ERROR c.a.WebServer [pool-2-thread-1] Requested file size is too large.
2024-12-07 13:48:41,573 ERROR c.a.WebServer [pool-2-thread-1] Failed to send the response on port 58465
2024-12-07 13:48:41,573 ERROR c.a.WebServer [pool-2-thread-1] Value out of range. Value:"56478" Radix:10
2024-12-07 13:48:41,573 INFO c.a.WebServer [pool-2-thread-1] Connection closed
2024-12-07 13:48:41,573 INFO c.a.WebServer [pool-2-thread-1] 1 connection(s) active

2024-12-07 13:48:41,573 INFO c.a.WebServer [pool-2-thread-1] GET /56478 HTTP/1.1
2024-12-07 13:48:41,573 INFO c.a.WebServer [pool-2-thread-1] Host: localhost:8051
2024-12-07 13:48:41,573 INFO c.a.WebServer [pool-2-thread-1] Connection: keep-alive
2024-12-07 13:48:41,573 INFO c.a.WebServer [pool-2-thread-1] sec-ch-ua: "Google Chrome";v="131", "Chromium";v="131", "Not_A Brand";v="24"
2024-12-07 13:48:41,573 INFO c.a.WebServer [pool-2-thread-1] sec-ch-ua-mobile: ?0
2024-12-07 13:48:41,573 INFO c.a.WebServer [pool-2-thread-1] sec-ch-ua-platform: "Windows"
2024-12-07 13:48:41,573 INFO c.a.WebServer [pool-2-thread-1] Upgrade-Insecure-Requests: 1
2024-12-07 13:48:41,573 INFO c.a.WebServer [pool-2-thread-1] User-Agent: Mozilla/5.0 (Windows NT 10.0; Win64; x64) AppleWebKit/537.36 (KHTML, like Gecko) Chrome/131.0.0.0 Safari/537.36
2024-12-07 13:48:41,573 INFO c.a.WebServer [pool-2-thread-1] Accept: text/html,application/xhtml+xml,application/xml;q=0.9,image/avif,image/webp,image/apng,*/*;q=0.8,application/signed-exchange;v=b3;q=0.7
2024-12-07 13:48:41,573 INFO c.a.WebServer [pool-2-thread-1] Sec-Fetch-Site: none
2024-12-07 13:48:41,573 INFO c.a.WebServer [pool-2-thread-1] Sec-Fetch-Mode: navigate
2024-12-07 13:48:41,573 INFO c.a.WebServer [pool-2-thread-1] Sec-Fetch-User: ?1
2024-12-07 13:48:41,573 INFO c.a.WebServer [pool-2-thread-1] Sec-Fetch-Dest: document
2024-12-07 13:48:41,573 INFO c.a.WebServer [pool-2-thread-1] Accept-Encoding: gzip, deflate, br, zstd
2024-12-07 13:48:41,573 INFO c.a.WebServer [pool-2-thread-1] Accept-Language: en-GB,en-US;q=0.9,en;q=0.8,tr;q=0.7
2024-12-07 13:48:41,580 INFO c.a.WebServer [pool-2-thread-1] Cookie: Idea-aafc98fb=658b0d5c-2bf3-4a86-9c32-a7b8839e4505; _ga=GA1.1.1641718334.1720546053; Webstorm-5dc34942=29b731fc-1c15-4de7-b819-1af49ebd48dc; Webstorm-5dc34943=a980352b-1e53-4f3a-8ec2-639d92bd913b; _ga_PQEYN9C3X3=GS1.1.1727763152.23.1.1727770904.0.0.0; userToken=4gwm3ynf98ttkn231id7e8
2024-12-07 13:48:41,580 ERROR c.a.WebServer [pool-2-thread-1] Requested file size is too large.
2024-12-07 13:48:41,580 ERROR c.a.WebServer [pool-2-thread-1] Failed to send the response on port 58467
2024-12-07 13:48:41,581 ERROR c.a.WebServer [pool-2-thread-1] Value out of range. Value:"56478" Radix:10
2024-12-07 13:48:41,581 INFO c.a.WebServer [pool-2-thread-1] Connection closed
2024-12-07 13:48:42,614 INFO c.a.WebServer [pool-2-thread-2] 1 connection(s) active

2024-12-07 13:48:42,631 INFO c.a.WebServer [pool-2-thread-1] 2 connection(s) active

2024-12-07 13:48:42,640 INFO c.a.WebServer [pool-2-thread-1] GET /56478 HTTP/1.1
2024-12-07 13:48:42,640 INFO c.a.WebServer [pool-2-thread-1] Host: localhost:8051
2024-12-07 13:48:42,640 INFO c.a.WebServer [pool-2-thread-1] Connection: keep-alive
2024-12-07 13:48:42,640 INFO c.a.WebServer [pool-2-thread-1] Cache-Control: max-age=0
2024-12-07 13:48:42,640 INFO c.a.WebServer [pool-2-thread-1] sec-ch-ua: "Google Chrome";v="131", "Chromium";v="131", "Not_A Brand";v="24"
2024-12-07 13:48:42,640 INFO c.a.WebServer [pool-2-thread-1] sec-ch-ua-mobile: ?0
2024-12-07 13:48:42,640 INFO c.a.WebServer [pool-2-thread-1] sec-ch-ua-platform: "Windows"
2024-12-07 13:48:42,640 INFO c.a.WebServer [pool-2-thread-1] Upgrade-Insecure-Requests: 1
2024-12-07 13:48:42,640 INFO c.a.WebServer [pool-2-thread-1] User-Agent: Mozilla/5.0 (Windows NT 10.0; Win64; x64) AppleWebKit/537.36 (KHTML, like Gecko) Chrome/131.0.0.0 Safari/537.36
2024-12-07 13:48:42,640 INFO c.a.WebServer [pool-2-thread-1] Accept: text/html,application/xhtml+xml,application/xml;q=0.9,image/avif,image/webp,image/apng,*/*;q=0.8,application/signed-exchange;v=b3;q=0.7
2024-12-07 13:48:42,640 INFO c.a.WebServer [pool-2-thread-1] Sec-Fetch-Site: none
2024-12-07 13:48:42,640 INFO c.a.WebServer [pool-2-thread-1] Sec-Fetch-Mode: navigate
2024-12-07 13:48:42,640 INFO c.a.WebServer [pool-2-thread-1] Sec-Fetch-User: ?1
2024-12-07 13:48:42,640 INFO c.a.WebServer [pool-2-thread-1] Sec-Fetch-Dest: document
2024-12-07 13:48:42,640 INFO c.a.WebServer [pool-2-thread-1] Accept-Encoding: gzip, deflate, br, zstd
2024-12-07 13:48:42,640 INFO c.a.WebServer [pool-2-thread-1] Accept-Language: en-GB,en-US;q=0.9,en;q=0.8,tr;q=0.7
2024-12-07 13:48:42,640 INFO c.a.WebServer [pool-2-thread-1] Cookie: Idea-aafc98fb=658b0d5c-2bf3-4a86-9c32-a7b8839e4505; _ga=GA1.1.1641718334.1720546053; Webstorm-5dc34942=29b731fc-1c15-4de7-b819-1af49ebd48dc; Webstorm-5dc34943=a980352b-1e53-4f3a-8ec2-639d92bd913b; _ga_PQEYN9C3X3=GS1.1.1727763152.23.1.1727770904.0.0.0; userToken=4gwm3ynf98ttkn231id7e8
2024-12-07 13:48:42,640 ERROR c.a.WebServer [pool-2-thread-1] Requested file size is too large.
2024-12-07 13:48:42,640 ERROR c.a.WebServer [pool-2-thread-1] Failed to send the response on port 58468
2024-12-07 13:48:42,640 ERROR c.a.WebServer [pool-2-thread-1] Value out of range. Value:"56478" Radix:10
2024-12-07 13:48:42,640 INFO c.a.WebServer [pool-2-thread-1] Connection closed
2024-12-07 13:48:42,650 INFO c.a.WebServer [pool-2-thread-2] GET /56478 HTTP/1.1
2024-12-07 13:48:42,650 INFO c.a.WebServer [pool-2-thread-2] Host: localhost:8051
2024-12-07 13:48:42,650 INFO c.a.WebServer [pool-2-thread-2] Connection: keep-alive
2024-12-07 13:48:42,651 INFO c.a.WebServer [pool-2-thread-2] Cache-Control: max-age=0
2024-12-07 13:48:42,651 INFO c.a.WebServer [pool-2-thread-2] sec-ch-ua: "Google Chrome";v="131", "Chromium";v="131", "Not_A Brand";v="24"
2024-12-07 13:48:42,651 INFO c.a.WebServer [pool-2-thread-2] sec-ch-ua-mobile: ?0
2024-12-07 13:48:42,651 INFO c.a.WebServer [pool-2-thread-2] sec-ch-ua-platform: "Windows"
2024-12-07 13:48:42,651 INFO c.a.WebServer [pool-2-thread-2] Upgrade-Insecure-Requests: 1
2024-12-07 13:48:42,652 INFO c.a.WebServer [pool-2-thread-2] User-Agent: Mozilla/5.0 (Windows NT 10.0; Win64; x64) AppleWebKit/537.36 (KHTML, like Gecko) Chrome/131.0.0.0 Safari/537.36
2024-12-07 13:48:42,652 INFO c.a.WebServer [pool-2-thread-2] Accept: text/html,application/xhtml+xml,application/xml;q=0.9,image/avif,image/webp,image/apng,*/*;q=0.8,application/signed-exchange;v=b3;q=0.7
2024-12-07 13:48:42,652 INFO c.a.WebServer [pool-2-thread-2] Sec-Fetch-Site: none
2024-12-07 13:48:42,652 INFO c.a.WebServer [pool-2-thread-2] Sec-Fetch-Mode: navigate
2024-12-07 13:48:42,653 INFO c.a.WebServer [pool-2-thread-2] Sec-Fetch-User: ?1
2024-12-07 13:48:42,653 INFO c.a.WebServer [pool-2-thread-2] Sec-Fetch-Dest: document
2024-12-07 13:48:42,653 INFO c.a.WebServer [pool-2-thread-2] Accept-Encoding: gzip, deflate, br, zstd
2024-12-07 13:48:42,653 INFO c.a.WebServer [pool-2-thread-2] Accept-Language: en-GB,en-US;q=0.9,en;q=0.8,tr;q=0.7
2024-12-07 13:48:42,654 INFO c.a.WebServer [pool-2-thread-2] Cookie: Idea-aafc98fb=658b0d5c-2bf3-4a86-9c32-a7b8839e4505; _ga=GA1.1.1641718334.1720546053; Webstorm-5dc34942=29b731fc-1c15-4de7-b819-1af49ebd48dc; Webstorm-5dc34943=a980352b-1e53-4f3a-8ec2-639d92bd913b; _ga_PQEYN9C3X3=GS1.1.1727763152.23.1.1727770904.0.0.0; userToken=4gwm3ynf98ttkn231id7e8
2024-12-07 13:48:42,654 ERROR c.a.WebServer [pool-2-thread-2] Requested file size is too large.
2024-12-07 13:48:42,654 ERROR c.a.WebServer [pool-2-thread-2] Failed to send the response on port 58469
2024-12-07 13:48:42,654 ERROR c.a.WebServer [pool-2-thread-2] Value out of range. Value:"56478" Radix:10
2024-12-07 13:48:42,655 INFO c.a.WebServer [pool-2-thread-2] Connection closed
2024-12-07 13:48:42,655 INFO c.a.WebServer [pool-2-thread-2] 1 connection(s) active

2024-12-07 13:48:42,656 INFO c.a.WebServer [pool-2-thread-2] GET /56478 HTTP/1.1
2024-12-07 13:48:42,656 INFO c.a.WebServer [pool-2-thread-2] Host: localhost:8051
2024-12-07 13:48:42,656 INFO c.a.WebServer [pool-2-thread-2] Connection: keep-alive
2024-12-07 13:48:42,656 INFO c.a.WebServer [pool-2-thread-2] Cache-Control: max-age=0
2024-12-07 13:48:42,656 INFO c.a.WebServer [pool-2-thread-2] sec-ch-ua: "Google Chrome";v="131", "Chromium";v="131", "Not_A Brand";v="24"
2024-12-07 13:48:42,656 INFO c.a.WebServer [pool-2-thread-2] sec-ch-ua-mobile: ?0
2024-12-07 13:48:42,656 INFO c.a.WebServer [pool-2-thread-2] sec-ch-ua-platform: "Windows"
2024-12-07 13:48:42,656 INFO c.a.WebServer [pool-2-thread-2] Upgrade-Insecure-Requests: 1
2024-12-07 13:48:42,656 INFO c.a.WebServer [pool-2-thread-2] User-Agent: Mozilla/5.0 (Windows NT 10.0; Win64; x64) AppleWebKit/537.36 (KHTML, like Gecko) Chrome/131.0.0.0 Safari/537.36
2024-12-07 13:48:42,656 INFO c.a.WebServer [pool-2-thread-2] Accept: text/html,application/xhtml+xml,application/xml;q=0.9,image/avif,image/webp,image/apng,*/*;q=0.8,application/signed-exchange;v=b3;q=0.7
2024-12-07 13:48:42,656 INFO c.a.WebServer [pool-2-thread-2] Sec-Fetch-Site: none
2024-12-07 13:48:42,656 INFO c.a.WebServer [pool-2-thread-2] Sec-Fetch-Mode: navigate
2024-12-07 13:48:42,656 INFO c.a.WebServer [pool-2-thread-2] Sec-Fetch-User: ?1
2024-12-07 13:48:42,656 INFO c.a.WebServer [pool-2-thread-2] Sec-Fetch-Dest: document
2024-12-07 13:48:42,656 INFO c.a.WebServer [pool-2-thread-2] Accept-Encoding: gzip, deflate, br, zstd
2024-12-07 13:48:42,656 INFO c.a.WebServer [pool-2-thread-2] Accept-Language: en-GB,en-US;q=0.9,en;q=0.8,tr;q=0.7
2024-12-07 13:48:42,656 INFO c.a.WebServer [pool-2-thread-2] Cookie: Idea-aafc98fb=658b0d5c-2bf3-4a86-9c32-a7b8839e4505; _ga=GA1.1.1641718334.1720546053; Webstorm-5dc34942=29b731fc-1c15-4de7-b819-1af49ebd48dc; Webstorm-5dc34943=a980352b-1e53-4f3a-8ec2-639d92bd913b; _ga_PQEYN9C3X3=GS1.1.1727763152.23.1.1727770904.0.0.0; userToken=4gwm3ynf98ttkn231id7e8
2024-12-07 13:48:42,656 ERROR c.a.WebServer [pool-2-thread-2] Requested file size is too large.
2024-12-07 13:48:42,656 ERROR c.a.WebServer [pool-2-thread-2] Failed to send the response on port 58470
2024-12-07 13:48:42,656 ERROR c.a.WebServer [pool-2-thread-2] Value out of range. Value:"56478" Radix:10
2024-12-07 13:48:42,656 INFO c.a.WebServer [pool-2-thread-2] Connection closed
2024-12-07 13:48:43,888 INFO c.a.WebServer [pool-2-thread-2] 1 connection(s) active

2024-12-07 13:48:43,888 INFO c.a.WebServer [pool-2-thread-1] 2 connection(s) active

2024-12-07 13:48:43,888 INFO c.a.WebServer [pool-2-thread-2] GET /5647 HTTP/1.1
2024-12-07 13:48:43,888 INFO c.a.WebServer [pool-2-thread-2] Host: localhost:8051
2024-12-07 13:48:43,888 INFO c.a.WebServer [pool-2-thread-2] Connection: keep-alive
2024-12-07 13:48:43,888 INFO c.a.WebServer [pool-2-thread-2] sec-ch-ua: "Google Chrome";v="131", "Chromium";v="131", "Not_A Brand";v="24"
2024-12-07 13:48:43,888 INFO c.a.WebServer [pool-2-thread-2] sec-ch-ua-mobile: ?0
2024-12-07 13:48:43,888 INFO c.a.WebServer [pool-2-thread-2] sec-ch-ua-platform: "Windows"
2024-12-07 13:48:43,888 INFO c.a.WebServer [pool-2-thread-2] Upgrade-Insecure-Requests: 1
2024-12-07 13:48:43,888 INFO c.a.WebServer [pool-2-thread-2] User-Agent: Mozilla/5.0 (Windows NT 10.0; Win64; x64) AppleWebKit/537.36 (KHTML, like Gecko) Chrome/131.0.0.0 Safari/537.36
2024-12-07 13:48:43,888 INFO c.a.WebServer [pool-2-thread-2] Accept: text/html,application/xhtml+xml,application/xml;q=0.9,image/avif,image/webp,image/apng,*/*;q=0.8,application/signed-exchange;v=b3;q=0.7
2024-12-07 13:48:43,888 INFO c.a.WebServer [pool-2-thread-2] Sec-Fetch-Site: none
2024-12-07 13:48:43,888 INFO c.a.WebServer [pool-2-thread-2] Sec-Fetch-Mode: navigate
2024-12-07 13:48:43,888 INFO c.a.WebServer [pool-2-thread-2] Sec-Fetch-User: ?1
2024-12-07 13:48:43,888 INFO c.a.WebServer [pool-2-thread-2] Sec-Fetch-Dest: document
2024-12-07 13:48:43,888 INFO c.a.WebServer [pool-2-thread-2] Accept-Encoding: gzip, deflate, br, zstd
2024-12-07 13:48:43,888 INFO c.a.WebServer [pool-2-thread-2] Accept-Language: en-GB,en-US;q=0.9,en;q=0.8,tr;q=0.7
2024-12-07 13:48:43,888 INFO c.a.WebServer [pool-2-thread-2] Cookie: Idea-aafc98fb=658b0d5c-2bf3-4a86-9c32-a7b8839e4505; _ga=GA1.1.1641718334.1720546053; Webstorm-5dc34942=29b731fc-1c15-4de7-b819-1af49ebd48dc; Webstorm-5dc34943=a980352b-1e53-4f3a-8ec2-639d92bd913b; _ga_PQEYN9C3X3=GS1.1.1727763152.23.1.1727770904.0.0.0; userToken=4gwm3ynf98ttkn231id7e8
2024-12-07 13:48:43,888 INFO c.a.WebServer [pool-2-thread-2] Sent response: HTTP/1.1 200 OK with Content-Length: 5641
2024-12-07 13:48:43,888 INFO c.a.WebServer [pool-2-thread-2] Connection closed
2024-12-07 13:48:46,070 INFO c.a.WebServer [pool-2-thread-1] GET /favicon.ico HTTP/1.1
2024-12-07 13:48:46,070 INFO c.a.WebServer [pool-2-thread-1] Host: localhost:8051
2024-12-07 13:48:46,070 INFO c.a.WebServer [pool-2-thread-1] Connection: keep-alive
2024-12-07 13:48:46,070 INFO c.a.WebServer [pool-2-thread-1] sec-ch-ua-platform: "Windows"
2024-12-07 13:48:46,070 INFO c.a.WebServer [pool-2-thread-1] User-Agent: Mozilla/5.0 (Windows NT 10.0; Win64; x64) AppleWebKit/537.36 (KHTML, like Gecko) Chrome/131.0.0.0 Safari/537.36
2024-12-07 13:48:46,070 INFO c.a.WebServer [pool-2-thread-1] sec-ch-ua: "Google Chrome";v="131", "Chromium";v="131", "Not_A Brand";v="24"
2024-12-07 13:48:46,070 INFO c.a.WebServer [pool-2-thread-1] sec-ch-ua-mobile: ?0
2024-12-07 13:48:46,070 INFO c.a.WebServer [pool-2-thread-1] Accept: image/avif,image/webp,image/apng,image/svg+xml,image/*,*/*;q=0.8
2024-12-07 13:48:46,070 INFO c.a.WebServer [pool-2-thread-1] Sec-Fetch-Site: same-origin
2024-12-07 13:48:46,080 INFO c.a.WebServer [pool-2-thread-1] Sec-Fetch-Mode: no-cors
2024-12-07 13:48:46,080 INFO c.a.WebServer [pool-2-thread-1] Sec-Fetch-Dest: image
2024-12-07 13:48:46,080 INFO c.a.WebServer [pool-2-thread-1] Referer: http://localhost:8051/5647
2024-12-07 13:48:46,080 INFO c.a.WebServer [pool-2-thread-1] Accept-Encoding: gzip, deflate, br, zstd
2024-12-07 13:48:46,080 INFO c.a.WebServer [pool-2-thread-1] Accept-Language: en-GB,en-US;q=0.9,en;q=0.8,tr;q=0.7
2024-12-07 13:48:46,081 INFO c.a.WebServer [pool-2-thread-1] Cookie: Idea-aafc98fb=658b0d5c-2bf3-4a86-9c32-a7b8839e4505; _ga=GA1.1.1641718334.1720546053; Webstorm-5dc34942=29b731fc-1c15-4de7-b819-1af49ebd48dc; Webstorm-5dc34943=a980352b-1e53-4f3a-8ec2-639d92bd913b; _ga_PQEYN9C3X3=GS1.1.1727763152.23.1.1727770904.0.0.0; userToken=4gwm3ynf98ttkn231id7e8
2024-12-07 13:48:46,081 ERROR c.a.WebServer [pool-2-thread-1] Requested file size format is invalid.
2024-12-07 13:48:46,081 ERROR c.a.WebServer [pool-2-thread-1] Failed to send the response on port 58472
2024-12-07 13:48:46,081 ERROR c.a.WebServer [pool-2-thread-1] For input string: "favicon.ico"
2024-12-07 13:48:46,082 INFO c.a.WebServer [pool-2-thread-1] Connection closed
2024-12-07 13:48:46,083 INFO c.a.WebServer [pool-2-thread-1] 1 connection(s) active

2024-12-07 13:48:46,083 INFO c.a.WebServer [pool-2-thread-1] GET /favicon.ico HTTP/1.1
2024-12-07 13:48:46,083 INFO c.a.WebServer [pool-2-thread-1] Host: localhost:8051
2024-12-07 13:48:46,083 INFO c.a.WebServer [pool-2-thread-1] Connection: keep-alive
2024-12-07 13:48:46,084 INFO c.a.WebServer [pool-2-thread-1] sec-ch-ua-platform: "Windows"
2024-12-07 13:48:46,084 INFO c.a.WebServer [pool-2-thread-1] User-Agent: Mozilla/5.0 (Windows NT 10.0; Win64; x64) AppleWebKit/537.36 (KHTML, like Gecko) Chrome/131.0.0.0 Safari/537.36
2024-12-07 13:48:46,084 INFO c.a.WebServer [pool-2-thread-1] sec-ch-ua: "Google Chrome";v="131", "Chromium";v="131", "Not_A Brand";v="24"
2024-12-07 13:48:46,084 INFO c.a.WebServer [pool-2-thread-1] sec-ch-ua-mobile: ?0
2024-12-07 13:48:46,084 INFO c.a.WebServer [pool-2-thread-1] Accept: image/avif,image/webp,image/apng,image/svg+xml,image/*,*/*;q=0.8
2024-12-07 13:48:46,084 INFO c.a.WebServer [pool-2-thread-1] Sec-Fetch-Site: same-origin
2024-12-07 13:48:46,084 INFO c.a.WebServer [pool-2-thread-1] Sec-Fetch-Mode: no-cors
2024-12-07 13:48:46,085 INFO c.a.WebServer [pool-2-thread-1] Sec-Fetch-Dest: image
2024-12-07 13:48:46,085 INFO c.a.WebServer [pool-2-thread-1] Referer: http://localhost:8051/5647
2024-12-07 13:48:46,085 INFO c.a.WebServer [pool-2-thread-1] Accept-Encoding: gzip, deflate, br, zstd
2024-12-07 13:48:46,085 INFO c.a.WebServer [pool-2-thread-1] Accept-Language: en-GB,en-US;q=0.9,en;q=0.8,tr;q=0.7
2024-12-07 13:48:46,085 INFO c.a.WebServer [pool-2-thread-1] Cookie: Idea-aafc98fb=658b0d5c-2bf3-4a86-9c32-a7b8839e4505; _ga=GA1.1.1641718334.1720546053; Webstorm-5dc34942=29b731fc-1c15-4de7-b819-1af49ebd48dc; Webstorm-5dc34943=a980352b-1e53-4f3a-8ec2-639d92bd913b; _ga_PQEYN9C3X3=GS1.1.1727763152.23.1.1727770904.0.0.0; userToken=4gwm3ynf98ttkn231id7e8
2024-12-07 13:48:46,086 ERROR c.a.WebServer [pool-2-thread-1] Requested file size format is invalid.
2024-12-07 13:48:46,086 ERROR c.a.WebServer [pool-2-thread-1] Failed to send the response on port 58473
2024-12-07 13:48:46,086 ERROR c.a.WebServer [pool-2-thread-1] For input string: "favicon.ico"
2024-12-07 13:48:46,086 INFO c.a.WebServer [pool-2-thread-1] Connection closed
2024-12-07 13:48:47,862 INFO c.a.WebServer [pool-2-thread-1] 1 connection(s) active

2024-12-07 13:48:47,867 INFO c.a.WebServer [pool-2-thread-2] 2 connection(s) active

2024-12-07 13:48:47,869 INFO c.a.WebServer [pool-2-thread-2] GET /564 HTTP/1.1
2024-12-07 13:48:47,869 INFO c.a.WebServer [pool-2-thread-2] Host: localhost:8051
2024-12-07 13:48:47,870 INFO c.a.WebServer [pool-2-thread-2] Connection: keep-alive
2024-12-07 13:48:47,870 INFO c.a.WebServer [pool-2-thread-2] sec-ch-ua: "Google Chrome";v="131", "Chromium";v="131", "Not_A Brand";v="24"
2024-12-07 13:48:47,870 INFO c.a.WebServer [pool-2-thread-2] sec-ch-ua-mobile: ?0
2024-12-07 13:48:47,871 INFO c.a.WebServer [pool-2-thread-2] sec-ch-ua-platform: "Windows"
2024-12-07 13:48:47,871 INFO c.a.WebServer [pool-2-thread-2] Upgrade-Insecure-Requests: 1
2024-12-07 13:48:47,871 INFO c.a.WebServer [pool-2-thread-2] User-Agent: Mozilla/5.0 (Windows NT 10.0; Win64; x64) AppleWebKit/537.36 (KHTML, like Gecko) Chrome/131.0.0.0 Safari/537.36
2024-12-07 13:48:47,872 INFO c.a.WebServer [pool-2-thread-2] Accept: text/html,application/xhtml+xml,application/xml;q=0.9,image/avif,image/webp,image/apng,*/*;q=0.8,application/signed-exchange;v=b3;q=0.7
2024-12-07 13:48:47,875 INFO c.a.WebServer [pool-2-thread-2] Sec-Fetch-Site: none
2024-12-07 13:48:47,875 INFO c.a.WebServer [pool-2-thread-2] Sec-Fetch-Mode: navigate
2024-12-07 13:48:47,878 INFO c.a.WebServer [pool-2-thread-2] Sec-Fetch-User: ?1
2024-12-07 13:48:47,878 INFO c.a.WebServer [pool-2-thread-2] Sec-Fetch-Dest: document
2024-12-07 13:48:47,878 INFO c.a.WebServer [pool-2-thread-2] Accept-Encoding: gzip, deflate, br, zstd
2024-12-07 13:48:47,881 INFO c.a.WebServer [pool-2-thread-2] Accept-Language: en-GB,en-US;q=0.9,en;q=0.8,tr;q=0.7
2024-12-07 13:48:47,881 INFO c.a.WebServer [pool-2-thread-2] Cookie: Idea-aafc98fb=658b0d5c-2bf3-4a86-9c32-a7b8839e4505; _ga=GA1.1.1641718334.1720546053; Webstorm-5dc34942=29b731fc-1c15-4de7-b819-1af49ebd48dc; Webstorm-5dc34943=a980352b-1e53-4f3a-8ec2-639d92bd913b; _ga_PQEYN9C3X3=GS1.1.1727763152.23.1.1727770904.0.0.0; userToken=4gwm3ynf98ttkn231id7e8
2024-12-07 13:48:47,883 INFO c.a.WebServer [pool-2-thread-2] Sent response: HTTP/1.1 200 OK with Content-Length: 558
2024-12-07 13:48:47,884 INFO c.a.WebServer [pool-2-thread-2] Connection closed
2024-12-07 13:48:48,599 INFO c.a.WebServer [pool-2-thread-1] GET /favicon.ico HTTP/1.1
2024-12-07 13:48:48,599 INFO c.a.WebServer [pool-2-thread-1] Host: localhost:8051
2024-12-07 13:48:48,599 INFO c.a.WebServer [pool-2-thread-1] Connection: keep-alive
2024-12-07 13:48:48,600 INFO c.a.WebServer [pool-2-thread-1] sec-ch-ua-platform: "Windows"
2024-12-07 13:48:48,600 INFO c.a.WebServer [pool-2-thread-1] User-Agent: Mozilla/5.0 (Windows NT 10.0; Win64; x64) AppleWebKit/537.36 (KHTML, like Gecko) Chrome/131.0.0.0 Safari/537.36
2024-12-07 13:48:48,600 INFO c.a.WebServer [pool-2-thread-1] sec-ch-ua: "Google Chrome";v="131", "Chromium";v="131", "Not_A Brand";v="24"
2024-12-07 13:48:48,600 INFO c.a.WebServer [pool-2-thread-1] sec-ch-ua-mobile: ?0
2024-12-07 13:48:48,600 INFO c.a.WebServer [pool-2-thread-1] Accept: image/avif,image/webp,image/apng,image/svg+xml,image/*,*/*;q=0.8
2024-12-07 13:48:48,601 INFO c.a.WebServer [pool-2-thread-1] Sec-Fetch-Site: same-origin
2024-12-07 13:48:48,601 INFO c.a.WebServer [pool-2-thread-1] Sec-Fetch-Mode: no-cors
2024-12-07 13:48:48,601 INFO c.a.WebServer [pool-2-thread-1] Sec-Fetch-Dest: image
2024-12-07 13:48:48,601 INFO c.a.WebServer [pool-2-thread-1] Referer: http://localhost:8051/564
2024-12-07 13:48:48,601 INFO c.a.WebServer [pool-2-thread-1] Accept-Encoding: gzip, deflate, br, zstd
2024-12-07 13:48:48,601 INFO c.a.WebServer [pool-2-thread-1] Accept-Language: en-GB,en-US;q=0.9,en;q=0.8,tr;q=0.7
2024-12-07 13:48:48,602 INFO c.a.WebServer [pool-2-thread-1] Cookie: Idea-aafc98fb=658b0d5c-2bf3-4a86-9c32-a7b8839e4505; _ga=GA1.1.1641718334.1720546053; Webstorm-5dc34942=29b731fc-1c15-4de7-b819-1af49ebd48dc; Webstorm-5dc34943=a980352b-1e53-4f3a-8ec2-639d92bd913b; _ga_PQEYN9C3X3=GS1.1.1727763152.23.1.1727770904.0.0.0; userToken=4gwm3ynf98ttkn231id7e8
2024-12-07 13:48:48,602 ERROR c.a.WebServer [pool-2-thread-1] Requested file size format is invalid.
2024-12-07 13:48:48,602 ERROR c.a.WebServer [pool-2-thread-1] Failed to send the response on port 58474
2024-12-07 13:48:48,602 ERROR c.a.WebServer [pool-2-thread-1] For input string: "favicon.ico"
2024-12-07 13:48:48,603 INFO c.a.WebServer [pool-2-thread-1] Connection closed
2024-12-07 13:48:48,604 INFO c.a.WebServer [pool-2-thread-1] 1 connection(s) active

2024-12-07 13:48:48,604 INFO c.a.WebServer [pool-2-thread-1] GET /favicon.ico HTTP/1.1
2024-12-07 13:48:48,604 INFO c.a.WebServer [pool-2-thread-1] Host: localhost:8051
2024-12-07 13:48:48,604 INFO c.a.WebServer [pool-2-thread-1] Connection: keep-alive
2024-12-07 13:48:48,605 INFO c.a.WebServer [pool-2-thread-1] sec-ch-ua-platform: "Windows"
2024-12-07 13:48:48,605 INFO c.a.WebServer [pool-2-thread-1] User-Agent: Mozilla/5.0 (Windows NT 10.0; Win64; x64) AppleWebKit/537.36 (KHTML, like Gecko) Chrome/131.0.0.0 Safari/537.36
2024-12-07 13:48:48,605 INFO c.a.WebServer [pool-2-thread-1] sec-ch-ua: "Google Chrome";v="131", "Chromium";v="131", "Not_A Brand";v="24"
2024-12-07 13:48:48,605 INFO c.a.WebServer [pool-2-thread-1] sec-ch-ua-mobile: ?0
2024-12-07 13:48:48,605 INFO c.a.WebServer [pool-2-thread-1] Accept: image/avif,image/webp,image/apng,image/svg+xml,image/*,*/*;q=0.8
2024-12-07 13:48:48,605 INFO c.a.WebServer [pool-2-thread-1] Sec-Fetch-Site: same-origin
2024-12-07 13:48:48,606 INFO c.a.WebServer [pool-2-thread-1] Sec-Fetch-Mode: no-cors
2024-12-07 13:48:48,606 INFO c.a.WebServer [pool-2-thread-1] Sec-Fetch-Dest: image
2024-12-07 13:48:48,606 INFO c.a.WebServer [pool-2-thread-1] Referer: http://localhost:8051/564
2024-12-07 13:48:48,606 INFO c.a.WebServer [pool-2-thread-1] Accept-Encoding: gzip, deflate, br, zstd
2024-12-07 13:48:48,606 INFO c.a.WebServer [pool-2-thread-1] Accept-Language: en-GB,en-US;q=0.9,en;q=0.8,tr;q=0.7
2024-12-07 13:48:48,606 INFO c.a.WebServer [pool-2-thread-1] Cookie: Idea-aafc98fb=658b0d5c-2bf3-4a86-9c32-a7b8839e4505; _ga=GA1.1.1641718334.1720546053; Webstorm-5dc34942=29b731fc-1c15-4de7-b819-1af49ebd48dc; Webstorm-5dc34943=a980352b-1e53-4f3a-8ec2-639d92bd913b; _ga_PQEYN9C3X3=GS1.1.1727763152.23.1.1727770904.0.0.0; userToken=4gwm3ynf98ttkn231id7e8
2024-12-07 13:48:48,606 ERROR c.a.WebServer [pool-2-thread-1] Requested file size format is invalid.
2024-12-07 13:48:48,606 ERROR c.a.WebServer [pool-2-thread-1] Failed to send the response on port 58477
2024-12-07 13:48:48,606 ERROR c.a.WebServer [pool-2-thread-1] For input string: "favicon.ico"
2024-12-07 13:48:48,606 INFO c.a.WebServer [pool-2-thread-1] Connection closed
2024-12-07 13:48:50,422 INFO c.a.WebServer [pool-2-thread-2] 2 connection(s) active

2024-12-07 13:48:50,423 INFO c.a.WebServer [pool-2-thread-1] 2 connection(s) active

2024-12-07 13:48:50,448 INFO c.a.WebServer [pool-2-thread-2] GET /56 HTTP/1.1
2024-12-07 13:48:50,448 INFO c.a.WebServer [pool-2-thread-2] Host: localhost:8051
2024-12-07 13:48:50,448 INFO c.a.WebServer [pool-2-thread-2] Connection: keep-alive
2024-12-07 13:48:50,448 INFO c.a.WebServer [pool-2-thread-2] sec-ch-ua: "Google Chrome";v="131", "Chromium";v="131", "Not_A Brand";v="24"
2024-12-07 13:48:50,448 INFO c.a.WebServer [pool-2-thread-2] sec-ch-ua-mobile: ?0
2024-12-07 13:48:50,449 INFO c.a.WebServer [pool-2-thread-2] sec-ch-ua-platform: "Windows"
2024-12-07 13:48:50,449 INFO c.a.WebServer [pool-2-thread-2] Upgrade-Insecure-Requests: 1
2024-12-07 13:48:50,449 INFO c.a.WebServer [pool-2-thread-2] User-Agent: Mozilla/5.0 (Windows NT 10.0; Win64; x64) AppleWebKit/537.36 (KHTML, like Gecko) Chrome/131.0.0.0 Safari/537.36
2024-12-07 13:48:50,449 INFO c.a.WebServer [pool-2-thread-2] Accept: text/html,application/xhtml+xml,application/xml;q=0.9,image/avif,image/webp,image/apng,*/*;q=0.8,application/signed-exchange;v=b3;q=0.7
2024-12-07 13:48:50,449 INFO c.a.WebServer [pool-2-thread-2] Sec-Fetch-Site: none
2024-12-07 13:48:50,450 INFO c.a.WebServer [pool-2-thread-2] Sec-Fetch-Mode: navigate
2024-12-07 13:48:50,450 INFO c.a.WebServer [pool-2-thread-2] Sec-Fetch-User: ?1
2024-12-07 13:48:50,450 INFO c.a.WebServer [pool-2-thread-2] Sec-Fetch-Dest: document
2024-12-07 13:48:50,450 INFO c.a.WebServer [pool-2-thread-2] Accept-Encoding: gzip, deflate, br, zstd
2024-12-07 13:48:50,450 INFO c.a.WebServer [pool-2-thread-2] Accept-Language: en-GB,en-US;q=0.9,en;q=0.8,tr;q=0.7
2024-12-07 13:48:50,450 INFO c.a.WebServer [pool-2-thread-2] Cookie: Idea-aafc98fb=658b0d5c-2bf3-4a86-9c32-a7b8839e4505; _ga=GA1.1.1641718334.1720546053; Webstorm-5dc34942=29b731fc-1c15-4de7-b819-1af49ebd48dc; Webstorm-5dc34943=a980352b-1e53-4f3a-8ec2-639d92bd913b; _ga_PQEYN9C3X3=GS1.1.1727763152.23.1.1727770904.0.0.0; userToken=4gwm3ynf98ttkn231id7e8
2024-12-07 13:48:50,451 ERROR c.a.WebServer [pool-2-thread-2] Requested file size is too small.
2024-12-07 13:48:50,452 INFO c.a.WebServer [pool-2-thread-2] Sent response: HTTP/1.1 400 Bad Request with Content-Length: 182
2024-12-07 13:48:50,452 INFO c.a.WebServer [pool-2-thread-2] Connection closed
2024-12-07 13:48:51,164 INFO c.a.WebServer [pool-2-thread-1] GET /favicon.ico HTTP/1.1
2024-12-07 13:48:51,165 INFO c.a.WebServer [pool-2-thread-1] Host: localhost:8051
2024-12-07 13:48:51,165 INFO c.a.WebServer [pool-2-thread-1] Connection: keep-alive
2024-12-07 13:48:51,165 INFO c.a.WebServer [pool-2-thread-1] sec-ch-ua-platform: "Windows"
2024-12-07 13:48:51,165 INFO c.a.WebServer [pool-2-thread-1] User-Agent: Mozilla/5.0 (Windows NT 10.0; Win64; x64) AppleWebKit/537.36 (KHTML, like Gecko) Chrome/131.0.0.0 Safari/537.36
2024-12-07 13:48:51,166 INFO c.a.WebServer [pool-2-thread-1] sec-ch-ua: "Google Chrome";v="131", "Chromium";v="131", "Not_A Brand";v="24"
2024-12-07 13:48:51,166 INFO c.a.WebServer [pool-2-thread-1] sec-ch-ua-mobile: ?0
2024-12-07 13:48:51,166 INFO c.a.WebServer [pool-2-thread-1] Accept: image/avif,image/webp,image/apng,image/svg+xml,image/*,*/*;q=0.8
2024-12-07 13:48:51,166 INFO c.a.WebServer [pool-2-thread-1] Sec-Fetch-Site: same-origin
2024-12-07 13:48:51,166 INFO c.a.WebServer [pool-2-thread-1] Sec-Fetch-Mode: no-cors
2024-12-07 13:48:51,166 INFO c.a.WebServer [pool-2-thread-1] Sec-Fetch-Dest: image
2024-12-07 13:48:51,167 INFO c.a.WebServer [pool-2-thread-1] Referer: http://localhost:8051/56
2024-12-07 13:48:51,167 INFO c.a.WebServer [pool-2-thread-1] Accept-Encoding: gzip, deflate, br, zstd
2024-12-07 13:48:51,167 INFO c.a.WebServer [pool-2-thread-1] Accept-Language: en-GB,en-US;q=0.9,en;q=0.8,tr;q=0.7
2024-12-07 13:48:51,167 INFO c.a.WebServer [pool-2-thread-1] Cookie: Idea-aafc98fb=658b0d5c-2bf3-4a86-9c32-a7b8839e4505; _ga=GA1.1.1641718334.1720546053; Webstorm-5dc34942=29b731fc-1c15-4de7-b819-1af49ebd48dc; Webstorm-5dc34943=a980352b-1e53-4f3a-8ec2-639d92bd913b; _ga_PQEYN9C3X3=GS1.1.1727763152.23.1.1727770904.0.0.0; userToken=4gwm3ynf98ttkn231id7e8
2024-12-07 13:48:51,167 ERROR c.a.WebServer [pool-2-thread-1] Requested file size format is invalid.
2024-12-07 13:48:51,167 ERROR c.a.WebServer [pool-2-thread-1] Failed to send the response on port 58481
2024-12-07 13:48:51,168 ERROR c.a.WebServer [pool-2-thread-1] For input string: "favicon.ico"
2024-12-07 13:48:51,168 INFO c.a.WebServer [pool-2-thread-1] Connection closed
2024-12-07 13:48:51,169 INFO c.a.WebServer [pool-2-thread-1] 1 connection(s) active

2024-12-07 13:48:51,169 INFO c.a.WebServer [pool-2-thread-1] GET /favicon.ico HTTP/1.1
2024-12-07 13:48:51,170 INFO c.a.WebServer [pool-2-thread-1] Host: localhost:8051
2024-12-07 13:48:51,170 INFO c.a.WebServer [pool-2-thread-1] Connection: keep-alive
2024-12-07 13:48:51,170 INFO c.a.WebServer [pool-2-thread-1] sec-ch-ua-platform: "Windows"
2024-12-07 13:48:51,170 INFO c.a.WebServer [pool-2-thread-1] User-Agent: Mozilla/5.0 (Windows NT 10.0; Win64; x64) AppleWebKit/537.36 (KHTML, like Gecko) Chrome/131.0.0.0 Safari/537.36
2024-12-07 13:48:51,170 INFO c.a.WebServer [pool-2-thread-1] sec-ch-ua: "Google Chrome";v="131", "Chromium";v="131", "Not_A Brand";v="24"
2024-12-07 13:48:51,170 INFO c.a.WebServer [pool-2-thread-1] sec-ch-ua-mobile: ?0
2024-12-07 13:48:51,171 INFO c.a.WebServer [pool-2-thread-1] Accept: image/avif,image/webp,image/apng,image/svg+xml,image/*,*/*;q=0.8
2024-12-07 13:48:51,171 INFO c.a.WebServer [pool-2-thread-1] Sec-Fetch-Site: same-origin
2024-12-07 13:48:51,171 INFO c.a.WebServer [pool-2-thread-1] Sec-Fetch-Mode: no-cors
2024-12-07 13:48:51,171 INFO c.a.WebServer [pool-2-thread-1] Sec-Fetch-Dest: image
2024-12-07 13:48:51,171 INFO c.a.WebServer [pool-2-thread-1] Referer: http://localhost:8051/56
2024-12-07 13:48:51,172 INFO c.a.WebServer [pool-2-thread-1] Accept-Encoding: gzip, deflate, br, zstd
2024-12-07 13:48:51,172 INFO c.a.WebServer [pool-2-thread-1] Accept-Language: en-GB,en-US;q=0.9,en;q=0.8,tr;q=0.7
2024-12-07 13:48:51,172 INFO c.a.WebServer [pool-2-thread-1] Cookie: Idea-aafc98fb=658b0d5c-2bf3-4a86-9c32-a7b8839e4505; _ga=GA1.1.1641718334.1720546053; Webstorm-5dc34942=29b731fc-1c15-4de7-b819-1af49ebd48dc; Webstorm-5dc34943=a980352b-1e53-4f3a-8ec2-639d92bd913b; _ga_PQEYN9C3X3=GS1.1.1727763152.23.1.1727770904.0.0.0; userToken=4gwm3ynf98ttkn231id7e8
2024-12-07 13:48:51,172 ERROR c.a.WebServer [pool-2-thread-1] Requested file size format is invalid.
2024-12-07 13:48:51,172 ERROR c.a.WebServer [pool-2-thread-1] Failed to send the response on port 58483
2024-12-07 13:48:51,173 ERROR c.a.WebServer [pool-2-thread-1] For input string: "favicon.ico"
2024-12-07 13:48:51,173 INFO c.a.WebServer [pool-2-thread-1] Connection closed
