2024-12-07 13:44:43,556 INFO c.a.WebServer [main]  :: HTTP Server :: Gültekin, Eren & Vatansever :: v1.0 ::
2024-12-07 13:44:43,604 INFO c.a.WebServer [main] Starting HTTPServer on localhost with PID 10172
2024-12-07 13:44:43,605 INFO c.a.WebServer [main] Application is powered by the genius of Gültekin, Eren and Vatansever
2024-12-07 13:44:43,606 INFO c.a.WebServer [main] Server created on port 8051
2024-12-07 13:44:43,607 INFO c.a.WebServer [main] Server started on port 8051
2024-12-07 13:44:45,782 INFO c.a.WebServer [pool-2-thread-2] 2 connection(s) active

2024-12-07 13:44:45,782 INFO c.a.WebServer [pool-2-thread-1] 2 connection(s) active

2024-12-07 13:44:45,787 INFO c.a.WebServer [pool-2-thread-1] GET /9997 HTTP/1.1
2024-12-07 13:44:45,787 INFO c.a.WebServer [pool-2-thread-1] Host: localhost:8051
2024-12-07 13:44:45,788 INFO c.a.WebServer [pool-2-thread-1] Connection: keep-alive
2024-12-07 13:44:45,788 INFO c.a.WebServer [pool-2-thread-1] Cache-Control: max-age=0
2024-12-07 13:44:45,788 INFO c.a.WebServer [pool-2-thread-1] sec-ch-ua: "Google Chrome";v="131", "Chromium";v="131", "Not_A Brand";v="24"
2024-12-07 13:44:45,789 INFO c.a.WebServer [pool-2-thread-1] sec-ch-ua-mobile: ?0
2024-12-07 13:44:45,789 INFO c.a.WebServer [pool-2-thread-1] sec-ch-ua-platform: "Windows"
2024-12-07 13:44:45,789 INFO c.a.WebServer [pool-2-thread-1] Upgrade-Insecure-Requests: 1
2024-12-07 13:44:45,790 INFO c.a.WebServer [pool-2-thread-1] User-Agent: Mozilla/5.0 (Windows NT 10.0; Win64; x64) AppleWebKit/537.36 (KHTML, like Gecko) Chrome/131.0.0.0 Safari/537.36
2024-12-07 13:44:45,790 INFO c.a.WebServer [pool-2-thread-1] Accept: text/html,application/xhtml+xml,application/xml;q=0.9,image/avif,image/webp,image/apng,*/*;q=0.8,application/signed-exchange;v=b3;q=0.7
2024-12-07 13:44:45,791 INFO c.a.WebServer [pool-2-thread-1] Sec-Fetch-Site: none
2024-12-07 13:44:45,791 INFO c.a.WebServer [pool-2-thread-1] Sec-Fetch-Mode: navigate
2024-12-07 13:44:45,792 INFO c.a.WebServer [pool-2-thread-1] Sec-Fetch-User: ?1
2024-12-07 13:44:45,792 INFO c.a.WebServer [pool-2-thread-1] Sec-Fetch-Dest: document
2024-12-07 13:44:45,793 INFO c.a.WebServer [pool-2-thread-1] Accept-Encoding: gzip, deflate, br, zstd
2024-12-07 13:44:45,793 INFO c.a.WebServer [pool-2-thread-1] Accept-Language: en-GB,en-US;q=0.9,en;q=0.8,tr;q=0.7
2024-12-07 13:44:45,794 INFO c.a.WebServer [pool-2-thread-1] Cookie: Idea-aafc98fb=658b0d5c-2bf3-4a86-9c32-a7b8839e4505; _ga=GA1.1.1641718334.1720546053; Webstorm-5dc34942=29b731fc-1c15-4de7-b819-1af49ebd48dc; Webstorm-5dc34943=a980352b-1e53-4f3a-8ec2-639d92bd913b; _ga_PQEYN9C3X3=GS1.1.1727763152.23.1.1727770904.0.0.0; userToken=4gwm3ynf98ttkn231id7e8
2024-12-07 13:44:45,801 INFO c.a.WebServer [pool-2-thread-1] Sent response: HTTP/1.1 200 OK with Content-Length: 9991
2024-12-07 13:44:45,802 INFO c.a.WebServer [pool-2-thread-1] Connection closed
2024-12-07 13:44:48,313 INFO c.a.WebServer [pool-2-thread-2] GET /favicon.ico HTTP/1.1
2024-12-07 13:44:48,313 INFO c.a.WebServer [pool-2-thread-2] Host: localhost:8051
2024-12-07 13:44:48,314 INFO c.a.WebServer [pool-2-thread-2] Connection: keep-alive
2024-12-07 13:44:48,314 INFO c.a.WebServer [pool-2-thread-2] sec-ch-ua-platform: "Windows"
2024-12-07 13:44:48,314 INFO c.a.WebServer [pool-2-thread-2] User-Agent: Mozilla/5.0 (Windows NT 10.0; Win64; x64) AppleWebKit/537.36 (KHTML, like Gecko) Chrome/131.0.0.0 Safari/537.36
2024-12-07 13:44:48,315 INFO c.a.WebServer [pool-2-thread-2] sec-ch-ua: "Google Chrome";v="131", "Chromium";v="131", "Not_A Brand";v="24"
2024-12-07 13:44:48,315 INFO c.a.WebServer [pool-2-thread-2] sec-ch-ua-mobile: ?0
2024-12-07 13:44:48,315 INFO c.a.WebServer [pool-2-thread-2] Accept: image/avif,image/webp,image/apng,image/svg+xml,image/*,*/*;q=0.8
2024-12-07 13:44:48,316 INFO c.a.WebServer [pool-2-thread-2] Sec-Fetch-Site: same-origin
2024-12-07 13:44:48,316 INFO c.a.WebServer [pool-2-thread-2] Sec-Fetch-Mode: no-cors
2024-12-07 13:44:48,316 INFO c.a.WebServer [pool-2-thread-2] Sec-Fetch-Dest: image
2024-12-07 13:44:48,317 INFO c.a.WebServer [pool-2-thread-2] Referer: http://localhost:8051/9997
2024-12-07 13:44:48,317 INFO c.a.WebServer [pool-2-thread-2] Accept-Encoding: gzip, deflate, br, zstd
2024-12-07 13:44:48,318 INFO c.a.WebServer [pool-2-thread-2] Accept-Language: en-GB,en-US;q=0.9,en;q=0.8,tr;q=0.7
2024-12-07 13:44:48,318 INFO c.a.WebServer [pool-2-thread-2] Cookie: Idea-aafc98fb=658b0d5c-2bf3-4a86-9c32-a7b8839e4505; _ga=GA1.1.1641718334.1720546053; Webstorm-5dc34942=29b731fc-1c15-4de7-b819-1af49ebd48dc; Webstorm-5dc34943=a980352b-1e53-4f3a-8ec2-639d92bd913b; _ga_PQEYN9C3X3=GS1.1.1727763152.23.1.1727770904.0.0.0; userToken=4gwm3ynf98ttkn231id7e8
2024-12-07 13:44:48,319 ERROR c.a.WebServer [pool-2-thread-2] Requested file size format is invalid.
2024-12-07 13:44:48,319 ERROR c.a.WebServer [pool-2-thread-2] Failed to send the response on port 58356
2024-12-07 13:44:48,320 ERROR c.a.WebServer [pool-2-thread-2] For input string: "favicon.ico"
2024-12-07 13:44:48,320 INFO c.a.WebServer [pool-2-thread-2] Connection closed
2024-12-07 13:44:48,322 INFO c.a.WebServer [pool-2-thread-2] 1 connection(s) active

2024-12-07 13:44:48,322 INFO c.a.WebServer [pool-2-thread-2] GET /favicon.ico HTTP/1.1
2024-12-07 13:44:48,323 INFO c.a.WebServer [pool-2-thread-2] Host: localhost:8051
2024-12-07 13:44:48,323 INFO c.a.WebServer [pool-2-thread-2] Connection: keep-alive
2024-12-07 13:44:48,323 INFO c.a.WebServer [pool-2-thread-2] sec-ch-ua-platform: "Windows"
2024-12-07 13:44:48,323 INFO c.a.WebServer [pool-2-thread-2] User-Agent: Mozilla/5.0 (Windows NT 10.0; Win64; x64) AppleWebKit/537.36 (KHTML, like Gecko) Chrome/131.0.0.0 Safari/537.36
2024-12-07 13:44:48,324 INFO c.a.WebServer [pool-2-thread-2] sec-ch-ua: "Google Chrome";v="131", "Chromium";v="131", "Not_A Brand";v="24"
2024-12-07 13:44:48,324 INFO c.a.WebServer [pool-2-thread-2] sec-ch-ua-mobile: ?0
2024-12-07 13:44:48,324 INFO c.a.WebServer [pool-2-thread-2] Accept: image/avif,image/webp,image/apng,image/svg+xml,image/*,*/*;q=0.8
2024-12-07 13:44:48,325 INFO c.a.WebServer [pool-2-thread-2] Sec-Fetch-Site: same-origin
2024-12-07 13:44:48,325 INFO c.a.WebServer [pool-2-thread-2] Sec-Fetch-Mode: no-cors
2024-12-07 13:44:48,325 INFO c.a.WebServer [pool-2-thread-2] Sec-Fetch-Dest: image
2024-12-07 13:44:48,325 INFO c.a.WebServer [pool-2-thread-2] Referer: http://localhost:8051/9997
2024-12-07 13:44:48,326 INFO c.a.WebServer [pool-2-thread-2] Accept-Encoding: gzip, deflate, br, zstd
2024-12-07 13:44:48,326 INFO c.a.WebServer [pool-2-thread-2] Accept-Language: en-GB,en-US;q=0.9,en;q=0.8,tr;q=0.7
2024-12-07 13:44:48,326 INFO c.a.WebServer [pool-2-thread-2] Cookie: Idea-aafc98fb=658b0d5c-2bf3-4a86-9c32-a7b8839e4505; _ga=GA1.1.1641718334.1720546053; Webstorm-5dc34942=29b731fc-1c15-4de7-b819-1af49ebd48dc; Webstorm-5dc34943=a980352b-1e53-4f3a-8ec2-639d92bd913b; _ga_PQEYN9C3X3=GS1.1.1727763152.23.1.1727770904.0.0.0; userToken=4gwm3ynf98ttkn231id7e8
2024-12-07 13:44:48,327 ERROR c.a.WebServer [pool-2-thread-2] Requested file size format is invalid.
2024-12-07 13:44:48,327 ERROR c.a.WebServer [pool-2-thread-2] Failed to send the response on port 58357
2024-12-07 13:44:48,328 ERROR c.a.WebServer [pool-2-thread-2] For input string: "favicon.ico"
2024-12-07 13:44:48,329 INFO c.a.WebServer [pool-2-thread-2] Connection closed
2024-12-07 13:44:51,792 INFO c.a.WebServer [pool-2-thread-2] 1 connection(s) active

2024-12-07 13:44:51,794 INFO c.a.WebServer [pool-2-thread-1] 2 connection(s) active

2024-12-07 13:44:51,798 INFO c.a.WebServer [pool-2-thread-2] GET /9999 HTTP/1.1
2024-12-07 13:44:51,799 INFO c.a.WebServer [pool-2-thread-2] Host: localhost:8051
2024-12-07 13:44:51,799 INFO c.a.WebServer [pool-2-thread-2] Connection: keep-alive
2024-12-07 13:44:51,799 INFO c.a.WebServer [pool-2-thread-2] sec-ch-ua: "Google Chrome";v="131", "Chromium";v="131", "Not_A Brand";v="24"
2024-12-07 13:44:51,800 INFO c.a.WebServer [pool-2-thread-2] sec-ch-ua-mobile: ?0
2024-12-07 13:44:51,800 INFO c.a.WebServer [pool-2-thread-2] sec-ch-ua-platform: "Windows"
2024-12-07 13:44:51,800 INFO c.a.WebServer [pool-2-thread-2] Upgrade-Insecure-Requests: 1
2024-12-07 13:44:51,801 INFO c.a.WebServer [pool-2-thread-2] User-Agent: Mozilla/5.0 (Windows NT 10.0; Win64; x64) AppleWebKit/537.36 (KHTML, like Gecko) Chrome/131.0.0.0 Safari/537.36
2024-12-07 13:44:51,801 INFO c.a.WebServer [pool-2-thread-2] Accept: text/html,application/xhtml+xml,application/xml;q=0.9,image/avif,image/webp,image/apng,*/*;q=0.8,application/signed-exchange;v=b3;q=0.7
2024-12-07 13:44:51,802 INFO c.a.WebServer [pool-2-thread-2] Sec-Fetch-Site: none
2024-12-07 13:44:51,802 INFO c.a.WebServer [pool-2-thread-2] Sec-Fetch-Mode: navigate
2024-12-07 13:44:51,802 INFO c.a.WebServer [pool-2-thread-2] Sec-Fetch-User: ?1
2024-12-07 13:44:51,803 INFO c.a.WebServer [pool-2-thread-2] Sec-Fetch-Dest: document
2024-12-07 13:44:51,803 INFO c.a.WebServer [pool-2-thread-2] Accept-Encoding: gzip, deflate, br, zstd
2024-12-07 13:44:51,804 INFO c.a.WebServer [pool-2-thread-2] Accept-Language: en-GB,en-US;q=0.9,en;q=0.8,tr;q=0.7
2024-12-07 13:44:51,804 INFO c.a.WebServer [pool-2-thread-2] Cookie: Idea-aafc98fb=658b0d5c-2bf3-4a86-9c32-a7b8839e4505; _ga=GA1.1.1641718334.1720546053; Webstorm-5dc34942=29b731fc-1c15-4de7-b819-1af49ebd48dc; Webstorm-5dc34943=a980352b-1e53-4f3a-8ec2-639d92bd913b; _ga_PQEYN9C3X3=GS1.1.1727763152.23.1.1727770904.0.0.0; userToken=4gwm3ynf98ttkn231id7e8
2024-12-07 13:44:51,806 INFO c.a.WebServer [pool-2-thread-2] Sent response: HTTP/1.1 200 OK with Content-Length: 9993
2024-12-07 13:44:51,807 INFO c.a.WebServer [pool-2-thread-2] Connection closed
2024-12-07 13:44:52,509 INFO c.a.WebServer [pool-2-thread-1] GET /favicon.ico HTTP/1.1
2024-12-07 13:44:52,509 INFO c.a.WebServer [pool-2-thread-1] Host: localhost:8051
2024-12-07 13:44:52,510 INFO c.a.WebServer [pool-2-thread-1] Connection: keep-alive
2024-12-07 13:44:52,510 INFO c.a.WebServer [pool-2-thread-1] sec-ch-ua-platform: "Windows"
2024-12-07 13:44:52,510 INFO c.a.WebServer [pool-2-thread-1] User-Agent: Mozilla/5.0 (Windows NT 10.0; Win64; x64) AppleWebKit/537.36 (KHTML, like Gecko) Chrome/131.0.0.0 Safari/537.36
2024-12-07 13:44:52,511 INFO c.a.WebServer [pool-2-thread-1] sec-ch-ua: "Google Chrome";v="131", "Chromium";v="131", "Not_A Brand";v="24"
2024-12-07 13:44:52,511 INFO c.a.WebServer [pool-2-thread-1] sec-ch-ua-mobile: ?0
2024-12-07 13:44:52,511 INFO c.a.WebServer [pool-2-thread-1] Accept: image/avif,image/webp,image/apng,image/svg+xml,image/*,*/*;q=0.8
2024-12-07 13:44:52,511 INFO c.a.WebServer [pool-2-thread-1] Sec-Fetch-Site: same-origin
2024-12-07 13:44:52,511 INFO c.a.WebServer [pool-2-thread-1] Sec-Fetch-Mode: no-cors
2024-12-07 13:44:52,511 INFO c.a.WebServer [pool-2-thread-1] Sec-Fetch-Dest: image
2024-12-07 13:44:52,511 INFO c.a.WebServer [pool-2-thread-1] Referer: http://localhost:8051/9999
2024-12-07 13:44:52,511 INFO c.a.WebServer [pool-2-thread-1] Accept-Encoding: gzip, deflate, br, zstd
2024-12-07 13:44:52,511 INFO c.a.WebServer [pool-2-thread-1] Accept-Language: en-GB,en-US;q=0.9,en;q=0.8,tr;q=0.7
2024-12-07 13:44:52,511 INFO c.a.WebServer [pool-2-thread-1] Cookie: Idea-aafc98fb=658b0d5c-2bf3-4a86-9c32-a7b8839e4505; _ga=GA1.1.1641718334.1720546053; Webstorm-5dc34942=29b731fc-1c15-4de7-b819-1af49ebd48dc; Webstorm-5dc34943=a980352b-1e53-4f3a-8ec2-639d92bd913b; _ga_PQEYN9C3X3=GS1.1.1727763152.23.1.1727770904.0.0.0; userToken=4gwm3ynf98ttkn231id7e8
2024-12-07 13:44:52,511 ERROR c.a.WebServer [pool-2-thread-1] Requested file size format is invalid.
2024-12-07 13:44:52,511 ERROR c.a.WebServer [pool-2-thread-1] Failed to send the response on port 58359
2024-12-07 13:44:52,511 ERROR c.a.WebServer [pool-2-thread-1] For input string: "favicon.ico"
2024-12-07 13:44:52,511 INFO c.a.WebServer [pool-2-thread-1] Connection closed
2024-12-07 13:44:52,511 INFO c.a.WebServer [pool-2-thread-1] 1 connection(s) active

2024-12-07 13:44:52,511 INFO c.a.WebServer [pool-2-thread-1] GET /favicon.ico HTTP/1.1
2024-12-07 13:44:52,511 INFO c.a.WebServer [pool-2-thread-1] Host: localhost:8051
2024-12-07 13:44:52,511 INFO c.a.WebServer [pool-2-thread-1] Connection: keep-alive
2024-12-07 13:44:52,511 INFO c.a.WebServer [pool-2-thread-1] sec-ch-ua-platform: "Windows"
2024-12-07 13:44:52,518 INFO c.a.WebServer [pool-2-thread-1] User-Agent: Mozilla/5.0 (Windows NT 10.0; Win64; x64) AppleWebKit/537.36 (KHTML, like Gecko) Chrome/131.0.0.0 Safari/537.36
2024-12-07 13:44:52,518 INFO c.a.WebServer [pool-2-thread-1] sec-ch-ua: "Google Chrome";v="131", "Chromium";v="131", "Not_A Brand";v="24"
2024-12-07 13:44:52,519 INFO c.a.WebServer [pool-2-thread-1] sec-ch-ua-mobile: ?0
2024-12-07 13:44:52,519 INFO c.a.WebServer [pool-2-thread-1] Accept: image/avif,image/webp,image/apng,image/svg+xml,image/*,*/*;q=0.8
2024-12-07 13:44:52,519 INFO c.a.WebServer [pool-2-thread-1] Sec-Fetch-Site: same-origin
2024-12-07 13:44:52,519 INFO c.a.WebServer [pool-2-thread-1] Sec-Fetch-Mode: no-cors
2024-12-07 13:44:52,520 INFO c.a.WebServer [pool-2-thread-1] Sec-Fetch-Dest: image
2024-12-07 13:44:52,520 INFO c.a.WebServer [pool-2-thread-1] Referer: http://localhost:8051/9999
2024-12-07 13:44:52,520 INFO c.a.WebServer [pool-2-thread-1] Accept-Encoding: gzip, deflate, br, zstd
2024-12-07 13:44:52,520 INFO c.a.WebServer [pool-2-thread-1] Accept-Language: en-GB,en-US;q=0.9,en;q=0.8,tr;q=0.7
2024-12-07 13:44:52,521 INFO c.a.WebServer [pool-2-thread-1] Cookie: Idea-aafc98fb=658b0d5c-2bf3-4a86-9c32-a7b8839e4505; _ga=GA1.1.1641718334.1720546053; Webstorm-5dc34942=29b731fc-1c15-4de7-b819-1af49ebd48dc; Webstorm-5dc34943=a980352b-1e53-4f3a-8ec2-639d92bd913b; _ga_PQEYN9C3X3=GS1.1.1727763152.23.1.1727770904.0.0.0; userToken=4gwm3ynf98ttkn231id7e8
2024-12-07 13:44:52,521 ERROR c.a.WebServer [pool-2-thread-1] Requested file size format is invalid.
2024-12-07 13:44:52,522 ERROR c.a.WebServer [pool-2-thread-1] Failed to send the response on port 58360
2024-12-07 13:44:52,522 ERROR c.a.WebServer [pool-2-thread-1] For input string: "favicon.ico"
2024-12-07 13:44:52,522 INFO c.a.WebServer [pool-2-thread-1] Connection closed
2024-12-07 13:44:55,015 INFO c.a.WebServer [pool-2-thread-1] 1 connection(s) active

2024-12-07 13:44:55,017 INFO c.a.WebServer [pool-2-thread-2] 2 connection(s) active

2024-12-07 13:44:55,022 INFO c.a.WebServer [pool-2-thread-1] GET /99 HTTP/1.1
2024-12-07 13:44:55,023 INFO c.a.WebServer [pool-2-thread-1] Host: localhost:8051
2024-12-07 13:44:55,024 INFO c.a.WebServer [pool-2-thread-1] Connection: keep-alive
2024-12-07 13:44:55,024 INFO c.a.WebServer [pool-2-thread-1] sec-ch-ua: "Google Chrome";v="131", "Chromium";v="131", "Not_A Brand";v="24"
2024-12-07 13:44:55,024 INFO c.a.WebServer [pool-2-thread-1] sec-ch-ua-mobile: ?0
2024-12-07 13:44:55,025 INFO c.a.WebServer [pool-2-thread-1] sec-ch-ua-platform: "Windows"
2024-12-07 13:44:55,025 INFO c.a.WebServer [pool-2-thread-1] Upgrade-Insecure-Requests: 1
2024-12-07 13:44:55,025 INFO c.a.WebServer [pool-2-thread-1] User-Agent: Mozilla/5.0 (Windows NT 10.0; Win64; x64) AppleWebKit/537.36 (KHTML, like Gecko) Chrome/131.0.0.0 Safari/537.36
2024-12-07 13:44:55,025 INFO c.a.WebServer [pool-2-thread-1] Accept: text/html,application/xhtml+xml,application/xml;q=0.9,image/avif,image/webp,image/apng,*/*;q=0.8,application/signed-exchange;v=b3;q=0.7
2024-12-07 13:44:55,026 INFO c.a.WebServer [pool-2-thread-1] Sec-Fetch-Site: none
2024-12-07 13:44:55,026 INFO c.a.WebServer [pool-2-thread-1] Sec-Fetch-Mode: navigate
2024-12-07 13:44:55,026 INFO c.a.WebServer [pool-2-thread-1] Sec-Fetch-User: ?1
2024-12-07 13:44:55,027 INFO c.a.WebServer [pool-2-thread-1] Sec-Fetch-Dest: document
2024-12-07 13:44:55,027 INFO c.a.WebServer [pool-2-thread-1] Accept-Encoding: gzip, deflate, br, zstd
2024-12-07 13:44:55,028 INFO c.a.WebServer [pool-2-thread-1] Accept-Language: en-GB,en-US;q=0.9,en;q=0.8,tr;q=0.7
2024-12-07 13:44:55,028 INFO c.a.WebServer [pool-2-thread-1] Cookie: Idea-aafc98fb=658b0d5c-2bf3-4a86-9c32-a7b8839e4505; _ga=GA1.1.1641718334.1720546053; Webstorm-5dc34942=29b731fc-1c15-4de7-b819-1af49ebd48dc; Webstorm-5dc34943=a980352b-1e53-4f3a-8ec2-639d92bd913b; _ga_PQEYN9C3X3=GS1.1.1727763152.23.1.1727770904.0.0.0; userToken=4gwm3ynf98ttkn231id7e8
2024-12-07 13:44:55,028 ERROR c.a.WebServer [pool-2-thread-1] Requested file size is too small.
2024-12-07 13:44:55,030 INFO c.a.WebServer [pool-2-thread-1] Sent response: HTTP/1.1 400 Bad Request with Content-Length: 182
2024-12-07 13:44:55,030 INFO c.a.WebServer [pool-2-thread-1] Connection closed
2024-12-07 13:44:55,644 INFO c.a.WebServer [pool-2-thread-2] GET /favicon.ico HTTP/1.1
2024-12-07 13:44:55,644 INFO c.a.WebServer [pool-2-thread-2] Host: localhost:8051
2024-12-07 13:44:55,645 INFO c.a.WebServer [pool-2-thread-2] Connection: keep-alive
2024-12-07 13:44:55,645 INFO c.a.WebServer [pool-2-thread-2] sec-ch-ua-platform: "Windows"
2024-12-07 13:44:55,645 INFO c.a.WebServer [pool-2-thread-2] User-Agent: Mozilla/5.0 (Windows NT 10.0; Win64; x64) AppleWebKit/537.36 (KHTML, like Gecko) Chrome/131.0.0.0 Safari/537.36
2024-12-07 13:44:55,646 INFO c.a.WebServer [pool-2-thread-2] sec-ch-ua: "Google Chrome";v="131", "Chromium";v="131", "Not_A Brand";v="24"
2024-12-07 13:44:55,646 INFO c.a.WebServer [pool-2-thread-2] sec-ch-ua-mobile: ?0
2024-12-07 13:44:55,646 INFO c.a.WebServer [pool-2-thread-2] Accept: image/avif,image/webp,image/apng,image/svg+xml,image/*,*/*;q=0.8
2024-12-07 13:44:55,647 INFO c.a.WebServer [pool-2-thread-2] Sec-Fetch-Site: same-origin
2024-12-07 13:44:55,647 INFO c.a.WebServer [pool-2-thread-2] Sec-Fetch-Mode: no-cors
2024-12-07 13:44:55,647 INFO c.a.WebServer [pool-2-thread-2] Sec-Fetch-Dest: image
2024-12-07 13:44:55,648 INFO c.a.WebServer [pool-2-thread-2] Referer: http://localhost:8051/99
2024-12-07 13:44:55,648 INFO c.a.WebServer [pool-2-thread-2] Accept-Encoding: gzip, deflate, br, zstd
2024-12-07 13:44:55,648 INFO c.a.WebServer [pool-2-thread-2] Accept-Language: en-GB,en-US;q=0.9,en;q=0.8,tr;q=0.7
2024-12-07 13:44:55,648 INFO c.a.WebServer [pool-2-thread-2] Cookie: Idea-aafc98fb=658b0d5c-2bf3-4a86-9c32-a7b8839e4505; _ga=GA1.1.1641718334.1720546053; Webstorm-5dc34942=29b731fc-1c15-4de7-b819-1af49ebd48dc; Webstorm-5dc34943=a980352b-1e53-4f3a-8ec2-639d92bd913b; _ga_PQEYN9C3X3=GS1.1.1727763152.23.1.1727770904.0.0.0; userToken=4gwm3ynf98ttkn231id7e8
2024-12-07 13:44:55,649 ERROR c.a.WebServer [pool-2-thread-2] Requested file size format is invalid.
2024-12-07 13:44:55,649 ERROR c.a.WebServer [pool-2-thread-2] Failed to send the response on port 58362
2024-12-07 13:44:55,649 ERROR c.a.WebServer [pool-2-thread-2] For input string: "favicon.ico"
2024-12-07 13:44:55,650 INFO c.a.WebServer [pool-2-thread-2] Connection closed
2024-12-07 13:44:55,651 INFO c.a.WebServer [pool-2-thread-2] 1 connection(s) active

2024-12-07 13:44:55,652 INFO c.a.WebServer [pool-2-thread-2] GET /favicon.ico HTTP/1.1
2024-12-07 13:44:55,652 INFO c.a.WebServer [pool-2-thread-2] Host: localhost:8051
2024-12-07 13:44:55,653 INFO c.a.WebServer [pool-2-thread-2] Connection: keep-alive
2024-12-07 13:44:55,653 INFO c.a.WebServer [pool-2-thread-2] sec-ch-ua-platform: "Windows"
2024-12-07 13:44:55,653 INFO c.a.WebServer [pool-2-thread-2] User-Agent: Mozilla/5.0 (Windows NT 10.0; Win64; x64) AppleWebKit/537.36 (KHTML, like Gecko) Chrome/131.0.0.0 Safari/537.36
2024-12-07 13:44:55,653 INFO c.a.WebServer [pool-2-thread-2] sec-ch-ua: "Google Chrome";v="131", "Chromium";v="131", "Not_A Brand";v="24"
2024-12-07 13:44:55,653 INFO c.a.WebServer [pool-2-thread-2] sec-ch-ua-mobile: ?0
2024-12-07 13:44:55,653 INFO c.a.WebServer [pool-2-thread-2] Accept: image/avif,image/webp,image/apng,image/svg+xml,image/*,*/*;q=0.8
2024-12-07 13:44:55,653 INFO c.a.WebServer [pool-2-thread-2] Sec-Fetch-Site: same-origin
2024-12-07 13:44:55,653 INFO c.a.WebServer [pool-2-thread-2] Sec-Fetch-Mode: no-cors
2024-12-07 13:44:55,653 INFO c.a.WebServer [pool-2-thread-2] Sec-Fetch-Dest: image
2024-12-07 13:44:55,653 INFO c.a.WebServer [pool-2-thread-2] Referer: http://localhost:8051/99
2024-12-07 13:44:55,653 INFO c.a.WebServer [pool-2-thread-2] Accept-Encoding: gzip, deflate, br, zstd
2024-12-07 13:44:55,653 INFO c.a.WebServer [pool-2-thread-2] Accept-Language: en-GB,en-US;q=0.9,en;q=0.8,tr;q=0.7
2024-12-07 13:44:55,653 INFO c.a.WebServer [pool-2-thread-2] Cookie: Idea-aafc98fb=658b0d5c-2bf3-4a86-9c32-a7b8839e4505; _ga=GA1.1.1641718334.1720546053; Webstorm-5dc34942=29b731fc-1c15-4de7-b819-1af49ebd48dc; Webstorm-5dc34943=a980352b-1e53-4f3a-8ec2-639d92bd913b; _ga_PQEYN9C3X3=GS1.1.1727763152.23.1.1727770904.0.0.0; userToken=4gwm3ynf98ttkn231id7e8
2024-12-07 13:44:55,653 ERROR c.a.WebServer [pool-2-thread-2] Requested file size format is invalid.
2024-12-07 13:44:55,653 ERROR c.a.WebServer [pool-2-thread-2] Failed to send the response on port 58363
2024-12-07 13:44:55,653 ERROR c.a.WebServer [pool-2-thread-2] For input string: "favicon.ico"
2024-12-07 13:44:55,653 INFO c.a.WebServer [pool-2-thread-2] Connection closed
2024-12-07 13:44:57,612 INFO c.a.WebServer [pool-2-thread-2] 1 connection(s) active

2024-12-07 13:44:57,613 INFO c.a.WebServer [pool-2-thread-1] 2 connection(s) active

2024-12-07 13:44:57,617 INFO c.a.WebServer [pool-2-thread-1] GET /9 HTTP/1.1
2024-12-07 13:44:57,617 INFO c.a.WebServer [pool-2-thread-1] Host: localhost:8051
2024-12-07 13:44:57,618 INFO c.a.WebServer [pool-2-thread-1] Connection: keep-alive
2024-12-07 13:44:57,618 INFO c.a.WebServer [pool-2-thread-1] sec-ch-ua: "Google Chrome";v="131", "Chromium";v="131", "Not_A Brand";v="24"
2024-12-07 13:44:57,618 INFO c.a.WebServer [pool-2-thread-1] sec-ch-ua-mobile: ?0
2024-12-07 13:44:57,619 INFO c.a.WebServer [pool-2-thread-1] sec-ch-ua-platform: "Windows"
2024-12-07 13:44:57,620 INFO c.a.WebServer [pool-2-thread-1] Upgrade-Insecure-Requests: 1
2024-12-07 13:44:57,620 INFO c.a.WebServer [pool-2-thread-1] User-Agent: Mozilla/5.0 (Windows NT 10.0; Win64; x64) AppleWebKit/537.36 (KHTML, like Gecko) Chrome/131.0.0.0 Safari/537.36
2024-12-07 13:44:57,620 INFO c.a.WebServer [pool-2-thread-1] Accept: text/html,application/xhtml+xml,application/xml;q=0.9,image/avif,image/webp,image/apng,*/*;q=0.8,application/signed-exchange;v=b3;q=0.7
2024-12-07 13:44:57,621 INFO c.a.WebServer [pool-2-thread-1] Sec-Fetch-Site: none
2024-12-07 13:44:57,621 INFO c.a.WebServer [pool-2-thread-1] Sec-Fetch-Mode: navigate
2024-12-07 13:44:57,621 INFO c.a.WebServer [pool-2-thread-1] Sec-Fetch-User: ?1
2024-12-07 13:44:57,622 INFO c.a.WebServer [pool-2-thread-1] Sec-Fetch-Dest: document
2024-12-07 13:44:57,622 INFO c.a.WebServer [pool-2-thread-1] Accept-Encoding: gzip, deflate, br, zstd
2024-12-07 13:44:57,622 INFO c.a.WebServer [pool-2-thread-1] Accept-Language: en-GB,en-US;q=0.9,en;q=0.8,tr;q=0.7
2024-12-07 13:44:57,622 INFO c.a.WebServer [pool-2-thread-1] Cookie: Idea-aafc98fb=658b0d5c-2bf3-4a86-9c32-a7b8839e4505; _ga=GA1.1.1641718334.1720546053; Webstorm-5dc34942=29b731fc-1c15-4de7-b819-1af49ebd48dc; Webstorm-5dc34943=a980352b-1e53-4f3a-8ec2-639d92bd913b; _ga_PQEYN9C3X3=GS1.1.1727763152.23.1.1727770904.0.0.0; userToken=4gwm3ynf98ttkn231id7e8
2024-12-07 13:44:57,623 ERROR c.a.WebServer [pool-2-thread-1] Requested file size is too small.
2024-12-07 13:44:57,624 INFO c.a.WebServer [pool-2-thread-1] Sent response: HTTP/1.1 400 Bad Request with Content-Length: 182
2024-12-07 13:44:57,624 INFO c.a.WebServer [pool-2-thread-1] Connection closed
2024-12-07 13:44:58,236 INFO c.a.WebServer [pool-2-thread-2] GET /favicon.ico HTTP/1.1
2024-12-07 13:44:58,236 INFO c.a.WebServer [pool-2-thread-2] Host: localhost:8051
2024-12-07 13:44:58,237 INFO c.a.WebServer [pool-2-thread-2] Connection: keep-alive
2024-12-07 13:44:58,237 INFO c.a.WebServer [pool-2-thread-2] sec-ch-ua-platform: "Windows"
2024-12-07 13:44:58,237 INFO c.a.WebServer [pool-2-thread-2] User-Agent: Mozilla/5.0 (Windows NT 10.0; Win64; x64) AppleWebKit/537.36 (KHTML, like Gecko) Chrome/131.0.0.0 Safari/537.36
2024-12-07 13:44:58,237 INFO c.a.WebServer [pool-2-thread-2] sec-ch-ua: "Google Chrome";v="131", "Chromium";v="131", "Not_A Brand";v="24"
2024-12-07 13:44:58,237 INFO c.a.WebServer [pool-2-thread-2] sec-ch-ua-mobile: ?0
2024-12-07 13:44:58,238 INFO c.a.WebServer [pool-2-thread-2] Accept: image/avif,image/webp,image/apng,image/svg+xml,image/*,*/*;q=0.8
2024-12-07 13:44:58,238 INFO c.a.WebServer [pool-2-thread-2] Sec-Fetch-Site: same-origin
2024-12-07 13:44:58,238 INFO c.a.WebServer [pool-2-thread-2] Sec-Fetch-Mode: no-cors
2024-12-07 13:44:58,238 INFO c.a.WebServer [pool-2-thread-2] Sec-Fetch-Dest: image
2024-12-07 13:44:58,239 INFO c.a.WebServer [pool-2-thread-2] Referer: http://localhost:8051/9
2024-12-07 13:44:58,239 INFO c.a.WebServer [pool-2-thread-2] Accept-Encoding: gzip, deflate, br, zstd
2024-12-07 13:44:58,239 INFO c.a.WebServer [pool-2-thread-2] Accept-Language: en-GB,en-US;q=0.9,en;q=0.8,tr;q=0.7
2024-12-07 13:44:58,239 INFO c.a.WebServer [pool-2-thread-2] Cookie: Idea-aafc98fb=658b0d5c-2bf3-4a86-9c32-a7b8839e4505; _ga=GA1.1.1641718334.1720546053; Webstorm-5dc34942=29b731fc-1c15-4de7-b819-1af49ebd48dc; Webstorm-5dc34943=a980352b-1e53-4f3a-8ec2-639d92bd913b; _ga_PQEYN9C3X3=GS1.1.1727763152.23.1.1727770904.0.0.0; userToken=4gwm3ynf98ttkn231id7e8
2024-12-07 13:44:58,240 ERROR c.a.WebServer [pool-2-thread-2] Requested file size format is invalid.
2024-12-07 13:44:58,240 ERROR c.a.WebServer [pool-2-thread-2] Failed to send the response on port 58364
2024-12-07 13:44:58,240 ERROR c.a.WebServer [pool-2-thread-2] For input string: "favicon.ico"
2024-12-07 13:44:58,240 INFO c.a.WebServer [pool-2-thread-2] Connection closed
2024-12-07 13:44:58,241 INFO c.a.WebServer [pool-2-thread-2] 1 connection(s) active

2024-12-07 13:44:58,242 INFO c.a.WebServer [pool-2-thread-2] GET /favicon.ico HTTP/1.1
2024-12-07 13:44:58,242 INFO c.a.WebServer [pool-2-thread-2] Host: localhost:8051
2024-12-07 13:44:58,243 INFO c.a.WebServer [pool-2-thread-2] Connection: keep-alive
2024-12-07 13:44:58,243 INFO c.a.WebServer [pool-2-thread-2] sec-ch-ua-platform: "Windows"
2024-12-07 13:44:58,243 INFO c.a.WebServer [pool-2-thread-2] User-Agent: Mozilla/5.0 (Windows NT 10.0; Win64; x64) AppleWebKit/537.36 (KHTML, like Gecko) Chrome/131.0.0.0 Safari/537.36
2024-12-07 13:44:58,244 INFO c.a.WebServer [pool-2-thread-2] sec-ch-ua: "Google Chrome";v="131", "Chromium";v="131", "Not_A Brand";v="24"
2024-12-07 13:44:58,244 INFO c.a.WebServer [pool-2-thread-2] sec-ch-ua-mobile: ?0
2024-12-07 13:44:58,244 INFO c.a.WebServer [pool-2-thread-2] Accept: image/avif,image/webp,image/apng,image/svg+xml,image/*,*/*;q=0.8
2024-12-07 13:44:58,244 INFO c.a.WebServer [pool-2-thread-2] Sec-Fetch-Site: same-origin
2024-12-07 13:44:58,245 INFO c.a.WebServer [pool-2-thread-2] Sec-Fetch-Mode: no-cors
2024-12-07 13:44:58,245 INFO c.a.WebServer [pool-2-thread-2] Sec-Fetch-Dest: image
2024-12-07 13:44:58,245 INFO c.a.WebServer [pool-2-thread-2] Referer: http://localhost:8051/9
2024-12-07 13:44:58,245 INFO c.a.WebServer [pool-2-thread-2] Accept-Encoding: gzip, deflate, br, zstd
2024-12-07 13:44:58,246 INFO c.a.WebServer [pool-2-thread-2] Accept-Language: en-GB,en-US;q=0.9,en;q=0.8,tr;q=0.7
2024-12-07 13:44:58,246 INFO c.a.WebServer [pool-2-thread-2] Cookie: Idea-aafc98fb=658b0d5c-2bf3-4a86-9c32-a7b8839e4505; _ga=GA1.1.1641718334.1720546053; Webstorm-5dc34942=29b731fc-1c15-4de7-b819-1af49ebd48dc; Webstorm-5dc34943=a980352b-1e53-4f3a-8ec2-639d92bd913b; _ga_PQEYN9C3X3=GS1.1.1727763152.23.1.1727770904.0.0.0; userToken=4gwm3ynf98ttkn231id7e8
2024-12-07 13:44:58,246 ERROR c.a.WebServer [pool-2-thread-2] Requested file size format is invalid.
2024-12-07 13:44:58,247 ERROR c.a.WebServer [pool-2-thread-2] Failed to send the response on port 58366
2024-12-07 13:44:58,247 ERROR c.a.WebServer [pool-2-thread-2] For input string: "favicon.ico"
2024-12-07 13:44:58,247 INFO c.a.WebServer [pool-2-thread-2] Connection closed
2024-12-07 13:45:02,655 INFO c.a.WebServer [pool-2-thread-2] 1 connection(s) active

2024-12-07 13:45:02,655 INFO c.a.WebServer [pool-2-thread-1] 2 connection(s) active

2024-12-07 13:45:02,661 INFO c.a.WebServer [pool-2-thread-2] GET /98 HTTP/1.1
2024-12-07 13:45:02,662 INFO c.a.WebServer [pool-2-thread-2] Host: localhost:8051
2024-12-07 13:45:02,662 INFO c.a.WebServer [pool-2-thread-2] Connection: keep-alive
2024-12-07 13:45:02,662 INFO c.a.WebServer [pool-2-thread-2] sec-ch-ua: "Google Chrome";v="131", "Chromium";v="131", "Not_A Brand";v="24"
2024-12-07 13:45:02,663 INFO c.a.WebServer [pool-2-thread-2] sec-ch-ua-mobile: ?0
2024-12-07 13:45:02,663 INFO c.a.WebServer [pool-2-thread-2] sec-ch-ua-platform: "Windows"
2024-12-07 13:45:02,663 INFO c.a.WebServer [pool-2-thread-2] Upgrade-Insecure-Requests: 1
2024-12-07 13:45:02,664 INFO c.a.WebServer [pool-2-thread-2] User-Agent: Mozilla/5.0 (Windows NT 10.0; Win64; x64) AppleWebKit/537.36 (KHTML, like Gecko) Chrome/131.0.0.0 Safari/537.36
2024-12-07 13:45:02,664 INFO c.a.WebServer [pool-2-thread-2] Accept: text/html,application/xhtml+xml,application/xml;q=0.9,image/avif,image/webp,image/apng,*/*;q=0.8,application/signed-exchange;v=b3;q=0.7
2024-12-07 13:45:02,664 INFO c.a.WebServer [pool-2-thread-2] Sec-Fetch-Site: none
2024-12-07 13:45:02,665 INFO c.a.WebServer [pool-2-thread-2] Sec-Fetch-Mode: navigate
2024-12-07 13:45:02,665 INFO c.a.WebServer [pool-2-thread-2] Sec-Fetch-User: ?1
2024-12-07 13:45:02,665 INFO c.a.WebServer [pool-2-thread-2] Sec-Fetch-Dest: document
2024-12-07 13:45:02,665 INFO c.a.WebServer [pool-2-thread-2] Accept-Encoding: gzip, deflate, br, zstd
2024-12-07 13:45:02,665 INFO c.a.WebServer [pool-2-thread-2] Accept-Language: en-GB,en-US;q=0.9,en;q=0.8,tr;q=0.7
2024-12-07 13:45:02,666 INFO c.a.WebServer [pool-2-thread-2] Cookie: Idea-aafc98fb=658b0d5c-2bf3-4a86-9c32-a7b8839e4505; _ga=GA1.1.1641718334.1720546053; Webstorm-5dc34942=29b731fc-1c15-4de7-b819-1af49ebd48dc; Webstorm-5dc34943=a980352b-1e53-4f3a-8ec2-639d92bd913b; _ga_PQEYN9C3X3=GS1.1.1727763152.23.1.1727770904.0.0.0; userToken=4gwm3ynf98ttkn231id7e8
2024-12-07 13:45:02,666 ERROR c.a.WebServer [pool-2-thread-2] Requested file size is too small.
2024-12-07 13:45:02,667 INFO c.a.WebServer [pool-2-thread-2] Sent response: HTTP/1.1 400 Bad Request with Content-Length: 182
2024-12-07 13:45:02,667 INFO c.a.WebServer [pool-2-thread-2] Connection closed
2024-12-07 13:45:03,226 INFO c.a.WebServer [pool-2-thread-1] GET /favicon.ico HTTP/1.1
2024-12-07 13:45:03,226 INFO c.a.WebServer [pool-2-thread-1] Host: localhost:8051
2024-12-07 13:45:03,241 INFO c.a.WebServer [pool-2-thread-1] Connection: keep-alive
2024-12-07 13:45:03,241 INFO c.a.WebServer [pool-2-thread-1] sec-ch-ua-platform: "Windows"
2024-12-07 13:45:03,241 INFO c.a.WebServer [pool-2-thread-1] User-Agent: Mozilla/5.0 (Windows NT 10.0; Win64; x64) AppleWebKit/537.36 (KHTML, like Gecko) Chrome/131.0.0.0 Safari/537.36
2024-12-07 13:45:03,241 INFO c.a.WebServer [pool-2-thread-1] sec-ch-ua: "Google Chrome";v="131", "Chromium";v="131", "Not_A Brand";v="24"
2024-12-07 13:45:03,241 INFO c.a.WebServer [pool-2-thread-1] sec-ch-ua-mobile: ?0
2024-12-07 13:45:03,241 INFO c.a.WebServer [pool-2-thread-1] Accept: image/avif,image/webp,image/apng,image/svg+xml,image/*,*/*;q=0.8
2024-12-07 13:45:03,241 INFO c.a.WebServer [pool-2-thread-1] Sec-Fetch-Site: same-origin
2024-12-07 13:45:03,241 INFO c.a.WebServer [pool-2-thread-1] Sec-Fetch-Mode: no-cors
2024-12-07 13:45:03,243 INFO c.a.WebServer [pool-2-thread-1] Sec-Fetch-Dest: image
2024-12-07 13:45:03,243 INFO c.a.WebServer [pool-2-thread-1] Referer: http://localhost:8051/98
2024-12-07 13:45:03,243 INFO c.a.WebServer [pool-2-thread-1] Accept-Encoding: gzip, deflate, br, zstd
2024-12-07 13:45:03,244 INFO c.a.WebServer [pool-2-thread-1] Accept-Language: en-GB,en-US;q=0.9,en;q=0.8,tr;q=0.7
2024-12-07 13:45:03,244 INFO c.a.WebServer [pool-2-thread-1] Cookie: Idea-aafc98fb=658b0d5c-2bf3-4a86-9c32-a7b8839e4505; _ga=GA1.1.1641718334.1720546053; Webstorm-5dc34942=29b731fc-1c15-4de7-b819-1af49ebd48dc; Webstorm-5dc34943=a980352b-1e53-4f3a-8ec2-639d92bd913b; _ga_PQEYN9C3X3=GS1.1.1727763152.23.1.1727770904.0.0.0; userToken=4gwm3ynf98ttkn231id7e8
2024-12-07 13:45:03,244 ERROR c.a.WebServer [pool-2-thread-1] Requested file size format is invalid.
2024-12-07 13:45:03,244 ERROR c.a.WebServer [pool-2-thread-1] Failed to send the response on port 58368
2024-12-07 13:45:03,245 ERROR c.a.WebServer [pool-2-thread-1] For input string: "favicon.ico"
2024-12-07 13:45:03,245 INFO c.a.WebServer [pool-2-thread-1] Connection closed
2024-12-07 13:45:03,246 INFO c.a.WebServer [pool-2-thread-1] 1 connection(s) active

2024-12-07 13:45:03,247 INFO c.a.WebServer [pool-2-thread-1] GET /favicon.ico HTTP/1.1
2024-12-07 13:45:03,248 INFO c.a.WebServer [pool-2-thread-1] Host: localhost:8051
2024-12-07 13:45:03,248 INFO c.a.WebServer [pool-2-thread-1] Connection: keep-alive
2024-12-07 13:45:03,248 INFO c.a.WebServer [pool-2-thread-1] sec-ch-ua-platform: "Windows"
2024-12-07 13:45:03,248 INFO c.a.WebServer [pool-2-thread-1] User-Agent: Mozilla/5.0 (Windows NT 10.0; Win64; x64) AppleWebKit/537.36 (KHTML, like Gecko) Chrome/131.0.0.0 Safari/537.36
2024-12-07 13:45:03,249 INFO c.a.WebServer [pool-2-thread-1] sec-ch-ua: "Google Chrome";v="131", "Chromium";v="131", "Not_A Brand";v="24"
2024-12-07 13:45:03,249 INFO c.a.WebServer [pool-2-thread-1] sec-ch-ua-mobile: ?0
2024-12-07 13:45:03,249 INFO c.a.WebServer [pool-2-thread-1] Accept: image/avif,image/webp,image/apng,image/svg+xml,image/*,*/*;q=0.8
2024-12-07 13:45:03,249 INFO c.a.WebServer [pool-2-thread-1] Sec-Fetch-Site: same-origin
2024-12-07 13:45:03,250 INFO c.a.WebServer [pool-2-thread-1] Sec-Fetch-Mode: no-cors
2024-12-07 13:45:03,250 INFO c.a.WebServer [pool-2-thread-1] Sec-Fetch-Dest: image
2024-12-07 13:45:03,250 INFO c.a.WebServer [pool-2-thread-1] Referer: http://localhost:8051/98
2024-12-07 13:45:03,250 INFO c.a.WebServer [pool-2-thread-1] Accept-Encoding: gzip, deflate, br, zstd
2024-12-07 13:45:03,250 INFO c.a.WebServer [pool-2-thread-1] Accept-Language: en-GB,en-US;q=0.9,en;q=0.8,tr;q=0.7
2024-12-07 13:45:03,251 INFO c.a.WebServer [pool-2-thread-1] Cookie: Idea-aafc98fb=658b0d5c-2bf3-4a86-9c32-a7b8839e4505; _ga=GA1.1.1641718334.1720546053; Webstorm-5dc34942=29b731fc-1c15-4de7-b819-1af49ebd48dc; Webstorm-5dc34943=a980352b-1e53-4f3a-8ec2-639d92bd913b; _ga_PQEYN9C3X3=GS1.1.1727763152.23.1.1727770904.0.0.0; userToken=4gwm3ynf98ttkn231id7e8
2024-12-07 13:45:03,251 ERROR c.a.WebServer [pool-2-thread-1] Requested file size format is invalid.
2024-12-07 13:45:03,251 ERROR c.a.WebServer [pool-2-thread-1] Failed to send the response on port 58369
2024-12-07 13:45:03,251 ERROR c.a.WebServer [pool-2-thread-1] For input string: "favicon.ico"
2024-12-07 13:45:03,251 INFO c.a.WebServer [pool-2-thread-1] Connection closed
2024-12-07 13:45:07,820 INFO c.a.WebServer [pool-2-thread-1] 1 connection(s) active

2024-12-07 13:45:07,820 INFO c.a.WebServer [pool-2-thread-2] 2 connection(s) active

2024-12-07 13:45:07,822 INFO c.a.WebServer [pool-2-thread-1] GET /56478 HTTP/1.1
2024-12-07 13:45:07,823 INFO c.a.WebServer [pool-2-thread-1] Host: localhost:8051
2024-12-07 13:45:07,823 INFO c.a.WebServer [pool-2-thread-1] Connection: keep-alive
2024-12-07 13:45:07,823 INFO c.a.WebServer [pool-2-thread-1] sec-ch-ua: "Google Chrome";v="131", "Chromium";v="131", "Not_A Brand";v="24"
2024-12-07 13:45:07,823 INFO c.a.WebServer [pool-2-thread-1] sec-ch-ua-mobile: ?0
2024-12-07 13:45:07,824 INFO c.a.WebServer [pool-2-thread-1] sec-ch-ua-platform: "Windows"
2024-12-07 13:45:07,824 INFO c.a.WebServer [pool-2-thread-1] Upgrade-Insecure-Requests: 1
2024-12-07 13:45:07,824 INFO c.a.WebServer [pool-2-thread-1] User-Agent: Mozilla/5.0 (Windows NT 10.0; Win64; x64) AppleWebKit/537.36 (KHTML, like Gecko) Chrome/131.0.0.0 Safari/537.36
2024-12-07 13:45:07,824 INFO c.a.WebServer [pool-2-thread-1] Accept: text/html,application/xhtml+xml,application/xml;q=0.9,image/avif,image/webp,image/apng,*/*;q=0.8,application/signed-exchange;v=b3;q=0.7
2024-12-07 13:45:07,824 INFO c.a.WebServer [pool-2-thread-1] Sec-Fetch-Site: none
2024-12-07 13:45:07,825 INFO c.a.WebServer [pool-2-thread-1] Sec-Fetch-Mode: navigate
2024-12-07 13:45:07,825 INFO c.a.WebServer [pool-2-thread-1] Sec-Fetch-User: ?1
2024-12-07 13:45:07,825 INFO c.a.WebServer [pool-2-thread-1] Sec-Fetch-Dest: document
2024-12-07 13:45:07,825 INFO c.a.WebServer [pool-2-thread-1] Accept-Encoding: gzip, deflate, br, zstd
2024-12-07 13:45:07,825 INFO c.a.WebServer [pool-2-thread-1] Accept-Language: en-GB,en-US;q=0.9,en;q=0.8,tr;q=0.7
2024-12-07 13:45:07,826 INFO c.a.WebServer [pool-2-thread-1] Cookie: Idea-aafc98fb=658b0d5c-2bf3-4a86-9c32-a7b8839e4505; _ga=GA1.1.1641718334.1720546053; Webstorm-5dc34942=29b731fc-1c15-4de7-b819-1af49ebd48dc; Webstorm-5dc34943=a980352b-1e53-4f3a-8ec2-639d92bd913b; _ga_PQEYN9C3X3=GS1.1.1727763152.23.1.1727770904.0.0.0; userToken=4gwm3ynf98ttkn231id7e8
2024-12-07 13:45:07,826 ERROR c.a.WebServer [pool-2-thread-1] Requested file size is too large.
2024-12-07 13:45:07,826 ERROR c.a.WebServer [pool-2-thread-1] Failed to send the response on port 58370
2024-12-07 13:45:07,827 ERROR c.a.WebServer [pool-2-thread-1] Value out of range. Value:"56478" Radix:10
2024-12-07 13:45:07,827 INFO c.a.WebServer [pool-2-thread-1] Connection closed
2024-12-07 13:45:07,828 INFO c.a.WebServer [pool-2-thread-2] GET /56478 HTTP/1.1
2024-12-07 13:45:07,828 INFO c.a.WebServer [pool-2-thread-2] Host: localhost:8051
2024-12-07 13:45:07,829 INFO c.a.WebServer [pool-2-thread-2] Connection: keep-alive
2024-12-07 13:45:07,829 INFO c.a.WebServer [pool-2-thread-2] sec-ch-ua: "Google Chrome";v="131", "Chromium";v="131", "Not_A Brand";v="24"
2024-12-07 13:45:07,829 INFO c.a.WebServer [pool-2-thread-2] sec-ch-ua-mobile: ?0
2024-12-07 13:45:07,829 INFO c.a.WebServer [pool-2-thread-2] sec-ch-ua-platform: "Windows"
2024-12-07 13:45:07,830 INFO c.a.WebServer [pool-2-thread-2] Upgrade-Insecure-Requests: 1
2024-12-07 13:45:07,830 INFO c.a.WebServer [pool-2-thread-2] User-Agent: Mozilla/5.0 (Windows NT 10.0; Win64; x64) AppleWebKit/537.36 (KHTML, like Gecko) Chrome/131.0.0.0 Safari/537.36
2024-12-07 13:45:07,830 INFO c.a.WebServer [pool-2-thread-2] Accept: text/html,application/xhtml+xml,application/xml;q=0.9,image/avif,image/webp,image/apng,*/*;q=0.8,application/signed-exchange;v=b3;q=0.7
2024-12-07 13:45:07,830 INFO c.a.WebServer [pool-2-thread-2] Sec-Fetch-Site: none
2024-12-07 13:45:07,831 INFO c.a.WebServer [pool-2-thread-2] Sec-Fetch-Mode: navigate
2024-12-07 13:45:07,831 INFO c.a.WebServer [pool-2-thread-2] Sec-Fetch-User: ?1
2024-12-07 13:45:07,831 INFO c.a.WebServer [pool-2-thread-2] Sec-Fetch-Dest: document
2024-12-07 13:45:07,831 INFO c.a.WebServer [pool-2-thread-2] Accept-Encoding: gzip, deflate, br, zstd
2024-12-07 13:45:07,831 INFO c.a.WebServer [pool-2-thread-2] Accept-Language: en-GB,en-US;q=0.9,en;q=0.8,tr;q=0.7
2024-12-07 13:45:07,832 INFO c.a.WebServer [pool-2-thread-2] Cookie: Idea-aafc98fb=658b0d5c-2bf3-4a86-9c32-a7b8839e4505; _ga=GA1.1.1641718334.1720546053; Webstorm-5dc34942=29b731fc-1c15-4de7-b819-1af49ebd48dc; Webstorm-5dc34943=a980352b-1e53-4f3a-8ec2-639d92bd913b; _ga_PQEYN9C3X3=GS1.1.1727763152.23.1.1727770904.0.0.0; userToken=4gwm3ynf98ttkn231id7e8
2024-12-07 13:45:07,832 ERROR c.a.WebServer [pool-2-thread-2] Requested file size is too large.
2024-12-07 13:45:07,832 ERROR c.a.WebServer [pool-2-thread-2] Failed to send the response on port 58371
2024-12-07 13:45:07,832 ERROR c.a.WebServer [pool-2-thread-2] Value out of range. Value:"56478" Radix:10
2024-12-07 13:45:07,833 INFO c.a.WebServer [pool-2-thread-2] Connection closed
2024-12-07 13:45:07,834 INFO c.a.WebServer [pool-2-thread-2] 1 connection(s) active

2024-12-07 13:45:07,834 INFO c.a.WebServer [pool-2-thread-2] GET /56478 HTTP/1.1
2024-12-07 13:45:07,835 INFO c.a.WebServer [pool-2-thread-2] Host: localhost:8051
2024-12-07 13:45:07,835 INFO c.a.WebServer [pool-2-thread-2] Connection: keep-alive
2024-12-07 13:45:07,835 INFO c.a.WebServer [pool-2-thread-2] sec-ch-ua: "Google Chrome";v="131", "Chromium";v="131", "Not_A Brand";v="24"
2024-12-07 13:45:07,835 INFO c.a.WebServer [pool-2-thread-2] sec-ch-ua-mobile: ?0
2024-12-07 13:45:07,835 INFO c.a.WebServer [pool-2-thread-2] sec-ch-ua-platform: "Windows"
2024-12-07 13:45:07,836 INFO c.a.WebServer [pool-2-thread-2] Upgrade-Insecure-Requests: 1
2024-12-07 13:45:07,836 INFO c.a.WebServer [pool-2-thread-2] User-Agent: Mozilla/5.0 (Windows NT 10.0; Win64; x64) AppleWebKit/537.36 (KHTML, like Gecko) Chrome/131.0.0.0 Safari/537.36
2024-12-07 13:45:07,836 INFO c.a.WebServer [pool-2-thread-2] Accept: text/html,application/xhtml+xml,application/xml;q=0.9,image/avif,image/webp,image/apng,*/*;q=0.8,application/signed-exchange;v=b3;q=0.7
2024-12-07 13:45:07,837 INFO c.a.WebServer [pool-2-thread-2] Sec-Fetch-Site: none
2024-12-07 13:45:07,837 INFO c.a.WebServer [pool-2-thread-2] Sec-Fetch-Mode: navigate
2024-12-07 13:45:07,837 INFO c.a.WebServer [pool-2-thread-2] Sec-Fetch-User: ?1
2024-12-07 13:45:07,837 INFO c.a.WebServer [pool-2-thread-2] Sec-Fetch-Dest: document
2024-12-07 13:45:07,837 INFO c.a.WebServer [pool-2-thread-2] Accept-Encoding: gzip, deflate, br, zstd
2024-12-07 13:45:07,838 INFO c.a.WebServer [pool-2-thread-2] Accept-Language: en-GB,en-US;q=0.9,en;q=0.8,tr;q=0.7
2024-12-07 13:45:07,838 INFO c.a.WebServer [pool-2-thread-2] Cookie: Idea-aafc98fb=658b0d5c-2bf3-4a86-9c32-a7b8839e4505; _ga=GA1.1.1641718334.1720546053; Webstorm-5dc34942=29b731fc-1c15-4de7-b819-1af49ebd48dc; Webstorm-5dc34943=a980352b-1e53-4f3a-8ec2-639d92bd913b; _ga_PQEYN9C3X3=GS1.1.1727763152.23.1.1727770904.0.0.0; userToken=4gwm3ynf98ttkn231id7e8
2024-12-07 13:45:07,838 ERROR c.a.WebServer [pool-2-thread-2] Requested file size is too large.
2024-12-07 13:45:07,839 ERROR c.a.WebServer [pool-2-thread-2] Failed to send the response on port 58372
2024-12-07 13:45:07,839 ERROR c.a.WebServer [pool-2-thread-2] Value out of range. Value:"56478" Radix:10
2024-12-07 13:45:07,839 INFO c.a.WebServer [pool-2-thread-2] Connection closed
2024-12-07 13:45:08,894 INFO c.a.WebServer [pool-2-thread-2] 1 connection(s) active

2024-12-07 13:45:08,894 INFO c.a.WebServer [pool-2-thread-1] 2 connection(s) active

2024-12-07 13:45:08,894 INFO c.a.WebServer [pool-2-thread-2] GET /56478 HTTP/1.1
2024-12-07 13:45:08,894 INFO c.a.WebServer [pool-2-thread-2] Host: localhost:8051
2024-12-07 13:45:08,894 INFO c.a.WebServer [pool-2-thread-2] Connection: keep-alive
2024-12-07 13:45:08,894 INFO c.a.WebServer [pool-2-thread-2] Cache-Control: max-age=0
2024-12-07 13:45:08,894 INFO c.a.WebServer [pool-2-thread-2] sec-ch-ua: "Google Chrome";v="131", "Chromium";v="131", "Not_A Brand";v="24"
2024-12-07 13:45:08,894 INFO c.a.WebServer [pool-2-thread-2] sec-ch-ua-mobile: ?0
2024-12-07 13:45:08,894 INFO c.a.WebServer [pool-2-thread-2] sec-ch-ua-platform: "Windows"
2024-12-07 13:45:08,894 INFO c.a.WebServer [pool-2-thread-2] Upgrade-Insecure-Requests: 1
2024-12-07 13:45:08,894 INFO c.a.WebServer [pool-2-thread-2] User-Agent: Mozilla/5.0 (Windows NT 10.0; Win64; x64) AppleWebKit/537.36 (KHTML, like Gecko) Chrome/131.0.0.0 Safari/537.36
2024-12-07 13:45:08,894 INFO c.a.WebServer [pool-2-thread-2] Accept: text/html,application/xhtml+xml,application/xml;q=0.9,image/avif,image/webp,image/apng,*/*;q=0.8,application/signed-exchange;v=b3;q=0.7
2024-12-07 13:45:08,894 INFO c.a.WebServer [pool-2-thread-2] Sec-Fetch-Site: none
2024-12-07 13:45:08,894 INFO c.a.WebServer [pool-2-thread-2] Sec-Fetch-Mode: navigate
2024-12-07 13:45:08,894 INFO c.a.WebServer [pool-2-thread-2] Sec-Fetch-User: ?1
2024-12-07 13:45:08,894 INFO c.a.WebServer [pool-2-thread-2] Sec-Fetch-Dest: document
2024-12-07 13:45:08,894 INFO c.a.WebServer [pool-2-thread-2] Accept-Encoding: gzip, deflate, br, zstd
2024-12-07 13:45:08,894 INFO c.a.WebServer [pool-2-thread-2] Accept-Language: en-GB,en-US;q=0.9,en;q=0.8,tr;q=0.7
2024-12-07 13:45:08,894 INFO c.a.WebServer [pool-2-thread-2] Cookie: Idea-aafc98fb=658b0d5c-2bf3-4a86-9c32-a7b8839e4505; _ga=GA1.1.1641718334.1720546053; Webstorm-5dc34942=29b731fc-1c15-4de7-b819-1af49ebd48dc; Webstorm-5dc34943=a980352b-1e53-4f3a-8ec2-639d92bd913b; _ga_PQEYN9C3X3=GS1.1.1727763152.23.1.1727770904.0.0.0; userToken=4gwm3ynf98ttkn231id7e8
2024-12-07 13:45:08,894 ERROR c.a.WebServer [pool-2-thread-2] Requested file size is too large.
2024-12-07 13:45:08,894 ERROR c.a.WebServer [pool-2-thread-2] Failed to send the response on port 58373
2024-12-07 13:45:08,894 ERROR c.a.WebServer [pool-2-thread-2] Value out of range. Value:"56478" Radix:10
2024-12-07 13:45:08,894 INFO c.a.WebServer [pool-2-thread-2] Connection closed
2024-12-07 13:45:08,894 INFO c.a.WebServer [pool-2-thread-1] GET /56478 HTTP/1.1
2024-12-07 13:45:08,894 INFO c.a.WebServer [pool-2-thread-1] Host: localhost:8051
2024-12-07 13:45:08,894 INFO c.a.WebServer [pool-2-thread-1] Connection: keep-alive
2024-12-07 13:45:08,894 INFO c.a.WebServer [pool-2-thread-1] Cache-Control: max-age=0
2024-12-07 13:45:08,909 INFO c.a.WebServer [pool-2-thread-1] sec-ch-ua: "Google Chrome";v="131", "Chromium";v="131", "Not_A Brand";v="24"
2024-12-07 13:45:08,909 INFO c.a.WebServer [pool-2-thread-1] sec-ch-ua-mobile: ?0
2024-12-07 13:45:08,910 INFO c.a.WebServer [pool-2-thread-1] sec-ch-ua-platform: "Windows"
2024-12-07 13:45:08,910 INFO c.a.WebServer [pool-2-thread-1] Upgrade-Insecure-Requests: 1
2024-12-07 13:45:08,910 INFO c.a.WebServer [pool-2-thread-1] User-Agent: Mozilla/5.0 (Windows NT 10.0; Win64; x64) AppleWebKit/537.36 (KHTML, like Gecko) Chrome/131.0.0.0 Safari/537.36
2024-12-07 13:45:08,910 INFO c.a.WebServer [pool-2-thread-1] Accept: text/html,application/xhtml+xml,application/xml;q=0.9,image/avif,image/webp,image/apng,*/*;q=0.8,application/signed-exchange;v=b3;q=0.7
2024-12-07 13:45:08,910 INFO c.a.WebServer [pool-2-thread-1] Sec-Fetch-Site: none
2024-12-07 13:45:08,911 INFO c.a.WebServer [pool-2-thread-1] Sec-Fetch-Mode: navigate
2024-12-07 13:45:08,911 INFO c.a.WebServer [pool-2-thread-1] Sec-Fetch-User: ?1
2024-12-07 13:45:08,911 INFO c.a.WebServer [pool-2-thread-1] Sec-Fetch-Dest: document
2024-12-07 13:45:08,911 INFO c.a.WebServer [pool-2-thread-1] Accept-Encoding: gzip, deflate, br, zstd
2024-12-07 13:45:08,911 INFO c.a.WebServer [pool-2-thread-1] Accept-Language: en-GB,en-US;q=0.9,en;q=0.8,tr;q=0.7
2024-12-07 13:45:08,911 INFO c.a.WebServer [pool-2-thread-1] Cookie: Idea-aafc98fb=658b0d5c-2bf3-4a86-9c32-a7b8839e4505; _ga=GA1.1.1641718334.1720546053; Webstorm-5dc34942=29b731fc-1c15-4de7-b819-1af49ebd48dc; Webstorm-5dc34943=a980352b-1e53-4f3a-8ec2-639d92bd913b; _ga_PQEYN9C3X3=GS1.1.1727763152.23.1.1727770904.0.0.0; userToken=4gwm3ynf98ttkn231id7e8
2024-12-07 13:45:08,911 ERROR c.a.WebServer [pool-2-thread-1] Requested file size is too large.
2024-12-07 13:45:08,911 ERROR c.a.WebServer [pool-2-thread-1] Failed to send the response on port 58374
2024-12-07 13:45:08,911 ERROR c.a.WebServer [pool-2-thread-1] Value out of range. Value:"56478" Radix:10
2024-12-07 13:45:08,911 INFO c.a.WebServer [pool-2-thread-1] Connection closed
2024-12-07 13:45:08,911 INFO c.a.WebServer [pool-2-thread-1] 1 connection(s) active

2024-12-07 13:45:08,911 INFO c.a.WebServer [pool-2-thread-1] GET /56478 HTTP/1.1
2024-12-07 13:45:08,911 INFO c.a.WebServer [pool-2-thread-1] Host: localhost:8051
2024-12-07 13:45:08,911 INFO c.a.WebServer [pool-2-thread-1] Connection: keep-alive
2024-12-07 13:45:08,911 INFO c.a.WebServer [pool-2-thread-1] Cache-Control: max-age=0
2024-12-07 13:45:08,911 INFO c.a.WebServer [pool-2-thread-1] sec-ch-ua: "Google Chrome";v="131", "Chromium";v="131", "Not_A Brand";v="24"
2024-12-07 13:45:08,911 INFO c.a.WebServer [pool-2-thread-1] sec-ch-ua-mobile: ?0
2024-12-07 13:45:08,911 INFO c.a.WebServer [pool-2-thread-1] sec-ch-ua-platform: "Windows"
2024-12-07 13:45:08,911 INFO c.a.WebServer [pool-2-thread-1] Upgrade-Insecure-Requests: 1
2024-12-07 13:45:08,911 INFO c.a.WebServer [pool-2-thread-1] User-Agent: Mozilla/5.0 (Windows NT 10.0; Win64; x64) AppleWebKit/537.36 (KHTML, like Gecko) Chrome/131.0.0.0 Safari/537.36
2024-12-07 13:45:08,911 INFO c.a.WebServer [pool-2-thread-1] Accept: text/html,application/xhtml+xml,application/xml;q=0.9,image/avif,image/webp,image/apng,*/*;q=0.8,application/signed-exchange;v=b3;q=0.7
2024-12-07 13:45:08,911 INFO c.a.WebServer [pool-2-thread-1] Sec-Fetch-Site: none
2024-12-07 13:45:08,911 INFO c.a.WebServer [pool-2-thread-1] Sec-Fetch-Mode: navigate
2024-12-07 13:45:08,911 INFO c.a.WebServer [pool-2-thread-1] Sec-Fetch-User: ?1
2024-12-07 13:45:08,911 INFO c.a.WebServer [pool-2-thread-1] Sec-Fetch-Dest: document
2024-12-07 13:45:08,911 INFO c.a.WebServer [pool-2-thread-1] Accept-Encoding: gzip, deflate, br, zstd
2024-12-07 13:45:08,911 INFO c.a.WebServer [pool-2-thread-1] Accept-Language: en-GB,en-US;q=0.9,en;q=0.8,tr;q=0.7
2024-12-07 13:45:08,911 INFO c.a.WebServer [pool-2-thread-1] Cookie: Idea-aafc98fb=658b0d5c-2bf3-4a86-9c32-a7b8839e4505; _ga=GA1.1.1641718334.1720546053; Webstorm-5dc34942=29b731fc-1c15-4de7-b819-1af49ebd48dc; Webstorm-5dc34943=a980352b-1e53-4f3a-8ec2-639d92bd913b; _ga_PQEYN9C3X3=GS1.1.1727763152.23.1.1727770904.0.0.0; userToken=4gwm3ynf98ttkn231id7e8
2024-12-07 13:45:08,911 ERROR c.a.WebServer [pool-2-thread-1] Requested file size is too large.
2024-12-07 13:45:08,911 ERROR c.a.WebServer [pool-2-thread-1] Failed to send the response on port 58375
2024-12-07 13:45:08,911 ERROR c.a.WebServer [pool-2-thread-1] Value out of range. Value:"56478" Radix:10
2024-12-07 13:45:08,911 INFO c.a.WebServer [pool-2-thread-1] Connection closed
2024-12-07 13:45:13,941 INFO c.a.WebServer [pool-2-thread-1] 1 connection(s) active

2024-12-07 13:45:13,941 INFO c.a.WebServer [pool-2-thread-1] GET /56478 HTTP/1.1
2024-12-07 13:45:13,941 INFO c.a.WebServer [pool-2-thread-1] Host: localhost:8051
2024-12-07 13:45:13,941 INFO c.a.WebServer [pool-2-thread-1] Connection: keep-alive
2024-12-07 13:45:13,941 INFO c.a.WebServer [pool-2-thread-1] Cache-Control: max-age=0
2024-12-07 13:45:13,941 INFO c.a.WebServer [pool-2-thread-1] sec-ch-ua: "Google Chrome";v="131", "Chromium";v="131", "Not_A Brand";v="24"
2024-12-07 13:45:13,941 INFO c.a.WebServer [pool-2-thread-1] sec-ch-ua-mobile: ?0
2024-12-07 13:45:13,941 INFO c.a.WebServer [pool-2-thread-1] sec-ch-ua-platform: "Windows"
2024-12-07 13:45:13,941 INFO c.a.WebServer [pool-2-thread-1] Upgrade-Insecure-Requests: 1
2024-12-07 13:45:13,941 INFO c.a.WebServer [pool-2-thread-1] User-Agent: Mozilla/5.0 (Windows NT 10.0; Win64; x64) AppleWebKit/537.36 (KHTML, like Gecko) Chrome/131.0.0.0 Safari/537.36
2024-12-07 13:45:13,941 INFO c.a.WebServer [pool-2-thread-1] Accept: text/html,application/xhtml+xml,application/xml;q=0.9,image/avif,image/webp,image/apng,*/*;q=0.8,application/signed-exchange;v=b3;q=0.7
2024-12-07 13:45:13,941 INFO c.a.WebServer [pool-2-thread-1] Sec-Fetch-Site: none
2024-12-07 13:45:13,941 INFO c.a.WebServer [pool-2-thread-1] Sec-Fetch-Mode: navigate
2024-12-07 13:45:13,941 INFO c.a.WebServer [pool-2-thread-1] Sec-Fetch-User: ?1
2024-12-07 13:45:13,941 INFO c.a.WebServer [pool-2-thread-1] Sec-Fetch-Dest: document
2024-12-07 13:45:13,941 INFO c.a.WebServer [pool-2-thread-1] Accept-Encoding: gzip, deflate, br, zstd
2024-12-07 13:45:13,941 INFO c.a.WebServer [pool-2-thread-1] Accept-Language: en-GB,en-US;q=0.9,en;q=0.8,tr;q=0.7
2024-12-07 13:45:13,941 INFO c.a.WebServer [pool-2-thread-2] 2 connection(s) active

2024-12-07 13:45:13,941 INFO c.a.WebServer [pool-2-thread-1] Cookie: Idea-aafc98fb=658b0d5c-2bf3-4a86-9c32-a7b8839e4505; _ga=GA1.1.1641718334.1720546053; Webstorm-5dc34942=29b731fc-1c15-4de7-b819-1af49ebd48dc; Webstorm-5dc34943=a980352b-1e53-4f3a-8ec2-639d92bd913b; _ga_PQEYN9C3X3=GS1.1.1727763152.23.1.1727770904.0.0.0; userToken=4gwm3ynf98ttkn231id7e8
2024-12-07 13:45:13,941 ERROR c.a.WebServer [pool-2-thread-1] Requested file size is too large.
2024-12-07 13:45:13,941 ERROR c.a.WebServer [pool-2-thread-1] Failed to send the response on port 58381
2024-12-07 13:45:13,941 ERROR c.a.WebServer [pool-2-thread-1] Value out of range. Value:"56478" Radix:10
2024-12-07 13:45:13,941 INFO c.a.WebServer [pool-2-thread-1] Connection closed
2024-12-07 13:45:44,031 INFO c.a.WebServer [pool-2-thread-1] 2 connection(s) active

2024-12-07 13:45:44,035 INFO c.a.WebServer [pool-2-thread-2] GET /56478 HTTP/1.1
2024-12-07 13:45:44,035 INFO c.a.WebServer [pool-2-thread-2] Host: localhost:8051
2024-12-07 13:45:44,035 INFO c.a.WebServer [pool-2-thread-2] Connection: keep-alive
2024-12-07 13:45:44,035 INFO c.a.WebServer [pool-2-thread-2] Cache-Control: max-age=0
2024-12-07 13:45:44,036 INFO c.a.WebServer [pool-2-thread-2] sec-ch-ua: "Google Chrome";v="131", "Chromium";v="131", "Not_A Brand";v="24"
2024-12-07 13:45:44,036 INFO c.a.WebServer [pool-2-thread-2] sec-ch-ua-mobile: ?0
2024-12-07 13:45:44,036 INFO c.a.WebServer [pool-2-thread-2] sec-ch-ua-platform: "Windows"
2024-12-07 13:45:44,036 INFO c.a.WebServer [pool-2-thread-2] Upgrade-Insecure-Requests: 1
2024-12-07 13:45:44,036 INFO c.a.WebServer [pool-2-thread-2] User-Agent: Mozilla/5.0 (Windows NT 10.0; Win64; x64) AppleWebKit/537.36 (KHTML, like Gecko) Chrome/131.0.0.0 Safari/537.36
2024-12-07 13:45:44,036 INFO c.a.WebServer [pool-2-thread-2] Accept: text/html,application/xhtml+xml,application/xml;q=0.9,image/avif,image/webp,image/apng,*/*;q=0.8,application/signed-exchange;v=b3;q=0.7
2024-12-07 13:45:44,037 INFO c.a.WebServer [pool-2-thread-2] Sec-Fetch-Site: none
2024-12-07 13:45:44,037 INFO c.a.WebServer [pool-2-thread-2] Sec-Fetch-Mode: navigate
2024-12-07 13:45:44,037 INFO c.a.WebServer [pool-2-thread-2] Sec-Fetch-User: ?1
2024-12-07 13:45:44,037 INFO c.a.WebServer [pool-2-thread-2] Sec-Fetch-Dest: document
2024-12-07 13:45:44,037 INFO c.a.WebServer [pool-2-thread-2] Accept-Encoding: gzip, deflate, br, zstd
2024-12-07 13:45:44,037 INFO c.a.WebServer [pool-2-thread-2] Accept-Language: en-GB,en-US;q=0.9,en;q=0.8,tr;q=0.7
2024-12-07 13:45:44,038 INFO c.a.WebServer [pool-2-thread-2] Cookie: Idea-aafc98fb=658b0d5c-2bf3-4a86-9c32-a7b8839e4505; _ga=GA1.1.1641718334.1720546053; Webstorm-5dc34942=29b731fc-1c15-4de7-b819-1af49ebd48dc; Webstorm-5dc34943=a980352b-1e53-4f3a-8ec2-639d92bd913b; _ga_PQEYN9C3X3=GS1.1.1727763152.23.1.1727770904.0.0.0; userToken=4gwm3ynf98ttkn231id7e8
2024-12-07 13:45:44,038 ERROR c.a.WebServer [pool-2-thread-2] Requested file size is too large.
2024-12-07 13:45:44,038 ERROR c.a.WebServer [pool-2-thread-2] Failed to send the response on port 58382
2024-12-07 13:45:44,038 ERROR c.a.WebServer [pool-2-thread-2] Value out of range. Value:"56478" Radix:10
2024-12-07 13:45:44,039 INFO c.a.WebServer [pool-2-thread-2] Connection closed
2024-12-07 13:45:44,039 INFO c.a.WebServer [pool-2-thread-1] GET /56478 HTTP/1.1
2024-12-07 13:45:44,040 INFO c.a.WebServer [pool-2-thread-1] Host: localhost:8051
2024-12-07 13:45:44,040 INFO c.a.WebServer [pool-2-thread-1] Connection: keep-alive
2024-12-07 13:45:44,040 INFO c.a.WebServer [pool-2-thread-1] Cache-Control: max-age=0
2024-12-07 13:45:44,040 INFO c.a.WebServer [pool-2-thread-1] sec-ch-ua: "Google Chrome";v="131", "Chromium";v="131", "Not_A Brand";v="24"
2024-12-07 13:45:44,040 INFO c.a.WebServer [pool-2-thread-1] sec-ch-ua-mobile: ?0
2024-12-07 13:45:44,041 INFO c.a.WebServer [pool-2-thread-1] sec-ch-ua-platform: "Windows"
2024-12-07 13:45:44,041 INFO c.a.WebServer [pool-2-thread-1] Upgrade-Insecure-Requests: 1
2024-12-07 13:45:44,041 INFO c.a.WebServer [pool-2-thread-1] User-Agent: Mozilla/5.0 (Windows NT 10.0; Win64; x64) AppleWebKit/537.36 (KHTML, like Gecko) Chrome/131.0.0.0 Safari/537.36
2024-12-07 13:45:44,041 INFO c.a.WebServer [pool-2-thread-1] Accept: text/html,application/xhtml+xml,application/xml;q=0.9,image/avif,image/webp,image/apng,*/*;q=0.8,application/signed-exchange;v=b3;q=0.7
2024-12-07 13:45:44,041 INFO c.a.WebServer [pool-2-thread-1] Sec-Fetch-Site: none
2024-12-07 13:45:44,041 INFO c.a.WebServer [pool-2-thread-1] Sec-Fetch-Mode: navigate
2024-12-07 13:45:44,041 INFO c.a.WebServer [pool-2-thread-1] Sec-Fetch-User: ?1
2024-12-07 13:45:44,042 INFO c.a.WebServer [pool-2-thread-1] Sec-Fetch-Dest: document
2024-12-07 13:45:44,042 INFO c.a.WebServer [pool-2-thread-1] Accept-Encoding: gzip, deflate, br, zstd
2024-12-07 13:45:44,042 INFO c.a.WebServer [pool-2-thread-1] Accept-Language: en-GB,en-US;q=0.9,en;q=0.8,tr;q=0.7
2024-12-07 13:45:44,042 INFO c.a.WebServer [pool-2-thread-1] Cookie: Idea-aafc98fb=658b0d5c-2bf3-4a86-9c32-a7b8839e4505; _ga=GA1.1.1641718334.1720546053; Webstorm-5dc34942=29b731fc-1c15-4de7-b819-1af49ebd48dc; Webstorm-5dc34943=a980352b-1e53-4f3a-8ec2-639d92bd913b; _ga_PQEYN9C3X3=GS1.1.1727763152.23.1.1727770904.0.0.0; userToken=4gwm3ynf98ttkn231id7e8
2024-12-07 13:45:44,042 ERROR c.a.WebServer [pool-2-thread-1] Requested file size is too large.
2024-12-07 13:45:44,043 ERROR c.a.WebServer [pool-2-thread-1] Failed to send the response on port 58387
2024-12-07 13:45:44,043 ERROR c.a.WebServer [pool-2-thread-1] Value out of range. Value:"56478" Radix:10
2024-12-07 13:45:44,043 INFO c.a.WebServer [pool-2-thread-1] Connection closed
2024-12-07 13:45:44,045 INFO c.a.WebServer [pool-2-thread-1] 1 connection(s) active

2024-12-07 13:45:44,045 INFO c.a.WebServer [pool-2-thread-1] GET /56478 HTTP/1.1
2024-12-07 13:45:44,045 INFO c.a.WebServer [pool-2-thread-1] Host: localhost:8051
2024-12-07 13:45:44,047 INFO c.a.WebServer [pool-2-thread-1] Connection: keep-alive
2024-12-07 13:45:44,048 INFO c.a.WebServer [pool-2-thread-1] Cache-Control: max-age=0
2024-12-07 13:45:44,048 INFO c.a.WebServer [pool-2-thread-1] sec-ch-ua: "Google Chrome";v="131", "Chromium";v="131", "Not_A Brand";v="24"
2024-12-07 13:45:44,048 INFO c.a.WebServer [pool-2-thread-1] sec-ch-ua-mobile: ?0
2024-12-07 13:45:44,048 INFO c.a.WebServer [pool-2-thread-1] sec-ch-ua-platform: "Windows"
2024-12-07 13:45:44,048 INFO c.a.WebServer [pool-2-thread-1] Upgrade-Insecure-Requests: 1
2024-12-07 13:45:44,049 INFO c.a.WebServer [pool-2-thread-1] User-Agent: Mozilla/5.0 (Windows NT 10.0; Win64; x64) AppleWebKit/537.36 (KHTML, like Gecko) Chrome/131.0.0.0 Safari/537.36
2024-12-07 13:45:44,049 INFO c.a.WebServer [pool-2-thread-1] Accept: text/html,application/xhtml+xml,application/xml;q=0.9,image/avif,image/webp,image/apng,*/*;q=0.8,application/signed-exchange;v=b3;q=0.7
2024-12-07 13:45:44,049 INFO c.a.WebServer [pool-2-thread-1] Sec-Fetch-Site: none
2024-12-07 13:45:44,050 INFO c.a.WebServer [pool-2-thread-1] Sec-Fetch-Mode: navigate
2024-12-07 13:45:44,050 INFO c.a.WebServer [pool-2-thread-1] Sec-Fetch-User: ?1
2024-12-07 13:45:44,050 INFO c.a.WebServer [pool-2-thread-1] Sec-Fetch-Dest: document
2024-12-07 13:45:44,050 INFO c.a.WebServer [pool-2-thread-1] Accept-Encoding: gzip, deflate, br, zstd
2024-12-07 13:45:44,051 INFO c.a.WebServer [pool-2-thread-1] Accept-Language: en-GB,en-US;q=0.9,en;q=0.8,tr;q=0.7
2024-12-07 13:45:44,051 INFO c.a.WebServer [pool-2-thread-1] Cookie: Idea-aafc98fb=658b0d5c-2bf3-4a86-9c32-a7b8839e4505; _ga=GA1.1.1641718334.1720546053; Webstorm-5dc34942=29b731fc-1c15-4de7-b819-1af49ebd48dc; Webstorm-5dc34943=a980352b-1e53-4f3a-8ec2-639d92bd913b; _ga_PQEYN9C3X3=GS1.1.1727763152.23.1.1727770904.0.0.0; userToken=4gwm3ynf98ttkn231id7e8
2024-12-07 13:45:44,052 ERROR c.a.WebServer [pool-2-thread-1] Requested file size is too large.
2024-12-07 13:45:44,053 ERROR c.a.WebServer [pool-2-thread-1] Failed to send the response on port 58388
2024-12-07 13:45:44,054 ERROR c.a.WebServer [pool-2-thread-1] Value out of range. Value:"56478" Radix:10
2024-12-07 13:45:44,055 INFO c.a.WebServer [pool-2-thread-1] Connection closed
