2024-12-10 13:22:00,990 INFO c.a.WebServer [main]  :: HTTP Server :: Gültekin, Eren & Vatansever :: v1.0 ::
2024-12-10 13:22:01,000 INFO c.a.WebServer [main] Starting HTTPServer on localhost with PID 17044
2024-12-10 13:22:01,001 INFO c.a.WebServer [main] Application is powered by the genius of Gültekin, Eren and Vatansever
2024-12-10 13:22:01,001 INFO c.a.WebServer [main] Server created on port 8051
2024-12-10 13:22:01,002 INFO c.a.WebServer [main] Server started on port 8051
2024-12-10 13:22:17,693 INFO c.a.WebServer [pool-2-thread-1] 2 connection(s) active

2024-12-10 13:22:17,693 INFO c.a.WebServer [pool-2-thread-2] 2 connection(s) active

2024-12-10 13:22:17,695 INFO c.a.WebServer [pool-2-thread-1] GET /500 HTTP/1.1
2024-12-10 13:22:17,695 INFO c.a.WebServer [pool-2-thread-1] Host: localhost:8051
2024-12-10 13:22:17,696 INFO c.a.WebServer [pool-2-thread-1] Connection: keep-alive
2024-12-10 13:22:17,696 INFO c.a.WebServer [pool-2-thread-1] sec-ch-ua: "Google Chrome";v="131", "Chromium";v="131", "Not_A Brand";v="24"
2024-12-10 13:22:17,697 INFO c.a.WebServer [pool-2-thread-1] sec-ch-ua-mobile: ?0
2024-12-10 13:22:17,697 INFO c.a.WebServer [pool-2-thread-1] sec-ch-ua-platform: "Windows"
2024-12-10 13:22:17,698 INFO c.a.WebServer [pool-2-thread-1] Upgrade-Insecure-Requests: 1
2024-12-10 13:22:17,698 INFO c.a.WebServer [pool-2-thread-1] User-Agent: Mozilla/5.0 (Windows NT 10.0; Win64; x64) AppleWebKit/537.36 (KHTML, like Gecko) Chrome/131.0.0.0 Safari/537.36
2024-12-10 13:22:17,699 INFO c.a.WebServer [pool-2-thread-1] Accept: text/html,application/xhtml+xml,application/xml;q=0.9,image/avif,image/webp,image/apng,*/*;q=0.8,application/signed-exchange;v=b3;q=0.7
2024-12-10 13:22:17,699 INFO c.a.WebServer [pool-2-thread-1] Sec-Fetch-Site: none
2024-12-10 13:22:17,700 INFO c.a.WebServer [pool-2-thread-1] Sec-Fetch-Mode: navigate
2024-12-10 13:22:17,701 INFO c.a.WebServer [pool-2-thread-1] Sec-Fetch-User: ?1
2024-12-10 13:22:17,701 INFO c.a.WebServer [pool-2-thread-1] Sec-Fetch-Dest: document
2024-12-10 13:22:17,702 INFO c.a.WebServer [pool-2-thread-1] Accept-Encoding: gzip, deflate, br, zstd
2024-12-10 13:22:17,702 INFO c.a.WebServer [pool-2-thread-1] Accept-Language: en-GB,en-US;q=0.9,en;q=0.8,tr;q=0.7
2024-12-10 13:22:17,703 INFO c.a.WebServer [pool-2-thread-1] Cookie: Idea-aafc98fb=658b0d5c-2bf3-4a86-9c32-a7b8839e4505; _ga=GA1.1.1641718334.1720546053; Webstorm-5dc34942=29b731fc-1c15-4de7-b819-1af49ebd48dc; Webstorm-5dc34943=a980352b-1e53-4f3a-8ec2-639d92bd913b; _ga_PQEYN9C3X3=GS1.1.1727763152.23.1.1727770904.0.0.0; userToken=4gwm3ynf98ttkn231id7e8; Webstorm-5dc34944=0e506670-c0d9-47ef-8e10-338374c3ae0e
2024-12-10 13:22:17,710 INFO c.a.WebServer [pool-2-thread-1] Sent response: HTTP/1.1 200 OK with Content-Length: 494
2024-12-10 13:22:17,711 INFO c.a.WebServer [pool-2-thread-1] Connection closed
2024-12-10 13:22:19,278 INFO c.a.WebServer [pool-2-thread-2] GET /favicon.ico HTTP/1.1
2024-12-10 13:22:19,278 INFO c.a.WebServer [pool-2-thread-2] Host: localhost:8051
2024-12-10 13:22:19,278 INFO c.a.WebServer [pool-2-thread-2] Connection: keep-alive
2024-12-10 13:22:19,278 INFO c.a.WebServer [pool-2-thread-2] sec-ch-ua-platform: "Windows"
2024-12-10 13:22:19,278 INFO c.a.WebServer [pool-2-thread-2] User-Agent: Mozilla/5.0 (Windows NT 10.0; Win64; x64) AppleWebKit/537.36 (KHTML, like Gecko) Chrome/131.0.0.0 Safari/537.36
2024-12-10 13:22:19,278 INFO c.a.WebServer [pool-2-thread-2] sec-ch-ua: "Google Chrome";v="131", "Chromium";v="131", "Not_A Brand";v="24"
2024-12-10 13:22:19,278 INFO c.a.WebServer [pool-2-thread-2] sec-ch-ua-mobile: ?0
2024-12-10 13:22:19,278 INFO c.a.WebServer [pool-2-thread-2] Accept: image/avif,image/webp,image/apng,image/svg+xml,image/*,*/*;q=0.8
2024-12-10 13:22:19,278 INFO c.a.WebServer [pool-2-thread-2] Sec-Fetch-Site: same-origin
2024-12-10 13:22:19,278 INFO c.a.WebServer [pool-2-thread-2] Sec-Fetch-Mode: no-cors
2024-12-10 13:22:19,278 INFO c.a.WebServer [pool-2-thread-2] Sec-Fetch-Dest: image
2024-12-10 13:22:19,278 INFO c.a.WebServer [pool-2-thread-2] Referer: http://localhost:8051/500
2024-12-10 13:22:19,278 INFO c.a.WebServer [pool-2-thread-2] Accept-Encoding: gzip, deflate, br, zstd
2024-12-10 13:22:19,278 INFO c.a.WebServer [pool-2-thread-2] Accept-Language: en-GB,en-US;q=0.9,en;q=0.8,tr;q=0.7
2024-12-10 13:22:19,278 INFO c.a.WebServer [pool-2-thread-2] Cookie: Idea-aafc98fb=658b0d5c-2bf3-4a86-9c32-a7b8839e4505; _ga=GA1.1.1641718334.1720546053; Webstorm-5dc34942=29b731fc-1c15-4de7-b819-1af49ebd48dc; Webstorm-5dc34943=a980352b-1e53-4f3a-8ec2-639d92bd913b; _ga_PQEYN9C3X3=GS1.1.1727763152.23.1.1727770904.0.0.0; userToken=4gwm3ynf98ttkn231id7e8; Webstorm-5dc34944=0e506670-c0d9-47ef-8e10-338374c3ae0e
2024-12-10 13:22:19,287 ERROR c.a.WebServer [pool-2-thread-2] Requested file size format is invalid.
2024-12-10 13:22:19,287 ERROR c.a.WebServer [pool-2-thread-2] Failed to send the response on port 59915
2024-12-10 13:22:19,288 ERROR c.a.WebServer [pool-2-thread-2] For input string: "favicon.ico"
2024-12-10 13:22:19,288 INFO c.a.WebServer [pool-2-thread-2] Connection closed
2024-12-10 13:22:19,288 INFO c.a.WebServer [pool-2-thread-2] 1 connection(s) active

2024-12-10 13:22:19,288 INFO c.a.WebServer [pool-2-thread-2] GET /favicon.ico HTTP/1.1
2024-12-10 13:22:19,288 INFO c.a.WebServer [pool-2-thread-2] Host: localhost:8051
2024-12-10 13:22:19,288 INFO c.a.WebServer [pool-2-thread-2] Connection: keep-alive
2024-12-10 13:22:19,288 INFO c.a.WebServer [pool-2-thread-2] sec-ch-ua-platform: "Windows"
2024-12-10 13:22:19,288 INFO c.a.WebServer [pool-2-thread-2] User-Agent: Mozilla/5.0 (Windows NT 10.0; Win64; x64) AppleWebKit/537.36 (KHTML, like Gecko) Chrome/131.0.0.0 Safari/537.36
2024-12-10 13:22:19,288 INFO c.a.WebServer [pool-2-thread-2] sec-ch-ua: "Google Chrome";v="131", "Chromium";v="131", "Not_A Brand";v="24"
2024-12-10 13:22:19,288 INFO c.a.WebServer [pool-2-thread-2] sec-ch-ua-mobile: ?0
2024-12-10 13:22:19,288 INFO c.a.WebServer [pool-2-thread-2] Accept: image/avif,image/webp,image/apng,image/svg+xml,image/*,*/*;q=0.8
2024-12-10 13:22:19,288 INFO c.a.WebServer [pool-2-thread-2] Sec-Fetch-Site: same-origin
2024-12-10 13:22:19,288 INFO c.a.WebServer [pool-2-thread-2] Sec-Fetch-Mode: no-cors
2024-12-10 13:22:19,288 INFO c.a.WebServer [pool-2-thread-2] Sec-Fetch-Dest: image
2024-12-10 13:22:19,288 INFO c.a.WebServer [pool-2-thread-2] Referer: http://localhost:8051/500
2024-12-10 13:22:19,288 INFO c.a.WebServer [pool-2-thread-2] Accept-Encoding: gzip, deflate, br, zstd
2024-12-10 13:22:19,288 INFO c.a.WebServer [pool-2-thread-2] Accept-Language: en-GB,en-US;q=0.9,en;q=0.8,tr;q=0.7
2024-12-10 13:22:19,288 INFO c.a.WebServer [pool-2-thread-2] Cookie: Idea-aafc98fb=658b0d5c-2bf3-4a86-9c32-a7b8839e4505; _ga=GA1.1.1641718334.1720546053; Webstorm-5dc34942=29b731fc-1c15-4de7-b819-1af49ebd48dc; Webstorm-5dc34943=a980352b-1e53-4f3a-8ec2-639d92bd913b; _ga_PQEYN9C3X3=GS1.1.1727763152.23.1.1727770904.0.0.0; userToken=4gwm3ynf98ttkn231id7e8; Webstorm-5dc34944=0e506670-c0d9-47ef-8e10-338374c3ae0e
2024-12-10 13:22:19,295 ERROR c.a.WebServer [pool-2-thread-2] Requested file size format is invalid.
2024-12-10 13:22:19,295 ERROR c.a.WebServer [pool-2-thread-2] Failed to send the response on port 59920
2024-12-10 13:22:19,296 ERROR c.a.WebServer [pool-2-thread-2] For input string: "favicon.ico"
2024-12-10 13:22:19,296 INFO c.a.WebServer [pool-2-thread-2] Connection closed
2024-12-10 13:22:58,701 INFO c.a.WebServer [pool-2-thread-2] 1 connection(s) active

2024-12-10 13:22:58,701 INFO c.a.WebServer [pool-2-thread-2] GET /50 HTTP/1.1
2024-12-10 13:22:58,701 INFO c.a.WebServer [pool-2-thread-2] Host: localhost:8051
2024-12-10 13:22:58,703 INFO c.a.WebServer [pool-2-thread-2] Connection: keep-alive
2024-12-10 13:22:58,703 INFO c.a.WebServer [pool-2-thread-2] sec-ch-ua: "Google Chrome";v="131", "Chromium";v="131", "Not_A Brand";v="24"
2024-12-10 13:22:58,703 INFO c.a.WebServer [pool-2-thread-2] sec-ch-ua-mobile: ?0
2024-12-10 13:22:58,703 INFO c.a.WebServer [pool-2-thread-2] sec-ch-ua-platform: "Windows"
2024-12-10 13:22:58,703 INFO c.a.WebServer [pool-2-thread-2] Upgrade-Insecure-Requests: 1
2024-12-10 13:22:58,703 INFO c.a.WebServer [pool-2-thread-2] User-Agent: Mozilla/5.0 (Windows NT 10.0; Win64; x64) AppleWebKit/537.36 (KHTML, like Gecko) Chrome/131.0.0.0 Safari/537.36
2024-12-10 13:22:58,703 INFO c.a.WebServer [pool-2-thread-2] Accept: text/html,application/xhtml+xml,application/xml;q=0.9,image/avif,image/webp,image/apng,*/*;q=0.8,application/signed-exchange;v=b3;q=0.7
2024-12-10 13:22:58,703 INFO c.a.WebServer [pool-2-thread-2] Sec-Fetch-Site: none
2024-12-10 13:22:58,703 INFO c.a.WebServer [pool-2-thread-2] Sec-Fetch-Mode: navigate
2024-12-10 13:22:58,703 INFO c.a.WebServer [pool-2-thread-2] Sec-Fetch-User: ?1
2024-12-10 13:22:58,703 INFO c.a.WebServer [pool-2-thread-2] Sec-Fetch-Dest: document
2024-12-10 13:22:58,703 INFO c.a.WebServer [pool-2-thread-2] Accept-Encoding: gzip, deflate, br, zstd
2024-12-10 13:22:58,703 INFO c.a.WebServer [pool-2-thread-1] 2 connection(s) active

2024-12-10 13:22:58,703 INFO c.a.WebServer [pool-2-thread-2] Accept-Language: en-GB,en-US;q=0.9,en;q=0.8,tr;q=0.7
2024-12-10 13:22:58,703 INFO c.a.WebServer [pool-2-thread-2] Cookie: Idea-aafc98fb=658b0d5c-2bf3-4a86-9c32-a7b8839e4505; _ga=GA1.1.1641718334.1720546053; Webstorm-5dc34942=29b731fc-1c15-4de7-b819-1af49ebd48dc; Webstorm-5dc34943=a980352b-1e53-4f3a-8ec2-639d92bd913b; _ga_PQEYN9C3X3=GS1.1.1727763152.23.1.1727770904.0.0.0; userToken=4gwm3ynf98ttkn231id7e8; Webstorm-5dc34944=0e506670-c0d9-47ef-8e10-338374c3ae0e
2024-12-10 13:22:58,703 ERROR c.a.WebServer [pool-2-thread-2] Requested file size is too small.
2024-12-10 13:22:58,709 INFO c.a.WebServer [pool-2-thread-2] Sent response: HTTP/1.1 400 Bad Request with Content-Length: 182
2024-12-10 13:22:58,709 INFO c.a.WebServer [pool-2-thread-2] Connection closed
2024-12-10 13:22:59,264 INFO c.a.WebServer [pool-2-thread-1] GET /favicon.ico HTTP/1.1
2024-12-10 13:22:59,264 INFO c.a.WebServer [pool-2-thread-1] Host: localhost:8051
2024-12-10 13:22:59,264 INFO c.a.WebServer [pool-2-thread-1] Connection: keep-alive
2024-12-10 13:22:59,264 INFO c.a.WebServer [pool-2-thread-1] sec-ch-ua-platform: "Windows"
2024-12-10 13:22:59,264 INFO c.a.WebServer [pool-2-thread-1] User-Agent: Mozilla/5.0 (Windows NT 10.0; Win64; x64) AppleWebKit/537.36 (KHTML, like Gecko) Chrome/131.0.0.0 Safari/537.36
2024-12-10 13:22:59,264 INFO c.a.WebServer [pool-2-thread-1] sec-ch-ua: "Google Chrome";v="131", "Chromium";v="131", "Not_A Brand";v="24"
2024-12-10 13:22:59,264 INFO c.a.WebServer [pool-2-thread-1] sec-ch-ua-mobile: ?0
2024-12-10 13:22:59,264 INFO c.a.WebServer [pool-2-thread-1] Accept: image/avif,image/webp,image/apng,image/svg+xml,image/*,*/*;q=0.8
2024-12-10 13:22:59,264 INFO c.a.WebServer [pool-2-thread-1] Sec-Fetch-Site: same-origin
2024-12-10 13:22:59,264 INFO c.a.WebServer [pool-2-thread-1] Sec-Fetch-Mode: no-cors
2024-12-10 13:22:59,264 INFO c.a.WebServer [pool-2-thread-1] Sec-Fetch-Dest: image
2024-12-10 13:22:59,264 INFO c.a.WebServer [pool-2-thread-1] Referer: http://localhost:8051/50
2024-12-10 13:22:59,264 INFO c.a.WebServer [pool-2-thread-1] Accept-Encoding: gzip, deflate, br, zstd
2024-12-10 13:22:59,269 INFO c.a.WebServer [pool-2-thread-1] Accept-Language: en-GB,en-US;q=0.9,en;q=0.8,tr;q=0.7
2024-12-10 13:22:59,270 INFO c.a.WebServer [pool-2-thread-1] Cookie: Idea-aafc98fb=658b0d5c-2bf3-4a86-9c32-a7b8839e4505; _ga=GA1.1.1641718334.1720546053; Webstorm-5dc34942=29b731fc-1c15-4de7-b819-1af49ebd48dc; Webstorm-5dc34943=a980352b-1e53-4f3a-8ec2-639d92bd913b; _ga_PQEYN9C3X3=GS1.1.1727763152.23.1.1727770904.0.0.0; userToken=4gwm3ynf98ttkn231id7e8; Webstorm-5dc34944=0e506670-c0d9-47ef-8e10-338374c3ae0e
2024-12-10 13:22:59,270 ERROR c.a.WebServer [pool-2-thread-1] Requested file size format is invalid.
2024-12-10 13:22:59,271 ERROR c.a.WebServer [pool-2-thread-1] Failed to send the response on port 59934
2024-12-10 13:22:59,271 ERROR c.a.WebServer [pool-2-thread-1] For input string: "favicon.ico"
2024-12-10 13:22:59,271 INFO c.a.WebServer [pool-2-thread-1] Connection closed
2024-12-10 13:22:59,271 INFO c.a.WebServer [pool-2-thread-1] 1 connection(s) active

2024-12-10 13:22:59,271 INFO c.a.WebServer [pool-2-thread-1] GET /favicon.ico HTTP/1.1
2024-12-10 13:22:59,271 INFO c.a.WebServer [pool-2-thread-1] Host: localhost:8051
2024-12-10 13:22:59,271 INFO c.a.WebServer [pool-2-thread-1] Connection: keep-alive
2024-12-10 13:22:59,271 INFO c.a.WebServer [pool-2-thread-1] sec-ch-ua-platform: "Windows"
2024-12-10 13:22:59,271 INFO c.a.WebServer [pool-2-thread-1] User-Agent: Mozilla/5.0 (Windows NT 10.0; Win64; x64) AppleWebKit/537.36 (KHTML, like Gecko) Chrome/131.0.0.0 Safari/537.36
2024-12-10 13:22:59,271 INFO c.a.WebServer [pool-2-thread-1] sec-ch-ua: "Google Chrome";v="131", "Chromium";v="131", "Not_A Brand";v="24"
2024-12-10 13:22:59,271 INFO c.a.WebServer [pool-2-thread-1] sec-ch-ua-mobile: ?0
2024-12-10 13:22:59,271 INFO c.a.WebServer [pool-2-thread-1] Accept: image/avif,image/webp,image/apng,image/svg+xml,image/*,*/*;q=0.8
2024-12-10 13:22:59,271 INFO c.a.WebServer [pool-2-thread-1] Sec-Fetch-Site: same-origin
2024-12-10 13:22:59,271 INFO c.a.WebServer [pool-2-thread-1] Sec-Fetch-Mode: no-cors
2024-12-10 13:22:59,271 INFO c.a.WebServer [pool-2-thread-1] Sec-Fetch-Dest: image
2024-12-10 13:22:59,271 INFO c.a.WebServer [pool-2-thread-1] Referer: http://localhost:8051/50
2024-12-10 13:22:59,271 INFO c.a.WebServer [pool-2-thread-1] Accept-Encoding: gzip, deflate, br, zstd
2024-12-10 13:22:59,271 INFO c.a.WebServer [pool-2-thread-1] Accept-Language: en-GB,en-US;q=0.9,en;q=0.8,tr;q=0.7
2024-12-10 13:22:59,278 INFO c.a.WebServer [pool-2-thread-1] Cookie: Idea-aafc98fb=658b0d5c-2bf3-4a86-9c32-a7b8839e4505; _ga=GA1.1.1641718334.1720546053; Webstorm-5dc34942=29b731fc-1c15-4de7-b819-1af49ebd48dc; Webstorm-5dc34943=a980352b-1e53-4f3a-8ec2-639d92bd913b; _ga_PQEYN9C3X3=GS1.1.1727763152.23.1.1727770904.0.0.0; userToken=4gwm3ynf98ttkn231id7e8; Webstorm-5dc34944=0e506670-c0d9-47ef-8e10-338374c3ae0e
2024-12-10 13:22:59,278 ERROR c.a.WebServer [pool-2-thread-1] Requested file size format is invalid.
2024-12-10 13:22:59,279 ERROR c.a.WebServer [pool-2-thread-1] Failed to send the response on port 59936
2024-12-10 13:22:59,279 ERROR c.a.WebServer [pool-2-thread-1] For input string: "favicon.ico"
2024-12-10 13:22:59,279 INFO c.a.WebServer [pool-2-thread-1] Connection closed
2024-12-10 13:23:02,559 INFO c.a.WebServer [pool-2-thread-1] 1 connection(s) active

2024-12-10 13:23:02,559 INFO c.a.WebServer [pool-2-thread-1] GET /500 HTTP/1.1
2024-12-10 13:23:02,561 INFO c.a.WebServer [pool-2-thread-1] Host: localhost:8051
2024-12-10 13:23:02,561 INFO c.a.WebServer [pool-2-thread-1] Connection: keep-alive
2024-12-10 13:23:02,561 INFO c.a.WebServer [pool-2-thread-1] sec-ch-ua: "Google Chrome";v="131", "Chromium";v="131", "Not_A Brand";v="24"
2024-12-10 13:23:02,561 INFO c.a.WebServer [pool-2-thread-1] sec-ch-ua-mobile: ?0
2024-12-10 13:23:02,561 INFO c.a.WebServer [pool-2-thread-1] sec-ch-ua-platform: "Windows"
2024-12-10 13:23:02,561 INFO c.a.WebServer [pool-2-thread-1] Upgrade-Insecure-Requests: 1
2024-12-10 13:23:02,561 INFO c.a.WebServer [pool-2-thread-1] User-Agent: Mozilla/5.0 (Windows NT 10.0; Win64; x64) AppleWebKit/537.36 (KHTML, like Gecko) Chrome/131.0.0.0 Safari/537.36
2024-12-10 13:23:02,561 INFO c.a.WebServer [pool-2-thread-1] Sec-Purpose: prefetch;prerender
2024-12-10 13:23:02,561 INFO c.a.WebServer [pool-2-thread-1] Purpose: prefetch
2024-12-10 13:23:02,561 INFO c.a.WebServer [pool-2-thread-1] Accept: text/html,application/xhtml+xml,application/xml;q=0.9,image/avif,image/webp,image/apng,*/*;q=0.8,application/signed-exchange;v=b3;q=0.7
2024-12-10 13:23:02,561 INFO c.a.WebServer [pool-2-thread-1] Sec-Fetch-Site: none
2024-12-10 13:23:02,561 INFO c.a.WebServer [pool-2-thread-1] Sec-Fetch-Mode: navigate
2024-12-10 13:23:02,561 INFO c.a.WebServer [pool-2-thread-1] Sec-Fetch-User: ?1
2024-12-10 13:23:02,561 INFO c.a.WebServer [pool-2-thread-1] Sec-Fetch-Dest: document
2024-12-10 13:23:02,561 INFO c.a.WebServer [pool-2-thread-1] Accept-Encoding: gzip, deflate, br, zstd
2024-12-10 13:23:02,561 INFO c.a.WebServer [pool-2-thread-1] Accept-Language: en-GB,en-US;q=0.9,en;q=0.8,tr;q=0.7
2024-12-10 13:23:02,561 INFO c.a.WebServer [pool-2-thread-1] Cookie: Idea-aafc98fb=658b0d5c-2bf3-4a86-9c32-a7b8839e4505; _ga=GA1.1.1641718334.1720546053; Webstorm-5dc34942=29b731fc-1c15-4de7-b819-1af49ebd48dc; Webstorm-5dc34943=a980352b-1e53-4f3a-8ec2-639d92bd913b; _ga_PQEYN9C3X3=GS1.1.1727763152.23.1.1727770904.0.0.0; userToken=4gwm3ynf98ttkn231id7e8; Webstorm-5dc34944=0e506670-c0d9-47ef-8e10-338374c3ae0e
2024-12-10 13:23:02,567 INFO c.a.WebServer [pool-2-thread-1] Sent response: HTTP/1.1 200 OK with Content-Length: 494
2024-12-10 13:23:02,567 INFO c.a.WebServer [pool-2-thread-1] Connection closed
2024-12-10 13:23:03,541 INFO c.a.WebServer [pool-2-thread-1] 1 connection(s) active

2024-12-10 13:23:03,541 INFO c.a.WebServer [pool-2-thread-1] GET /50000 HTTP/1.1
2024-12-10 13:23:03,541 INFO c.a.WebServer [pool-2-thread-1] Host: localhost:8051
2024-12-10 13:23:03,541 INFO c.a.WebServer [pool-2-thread-1] Connection: keep-alive
2024-12-10 13:23:03,541 INFO c.a.WebServer [pool-2-thread-1] sec-ch-ua: "Google Chrome";v="131", "Chromium";v="131", "Not_A Brand";v="24"
2024-12-10 13:23:03,541 INFO c.a.WebServer [pool-2-thread-1] sec-ch-ua-mobile: ?0
2024-12-10 13:23:03,541 INFO c.a.WebServer [pool-2-thread-1] sec-ch-ua-platform: "Windows"
2024-12-10 13:23:03,541 INFO c.a.WebServer [pool-2-thread-1] Upgrade-Insecure-Requests: 1
2024-12-10 13:23:03,541 INFO c.a.WebServer [pool-2-thread-1] User-Agent: Mozilla/5.0 (Windows NT 10.0; Win64; x64) AppleWebKit/537.36 (KHTML, like Gecko) Chrome/131.0.0.0 Safari/537.36
2024-12-10 13:23:03,541 INFO c.a.WebServer [pool-2-thread-1] Accept: text/html,application/xhtml+xml,application/xml;q=0.9,image/avif,image/webp,image/apng,*/*;q=0.8,application/signed-exchange;v=b3;q=0.7
2024-12-10 13:23:03,541 INFO c.a.WebServer [pool-2-thread-1] Sec-Fetch-Site: none
2024-12-10 13:23:03,541 INFO c.a.WebServer [pool-2-thread-1] Sec-Fetch-Mode: navigate
2024-12-10 13:23:03,544 INFO c.a.WebServer [pool-2-thread-1] Sec-Fetch-User: ?1
2024-12-10 13:23:03,544 INFO c.a.WebServer [pool-2-thread-1] Sec-Fetch-Dest: document
2024-12-10 13:23:03,544 INFO c.a.WebServer [pool-2-thread-1] Accept-Encoding: gzip, deflate, br, zstd
2024-12-10 13:23:03,544 INFO c.a.WebServer [pool-2-thread-1] Accept-Language: en-GB,en-US;q=0.9,en;q=0.8,tr;q=0.7
2024-12-10 13:23:03,544 INFO c.a.WebServer [pool-2-thread-1] Cookie: Idea-aafc98fb=658b0d5c-2bf3-4a86-9c32-a7b8839e4505; _ga=GA1.1.1641718334.1720546053; Webstorm-5dc34942=29b731fc-1c15-4de7-b819-1af49ebd48dc; Webstorm-5dc34943=a980352b-1e53-4f3a-8ec2-639d92bd913b; _ga_PQEYN9C3X3=GS1.1.1727763152.23.1.1727770904.0.0.0; userToken=4gwm3ynf98ttkn231id7e8; Webstorm-5dc34944=0e506670-c0d9-47ef-8e10-338374c3ae0e
2024-12-10 13:23:03,544 INFO c.a.WebServer [pool-2-thread-2] 2 connection(s) active

2024-12-10 13:23:03,544 ERROR c.a.WebServer [pool-2-thread-1] Requested file size is too large.
2024-12-10 13:23:03,544 ERROR c.a.WebServer [pool-2-thread-1] Failed to send the response on port 59940
2024-12-10 13:23:03,544 ERROR c.a.WebServer [pool-2-thread-1] Value out of range. Value:"50000" Radix:10
2024-12-10 13:23:03,544 INFO c.a.WebServer [pool-2-thread-1] Connection closed
2024-12-10 13:23:04,584 INFO c.a.WebServer [pool-2-thread-2] GET /50000 HTTP/1.1
2024-12-10 13:23:04,584 INFO c.a.WebServer [pool-2-thread-2] Host: localhost:8051
2024-12-10 13:23:04,584 INFO c.a.WebServer [pool-2-thread-2] Connection: keep-alive
2024-12-10 13:23:04,584 INFO c.a.WebServer [pool-2-thread-1] 2 connection(s) active

2024-12-10 13:23:04,584 INFO c.a.WebServer [pool-2-thread-2] Cache-Control: max-age=0
2024-12-10 13:23:04,584 INFO c.a.WebServer [pool-2-thread-2] sec-ch-ua: "Google Chrome";v="131", "Chromium";v="131", "Not_A Brand";v="24"
2024-12-10 13:23:04,584 INFO c.a.WebServer [pool-2-thread-2] sec-ch-ua-mobile: ?0
2024-12-10 13:23:04,584 INFO c.a.WebServer [pool-2-thread-2] sec-ch-ua-platform: "Windows"
2024-12-10 13:23:04,584 INFO c.a.WebServer [pool-2-thread-2] Upgrade-Insecure-Requests: 1
2024-12-10 13:23:04,584 INFO c.a.WebServer [pool-2-thread-2] User-Agent: Mozilla/5.0 (Windows NT 10.0; Win64; x64) AppleWebKit/537.36 (KHTML, like Gecko) Chrome/131.0.0.0 Safari/537.36
2024-12-10 13:23:04,584 INFO c.a.WebServer [pool-2-thread-2] Accept: text/html,application/xhtml+xml,application/xml;q=0.9,image/avif,image/webp,image/apng,*/*;q=0.8,application/signed-exchange;v=b3;q=0.7
2024-12-10 13:23:04,584 INFO c.a.WebServer [pool-2-thread-2] Sec-Fetch-Site: none
2024-12-10 13:23:04,584 INFO c.a.WebServer [pool-2-thread-2] Sec-Fetch-Mode: navigate
2024-12-10 13:23:04,584 INFO c.a.WebServer [pool-2-thread-2] Sec-Fetch-User: ?1
2024-12-10 13:23:04,584 INFO c.a.WebServer [pool-2-thread-2] Sec-Fetch-Dest: document
2024-12-10 13:23:04,584 INFO c.a.WebServer [pool-2-thread-2] Accept-Encoding: gzip, deflate, br, zstd
2024-12-10 13:23:04,596 INFO c.a.WebServer [pool-2-thread-2] Accept-Language: en-GB,en-US;q=0.9,en;q=0.8,tr;q=0.7
2024-12-10 13:23:04,596 INFO c.a.WebServer [pool-2-thread-2] Cookie: Idea-aafc98fb=658b0d5c-2bf3-4a86-9c32-a7b8839e4505; _ga=GA1.1.1641718334.1720546053; Webstorm-5dc34942=29b731fc-1c15-4de7-b819-1af49ebd48dc; Webstorm-5dc34943=a980352b-1e53-4f3a-8ec2-639d92bd913b; _ga_PQEYN9C3X3=GS1.1.1727763152.23.1.1727770904.0.0.0; userToken=4gwm3ynf98ttkn231id7e8; Webstorm-5dc34944=0e506670-c0d9-47ef-8e10-338374c3ae0e
2024-12-10 13:23:04,596 ERROR c.a.WebServer [pool-2-thread-2] Requested file size is too large.
2024-12-10 13:23:04,596 ERROR c.a.WebServer [pool-2-thread-2] Failed to send the response on port 59941
2024-12-10 13:23:04,596 ERROR c.a.WebServer [pool-2-thread-2] Value out of range. Value:"50000" Radix:10
2024-12-10 13:23:04,596 INFO c.a.WebServer [pool-2-thread-2] Connection closed
2024-12-10 13:23:04,596 INFO c.a.WebServer [pool-2-thread-1] GET /50000 HTTP/1.1
2024-12-10 13:23:04,596 INFO c.a.WebServer [pool-2-thread-1] Host: localhost:8051
2024-12-10 13:23:04,596 INFO c.a.WebServer [pool-2-thread-1] Connection: keep-alive
2024-12-10 13:23:04,596 INFO c.a.WebServer [pool-2-thread-1] Cache-Control: max-age=0
2024-12-10 13:23:04,596 INFO c.a.WebServer [pool-2-thread-1] sec-ch-ua: "Google Chrome";v="131", "Chromium";v="131", "Not_A Brand";v="24"
2024-12-10 13:23:04,596 INFO c.a.WebServer [pool-2-thread-1] sec-ch-ua-mobile: ?0
2024-12-10 13:23:04,596 INFO c.a.WebServer [pool-2-thread-1] sec-ch-ua-platform: "Windows"
2024-12-10 13:23:04,596 INFO c.a.WebServer [pool-2-thread-1] Upgrade-Insecure-Requests: 1
2024-12-10 13:23:04,596 INFO c.a.WebServer [pool-2-thread-1] User-Agent: Mozilla/5.0 (Windows NT 10.0; Win64; x64) AppleWebKit/537.36 (KHTML, like Gecko) Chrome/131.0.0.0 Safari/537.36
2024-12-10 13:23:04,596 INFO c.a.WebServer [pool-2-thread-1] Accept: text/html,application/xhtml+xml,application/xml;q=0.9,image/avif,image/webp,image/apng,*/*;q=0.8,application/signed-exchange;v=b3;q=0.7
2024-12-10 13:23:04,596 INFO c.a.WebServer [pool-2-thread-1] Sec-Fetch-Site: none
2024-12-10 13:23:04,596 INFO c.a.WebServer [pool-2-thread-1] Sec-Fetch-Mode: navigate
2024-12-10 13:23:04,596 INFO c.a.WebServer [pool-2-thread-1] Sec-Fetch-User: ?1
2024-12-10 13:23:04,596 INFO c.a.WebServer [pool-2-thread-1] Sec-Fetch-Dest: document
2024-12-10 13:23:04,602 INFO c.a.WebServer [pool-2-thread-1] Accept-Encoding: gzip, deflate, br, zstd
2024-12-10 13:23:04,603 INFO c.a.WebServer [pool-2-thread-1] Accept-Language: en-GB,en-US;q=0.9,en;q=0.8,tr;q=0.7
2024-12-10 13:23:04,603 INFO c.a.WebServer [pool-2-thread-1] Cookie: Idea-aafc98fb=658b0d5c-2bf3-4a86-9c32-a7b8839e4505; _ga=GA1.1.1641718334.1720546053; Webstorm-5dc34942=29b731fc-1c15-4de7-b819-1af49ebd48dc; Webstorm-5dc34943=a980352b-1e53-4f3a-8ec2-639d92bd913b; _ga_PQEYN9C3X3=GS1.1.1727763152.23.1.1727770904.0.0.0; userToken=4gwm3ynf98ttkn231id7e8; Webstorm-5dc34944=0e506670-c0d9-47ef-8e10-338374c3ae0e
2024-12-10 13:23:04,603 ERROR c.a.WebServer [pool-2-thread-1] Requested file size is too large.
2024-12-10 13:23:04,603 ERROR c.a.WebServer [pool-2-thread-1] Failed to send the response on port 59942
2024-12-10 13:23:04,603 ERROR c.a.WebServer [pool-2-thread-1] Value out of range. Value:"50000" Radix:10
2024-12-10 13:23:04,603 INFO c.a.WebServer [pool-2-thread-1] Connection closed
2024-12-10 13:23:04,604 INFO c.a.WebServer [pool-2-thread-1] 1 connection(s) active

2024-12-10 13:23:04,604 INFO c.a.WebServer [pool-2-thread-1] GET /50000 HTTP/1.1
2024-12-10 13:23:04,604 INFO c.a.WebServer [pool-2-thread-1] Host: localhost:8051
2024-12-10 13:23:04,604 INFO c.a.WebServer [pool-2-thread-1] Connection: keep-alive
2024-12-10 13:23:04,604 INFO c.a.WebServer [pool-2-thread-1] Cache-Control: max-age=0
2024-12-10 13:23:04,604 INFO c.a.WebServer [pool-2-thread-1] sec-ch-ua: "Google Chrome";v="131", "Chromium";v="131", "Not_A Brand";v="24"
2024-12-10 13:23:04,604 INFO c.a.WebServer [pool-2-thread-1] sec-ch-ua-mobile: ?0
2024-12-10 13:23:04,604 INFO c.a.WebServer [pool-2-thread-1] sec-ch-ua-platform: "Windows"
2024-12-10 13:23:04,604 INFO c.a.WebServer [pool-2-thread-1] Upgrade-Insecure-Requests: 1
2024-12-10 13:23:04,604 INFO c.a.WebServer [pool-2-thread-1] User-Agent: Mozilla/5.0 (Windows NT 10.0; Win64; x64) AppleWebKit/537.36 (KHTML, like Gecko) Chrome/131.0.0.0 Safari/537.36
2024-12-10 13:23:04,604 INFO c.a.WebServer [pool-2-thread-1] Accept: text/html,application/xhtml+xml,application/xml;q=0.9,image/avif,image/webp,image/apng,*/*;q=0.8,application/signed-exchange;v=b3;q=0.7
2024-12-10 13:23:04,604 INFO c.a.WebServer [pool-2-thread-1] Sec-Fetch-Site: none
2024-12-10 13:23:04,604 INFO c.a.WebServer [pool-2-thread-1] Sec-Fetch-Mode: navigate
2024-12-10 13:23:04,604 INFO c.a.WebServer [pool-2-thread-1] Sec-Fetch-User: ?1
2024-12-10 13:23:04,604 INFO c.a.WebServer [pool-2-thread-1] Sec-Fetch-Dest: document
2024-12-10 13:23:04,604 INFO c.a.WebServer [pool-2-thread-1] Accept-Encoding: gzip, deflate, br, zstd
2024-12-10 13:23:04,604 INFO c.a.WebServer [pool-2-thread-1] Accept-Language: en-GB,en-US;q=0.9,en;q=0.8,tr;q=0.7
2024-12-10 13:23:04,604 INFO c.a.WebServer [pool-2-thread-1] Cookie: Idea-aafc98fb=658b0d5c-2bf3-4a86-9c32-a7b8839e4505; _ga=GA1.1.1641718334.1720546053; Webstorm-5dc34942=29b731fc-1c15-4de7-b819-1af49ebd48dc; Webstorm-5dc34943=a980352b-1e53-4f3a-8ec2-639d92bd913b; _ga_PQEYN9C3X3=GS1.1.1727763152.23.1.1727770904.0.0.0; userToken=4gwm3ynf98ttkn231id7e8; Webstorm-5dc34944=0e506670-c0d9-47ef-8e10-338374c3ae0e
2024-12-10 13:23:04,604 ERROR c.a.WebServer [pool-2-thread-1] Requested file size is too large.
2024-12-10 13:23:04,604 ERROR c.a.WebServer [pool-2-thread-1] Failed to send the response on port 59943
2024-12-10 13:23:04,604 ERROR c.a.WebServer [pool-2-thread-1] Value out of range. Value:"50000" Radix:10
2024-12-10 13:23:04,604 INFO c.a.WebServer [pool-2-thread-1] Connection closed
2024-12-10 13:23:09,636 INFO c.a.WebServer [pool-2-thread-2] 2 connection(s) active

2024-12-10 13:23:09,636 INFO c.a.WebServer [pool-2-thread-1] 1 connection(s) active

2024-12-10 13:23:09,636 INFO c.a.WebServer [pool-2-thread-1] GET /50000 HTTP/1.1
2024-12-10 13:23:09,636 INFO c.a.WebServer [pool-2-thread-1] Host: localhost:8051
2024-12-10 13:23:09,636 INFO c.a.WebServer [pool-2-thread-1] Connection: keep-alive
2024-12-10 13:23:09,641 INFO c.a.WebServer [pool-2-thread-1] Cache-Control: max-age=0
2024-12-10 13:23:09,641 INFO c.a.WebServer [pool-2-thread-1] sec-ch-ua: "Google Chrome";v="131", "Chromium";v="131", "Not_A Brand";v="24"
2024-12-10 13:23:09,641 INFO c.a.WebServer [pool-2-thread-1] sec-ch-ua-mobile: ?0
2024-12-10 13:23:09,643 INFO c.a.WebServer [pool-2-thread-1] sec-ch-ua-platform: "Windows"
2024-12-10 13:23:09,643 INFO c.a.WebServer [pool-2-thread-1] Upgrade-Insecure-Requests: 1
2024-12-10 13:23:09,643 INFO c.a.WebServer [pool-2-thread-1] User-Agent: Mozilla/5.0 (Windows NT 10.0; Win64; x64) AppleWebKit/537.36 (KHTML, like Gecko) Chrome/131.0.0.0 Safari/537.36
2024-12-10 13:23:09,643 INFO c.a.WebServer [pool-2-thread-1] Accept: text/html,application/xhtml+xml,application/xml;q=0.9,image/avif,image/webp,image/apng,*/*;q=0.8,application/signed-exchange;v=b3;q=0.7
2024-12-10 13:23:09,644 INFO c.a.WebServer [pool-2-thread-1] Sec-Fetch-Site: none
2024-12-10 13:23:09,645 INFO c.a.WebServer [pool-2-thread-1] Sec-Fetch-Mode: navigate
2024-12-10 13:23:09,645 INFO c.a.WebServer [pool-2-thread-1] Sec-Fetch-User: ?1
2024-12-10 13:23:09,645 INFO c.a.WebServer [pool-2-thread-1] Sec-Fetch-Dest: document
2024-12-10 13:23:09,646 INFO c.a.WebServer [pool-2-thread-1] Accept-Encoding: gzip, deflate, br, zstd
2024-12-10 13:23:09,646 INFO c.a.WebServer [pool-2-thread-1] Accept-Language: en-GB,en-US;q=0.9,en;q=0.8,tr;q=0.7
2024-12-10 13:23:09,646 INFO c.a.WebServer [pool-2-thread-1] Cookie: Idea-aafc98fb=658b0d5c-2bf3-4a86-9c32-a7b8839e4505; _ga=GA1.1.1641718334.1720546053; Webstorm-5dc34942=29b731fc-1c15-4de7-b819-1af49ebd48dc; Webstorm-5dc34943=a980352b-1e53-4f3a-8ec2-639d92bd913b; _ga_PQEYN9C3X3=GS1.1.1727763152.23.1.1727770904.0.0.0; userToken=4gwm3ynf98ttkn231id7e8; Webstorm-5dc34944=0e506670-c0d9-47ef-8e10-338374c3ae0e
2024-12-10 13:23:09,646 ERROR c.a.WebServer [pool-2-thread-1] Requested file size is too large.
2024-12-10 13:23:09,650 ERROR c.a.WebServer [pool-2-thread-1] Failed to send the response on port 59946
2024-12-10 13:23:09,653 ERROR c.a.WebServer [pool-2-thread-1] Value out of range. Value:"50000" Radix:10
2024-12-10 13:23:09,653 INFO c.a.WebServer [pool-2-thread-1] Connection closed
2024-12-10 13:23:39,708 INFO c.a.WebServer [pool-2-thread-1] 2 connection(s) active

2024-12-10 13:23:39,708 INFO c.a.WebServer [pool-2-thread-2] GET /50000 HTTP/1.1
2024-12-10 13:23:39,711 INFO c.a.WebServer [pool-2-thread-2] Host: localhost:8051
2024-12-10 13:23:39,712 INFO c.a.WebServer [pool-2-thread-2] Connection: keep-alive
2024-12-10 13:23:39,712 INFO c.a.WebServer [pool-2-thread-2] Cache-Control: max-age=0
2024-12-10 13:23:39,713 INFO c.a.WebServer [pool-2-thread-2] sec-ch-ua: "Google Chrome";v="131", "Chromium";v="131", "Not_A Brand";v="24"
2024-12-10 13:23:39,714 INFO c.a.WebServer [pool-2-thread-2] sec-ch-ua-mobile: ?0
2024-12-10 13:23:39,715 INFO c.a.WebServer [pool-2-thread-2] sec-ch-ua-platform: "Windows"
2024-12-10 13:23:39,715 INFO c.a.WebServer [pool-2-thread-2] Upgrade-Insecure-Requests: 1
2024-12-10 13:23:39,716 INFO c.a.WebServer [pool-2-thread-2] User-Agent: Mozilla/5.0 (Windows NT 10.0; Win64; x64) AppleWebKit/537.36 (KHTML, like Gecko) Chrome/131.0.0.0 Safari/537.36
2024-12-10 13:23:39,716 INFO c.a.WebServer [pool-2-thread-2] Accept: text/html,application/xhtml+xml,application/xml;q=0.9,image/avif,image/webp,image/apng,*/*;q=0.8,application/signed-exchange;v=b3;q=0.7
2024-12-10 13:23:39,717 INFO c.a.WebServer [pool-2-thread-2] Sec-Fetch-Site: none
2024-12-10 13:23:39,718 INFO c.a.WebServer [pool-2-thread-2] Sec-Fetch-Mode: navigate
2024-12-10 13:23:39,718 INFO c.a.WebServer [pool-2-thread-2] Sec-Fetch-User: ?1
2024-12-10 13:23:39,719 INFO c.a.WebServer [pool-2-thread-2] Sec-Fetch-Dest: document
2024-12-10 13:23:39,720 INFO c.a.WebServer [pool-2-thread-2] Accept-Encoding: gzip, deflate, br, zstd
2024-12-10 13:23:39,720 INFO c.a.WebServer [pool-2-thread-2] Accept-Language: en-GB,en-US;q=0.9,en;q=0.8,tr;q=0.7
2024-12-10 13:23:39,721 INFO c.a.WebServer [pool-2-thread-2] Cookie: Idea-aafc98fb=658b0d5c-2bf3-4a86-9c32-a7b8839e4505; _ga=GA1.1.1641718334.1720546053; Webstorm-5dc34942=29b731fc-1c15-4de7-b819-1af49ebd48dc; Webstorm-5dc34943=a980352b-1e53-4f3a-8ec2-639d92bd913b; _ga_PQEYN9C3X3=GS1.1.1727763152.23.1.1727770904.0.0.0; userToken=4gwm3ynf98ttkn231id7e8; Webstorm-5dc34944=0e506670-c0d9-47ef-8e10-338374c3ae0e
2024-12-10 13:23:39,722 ERROR c.a.WebServer [pool-2-thread-2] Requested file size is too large.
2024-12-10 13:23:39,722 ERROR c.a.WebServer [pool-2-thread-2] Failed to send the response on port 59947
2024-12-10 13:23:39,723 ERROR c.a.WebServer [pool-2-thread-2] Value out of range. Value:"50000" Radix:10
2024-12-10 13:23:39,724 INFO c.a.WebServer [pool-2-thread-2] Connection closed
2024-12-10 13:23:39,726 INFO c.a.WebServer [pool-2-thread-1] GET /50000 HTTP/1.1
2024-12-10 13:23:39,727 INFO c.a.WebServer [pool-2-thread-1] Host: localhost:8051
2024-12-10 13:23:39,727 INFO c.a.WebServer [pool-2-thread-1] Connection: keep-alive
2024-12-10 13:23:39,728 INFO c.a.WebServer [pool-2-thread-1] Cache-Control: max-age=0
2024-12-10 13:23:39,730 INFO c.a.WebServer [pool-2-thread-1] sec-ch-ua: "Google Chrome";v="131", "Chromium";v="131", "Not_A Brand";v="24"
2024-12-10 13:23:39,731 INFO c.a.WebServer [pool-2-thread-1] sec-ch-ua-mobile: ?0
2024-12-10 13:23:39,732 INFO c.a.WebServer [pool-2-thread-1] sec-ch-ua-platform: "Windows"
2024-12-10 13:23:39,733 INFO c.a.WebServer [pool-2-thread-1] Upgrade-Insecure-Requests: 1
2024-12-10 13:23:39,734 INFO c.a.WebServer [pool-2-thread-1] User-Agent: Mozilla/5.0 (Windows NT 10.0; Win64; x64) AppleWebKit/537.36 (KHTML, like Gecko) Chrome/131.0.0.0 Safari/537.36
2024-12-10 13:23:39,735 INFO c.a.WebServer [pool-2-thread-1] Accept: text/html,application/xhtml+xml,application/xml;q=0.9,image/avif,image/webp,image/apng,*/*;q=0.8,application/signed-exchange;v=b3;q=0.7
2024-12-10 13:23:39,736 INFO c.a.WebServer [pool-2-thread-1] Sec-Fetch-Site: none
2024-12-10 13:23:39,736 INFO c.a.WebServer [pool-2-thread-1] Sec-Fetch-Mode: navigate
2024-12-10 13:23:39,737 INFO c.a.WebServer [pool-2-thread-1] Sec-Fetch-User: ?1
2024-12-10 13:23:39,738 INFO c.a.WebServer [pool-2-thread-1] Sec-Fetch-Dest: document
2024-12-10 13:23:39,739 INFO c.a.WebServer [pool-2-thread-1] Accept-Encoding: gzip, deflate, br, zstd
2024-12-10 13:23:39,740 INFO c.a.WebServer [pool-2-thread-1] Accept-Language: en-GB,en-US;q=0.9,en;q=0.8,tr;q=0.7
2024-12-10 13:23:39,741 INFO c.a.WebServer [pool-2-thread-1] Cookie: Idea-aafc98fb=658b0d5c-2bf3-4a86-9c32-a7b8839e4505; _ga=GA1.1.1641718334.1720546053; Webstorm-5dc34942=29b731fc-1c15-4de7-b819-1af49ebd48dc; Webstorm-5dc34943=a980352b-1e53-4f3a-8ec2-639d92bd913b; _ga_PQEYN9C3X3=GS1.1.1727763152.23.1.1727770904.0.0.0; userToken=4gwm3ynf98ttkn231id7e8; Webstorm-5dc34944=0e506670-c0d9-47ef-8e10-338374c3ae0e
2024-12-10 13:23:39,742 ERROR c.a.WebServer [pool-2-thread-1] Requested file size is too large.
2024-12-10 13:23:39,743 ERROR c.a.WebServer [pool-2-thread-1] Failed to send the response on port 59964
2024-12-10 13:23:39,744 ERROR c.a.WebServer [pool-2-thread-1] Value out of range. Value:"50000" Radix:10
2024-12-10 13:23:39,745 INFO c.a.WebServer [pool-2-thread-1] Connection closed
2024-12-10 13:23:39,747 INFO c.a.WebServer [pool-2-thread-1] 1 connection(s) active

2024-12-10 13:23:39,748 INFO c.a.WebServer [pool-2-thread-1] GET /50000 HTTP/1.1
2024-12-10 13:23:39,749 INFO c.a.WebServer [pool-2-thread-1] Host: localhost:8051
2024-12-10 13:23:39,749 INFO c.a.WebServer [pool-2-thread-1] Connection: keep-alive
2024-12-10 13:23:39,750 INFO c.a.WebServer [pool-2-thread-1] Cache-Control: max-age=0
2024-12-10 13:23:39,751 INFO c.a.WebServer [pool-2-thread-1] sec-ch-ua: "Google Chrome";v="131", "Chromium";v="131", "Not_A Brand";v="24"
2024-12-10 13:23:39,751 INFO c.a.WebServer [pool-2-thread-1] sec-ch-ua-mobile: ?0
2024-12-10 13:23:39,752 INFO c.a.WebServer [pool-2-thread-1] sec-ch-ua-platform: "Windows"
2024-12-10 13:23:39,753 INFO c.a.WebServer [pool-2-thread-1] Upgrade-Insecure-Requests: 1
2024-12-10 13:23:39,753 INFO c.a.WebServer [pool-2-thread-1] User-Agent: Mozilla/5.0 (Windows NT 10.0; Win64; x64) AppleWebKit/537.36 (KHTML, like Gecko) Chrome/131.0.0.0 Safari/537.36
2024-12-10 13:23:39,754 INFO c.a.WebServer [pool-2-thread-1] Accept: text/html,application/xhtml+xml,application/xml;q=0.9,image/avif,image/webp,image/apng,*/*;q=0.8,application/signed-exchange;v=b3;q=0.7
2024-12-10 13:23:39,755 INFO c.a.WebServer [pool-2-thread-1] Sec-Fetch-Site: none
2024-12-10 13:23:39,755 INFO c.a.WebServer [pool-2-thread-1] Sec-Fetch-Mode: navigate
2024-12-10 13:23:39,756 INFO c.a.WebServer [pool-2-thread-1] Sec-Fetch-User: ?1
2024-12-10 13:23:39,756 INFO c.a.WebServer [pool-2-thread-1] Sec-Fetch-Dest: document
2024-12-10 13:23:39,757 INFO c.a.WebServer [pool-2-thread-1] Accept-Encoding: gzip, deflate, br, zstd
2024-12-10 13:23:39,758 INFO c.a.WebServer [pool-2-thread-1] Accept-Language: en-GB,en-US;q=0.9,en;q=0.8,tr;q=0.7
2024-12-10 13:23:39,758 INFO c.a.WebServer [pool-2-thread-1] Cookie: Idea-aafc98fb=658b0d5c-2bf3-4a86-9c32-a7b8839e4505; _ga=GA1.1.1641718334.1720546053; Webstorm-5dc34942=29b731fc-1c15-4de7-b819-1af49ebd48dc; Webstorm-5dc34943=a980352b-1e53-4f3a-8ec2-639d92bd913b; _ga_PQEYN9C3X3=GS1.1.1727763152.23.1.1727770904.0.0.0; userToken=4gwm3ynf98ttkn231id7e8; Webstorm-5dc34944=0e506670-c0d9-47ef-8e10-338374c3ae0e
2024-12-10 13:23:39,759 ERROR c.a.WebServer [pool-2-thread-1] Requested file size is too large.
2024-12-10 13:23:39,760 ERROR c.a.WebServer [pool-2-thread-1] Failed to send the response on port 59965
2024-12-10 13:23:39,761 ERROR c.a.WebServer [pool-2-thread-1] Value out of range. Value:"50000" Radix:10
2024-12-10 13:23:39,762 INFO c.a.WebServer [pool-2-thread-1] Connection closed
2024-12-10 13:24:39,891 INFO c.a.WebServer [pool-2-thread-3] 2 connection(s) active

2024-12-10 13:24:39,902 INFO c.a.WebServer [pool-2-thread-4] 2 connection(s) active

2024-12-10 13:24:39,903 INFO c.a.WebServer [pool-2-thread-4] GET /50000 HTTP/1.1
2024-12-10 13:24:39,904 INFO c.a.WebServer [pool-2-thread-4] Host: localhost:8051
2024-12-10 13:24:39,904 INFO c.a.WebServer [pool-2-thread-4] Connection: keep-alive
2024-12-10 13:24:39,904 INFO c.a.WebServer [pool-2-thread-4] Cache-Control: max-age=0
2024-12-10 13:24:39,904 INFO c.a.WebServer [pool-2-thread-4] sec-ch-ua: "Google Chrome";v="131", "Chromium";v="131", "Not_A Brand";v="24"
2024-12-10 13:24:39,904 INFO c.a.WebServer [pool-2-thread-4] sec-ch-ua-mobile: ?0
2024-12-10 13:24:39,905 INFO c.a.WebServer [pool-2-thread-4] sec-ch-ua-platform: "Windows"
2024-12-10 13:24:39,905 INFO c.a.WebServer [pool-2-thread-4] Upgrade-Insecure-Requests: 1
2024-12-10 13:24:39,905 INFO c.a.WebServer [pool-2-thread-4] User-Agent: Mozilla/5.0 (Windows NT 10.0; Win64; x64) AppleWebKit/537.36 (KHTML, like Gecko) Chrome/131.0.0.0 Safari/537.36
2024-12-10 13:24:39,906 INFO c.a.WebServer [pool-2-thread-4] Accept: text/html,application/xhtml+xml,application/xml;q=0.9,image/avif,image/webp,image/apng,*/*;q=0.8,application/signed-exchange;v=b3;q=0.7
2024-12-10 13:24:39,906 INFO c.a.WebServer [pool-2-thread-4] Sec-Fetch-Site: none
2024-12-10 13:24:39,906 INFO c.a.WebServer [pool-2-thread-4] Sec-Fetch-Mode: navigate
2024-12-10 13:24:39,906 INFO c.a.WebServer [pool-2-thread-4] Sec-Fetch-User: ?1
2024-12-10 13:24:39,906 INFO c.a.WebServer [pool-2-thread-4] Sec-Fetch-Dest: document
2024-12-10 13:24:39,907 INFO c.a.WebServer [pool-2-thread-4] Accept-Encoding: gzip, deflate, br, zstd
2024-12-10 13:24:39,907 INFO c.a.WebServer [pool-2-thread-4] Accept-Language: en-GB,en-US;q=0.9,en;q=0.8,tr;q=0.7
2024-12-10 13:24:39,907 INFO c.a.WebServer [pool-2-thread-4] Cookie: Idea-aafc98fb=658b0d5c-2bf3-4a86-9c32-a7b8839e4505; _ga=GA1.1.1641718334.1720546053; Webstorm-5dc34942=29b731fc-1c15-4de7-b819-1af49ebd48dc; Webstorm-5dc34943=a980352b-1e53-4f3a-8ec2-639d92bd913b; _ga_PQEYN9C3X3=GS1.1.1727763152.23.1.1727770904.0.0.0; userToken=4gwm3ynf98ttkn231id7e8; Webstorm-5dc34944=0e506670-c0d9-47ef-8e10-338374c3ae0e
2024-12-10 13:24:39,907 ERROR c.a.WebServer [pool-2-thread-4] Requested file size is too large.
2024-12-10 13:24:39,907 ERROR c.a.WebServer [pool-2-thread-4] Failed to send the response on port 59998
2024-12-10 13:24:39,908 ERROR c.a.WebServer [pool-2-thread-4] Value out of range. Value:"50000" Radix:10
2024-12-10 13:24:39,909 INFO c.a.WebServer [pool-2-thread-3] GET /50000 HTTP/1.1
2024-12-10 13:24:39,908 INFO c.a.WebServer [pool-2-thread-4] Connection closed
2024-12-10 13:24:39,909 INFO c.a.WebServer [pool-2-thread-3] Host: localhost:8051
2024-12-10 13:24:39,909 INFO c.a.WebServer [pool-2-thread-3] Connection: keep-alive
2024-12-10 13:24:39,910 INFO c.a.WebServer [pool-2-thread-3] Cache-Control: max-age=0
2024-12-10 13:24:39,910 INFO c.a.WebServer [pool-2-thread-3] sec-ch-ua: "Google Chrome";v="131", "Chromium";v="131", "Not_A Brand";v="24"
2024-12-10 13:24:39,910 INFO c.a.WebServer [pool-2-thread-3] sec-ch-ua-mobile: ?0
2024-12-10 13:24:39,910 INFO c.a.WebServer [pool-2-thread-3] sec-ch-ua-platform: "Windows"
2024-12-10 13:24:39,910 INFO c.a.WebServer [pool-2-thread-3] Upgrade-Insecure-Requests: 1
2024-12-10 13:24:39,910 INFO c.a.WebServer [pool-2-thread-3] User-Agent: Mozilla/5.0 (Windows NT 10.0; Win64; x64) AppleWebKit/537.36 (KHTML, like Gecko) Chrome/131.0.0.0 Safari/537.36
2024-12-10 13:24:39,910 INFO c.a.WebServer [pool-2-thread-3] Accept: text/html,application/xhtml+xml,application/xml;q=0.9,image/avif,image/webp,image/apng,*/*;q=0.8,application/signed-exchange;v=b3;q=0.7
2024-12-10 13:24:39,911 INFO c.a.WebServer [pool-2-thread-3] Sec-Fetch-Site: none
2024-12-10 13:24:39,911 INFO c.a.WebServer [pool-2-thread-3] Sec-Fetch-Mode: navigate
2024-12-10 13:24:39,911 INFO c.a.WebServer [pool-2-thread-3] Sec-Fetch-User: ?1
2024-12-10 13:24:39,911 INFO c.a.WebServer [pool-2-thread-3] Sec-Fetch-Dest: document
2024-12-10 13:24:39,912 INFO c.a.WebServer [pool-2-thread-3] Accept-Encoding: gzip, deflate, br, zstd
2024-12-10 13:24:39,912 INFO c.a.WebServer [pool-2-thread-3] Accept-Language: en-GB,en-US;q=0.9,en;q=0.8,tr;q=0.7
2024-12-10 13:24:39,912 INFO c.a.WebServer [pool-2-thread-3] Cookie: Idea-aafc98fb=658b0d5c-2bf3-4a86-9c32-a7b8839e4505; _ga=GA1.1.1641718334.1720546053; Webstorm-5dc34942=29b731fc-1c15-4de7-b819-1af49ebd48dc; Webstorm-5dc34943=a980352b-1e53-4f3a-8ec2-639d92bd913b; _ga_PQEYN9C3X3=GS1.1.1727763152.23.1.1727770904.0.0.0; userToken=4gwm3ynf98ttkn231id7e8; Webstorm-5dc34944=0e506670-c0d9-47ef-8e10-338374c3ae0e
2024-12-10 13:24:39,912 ERROR c.a.WebServer [pool-2-thread-3] Requested file size is too large.
2024-12-10 13:24:39,913 ERROR c.a.WebServer [pool-2-thread-3] Failed to send the response on port 59997
2024-12-10 13:24:39,913 ERROR c.a.WebServer [pool-2-thread-3] Value out of range. Value:"50000" Radix:10
2024-12-10 13:24:39,913 INFO c.a.WebServer [pool-2-thread-3] Connection closed
2024-12-10 13:24:39,916 INFO c.a.WebServer [pool-2-thread-3] 1 connection(s) active

2024-12-10 13:24:39,916 INFO c.a.WebServer [pool-2-thread-3] GET /50000 HTTP/1.1
2024-12-10 13:24:39,916 INFO c.a.WebServer [pool-2-thread-3] Host: localhost:8051
2024-12-10 13:24:39,916 INFO c.a.WebServer [pool-2-thread-3] Connection: keep-alive
2024-12-10 13:24:39,917 INFO c.a.WebServer [pool-2-thread-3] Cache-Control: max-age=0
2024-12-10 13:24:39,917 INFO c.a.WebServer [pool-2-thread-3] sec-ch-ua: "Google Chrome";v="131", "Chromium";v="131", "Not_A Brand";v="24"
2024-12-10 13:24:39,917 INFO c.a.WebServer [pool-2-thread-3] sec-ch-ua-mobile: ?0
2024-12-10 13:24:39,917 INFO c.a.WebServer [pool-2-thread-3] sec-ch-ua-platform: "Windows"
2024-12-10 13:24:39,918 INFO c.a.WebServer [pool-2-thread-3] Upgrade-Insecure-Requests: 1
2024-12-10 13:24:39,918 INFO c.a.WebServer [pool-2-thread-3] User-Agent: Mozilla/5.0 (Windows NT 10.0; Win64; x64) AppleWebKit/537.36 (KHTML, like Gecko) Chrome/131.0.0.0 Safari/537.36
2024-12-10 13:24:39,918 INFO c.a.WebServer [pool-2-thread-3] Accept: text/html,application/xhtml+xml,application/xml;q=0.9,image/avif,image/webp,image/apng,*/*;q=0.8,application/signed-exchange;v=b3;q=0.7
2024-12-10 13:24:39,918 INFO c.a.WebServer [pool-2-thread-3] Sec-Fetch-Site: none
2024-12-10 13:24:39,918 INFO c.a.WebServer [pool-2-thread-3] Sec-Fetch-Mode: navigate
2024-12-10 13:24:39,919 INFO c.a.WebServer [pool-2-thread-3] Sec-Fetch-User: ?1
2024-12-10 13:24:39,919 INFO c.a.WebServer [pool-2-thread-3] Sec-Fetch-Dest: document
2024-12-10 13:24:39,919 INFO c.a.WebServer [pool-2-thread-3] Accept-Encoding: gzip, deflate, br, zstd
2024-12-10 13:24:39,920 INFO c.a.WebServer [pool-2-thread-3] Accept-Language: en-GB,en-US;q=0.9,en;q=0.8,tr;q=0.7
2024-12-10 13:24:39,921 INFO c.a.WebServer [pool-2-thread-3] Cookie: Idea-aafc98fb=658b0d5c-2bf3-4a86-9c32-a7b8839e4505; _ga=GA1.1.1641718334.1720546053; Webstorm-5dc34942=29b731fc-1c15-4de7-b819-1af49ebd48dc; Webstorm-5dc34943=a980352b-1e53-4f3a-8ec2-639d92bd913b; _ga_PQEYN9C3X3=GS1.1.1727763152.23.1.1727770904.0.0.0; userToken=4gwm3ynf98ttkn231id7e8; Webstorm-5dc34944=0e506670-c0d9-47ef-8e10-338374c3ae0e
2024-12-10 13:24:39,922 ERROR c.a.WebServer [pool-2-thread-3] Requested file size is too large.
2024-12-10 13:24:39,922 ERROR c.a.WebServer [pool-2-thread-3] Failed to send the response on port 59999
2024-12-10 13:24:39,923 ERROR c.a.WebServer [pool-2-thread-3] Value out of range. Value:"50000" Radix:10
2024-12-10 13:24:39,923 INFO c.a.WebServer [pool-2-thread-3] Connection closed
